[2016.04.14-06.24.01:049][  0]Log file open, 04/14/16 01:24:01
[2016.04.14-06.24.01:049][  0]LogInit:Display: Running engine for game: KND
[2016.04.14-06.24.01:050][  0]LogPlatformFile: Not using cached read wrapper
[2016.04.14-06.24.01:050][  0]LogInit:Display: RandInit(-2008485044) SRandInit(-2008485043).
[2016.04.14-06.24.01:050][  0]LogTaskGraph: Started task graph with 4 named threads and 7 total threads.
[2016.04.14-06.24.01:050][  0]LogStats: Stats thread started at 0.069344
[2016.04.14-06.24.01:050][  0]LogInit: Version: 4.10.4-2872498+++depot+UE4-Releases+4.10
[2016.04.14-06.24.01:050][  0]LogInit: API Version: 2758231
[2016.04.14-06.24.01:050][  0]LogInit: Compiled (64-bit): Feb 18 2016 15:47:04
[2016.04.14-06.24.01:050][  0]LogInit: Compiled with Visual C++: 19.00.23026.00
[2016.04.14-06.24.01:050][  0]LogInit: Build Configuration: Development
[2016.04.14-06.24.01:050][  0]LogInit: Branch Name: ++depot+UE4-Releases+4.10
[2016.04.14-06.24.01:050][  0]LogInit: Command line:  
[2016.04.14-06.24.01:050][  0]LogInit: Base directory: E:/Program Files (x86)/Epic Games/4.10/Engine/Binaries/Win64/
[2016.04.14-06.24.01:050][  0]LogInit: Rocket: 1
[2016.04.14-06.24.01:056][  0]LogInit: Using libcurl 7.41.0
[2016.04.14-06.24.01:056][  0]LogInit:  - built for x86_64-pc-win32
[2016.04.14-06.24.01:056][  0]LogInit:  - supports SSL with WinSSL
[2016.04.14-06.24.01:056][  0]LogInit:  - other features:
[2016.04.14-06.24.01:056][  0]LogInit:      CURL_VERSION_SSL
[2016.04.14-06.24.01:056][  0]LogInit:      CURL_VERSION_IPV6
[2016.04.14-06.24.01:056][  0]LogInit:      CURL_VERSION_ASYNCHDNS
[2016.04.14-06.24.01:056][  0]LogInit:      CURL_VERSION_LARGEFILE
[2016.04.14-06.24.01:056][  0]LogInit:      CURL_VERSION_IDN
[2016.04.14-06.24.01:056][  0]LogInit:  CurlRequestOptions (configurable via config and command line):
[2016.04.14-06.24.01:056][  0]LogInit:  - bVerifyPeer = true  - Libcurl will verify peer certificate
[2016.04.14-06.24.01:056][  0]LogInit:  - bUseHttpProxy = false  - Libcurl will NOT use HTTP proxy
[2016.04.14-06.24.01:056][  0]LogInit:  - bDontReuseConnections = false  - Libcurl will reuse connections
[2016.04.14-06.24.01:056][  0]LogInit:  - CertBundlePath = nullptr  - Libcurl will use whatever was configured at build time.
[2016.04.14-06.24.01:061][  0]LogInit: Presizing for 0 objects not considered by GC, pre-allocating 0 bytes.
[2016.04.14-06.24.01:065][  0]LogInit: Object subsystem initialized
[2016.04.14-06.24.01:066][  0]LogInit: Selected Device Profile: [Windows]
[2016.04.14-06.24.01:066][  0]LogInit: Applying CVar settings loaded from the selected device profile: [Windows]
[2016.04.14-06.24.01:072][  0]LogInit: Computer: RAGNOROK
[2016.04.14-06.24.01:072][  0]LogInit: User: GarrettJohnson
[2016.04.14-06.24.01:072][  0]LogInit: CPU Page size=4096, Cores=4
[2016.04.14-06.24.01:072][  0]LogInit: High frequency timer resolution =3.984650 MHz
[2016.04.14-06.24.01:072][  0]LogMemory: Memory total: Physical=15.9GB (16GB approx)
[2016.04.14-06.24.01:072][  0]LogMemory: Platform Memory Stats for Windows
[2016.04.14-06.24.01:072][  0]LogMemory: Process Physical Memory: 56.92 MB used, 56.92 MB peak
[2016.04.14-06.24.01:072][  0]LogMemory: Process Virtual Memory: 58.79 MB used, 58.79 MB peak
[2016.04.14-06.24.01:072][  0]LogMemory: Physical Memory: 7820.62 MB used, 16325.72 MB total
[2016.04.14-06.24.01:072][  0]LogMemory: Virtual Memory: 384.79 MB used, 134217728.00 MB total
[2016.04.14-06.24.01:109][  0]LogTextLocalizationManager: No specific translations for ('en-US') exist, so ('en') translations will be used.
[2016.04.14-06.24.01:460][  0]LogD3D11RHI: Found D3D11 adapter 0: NVIDIA GeForce GTX 760 (Feature Level 11_0)
[2016.04.14-06.24.01:460][  0]LogD3D11RHI: Adapter has 1989MB of dedicated video memory, 0MB of dedicated system memory, and 8162MB of shared system memory, 1 output[s]
[2016.04.14-06.24.01:462][  0]LogD3D11RHI: Found D3D11 adapter 1: Microsoft Basic Render Driver (Feature Level 11_0)
[2016.04.14-06.24.01:462][  0]LogD3D11RHI: Adapter has 0MB of dedicated video memory, 0MB of dedicated system memory, and 8162MB of shared system memory, 0 output[s]
[2016.04.14-06.24.01:462][  0]LogD3D11RHI: Chosen D3D11 Adapter Id = 0
[2016.04.14-06.24.01:467][  0]LogD3D11RHI: !Direct3DDevice
[2016.04.14-06.24.01:467][  0]LogRHI: Texture pool is 1361 MB (70% of 1945 MB)
[2016.04.14-06.24.01:480][  0]LogD3D11RHI: Async texture creation enabled
[2016.04.14-06.24.01:494][  0]LogShaderCompilers: Guid format shader working directory is 1 characters bigger than the processId version (../../../../../../Documents/Unreal Projects/KND/Intermediate/Shaders/WorkingDirectory/14600/).
[2016.04.14-06.24.01:494][  0]LogShaderCompilers: Cleaned the shader compiler working directory 'C:/Users/GARRET~1/AppData/Local/Temp/UnrealShaderWorkingDir/29814D3B43C0187898DD6B9A7B764B1B/'.
[2016.04.14-06.24.01:494][  0]LogShaderCompilers:Display: Using Local Shader Compiler.
[2016.04.14-06.24.02:066][  0]LogTemp:Display: Loaded TP AllDesktopTargetPlatform
[2016.04.14-06.24.02:069][  0]LogTemp:Display: Loaded TP WindowsClientTargetPlatform
[2016.04.14-06.24.02:073][  0]LogTemp:Display: Loaded TP WindowsNoEditorTargetPlatform
[2016.04.14-06.24.02:077][  0]LogTemp:Display: Loaded TP WindowsServerTargetPlatform
[2016.04.14-06.24.02:081][  0]LogTemp:Display: Loaded TP WindowsTargetPlatform
[2016.04.14-06.24.02:083][  0]LogTemp:Display: Loaded TP AndroidTargetPlatform
[2016.04.14-06.24.02:085][  0]LogTemp:Display: Loaded TP Android_ASTCTargetPlatform
[2016.04.14-06.24.02:088][  0]LogTemp:Display: Loaded TP Android_ATCTargetPlatform
[2016.04.14-06.24.02:090][  0]LogTemp:Display: Loaded TP Android_DXTTargetPlatform
[2016.04.14-06.24.02:093][  0]LogTemp:Display: Loaded TP Android_ETC1TargetPlatform
[2016.04.14-06.24.02:095][  0]LogTemp:Display: Loaded TP Android_ETC2TargetPlatform
[2016.04.14-06.24.02:099][  0]LogTemp:Display: Loaded TP Android_MultiTargetPlatform
[2016.04.14-06.24.02:099][  0]LogTemp:Display: Loaded TP Android_PVRTCTargetPlatform
[2016.04.14-06.24.02:100][  0]LogTemp:Display: Loaded TP HTML5TargetPlatform
[2016.04.14-06.24.02:116][  0]LogTemp:Display: Loaded TP IOSTargetPlatform
[2016.04.14-06.24.02:118][  0]LogTemp:Display: Loaded TP LinuxNoEditorTargetPlatform
[2016.04.14-06.24.02:121][  0]LogTemp:Display: Loaded TP LinuxServerTargetPlatform
[2016.04.14-06.24.02:125][  0]LogTemp:Display: Loaded TP LinuxTargetPlatform
[2016.04.14-06.24.02:125][  0]LogTargetPlatformManager:Display: Building Assets For Windows
[2016.04.14-06.24.02:186][  0]LogDerivedDataCache:Display: Max Cache Size: 512 MB
[2016.04.14-06.24.02:218][  0]LogDerivedDataCache: Loaded boot cache 0.03s 41MB C:/Users/Garrett Johnson/AppData/Local/UnrealEngine/4.10/DerivedDataCache/Boot.ddc.
[2016.04.14-06.24.02:218][  0]LogDerivedDataCache:Display: Loaded Boot cache: C:/Users/Garrett Johnson/AppData/Local/UnrealEngine/4.10/DerivedDataCache/Boot.ddc
[2016.04.14-06.24.02:219][  0]LogDerivedDataCache: FDerivedDataBackendGraph:  Pak pak cache file ../../../../../../Documents/Unreal Projects/KND/DerivedDataCache/DDC.ddp not found, will not use a pak cache.
[2016.04.14-06.24.02:219][  0]LogDerivedDataCache: Unable to find inner node Pak for hierarchical cache Hierarchy.
[2016.04.14-06.24.02:219][  0]LogDerivedDataCache: FDerivedDataBackendGraph:  CompressedPak pak cache file ../../../../../../Documents/Unreal Projects/KND/DerivedDataCache/Compressed.ddp not found, will not use a pak cache.
[2016.04.14-06.24.02:219][  0]LogDerivedDataCache: Unable to find inner node CompressedPak for hierarchical cache Hierarchy.
[2016.04.14-06.24.02:260][  0]LogDerivedDataCache:Display: Pak cache opened for reading ../../../Engine/DerivedDataCache/Compressed.ddp.
[2016.04.14-06.24.02:272][  0]LogDerivedDataCache: Using Local data cache path C:/Users/Garrett Johnson/AppData/Local/UnrealEngine/Common/DerivedDataCache: Writable
[2016.04.14-06.24.02:415][  0]LogInit: Selected Device Profile: [Windows]
[2016.04.14-06.24.02:417][  0]LogContentStreaming: Texture pool size is 0.000000MB
[2016.04.14-06.24.02:492][  0]LogMeshUtilities: No automatic mesh reduction module available
[2016.04.14-06.24.02:492][  0]LogMeshUtilities: No automatic mesh merging module available
[2016.04.14-06.24.02:650][  0]LogInit: WinSock: version 1.1 (2.2), MaxSocks=32767, MaxUdp=65467
[2016.04.14-06.24.03:396][  0]UdpMessaging: Initializing bridge on interface 0.0.0.0:0 to multicast group 230.0.0.1:6666.
[2016.04.14-06.24.03:488][  0]LogAssetRegistry: FAssetRegistry took 0.0109 seconds to start up
[2016.04.14-06.24.03:615][  0]SourceControl: Info Source control is disabled
[2016.04.14-06.24.03:661][  0]SourceControl: Info Source control is disabled
[2016.04.14-06.24.03:673][  0]SourceControl: Info Source control is disabled
[2016.04.14-06.24.03:681][  0]SourceControl: Info Source control is disabled
[2016.04.14-06.24.03:846][  0]LogObj: 28633 objects as part of root set at end of initial load.
[2016.04.14-06.24.03:846][  0]LogUObjectAllocator: 6099744 out of 0 bytes used by permanent object pool.
[2016.04.14-06.24.03:889][  0]LogEngine: Initializing Engine...
[2016.04.14-06.24.03:891][  0]OCULUS: Info: 04/14/16 06:24:03: [CAPI] LibOVR module is located at C:\WINDOWS\SYSTEM32\LibOVRRT64_0_8.dll

[2016.04.14-06.24.03:891][  0]OCULUS: Info: 04/14/16 06:24:03: [IPC] Call Stats for SetInitialState : x1: C2S=12.7991, S2C=3.51348, Runtime=39.6522 (microseconds) C2Ssize=80, S2Csize=81 (bytes)

[2016.04.14-06.24.03:891][  0]OCULUS: Info: 04/14/16 06:24:03: [IPC] Call Stats for IsLatencyTesterAvailable : x1: C2S=3.51348, S2C=2.0077, Runtime=0.752889 (microseconds) C2Ssize=33, S2Csize=18 (bytes)

[2016.04.14-06.24.03:903][  0]LogHMD: SteamVR failed to initialize.  Err: 110
[2016.04.14-06.24.03:991][  0]LogAIModule: Creating AISystem for world NewWorld
[2016.04.14-06.24.04:003][  0]LogInit: XAudio2 using 'Speakers (Realtek High Definition Audio)' : 2 channels at 48 kHz using 32 bits per sample (channel mask 0x3)
[2016.04.14-06.24.04:051][  0]LogInit: FAudioDevice initialized.
[2016.04.14-06.24.04:069][  0]LogDerivedDataCache: Saved boot cache 0.02s 41MB C:/Users/Garrett Johnson/AppData/Local/UnrealEngine/4.10/DerivedDataCache/Boot.ddc.
[2016.04.14-06.24.04:072][  0]LogInit: Texture streaming: Enabled
[2016.04.14-06.24.04:077][  0]LogAnalytics: Creating configured Analytics provider AnalyticsET
[2016.04.14-06.24.04:077][  0]LogAnalytics: [UEEditor.Rocket.Release] APIServer = http://et2.epicgames.com/ET2/. AppVersion = 4.10.4-2872498+++depot+UE4-Releases+4.10
[2016.04.14-06.24.04:077][  0]LogAnalytics: [UEEditor.Rocket.Release] SetUserId 1100b9ee46e2597b617ec6b6f167f1df|59edfd7a1e024ba5bc5c7666785a6599|ad4dcf7c-55ae-48d9-8920-cdda66422389
[2016.04.14-06.24.04:077][  0]LogAnalytics: [UEEditor.Rocket.Release] AnalyticsET::StartSession
[2016.04.14-06.24.04:085][  0]LogInit: Transaction tracking system initialized
[2016.04.14-06.24.04:109][  0]BlueprintLog: New page: Editor Load
[2016.04.14-06.24.04:182][  0]LocalizationService: Info Localization service is disabled
[2016.04.14-06.24.04:248][  0]LogConsoleResponse:Display: 
[2016.04.14-06.24.04:328][  0]LogCook:Display: Done creating registry. It took  0.00s.
[2016.04.14-06.24.04:369][  0]LogFileCache: Scanning file cache for directory 'E:/Documents/Unreal Projects/KND/Content/' took 0.01s
[2016.04.14-06.24.04:369][  0]SourceControl: Info Source control is disabled
[2016.04.14-06.24.04:369][  0]Cmd: MAP LOAD FILE="../../../Engine/Content/Maps/Templates/Template_Default.umap" TEMPLATE=1 SHOWPROGRESS=1 FEATURELEVEL=3
[2016.04.14-06.24.04:369][  0]LightingResults: New page: Lighting Build
[2016.04.14-06.24.04:372][  0]MapCheck: New page: Map Check
[2016.04.14-06.24.04:372][  0]LightingResults: New page: Lighting Build
[2016.04.14-06.24.04:378][  0]LogParticles: Destroying 0 GPU particle simulations for FXSystem 0x000001DE5C853420
[2016.04.14-06.24.04:526][  0]LogAIModule: Creating AISystem for world Untitled_1
[2016.04.14-06.24.04:530][  0]LogEditorServer: Finished looking for orphan Actors (0.000 secs)
[2016.04.14-06.24.04:533][  0]Cmd: MAP CHECKDEP NOCLEARLOG
[2016.04.14-06.24.04:584][  0]MapCheck: Info Map check complete: 0 Error(s), 0 Warning(s), took 51.133ms to complete.
[2016.04.14-06.24.04:584][  0]LogFileHelpers: Loading map 'Template_Default' took 0.215
[2016.04.14-06.24.04:682][  0]LogCollectionManager: Loaded 0 collections in 0.001531 seconds
[2016.04.14-06.24.04:719][  0]LogFileCache: Scanning file cache for directory 'E:/Documents/Unreal Projects/KND/Saved/Collections/' took 0.01s
[2016.04.14-06.24.04:719][  0]LogFileCache: Scanning file cache for directory 'E:/Documents/Unreal Projects/KND/Content/Developers/GarrettJohnson/Collections/' took 0.01s
[2016.04.14-06.24.04:719][  0]LogFileCache: Scanning file cache for directory 'E:/Documents/Unreal Projects/KND/Content/Collections/' took 0.01s
[2016.04.14-06.24.04:719][  0]LogCollectionManager: Rebuilt the GUID cache for 0 collections in 0.000002 seconds
[2016.04.14-06.24.04:725][  0]LogContentBrowser: Native class hierarchy populated in 0.0058 seconds. Added 1893 classes and 338 folders.
[2016.04.14-06.24.04:730][  0]LogContentBrowser: Native class hierarchy updated for 'WidgetCarousel' in 0.0002 seconds. Added 0 classes and 0 folders.
[2016.04.14-06.24.04:768][  0]LogContentBrowser: Native class hierarchy updated for 'AddContentDialog' in 0.0002 seconds. Added 0 classes and 0 folders.
[2016.04.14-06.24.04:793][  0]LogContentBrowser: Native class hierarchy updated for 'SceneOutliner' in 0.0002 seconds. Added 1 classes and 2 folders.
[2016.04.14-06.24.04:823][  0]LogCrashTracker: Crashtracker disabled due to settings.
[2016.04.14-06.24.04:827][  0]LogUObjectGlobals:Warning: Failed to find object 'Class None.'
[2016.04.14-06.24.04:849][  0]LogLoad: Full Startup: 4.11 seconds (BP compile: 0.03 seconds)
[2016.04.14-06.24.04:858][  0]LogOcInput: OculusInput is initialized. Init status 0. Runtime version: 0.8.0.0
[2016.04.14-06.24.04:895][  0]LogContentStreaming: Texture pool size now 1000 MB
[2016.04.14-06.24.04:995][  0]LogRenderer: Reallocating scene render targets to support 1240x944 (Frame:2).
[2016.04.14-06.24.05:109][  2]LogAssetRegistry: Asset discovery search completed in 1.6318 seconds
[2016.04.14-06.24.05:109][  2]LogCollectionManager: Rebuilt the object cache for 0 collections in 0.000001 seconds (found 0 objects)
[2016.04.14-06.24.05:109][  2]LogCollectionManager: Fixed up redirectors for 0 collections in 0.000012 seconds (updated 0 objects)
[2016.04.14-06.24.17:685][470]LogLinker:Warning: Asset '../../../../../../Documents/Unreal Projects/KND/Content/TBStrategyGrids/Structs/Fraction.uasset' has been saved with empty engine version. The asset will be loaded but may be incompatible.
[2016.04.14-06.24.17:767][470]LogLinker:Warning: Asset '../../../../../../Documents/Unreal Projects/KND/Content/TBStrategyGrids/Structs/Vector2i.uasset' has been saved with empty engine version. The asset will be loaded but may be incompatible.
[2016.04.14-06.24.17:775][470]LogLinker:Warning: Asset '../../../../../../Documents/Unreal Projects/KND/Content/TBStrategyGrids/Enums/ELineOfSightType.uasset' has been saved with empty engine version. The asset will be loaded but may be incompatible.
[2016.04.14-06.24.17:783][470]LogLinker:Warning: Asset '../../../../../../Documents/Unreal Projects/KND/Content/TBStrategyGrids/Enums/EBoolCondition.uasset' has been saved with empty engine version. The asset will be loaded but may be incompatible.
[2016.04.14-06.24.17:787][470]LogLinker:Warning: Asset '../../../../../../Documents/Unreal Projects/KND/Content/TBStrategyGrids/Structs/StepInfo.uasset' has been saved with empty engine version. The asset will be loaded but may be incompatible.
[2016.04.14-06.24.17:788][470]LogClass:Warning: UUserDefinedStructEditorData::RecreateDefaultInstance Cannot parse value. Property: From Dir String: "NewEnumerator5"  Struct: /Game/TBStrategyGrids/Structs/StepInfo.StepInfo 
[2016.04.14-06.24.17:914][470]LogLinker:Warning: Asset '../../../../../../Documents/Unreal Projects/KND/Content/TBStrategyGrids/Materials/M_SimpleOpaque.uasset' has been saved with empty engine version. The asset will be loaded but may be incompatible.
[2016.04.14-06.24.19:056][470]LogLinker:Warning: Asset '../../../Engine/Content/ArtTools/RenderToTexture/Macros/RenderToTextureMacros.uasset' has been saved with empty engine version. The asset will be loaded but may be incompatible.
[2016.04.14-06.24.19:315][470]LogContentBrowser: Native class hierarchy updated for 'BlueprintGraph' in 0.0005 seconds. Added 107 classes and 0 folders.
[2016.04.14-06.24.19:596][470]LogLinker:Warning: Asset '../../../../../../Documents/Unreal Projects/KND/Content/TBStrategyGrids/Meshes/Shape_Cube.uasset' has been saved with empty engine version. The asset will be loaded but may be incompatible.
[2016.04.14-06.24.19:597][470]LogLinker:Warning: Asset '../../../../../../Documents/Unreal Projects/KND/Content/TBStrategyGrids/Meshes/Shape_Cylinder.uasset' has been saved with empty engine version. The asset will be loaded but may be incompatible.
[2016.04.14-06.24.31:216][707]LogLinker:Warning: Asset '../../../../../../Documents/Unreal Projects/KND/Content/TBStrategyGrids/Materials/M_SimpleTranslucent.uasset' has been saved with empty engine version. The asset will be loaded but may be incompatible.
[2016.04.14-06.24.31:795][707]LogAIModule: Creating AISystem for world Level_1_InProgress
[2016.04.14-06.24.32:188][707]Cmd: MAP LOAD FILE="../../../../../../Documents/Unreal Projects/KND/Content/Level_1_InProgress.umap" TEMPLATE=0 SHOWPROGRESS=1 FEATURELEVEL=3
[2016.04.14-06.24.32:188][707]LightingResults: New page: Lighting Build
[2016.04.14-06.24.32:215][707]LoadErrors: New page: Loading map: Level_1_InProgress.umap
[2016.04.14-06.24.32:216][707]MapCheck: New page: Map Check
[2016.04.14-06.24.32:216][707]LightingResults: New page: Lighting Build
[2016.04.14-06.24.32:234][707]LogParticles: Destroying 0 GPU particle simulations for FXSystem 0x000001DE4E50B880
[2016.04.14-06.24.32:565][707]LogEditorServer: Finished looking for orphan Actors (0.000 secs)
[2016.04.14-06.24.32:581][707]Cmd: MAP CHECKDEP NOCLEARLOG
[2016.04.14-06.24.32:654][707]MapCheck: Info Map check complete: 0 Error(s), 0 Warning(s), took 72.127ms to complete.
[2016.04.14-06.24.32:654][707]LogFileHelpers: Loading map 'Level_1_InProgress' took 0.467
[2016.04.14-06.46.26:026][316]LogEditorViewport: Clicking on Actor (LMB): ExampleCharacter_Tank_C (ExampleCharacter_Tank)
[2016.04.14-06.46.26:647][384]LogEditorViewport: Clicking on Actor (context menu): ExampleCharacter_Tank_C (ExampleCharacter_Tank)
[2016.04.14-06.50.30:897][921]LogProperty:Warning: Illegal TEXT reference to a private object in external package (EdGraphPin /Game/TBStrategyGrids/Blueprints/Example/ExampleCharacter_Tank.ExampleCharacter_Tank:EventGraph.K2Node_Event_547.EdGraphPin_48862) from referencer (EdGraphPin /Game/CptOrrin.CptOrrin:EventGraph.K2Node_CallParentFunction_2.EdGraphPin_48932).  Import failed...
[2016.04.14-06.50.30:897][921]LogProperty:Warning: ObjectProperty /Script/Engine.EdGraphPin:LinkedTo.LinkedTo: unresolved reference to 'EdGraphPin'K2Node_Event_547.EdGraphPin_48862''
[2016.04.14-06.50.30:897][921]LogProperty:Warning: Illegal TEXT reference to a private object in external package (EdGraphPin /Game/TBStrategyGrids/Blueprints/Example/ExampleCharacter_Tank.ExampleCharacter_Tank:EventGraph.K2Node_CallFunction_5444.EdGraphPin_48902) from referencer (EdGraphPin /Game/CptOrrin.CptOrrin:EventGraph.K2Node_CallParentFunction_2.EdGraphPin_48933).  Import failed...
[2016.04.14-06.50.30:897][921]LogProperty:Warning: ObjectProperty /Script/Engine.EdGraphPin:LinkedTo.LinkedTo: unresolved reference to 'EdGraphPin'K2Node_CallFunction_5444.EdGraphPin_48902''
[2016.04.14-06.50.51:110][294]LogUObjectHash:Warning: Ambiguous search, could be K2Node_CallParentFunction /Game/TBStrategyGrids/Blueprints/Example/ExampleCharacter_Tank.ExampleCharacter_Tank:EventGraph.K2Node_CallParentFunction_2 or K2Node_CallParentFunction /Game/CptOrrin.CptOrrin:EventGraph.K2Node_CallParentFunction_2
[2016.04.14-06.50.51:110][294]LogProperty:Warning: Illegal TEXT reference to a private object in external package (EdGraphPin /Game/TBStrategyGrids/Blueprints/Example/ExampleCharacter_Tank.ExampleCharacter_Tank:EventGraph.K2Node_CallParentFunction_2.EdGraphPin_48932) from referencer (EdGraphPin /Game/CptOrrin.CptOrrin:EventGraph.K2Node_Event_547.EdGraphPin_48862).  Import failed...
[2016.04.14-06.50.51:110][294]LogProperty:Warning: ObjectProperty /Script/Engine.EdGraphPin:LinkedTo.LinkedTo: unresolved reference to 'EdGraphPin'K2Node_CallParentFunction_2.EdGraphPin_48932''
[2016.04.14-06.50.51:110][294]LogUObjectHash:Warning: Ambiguous search, could be K2Node_CallFunction /Game/CptOrrin.CptOrrin:EventGraph.K2Node_CallFunction_5444 or K2Node_CallFunction /Game/TBStrategyGrids/Blueprints/Example/ExampleCharacter_Tank.ExampleCharacter_Tank:EventGraph.K2Node_CallFunction_5444
[2016.04.14-06.50.51:110][294]LogProperty:Warning: Illegal TEXT reference to a private object in external package (EdGraphPin /Game/TBStrategyGrids/Blueprints/Example/ExampleCharacter_Tank.ExampleCharacter_Tank:EventGraph.K2Node_CallFunction_5444.EdGraphPin_48903) from referencer (EdGraphPin /Game/CptOrrin.CptOrrin:EventGraph.K2Node_Timeline_31.EdGraphPin_48364).  Import failed...
[2016.04.14-06.50.51:110][294]LogProperty:Warning: ObjectProperty /Script/Engine.EdGraphPin:LinkedTo.LinkedTo: unresolved reference to 'EdGraphPin'K2Node_CallFunction_5444.EdGraphPin_48903''
[2016.04.14-06.50.51:110][294]LogUObjectHash:Warning: Ambiguous search, could be K2Node_CallFunction /Game/CptOrrin.CptOrrin:EventGraph.K2Node_CallFunction_5253 or K2Node_CallFunction /Game/TBStrategyGrids/Blueprints/Example/ExampleCharacter_Tank.ExampleCharacter_Tank:EventGraph.K2Node_CallFunction_5253
[2016.04.14-06.50.51:110][294]LogProperty:Warning: Illegal TEXT reference to a private object in external package (EdGraphPin /Game/TBStrategyGrids/Blueprints/Example/ExampleCharacter_Tank.ExampleCharacter_Tank:EventGraph.K2Node_CallFunction_5253.EdGraphPin_48867) from referencer (EdGraphPin /Game/CptOrrin.CptOrrin:EventGraph.K2Node_Timeline_31.EdGraphPin_48368).  Import failed...
[2016.04.14-06.50.51:110][294]LogProperty:Warning: ObjectProperty /Script/Engine.EdGraphPin:LinkedTo.LinkedTo: unresolved reference to 'EdGraphPin'K2Node_CallFunction_5253.EdGraphPin_48867''
[2016.04.14-06.50.51:110][294]LogUObjectHash:Warning: Ambiguous search, could be K2Node_Knot /Game/TBStrategyGrids/Blueprints/Example/ExampleCharacter_Tank.ExampleCharacter_Tank:EventGraph.K2Node_Knot_4 or K2Node_Knot /Game/CptOrrin.CptOrrin:EventGraph.K2Node_Knot_4
[2016.04.14-06.50.51:110][294]LogProperty:Warning: Illegal TEXT reference to a private object in external package (EdGraphPin /Game/TBStrategyGrids/Blueprints/Example/ExampleCharacter_Tank.ExampleCharacter_Tank:EventGraph.K2Node_Knot_4.EdGraphPin_48673) from referencer (EdGraphPin /Game/CptOrrin.CptOrrin:EventGraph.K2Node_Timeline_31.EdGraphPin_48369).  Import failed...
[2016.04.14-06.50.51:110][294]LogProperty:Warning: ObjectProperty /Script/Engine.EdGraphPin:LinkedTo.LinkedTo: unresolved reference to 'EdGraphPin'K2Node_Knot_4.EdGraphPin_48673''
[2016.04.14-06.50.51:111][294]LogUObjectHash:Warning: Ambiguous search, could be K2Node_CallFunction /Game/CptOrrin.CptOrrin:EventGraph.K2Node_CallFunction_5253 or K2Node_CallFunction /Game/TBStrategyGrids/Blueprints/Example/ExampleCharacter_Tank.ExampleCharacter_Tank:EventGraph.K2Node_CallFunction_5253
[2016.04.14-06.50.51:111][294]LogProperty:Warning: Illegal TEXT reference to a private object in external package (EdGraphPin /Game/TBStrategyGrids/Blueprints/Example/ExampleCharacter_Tank.ExampleCharacter_Tank:EventGraph.K2Node_CallFunction_5253.EdGraphPin_48881) from referencer (EdGraphPin /Game/CptOrrin.CptOrrin:EventGraph.K2Node_Timeline_31.EdGraphPin_48373).  Import failed...
[2016.04.14-06.50.51:111][294]LogProperty:Warning: ObjectProperty /Script/Engine.EdGraphPin:LinkedTo.LinkedTo: unresolved reference to 'EdGraphPin'K2Node_CallFunction_5253.EdGraphPin_48881''
[2016.04.14-06.50.51:111][294]LogUObjectHash:Warning: Ambiguous search, could be K2Node_CallFunction /Game/CptOrrin.CptOrrin:EventGraph.K2Node_CallFunction_5444 or K2Node_CallFunction /Game/TBStrategyGrids/Blueprints/Example/ExampleCharacter_Tank.ExampleCharacter_Tank:EventGraph.K2Node_CallFunction_5444
[2016.04.14-06.50.51:111][294]LogProperty:Warning: Illegal TEXT reference to a private object in external package (EdGraphPin /Game/TBStrategyGrids/Blueprints/Example/ExampleCharacter_Tank.ExampleCharacter_Tank:EventGraph.K2Node_CallFunction_5444.EdGraphPin_48902) from referencer (EdGraphPin /Game/CptOrrin.CptOrrin:EventGraph.K2Node_Knot_4.EdGraphPin_48674).  Import failed...
[2016.04.14-06.50.51:111][294]LogProperty:Warning: ObjectProperty /Script/Engine.EdGraphPin:LinkedTo.LinkedTo: unresolved reference to 'EdGraphPin'K2Node_CallFunction_5444.EdGraphPin_48902''
[2016.04.14-06.50.51:111][294]LogUObjectHash:Warning: Ambiguous search, could be K2Node_CallFunction /Game/CptOrrin.CptOrrin:EventGraph.K2Node_CallFunction_5253 or K2Node_CallFunction /Game/TBStrategyGrids/Blueprints/Example/ExampleCharacter_Tank.ExampleCharacter_Tank:EventGraph.K2Node_CallFunction_5253
[2016.04.14-06.50.51:111][294]LogProperty:Warning: Illegal TEXT reference to a private object in external package (EdGraphPin /Game/TBStrategyGrids/Blueprints/Example/ExampleCharacter_Tank.ExampleCharacter_Tank:EventGraph.K2Node_CallFunction_5253.EdGraphPin_48869) from referencer (EdGraphPin /Game/CptOrrin.CptOrrin:EventGraph.K2Node_VariableGet_1421.EdGraphPin_48593).  Import failed...
[2016.04.14-06.50.51:111][294]LogProperty:Warning: ObjectProperty /Script/Engine.EdGraphPin:LinkedTo.LinkedTo: unresolved reference to 'EdGraphPin'K2Node_CallFunction_5253.EdGraphPin_48869''
[2016.04.14-06.50.51:111][294]LogUObjectHash:Warning: Ambiguous search, could be K2Node_CallParentFunction /Game/TBStrategyGrids/Blueprints/Example/ExampleCharacter_Tank.ExampleCharacter_Tank:EventGraph.K2Node_CallParentFunction_2 or K2Node_CallParentFunction /Game/CptOrrin.CptOrrin:EventGraph.K2Node_CallParentFunction_2
[2016.04.14-06.50.51:111][294]LogProperty:Warning: Illegal TEXT reference to a private object in external package (EdGraphPin /Game/TBStrategyGrids/Blueprints/Example/ExampleCharacter_Tank.ExampleCharacter_Tank:EventGraph.K2Node_CallParentFunction_2.EdGraphPin_48933) from referencer (EdGraphPin /Game/CptOrrin.CptOrrin:EventGraph.K2Node_CallFunction_5444.EdGraphPin_48902).  Import failed...
[2016.04.14-06.50.51:111][294]LogProperty:Warning: ObjectProperty /Script/Engine.EdGraphPin:LinkedTo.LinkedTo: unresolved reference to 'EdGraphPin'K2Node_CallParentFunction_2.EdGraphPin_48933''
[2016.04.14-06.50.51:111][294]LogUObjectHash:Warning: Ambiguous search, could be K2Node_CallFunction /Game/TBStrategyGrids/Blueprints/Example/ExampleCharacter_Tank.ExampleCharacter_Tank:EventGraph.K2Node_CallFunction_5445 or K2Node_CallFunction /Game/CptOrrin.CptOrrin:EventGraph.K2Node_CallFunction_5445
[2016.04.14-06.50.51:111][294]LogProperty:Warning: Illegal TEXT reference to a private object in external package (EdGraphPin /Game/TBStrategyGrids/Blueprints/Example/ExampleCharacter_Tank.ExampleCharacter_Tank:EventGraph.K2Node_CallFunction_5445.EdGraphPin_48923) from referencer (EdGraphPin /Game/CptOrrin.CptOrrin:EventGraph.K2Node_CallFunction_5444.EdGraphPin_48906).  Import failed...
[2016.04.14-06.50.51:111][294]LogProperty:Warning: ObjectProperty /Script/Engine.EdGraphPin:LinkedTo.LinkedTo: unresolved reference to 'EdGraphPin'K2Node_CallFunction_5445.EdGraphPin_48923''
[2016.04.14-06.50.51:120][294]LogBlueprint:Warning: [CptOrrin] CreatePinForVariable: 'HeadGroup' variable not found. Base class was probably changed.
[2016.04.14-06.52.46:827][ 34]LogEditorTransaction: Undo Add Node
[2016.04.14-06.52.54:821][944]LogUObjectHash:Warning: Ambiguous search, could be K2Node_FunctionResult /Game/TBStrategyGrids/Blueprints/FractionMath.FractionMath:Fraction + Fraction.K2Node_FunctionResult_0 or K2Node_FunctionResult /Game/TBStrategyGrids/Blueprints/FractionMath.FractionMath:Fraction - Fraction.K2Node_FunctionResult_0
[2016.04.14-06.52.54:821][944]LogUObjectHash:Warning: Ambiguous search, could be K2Node_FunctionResult /Game/TBStrategyGrids/Blueprints/FractionMath.FractionMath:Fraction + Fraction.K2Node_FunctionResult_0 or K2Node_FunctionResult /Game/TBStrategyGrids/Blueprints/FractionMath.FractionMath:Fraction * Fraction.K2Node_FunctionResult_0
[2016.04.14-06.52.54:821][944]LogUObjectHash:Warning: Ambiguous search, could be K2Node_FunctionResult /Game/TBStrategyGrids/Blueprints/FractionMath.FractionMath:Fraction + Fraction.K2Node_FunctionResult_0 or K2Node_FunctionResult /Game/TBStrategyGrids/Blueprints/FractionMath.FractionMath:Fraction / Fraction.K2Node_FunctionResult_0
[2016.04.14-06.52.54:821][944]LogUObjectHash:Warning: Ambiguous search, could be K2Node_FunctionResult /Game/TBStrategyGrids/Blueprints/FractionMath.FractionMath:Fraction + Fraction.K2Node_FunctionResult_0 or K2Node_FunctionResult /Game/TBStrategyGrids/Blueprints/IGridActor.IGridActor:GetAllegianceToActor.K2Node_FunctionResult_0
[2016.04.14-06.52.54:821][944]LogUObjectHash:Warning: Ambiguous search, could be K2Node_FunctionResult /Game/TBStrategyGrids/Blueprints/FractionMath.FractionMath:Fraction + Fraction.K2Node_FunctionResult_0 or K2Node_FunctionResult /Game/TBStrategyGrids/Blueprints/ActionGrid.ActionGrid:SearchTiles.K2Node_FunctionResult_0
[2016.04.14-06.52.54:821][944]LogUObjectHash:Warning: Ambiguous search, could be K2Node_FunctionResult /Game/TBStrategyGrids/Blueprints/FractionMath.FractionMath:Fraction + Fraction.K2Node_FunctionResult_0 or K2Node_FunctionResult /Game/TBStrategyGrids/Blueprints/LevelGrid.LevelGrid:ComputeActionGrid.K2Node_FunctionResult_0
[2016.04.14-06.52.54:821][944]LogUObjectHash:Warning: Ambiguous search, could be K2Node_FunctionResult /Game/TBStrategyGrids/Blueprints/FractionMath.FractionMath:Fraction + Fraction.K2Node_FunctionResult_0 or K2Node_FunctionResult /Game/TBStrategyGrids/Blueprints/LevelGrid.LevelGrid:FromNeighborSpace.K2Node_FunctionResult_0
[2016.04.14-06.52.54:821][944]LogUObjectHash:Warning: Ambiguous search, could be K2Node_FunctionResult /Game/TBStrategyGrids/Blueprints/FractionMath.FractionMath:Fraction + Fraction.K2Node_FunctionResult_0 or K2Node_FunctionResult /Game/TBStrategyGrids/Blueprints/LevelGrid.LevelGrid:Generate Attack Offsets.K2Node_FunctionResult_0
[2016.04.14-06.52.54:821][944]LogUObjectHash:Warning: Ambiguous search, could be K2Node_FunctionResult /Game/TBStrategyGrids/Blueprints/FractionMath.FractionMath:Fraction + Fraction.K2Node_FunctionResult_0 or K2Node_FunctionResult /Game/TBStrategyGrids/Blueprints/LevelGrid.LevelGrid:Generate Neighbor Offsets.K2Node_FunctionResult_0
[2016.04.14-06.52.54:821][944]LogUObjectHash:Warning: Ambiguous search, could be K2Node_FunctionResult /Game/TBStrategyGrids/Blueprints/FractionMath.FractionMath:Fraction + Fraction.K2Node_FunctionResult_0 or K2Node_FunctionResult /Game/TBStrategyGrids/Blueprints/LevelGrid.LevelGrid:GetRoomIndex.K2Node_FunctionResult_0
[2016.04.14-06.52.54:821][944]LogUObjectHash:Warning: Ambiguous search, could be K2Node_FunctionResult /Game/TBStrategyGrids/Blueprints/FractionMath.FractionMath:Fraction + Fraction.K2Node_FunctionResult_0 or K2Node_FunctionResult /Game/TBStrategyGrids/Blueprints/LevelGrid.LevelGrid:RemoveActor.K2Node_FunctionResult_0
[2016.04.14-06.52.54:821][944]LogUObjectHash:Warning: Ambiguous search, could be K2Node_FunctionResult /Game/TBStrategyGrids/Blueprints/FractionMath.FractionMath:Fraction + Fraction.K2Node_FunctionResult_0 or K2Node_FunctionResult /Game/TBStrategyGrids/Blueprints/LevelGrid.LevelGrid:TerrainTypeToColor.K2Node_FunctionResult_0
[2016.04.14-06.52.54:821][944]LogUObjectHash:Warning: Ambiguous search, could be K2Node_FunctionResult /Game/TBStrategyGrids/Blueprints/FractionMath.FractionMath:Fraction + Fraction.K2Node_FunctionResult_0 or K2Node_FunctionResult /Game/TBStrategyGrids/Blueprints/LevelGrid.LevelGrid:ToNeighborSpace.K2Node_FunctionResult_0
[2016.04.14-06.52.54:821][944]LogUObjectHash:Warning: Ambiguous search, could be K2Node_FunctionResult /Game/TBStrategyGrids/Blueprints/FractionMath.FractionMath:Fraction + Fraction.K2Node_FunctionResult_0 or K2Node_FunctionResult /Game/TBStrategyGrids/Blueprints/GridUtil.GridUtil:DirectionToStep.K2Node_FunctionResult_0
[2016.04.14-06.52.54:821][944]LogUObjectHash:Warning: Ambiguous search, could be K2Node_FunctionResult /Game/TBStrategyGrids/Blueprints/FractionMath.FractionMath:Fraction + Fraction.K2Node_FunctionResult_0 or K2Node_FunctionResult /Game/TBStrategyGrids/Blueprints/GridUtil.GridUtil:MergeActionGrids.K2Node_FunctionResult_0
[2016.04.14-06.52.54:821][944]LogUObjectHash:Warning: Ambiguous search, could be K2Node_FunctionResult /Game/TBStrategyGrids/Blueprints/FractionMath.FractionMath:Fraction + Fraction.K2Node_FunctionResult_0 or K2Node_FunctionResult /Game/TBStrategyGrids/Blueprints/GridUtil.GridUtil:PickTile.K2Node_FunctionResult_0
[2016.04.14-06.52.54:821][944]LogUObjectHash:Warning: Ambiguous search, could be K2Node_FunctionResult /Game/TBStrategyGrids/Blueprints/FractionMath.FractionMath:Fraction + Fraction.K2Node_FunctionResult_0 or K2Node_FunctionResult /Game/TBStrategyGrids/Blueprints/GridUtil.GridUtil:Offset to Axial.K2Node_FunctionResult_0
[2016.04.14-06.52.54:821][944]LogUObjectHash:Warning: Ambiguous search, could be K2Node_FunctionResult /Game/TBStrategyGrids/Blueprints/FractionMath.FractionMath:Fraction + Fraction.K2Node_FunctionResult_0 or K2Node_FunctionResult /Game/TBStrategyGrids/Blueprints/GridUtil.GridUtil:Axial to Offset.K2Node_FunctionResult_0
[2016.04.14-06.52.54:821][944]LogUObjectHash:Warning: Ambiguous search, could be K2Node_FunctionResult /Game/TBStrategyGrids/Blueprints/FractionMath.FractionMath:Fraction + Fraction.K2Node_FunctionResult_0 or K2Node_FunctionResult /Engine/Transient.PROTO_BP_Blueprint_0:UserConstructionScript.K2Node_FunctionResult_0
[2016.04.14-06.52.54:821][944]LogUObjectHash:Warning: Ambiguous search, could be K2Node_FunctionResult /Game/TBStrategyGrids/Blueprints/FractionMath.FractionMath:Fraction + Fraction.K2Node_FunctionResult_0 or K2Node_FunctionResult /Game/TBStrategyGrids/Blueprints/Example/ExampleCharacter_Tank.ExampleCharacter_Tank:GetGridPosition.K2Node_FunctionResult_0
[2016.04.14-06.52.54:821][944]LogUObjectHash:Warning: Ambiguous search, could be K2Node_FunctionResult /Game/TBStrategyGrids/Blueprints/FractionMath.FractionMath:Fraction + Fraction.K2Node_FunctionResult_0 or K2Node_FunctionResult /Game/CptOrrin.CptOrrin:Get Grid Transform.K2Node_FunctionResult_0
[2016.04.14-06.52.54:821][944]LogUObjectHash:Warning: Ambiguous search, could be K2Node_FunctionResult /Game/TBStrategyGrids/Blueprints/FractionMath.FractionMath:Fraction + Fraction.K2Node_FunctionResult_0 or K2Node_FunctionResult /Game/TBStrategyGrids/Blueprints/Example/ExampleCharacter_Ship.ExampleCharacter_Ship:EdGraph_768.K2Node_FunctionResult_0
[2016.04.14-06.52.54:821][944]LogUObjectHash:Warning: Ambiguous search, could be K2Node_FunctionResult /Game/TBStrategyGrids/Blueprints/FractionMath.FractionMath:Fraction + Fraction.K2Node_FunctionResult_0 or K2Node_FunctionResult /Game/TBStrategyGrids/Blueprints/Example/ExampleCharacter_Ship.ExampleCharacter_Ship:EdGraph_764.K2Node_FunctionResult_0
[2016.04.14-06.52.54:821][944]LogUObjectHash:Warning: Ambiguous search, could be K2Node_FunctionResult /Game/TBStrategyGrids/Blueprints/FractionMath.FractionMath:Fraction + Fraction.K2Node_FunctionResult_0 or K2Node_FunctionResult /Game/TBStrategyGrids/Blueprints/Example/ExampleCharacter_Ship.ExampleCharacter_Ship:EdGraph_760.K2Node_FunctionResult_0
[2016.04.14-06.52.54:821][944]LogUObjectHash:Warning: Ambiguous search, could be K2Node_FunctionResult /Game/TBStrategyGrids/Blueprints/FractionMath.FractionMath:Fraction + Fraction.K2Node_FunctionResult_0 or K2Node_FunctionResult /Game/TBStrategyGrids/Blueprints/Example/ExampleCharacter_Ship.ExampleCharacter_Ship:GetGridPosition.K2Node_FunctionResult_0
[2016.04.14-06.52.54:821][944]LogProperty:Warning: Illegal TEXT reference to a private object in external package (EdGraphPin /Game/TBStrategyGrids/Blueprints/Example/ExampleCharacter_Tank.ExampleCharacter_Tank:GetGridPosition.K2Node_FunctionResult_0.EdGraphPin_48733) from referencer (EdGraphPin /Game/CptOrrin.CptOrrin:Get Grid Transform.K2Node_VariableGet_479.EdGraphPin_48434).  Import failed...
[2016.04.14-06.52.54:821][944]LogProperty:Warning: ObjectProperty /Script/Engine.EdGraphPin:LinkedTo.LinkedTo: unresolved reference to 'EdGraphPin'K2Node_FunctionResult_0.EdGraphPin_48733''
[2016.04.14-06.52.54:821][944]LogUObjectHash:Warning: Ambiguous search, could be K2Node_FunctionResult /Game/TBStrategyGrids/Blueprints/FractionMath.FractionMath:Fraction + Fraction.K2Node_FunctionResult_0 or K2Node_FunctionResult /Game/TBStrategyGrids/Blueprints/FractionMath.FractionMath:Fraction - Fraction.K2Node_FunctionResult_0
[2016.04.14-06.52.54:821][944]LogUObjectHash:Warning: Ambiguous search, could be K2Node_FunctionResult /Game/TBStrategyGrids/Blueprints/FractionMath.FractionMath:Fraction + Fraction.K2Node_FunctionResult_0 or K2Node_FunctionResult /Game/TBStrategyGrids/Blueprints/FractionMath.FractionMath:Fraction * Fraction.K2Node_FunctionResult_0
[2016.04.14-06.52.54:821][944]LogUObjectHash:Warning: Ambiguous search, could be K2Node_FunctionResult /Game/TBStrategyGrids/Blueprints/FractionMath.FractionMath:Fraction + Fraction.K2Node_FunctionResult_0 or K2Node_FunctionResult /Game/TBStrategyGrids/Blueprints/FractionMath.FractionMath:Fraction / Fraction.K2Node_FunctionResult_0
[2016.04.14-06.52.54:821][944]LogUObjectHash:Warning: Ambiguous search, could be K2Node_FunctionResult /Game/TBStrategyGrids/Blueprints/FractionMath.FractionMath:Fraction + Fraction.K2Node_FunctionResult_0 or K2Node_FunctionResult /Game/TBStrategyGrids/Blueprints/IGridActor.IGridActor:GetAllegianceToActor.K2Node_FunctionResult_0
[2016.04.14-06.52.54:821][944]LogUObjectHash:Warning: Ambiguous search, could be K2Node_FunctionResult /Game/TBStrategyGrids/Blueprints/FractionMath.FractionMath:Fraction + Fraction.K2Node_FunctionResult_0 or K2Node_FunctionResult /Game/TBStrategyGrids/Blueprints/ActionGrid.ActionGrid:SearchTiles.K2Node_FunctionResult_0
[2016.04.14-06.52.54:821][944]LogUObjectHash:Warning: Ambiguous search, could be K2Node_FunctionResult /Game/TBStrategyGrids/Blueprints/FractionMath.FractionMath:Fraction + Fraction.K2Node_FunctionResult_0 or K2Node_FunctionResult /Game/TBStrategyGrids/Blueprints/LevelGrid.LevelGrid:ComputeActionGrid.K2Node_FunctionResult_0
[2016.04.14-06.52.54:821][944]LogUObjectHash:Warning: Ambiguous search, could be K2Node_FunctionResult /Game/TBStrategyGrids/Blueprints/FractionMath.FractionMath:Fraction + Fraction.K2Node_FunctionResult_0 or K2Node_FunctionResult /Game/TBStrategyGrids/Blueprints/LevelGrid.LevelGrid:FromNeighborSpace.K2Node_FunctionResult_0
[2016.04.14-06.52.54:821][944]LogUObjectHash:Warning: Ambiguous search, could be K2Node_FunctionResult /Game/TBStrategyGrids/Blueprints/FractionMath.FractionMath:Fraction + Fraction.K2Node_FunctionResult_0 or K2Node_FunctionResult /Game/TBStrategyGrids/Blueprints/LevelGrid.LevelGrid:Generate Attack Offsets.K2Node_FunctionResult_0
[2016.04.14-06.52.54:821][944]LogUObjectHash:Warning: Ambiguous search, could be K2Node_FunctionResult /Game/TBStrategyGrids/Blueprints/FractionMath.FractionMath:Fraction + Fraction.K2Node_FunctionResult_0 or K2Node_FunctionResult /Game/TBStrategyGrids/Blueprints/LevelGrid.LevelGrid:Generate Neighbor Offsets.K2Node_FunctionResult_0
[2016.04.14-06.52.54:821][944]LogUObjectHash:Warning: Ambiguous search, could be K2Node_FunctionResult /Game/TBStrategyGrids/Blueprints/FractionMath.FractionMath:Fraction + Fraction.K2Node_FunctionResult_0 or K2Node_FunctionResult /Game/TBStrategyGrids/Blueprints/LevelGrid.LevelGrid:GetRoomIndex.K2Node_FunctionResult_0
[2016.04.14-06.52.54:821][944]LogUObjectHash:Warning: Ambiguous search, could be K2Node_FunctionResult /Game/TBStrategyGrids/Blueprints/FractionMath.FractionMath:Fraction + Fraction.K2Node_FunctionResult_0 or K2Node_FunctionResult /Game/TBStrategyGrids/Blueprints/LevelGrid.LevelGrid:RemoveActor.K2Node_FunctionResult_0
[2016.04.14-06.52.54:821][944]LogUObjectHash:Warning: Ambiguous search, could be K2Node_FunctionResult /Game/TBStrategyGrids/Blueprints/FractionMath.FractionMath:Fraction + Fraction.K2Node_FunctionResult_0 or K2Node_FunctionResult /Game/TBStrategyGrids/Blueprints/LevelGrid.LevelGrid:TerrainTypeToColor.K2Node_FunctionResult_0
[2016.04.14-06.52.54:821][944]LogUObjectHash:Warning: Ambiguous search, could be K2Node_FunctionResult /Game/TBStrategyGrids/Blueprints/FractionMath.FractionMath:Fraction + Fraction.K2Node_FunctionResult_0 or K2Node_FunctionResult /Game/TBStrategyGrids/Blueprints/LevelGrid.LevelGrid:ToNeighborSpace.K2Node_FunctionResult_0
[2016.04.14-06.52.54:821][944]LogUObjectHash:Warning: Ambiguous search, could be K2Node_FunctionResult /Game/TBStrategyGrids/Blueprints/FractionMath.FractionMath:Fraction + Fraction.K2Node_FunctionResult_0 or K2Node_FunctionResult /Game/TBStrategyGrids/Blueprints/GridUtil.GridUtil:DirectionToStep.K2Node_FunctionResult_0
[2016.04.14-06.52.54:821][944]LogUObjectHash:Warning: Ambiguous search, could be K2Node_FunctionResult /Game/TBStrategyGrids/Blueprints/FractionMath.FractionMath:Fraction + Fraction.K2Node_FunctionResult_0 or K2Node_FunctionResult /Game/TBStrategyGrids/Blueprints/GridUtil.GridUtil:MergeActionGrids.K2Node_FunctionResult_0
[2016.04.14-06.52.54:821][944]LogUObjectHash:Warning: Ambiguous search, could be K2Node_FunctionResult /Game/TBStrategyGrids/Blueprints/FractionMath.FractionMath:Fraction + Fraction.K2Node_FunctionResult_0 or K2Node_FunctionResult /Game/TBStrategyGrids/Blueprints/GridUtil.GridUtil:PickTile.K2Node_FunctionResult_0
[2016.04.14-06.52.54:821][944]LogUObjectHash:Warning: Ambiguous search, could be K2Node_FunctionResult /Game/TBStrategyGrids/Blueprints/FractionMath.FractionMath:Fraction + Fraction.K2Node_FunctionResult_0 or K2Node_FunctionResult /Game/TBStrategyGrids/Blueprints/GridUtil.GridUtil:Offset to Axial.K2Node_FunctionResult_0
[2016.04.14-06.52.54:821][944]LogUObjectHash:Warning: Ambiguous search, could be K2Node_FunctionResult /Game/TBStrategyGrids/Blueprints/FractionMath.FractionMath:Fraction + Fraction.K2Node_FunctionResult_0 or K2Node_FunctionResult /Game/TBStrategyGrids/Blueprints/GridUtil.GridUtil:Axial to Offset.K2Node_FunctionResult_0
[2016.04.14-06.52.54:821][944]LogUObjectHash:Warning: Ambiguous search, could be K2Node_FunctionResult /Game/TBStrategyGrids/Blueprints/FractionMath.FractionMath:Fraction + Fraction.K2Node_FunctionResult_0 or K2Node_FunctionResult /Engine/Transient.PROTO_BP_Blueprint_0:UserConstructionScript.K2Node_FunctionResult_0
[2016.04.14-06.52.54:821][944]LogUObjectHash:Warning: Ambiguous search, could be K2Node_FunctionResult /Game/TBStrategyGrids/Blueprints/FractionMath.FractionMath:Fraction + Fraction.K2Node_FunctionResult_0 or K2Node_FunctionResult /Game/TBStrategyGrids/Blueprints/Example/ExampleCharacter_Tank.ExampleCharacter_Tank:GetGridPosition.K2Node_FunctionResult_0
[2016.04.14-06.52.54:821][944]LogUObjectHash:Warning: Ambiguous search, could be K2Node_FunctionResult /Game/TBStrategyGrids/Blueprints/FractionMath.FractionMath:Fraction + Fraction.K2Node_FunctionResult_0 or K2Node_FunctionResult /Game/CptOrrin.CptOrrin:Get Grid Transform.K2Node_FunctionResult_0
[2016.04.14-06.52.54:821][944]LogUObjectHash:Warning: Ambiguous search, could be K2Node_FunctionResult /Game/TBStrategyGrids/Blueprints/FractionMath.FractionMath:Fraction + Fraction.K2Node_FunctionResult_0 or K2Node_FunctionResult /Game/TBStrategyGrids/Blueprints/Example/ExampleCharacter_Ship.ExampleCharacter_Ship:EdGraph_768.K2Node_FunctionResult_0
[2016.04.14-06.52.54:821][944]LogUObjectHash:Warning: Ambiguous search, could be K2Node_FunctionResult /Game/TBStrategyGrids/Blueprints/FractionMath.FractionMath:Fraction + Fraction.K2Node_FunctionResult_0 or K2Node_FunctionResult /Game/TBStrategyGrids/Blueprints/Example/ExampleCharacter_Ship.ExampleCharacter_Ship:EdGraph_764.K2Node_FunctionResult_0
[2016.04.14-06.52.54:821][944]LogUObjectHash:Warning: Ambiguous search, could be K2Node_FunctionResult /Game/TBStrategyGrids/Blueprints/FractionMath.FractionMath:Fraction + Fraction.K2Node_FunctionResult_0 or K2Node_FunctionResult /Game/TBStrategyGrids/Blueprints/Example/ExampleCharacter_Ship.ExampleCharacter_Ship:EdGraph_760.K2Node_FunctionResult_0
[2016.04.14-06.52.54:821][944]LogUObjectHash:Warning: Ambiguous search, could be K2Node_FunctionResult /Game/TBStrategyGrids/Blueprints/FractionMath.FractionMath:Fraction + Fraction.K2Node_FunctionResult_0 or K2Node_FunctionResult /Game/TBStrategyGrids/Blueprints/Example/ExampleCharacter_Ship.ExampleCharacter_Ship:GetGridPosition.K2Node_FunctionResult_0
[2016.04.14-06.52.54:821][944]LogProperty:Warning: Illegal TEXT reference to a private object in external package (EdGraphPin /Game/TBStrategyGrids/Blueprints/Example/ExampleCharacter_Tank.ExampleCharacter_Tank:GetGridPosition.K2Node_FunctionResult_0.EdGraphPin_48734) from referencer (EdGraphPin /Game/CptOrrin.CptOrrin:Get Grid Transform.K2Node_VariableGet_481.EdGraphPin_48428).  Import failed...
[2016.04.14-06.52.54:821][944]LogProperty:Warning: ObjectProperty /Script/Engine.EdGraphPin:LinkedTo.LinkedTo: unresolved reference to 'EdGraphPin'K2Node_FunctionResult_0.EdGraphPin_48734''
[2016.04.14-06.52.54:821][944]LogUObjectHash:Warning: Ambiguous search, could be K2Node_FunctionEntry /Game/TBStrategyGrids/Blueprints/Example/ExampleCharacter_Tank.ExampleCharacter_Tank:GetGridPosition.K2Node_FunctionEntry_298 or K2Node_FunctionEntry /Game/TBStrategyGrids/Blueprints/Example/ExampleCharacter_Ship.ExampleCharacter_Ship:EdGraph_768.K2Node_FunctionEntry_298
[2016.04.14-06.52.54:821][944]LogUObjectHash:Warning: Ambiguous search, could be K2Node_FunctionEntry /Game/TBStrategyGrids/Blueprints/Example/ExampleCharacter_Tank.ExampleCharacter_Tank:GetGridPosition.K2Node_FunctionEntry_298 or K2Node_FunctionEntry /Game/TBStrategyGrids/Blueprints/Example/ExampleCharacter_Ship.ExampleCharacter_Ship:EdGraph_764.K2Node_FunctionEntry_298
[2016.04.14-06.52.54:821][944]LogUObjectHash:Warning: Ambiguous search, could be K2Node_FunctionEntry /Game/TBStrategyGrids/Blueprints/Example/ExampleCharacter_Tank.ExampleCharacter_Tank:GetGridPosition.K2Node_FunctionEntry_298 or K2Node_FunctionEntry /Game/TBStrategyGrids/Blueprints/Example/ExampleCharacter_Ship.ExampleCharacter_Ship:EdGraph_760.K2Node_FunctionEntry_298
[2016.04.14-06.52.54:821][944]LogUObjectHash:Warning: Ambiguous search, could be K2Node_FunctionEntry /Game/TBStrategyGrids/Blueprints/Example/ExampleCharacter_Tank.ExampleCharacter_Tank:GetGridPosition.K2Node_FunctionEntry_298 or K2Node_FunctionEntry /Game/TBStrategyGrids/Blueprints/Example/ExampleCharacter_Ship.ExampleCharacter_Ship:GetGridPosition.K2Node_FunctionEntry_298
[2016.04.14-06.52.54:821][944]LogProperty:Warning: Illegal TEXT reference to a private object in external package (EdGraphPin /Game/TBStrategyGrids/Blueprints/Example/ExampleCharacter_Tank.ExampleCharacter_Tank:GetGridPosition.K2Node_FunctionEntry_298.EdGraphPin_48729) from referencer (EdGraphPin /Game/CptOrrin.CptOrrin:Get Grid Transform.K2Node_FunctionResult_0.EdGraphPin_48732).  Import failed...
[2016.04.14-06.52.54:822][944]LogProperty:Warning: ObjectProperty /Script/Engine.EdGraphPin:LinkedTo.LinkedTo: unresolved reference to 'EdGraphPin'K2Node_FunctionEntry_298.EdGraphPin_48729''
[2016.04.14-06.52.54:822][944]LogBlueprint:Warning: [CptOrrin] CreatePinForVariable: 'X' variable not found. Base class was probably changed.
[2016.04.14-06.52.54:822][944]LogBlueprint:Warning: [CptOrrin] CreatePinForVariable: 'Y' variable not found. Base class was probably changed.
[2016.04.14-06.53.02:845][888]Cmd: OBJ SAVEPACKAGE PACKAGE="/Game/Level_1_InProgress" FILE="../../../../../../Documents/Unreal Projects/KND/Content/Level_1_InProgress.umap" SILENT=true AUTOSAVING=false KEEPDIRTY=false
[2016.04.14-06.53.02:972][888]LogSavePackage: Save=89.079094ms
[2016.04.14-06.53.02:972][888]LogSavePackage: Moving '../../../../../../Documents/Unreal Projects/KND/Saved/Level_1_InProgress2BCEAF6641DC1CE9EFAD74BAF0E85A57.tmp' to '../../../../../../Documents/Unreal Projects/KND/Content/Level_1_InProgress.umap'
[2016.04.14-06.53.02:976][888]LogSavePackage: Total save time: 100.829937ms
[2016.04.14-06.53.02:976][888]LogSavePackage:Display: Finished SavePackage ../../../../../../Documents/Unreal Projects/KND/Content/Level_1_InProgress.umap
[2016.04.14-06.53.03:101][888]LogFileHelpers: Saving map 'Level_1_InProgress' took 0.341
[2016.04.14-06.53.03:108][888]Cmd: OBJ SAVEPACKAGE PACKAGE="/Game/CptOrrin" FILE="../../../../../../Documents/Unreal Projects/KND/Content/CptOrrin.uasset" SILENT=true
[2016.04.14-06.53.03:135][888]LogSavePackage: Save=22.503859ms
[2016.04.14-06.53.03:135][888]LogSavePackage: Moving '../../../../../../Documents/Unreal Projects/KND/Saved/CptOrrin76E605E3416EF42FF2EC0F882D7296AE.tmp' to '../../../../../../Documents/Unreal Projects/KND/Content/CptOrrin.uasset'
[2016.04.14-06.53.03:137][888]LogSavePackage: Total save time: 28.279275ms
[2016.04.14-06.53.03:137][888]LogSavePackage:Display: Finished SavePackage ../../../../../../Documents/Unreal Projects/KND/Content/CptOrrin.uasset
[2016.04.14-06.53.15:710][372]LogUObjectHash:Warning: Ambiguous search, could be K2Node_FunctionResult /Game/TBStrategyGrids/Blueprints/FractionMath.FractionMath:Fraction + Fraction.K2Node_FunctionResult_0 or K2Node_FunctionResult /Game/TBStrategyGrids/Blueprints/FractionMath.FractionMath:Fraction - Fraction.K2Node_FunctionResult_0
[2016.04.14-06.53.15:710][372]LogUObjectHash:Warning: Ambiguous search, could be K2Node_FunctionResult /Game/TBStrategyGrids/Blueprints/FractionMath.FractionMath:Fraction + Fraction.K2Node_FunctionResult_0 or K2Node_FunctionResult /Game/TBStrategyGrids/Blueprints/FractionMath.FractionMath:Fraction * Fraction.K2Node_FunctionResult_0
[2016.04.14-06.53.15:710][372]LogUObjectHash:Warning: Ambiguous search, could be K2Node_FunctionResult /Game/TBStrategyGrids/Blueprints/FractionMath.FractionMath:Fraction + Fraction.K2Node_FunctionResult_0 or K2Node_FunctionResult /Game/TBStrategyGrids/Blueprints/FractionMath.FractionMath:Fraction / Fraction.K2Node_FunctionResult_0
[2016.04.14-06.53.15:710][372]LogUObjectHash:Warning: Ambiguous search, could be K2Node_FunctionResult /Game/TBStrategyGrids/Blueprints/FractionMath.FractionMath:Fraction + Fraction.K2Node_FunctionResult_0 or K2Node_FunctionResult /Game/TBStrategyGrids/Blueprints/IGridActor.IGridActor:GetAllegianceToActor.K2Node_FunctionResult_0
[2016.04.14-06.53.15:710][372]LogUObjectHash:Warning: Ambiguous search, could be K2Node_FunctionResult /Game/TBStrategyGrids/Blueprints/FractionMath.FractionMath:Fraction + Fraction.K2Node_FunctionResult_0 or K2Node_FunctionResult /Game/TBStrategyGrids/Blueprints/ActionGrid.ActionGrid:SearchTiles.K2Node_FunctionResult_0
[2016.04.14-06.53.15:710][372]LogUObjectHash:Warning: Ambiguous search, could be K2Node_FunctionResult /Game/TBStrategyGrids/Blueprints/FractionMath.FractionMath:Fraction + Fraction.K2Node_FunctionResult_0 or K2Node_FunctionResult /Game/TBStrategyGrids/Blueprints/LevelGrid.LevelGrid:ComputeActionGrid.K2Node_FunctionResult_0
[2016.04.14-06.53.15:710][372]LogUObjectHash:Warning: Ambiguous search, could be K2Node_FunctionResult /Game/TBStrategyGrids/Blueprints/FractionMath.FractionMath:Fraction + Fraction.K2Node_FunctionResult_0 or K2Node_FunctionResult /Game/TBStrategyGrids/Blueprints/LevelGrid.LevelGrid:FromNeighborSpace.K2Node_FunctionResult_0
[2016.04.14-06.53.15:710][372]LogUObjectHash:Warning: Ambiguous search, could be K2Node_FunctionResult /Game/TBStrategyGrids/Blueprints/FractionMath.FractionMath:Fraction + Fraction.K2Node_FunctionResult_0 or K2Node_FunctionResult /Game/TBStrategyGrids/Blueprints/LevelGrid.LevelGrid:Generate Attack Offsets.K2Node_FunctionResult_0
[2016.04.14-06.53.15:710][372]LogUObjectHash:Warning: Ambiguous search, could be K2Node_FunctionResult /Game/TBStrategyGrids/Blueprints/FractionMath.FractionMath:Fraction + Fraction.K2Node_FunctionResult_0 or K2Node_FunctionResult /Game/TBStrategyGrids/Blueprints/LevelGrid.LevelGrid:Generate Neighbor Offsets.K2Node_FunctionResult_0
[2016.04.14-06.53.15:710][372]LogUObjectHash:Warning: Ambiguous search, could be K2Node_FunctionResult /Game/TBStrategyGrids/Blueprints/FractionMath.FractionMath:Fraction + Fraction.K2Node_FunctionResult_0 or K2Node_FunctionResult /Game/TBStrategyGrids/Blueprints/LevelGrid.LevelGrid:GetRoomIndex.K2Node_FunctionResult_0
[2016.04.14-06.53.15:710][372]LogUObjectHash:Warning: Ambiguous search, could be K2Node_FunctionResult /Game/TBStrategyGrids/Blueprints/FractionMath.FractionMath:Fraction + Fraction.K2Node_FunctionResult_0 or K2Node_FunctionResult /Game/TBStrategyGrids/Blueprints/LevelGrid.LevelGrid:RemoveActor.K2Node_FunctionResult_0
[2016.04.14-06.53.15:710][372]LogUObjectHash:Warning: Ambiguous search, could be K2Node_FunctionResult /Game/TBStrategyGrids/Blueprints/FractionMath.FractionMath:Fraction + Fraction.K2Node_FunctionResult_0 or K2Node_FunctionResult /Game/TBStrategyGrids/Blueprints/LevelGrid.LevelGrid:TerrainTypeToColor.K2Node_FunctionResult_0
[2016.04.14-06.53.15:710][372]LogUObjectHash:Warning: Ambiguous search, could be K2Node_FunctionResult /Game/TBStrategyGrids/Blueprints/FractionMath.FractionMath:Fraction + Fraction.K2Node_FunctionResult_0 or K2Node_FunctionResult /Game/TBStrategyGrids/Blueprints/LevelGrid.LevelGrid:ToNeighborSpace.K2Node_FunctionResult_0
[2016.04.14-06.53.15:710][372]LogUObjectHash:Warning: Ambiguous search, could be K2Node_FunctionResult /Game/TBStrategyGrids/Blueprints/FractionMath.FractionMath:Fraction + Fraction.K2Node_FunctionResult_0 or K2Node_FunctionResult /Game/TBStrategyGrids/Blueprints/GridUtil.GridUtil:DirectionToStep.K2Node_FunctionResult_0
[2016.04.14-06.53.15:710][372]LogUObjectHash:Warning: Ambiguous search, could be K2Node_FunctionResult /Game/TBStrategyGrids/Blueprints/FractionMath.FractionMath:Fraction + Fraction.K2Node_FunctionResult_0 or K2Node_FunctionResult /Game/TBStrategyGrids/Blueprints/GridUtil.GridUtil:MergeActionGrids.K2Node_FunctionResult_0
[2016.04.14-06.53.15:710][372]LogUObjectHash:Warning: Ambiguous search, could be K2Node_FunctionResult /Game/TBStrategyGrids/Blueprints/FractionMath.FractionMath:Fraction + Fraction.K2Node_FunctionResult_0 or K2Node_FunctionResult /Game/TBStrategyGrids/Blueprints/GridUtil.GridUtil:PickTile.K2Node_FunctionResult_0
[2016.04.14-06.53.15:710][372]LogUObjectHash:Warning: Ambiguous search, could be K2Node_FunctionResult /Game/TBStrategyGrids/Blueprints/FractionMath.FractionMath:Fraction + Fraction.K2Node_FunctionResult_0 or K2Node_FunctionResult /Game/TBStrategyGrids/Blueprints/GridUtil.GridUtil:Offset to Axial.K2Node_FunctionResult_0
[2016.04.14-06.53.15:710][372]LogUObjectHash:Warning: Ambiguous search, could be K2Node_FunctionResult /Game/TBStrategyGrids/Blueprints/FractionMath.FractionMath:Fraction + Fraction.K2Node_FunctionResult_0 or K2Node_FunctionResult /Game/TBStrategyGrids/Blueprints/GridUtil.GridUtil:Axial to Offset.K2Node_FunctionResult_0
[2016.04.14-06.53.15:710][372]LogUObjectHash:Warning: Ambiguous search, could be K2Node_FunctionResult /Game/TBStrategyGrids/Blueprints/FractionMath.FractionMath:Fraction + Fraction.K2Node_FunctionResult_0 or K2Node_FunctionResult /Engine/Transient.PROTO_BP_Blueprint_0:UserConstructionScript.K2Node_FunctionResult_0
[2016.04.14-06.53.15:710][372]LogUObjectHash:Warning: Ambiguous search, could be K2Node_FunctionResult /Game/TBStrategyGrids/Blueprints/FractionMath.FractionMath:Fraction + Fraction.K2Node_FunctionResult_0 or K2Node_FunctionResult /Game/TBStrategyGrids/Blueprints/Example/ExampleCharacter_Tank.ExampleCharacter_Tank:GetGridPosition.K2Node_FunctionResult_0
[2016.04.14-06.53.15:710][372]LogUObjectHash:Warning: Ambiguous search, could be K2Node_FunctionResult /Game/TBStrategyGrids/Blueprints/FractionMath.FractionMath:Fraction + Fraction.K2Node_FunctionResult_0 or K2Node_FunctionResult /Game/CptOrrin.CptOrrin:EdGraph_955.K2Node_FunctionResult_0
[2016.04.14-06.53.15:710][372]LogUObjectHash:Warning: Ambiguous search, could be K2Node_FunctionResult /Game/TBStrategyGrids/Blueprints/FractionMath.FractionMath:Fraction + Fraction.K2Node_FunctionResult_0 or K2Node_FunctionResult /Game/CptOrrin.CptOrrin:Get Grid Transform.K2Node_FunctionResult_0
[2016.04.14-06.53.15:710][372]LogUObjectHash:Warning: Ambiguous search, could be K2Node_FunctionResult /Game/TBStrategyGrids/Blueprints/FractionMath.FractionMath:Fraction + Fraction.K2Node_FunctionResult_0 or K2Node_FunctionResult /Game/CptOrrin.CptOrrin:Get Grid Position.K2Node_FunctionResult_0
[2016.04.14-06.53.15:710][372]LogUObjectHash:Warning: Ambiguous search, could be K2Node_FunctionResult /Game/TBStrategyGrids/Blueprints/FractionMath.FractionMath:Fraction + Fraction.K2Node_FunctionResult_0 or K2Node_FunctionResult /Game/TBStrategyGrids/Blueprints/Example/ExampleCharacter_Ship.ExampleCharacter_Ship:GetGridPosition.K2Node_FunctionResult_0
[2016.04.14-06.53.15:710][372]LogProperty:Warning: Illegal TEXT reference to a private object in external package (EdGraphPin /Game/TBStrategyGrids/Blueprints/Example/ExampleCharacter_Tank.ExampleCharacter_Tank:GetGridPosition.K2Node_FunctionResult_0.EdGraphPin_48733) from referencer (EdGraphPin /Game/CptOrrin.CptOrrin:Get Grid Position.K2Node_VariableGet_479.EdGraphPin_48434).  Import failed...
[2016.04.14-06.53.15:710][372]LogProperty:Warning: ObjectProperty /Script/Engine.EdGraphPin:LinkedTo.LinkedTo: unresolved reference to 'EdGraphPin'K2Node_FunctionResult_0.EdGraphPin_48733''
[2016.04.14-06.53.15:710][372]LogUObjectHash:Warning: Ambiguous search, could be K2Node_FunctionResult /Game/TBStrategyGrids/Blueprints/FractionMath.FractionMath:Fraction + Fraction.K2Node_FunctionResult_0 or K2Node_FunctionResult /Game/TBStrategyGrids/Blueprints/FractionMath.FractionMath:Fraction - Fraction.K2Node_FunctionResult_0
[2016.04.14-06.53.15:710][372]LogUObjectHash:Warning: Ambiguous search, could be K2Node_FunctionResult /Game/TBStrategyGrids/Blueprints/FractionMath.FractionMath:Fraction + Fraction.K2Node_FunctionResult_0 or K2Node_FunctionResult /Game/TBStrategyGrids/Blueprints/FractionMath.FractionMath:Fraction * Fraction.K2Node_FunctionResult_0
[2016.04.14-06.53.15:710][372]LogUObjectHash:Warning: Ambiguous search, could be K2Node_FunctionResult /Game/TBStrategyGrids/Blueprints/FractionMath.FractionMath:Fraction + Fraction.K2Node_FunctionResult_0 or K2Node_FunctionResult /Game/TBStrategyGrids/Blueprints/FractionMath.FractionMath:Fraction / Fraction.K2Node_FunctionResult_0
[2016.04.14-06.53.15:710][372]LogUObjectHash:Warning: Ambiguous search, could be K2Node_FunctionResult /Game/TBStrategyGrids/Blueprints/FractionMath.FractionMath:Fraction + Fraction.K2Node_FunctionResult_0 or K2Node_FunctionResult /Game/TBStrategyGrids/Blueprints/IGridActor.IGridActor:GetAllegianceToActor.K2Node_FunctionResult_0
[2016.04.14-06.53.15:710][372]LogUObjectHash:Warning: Ambiguous search, could be K2Node_FunctionResult /Game/TBStrategyGrids/Blueprints/FractionMath.FractionMath:Fraction + Fraction.K2Node_FunctionResult_0 or K2Node_FunctionResult /Game/TBStrategyGrids/Blueprints/ActionGrid.ActionGrid:SearchTiles.K2Node_FunctionResult_0
[2016.04.14-06.53.15:710][372]LogUObjectHash:Warning: Ambiguous search, could be K2Node_FunctionResult /Game/TBStrategyGrids/Blueprints/FractionMath.FractionMath:Fraction + Fraction.K2Node_FunctionResult_0 or K2Node_FunctionResult /Game/TBStrategyGrids/Blueprints/LevelGrid.LevelGrid:ComputeActionGrid.K2Node_FunctionResult_0
[2016.04.14-06.53.15:710][372]LogUObjectHash:Warning: Ambiguous search, could be K2Node_FunctionResult /Game/TBStrategyGrids/Blueprints/FractionMath.FractionMath:Fraction + Fraction.K2Node_FunctionResult_0 or K2Node_FunctionResult /Game/TBStrategyGrids/Blueprints/LevelGrid.LevelGrid:FromNeighborSpace.K2Node_FunctionResult_0
[2016.04.14-06.53.15:710][372]LogUObjectHash:Warning: Ambiguous search, could be K2Node_FunctionResult /Game/TBStrategyGrids/Blueprints/FractionMath.FractionMath:Fraction + Fraction.K2Node_FunctionResult_0 or K2Node_FunctionResult /Game/TBStrategyGrids/Blueprints/LevelGrid.LevelGrid:Generate Attack Offsets.K2Node_FunctionResult_0
[2016.04.14-06.53.15:710][372]LogUObjectHash:Warning: Ambiguous search, could be K2Node_FunctionResult /Game/TBStrategyGrids/Blueprints/FractionMath.FractionMath:Fraction + Fraction.K2Node_FunctionResult_0 or K2Node_FunctionResult /Game/TBStrategyGrids/Blueprints/LevelGrid.LevelGrid:Generate Neighbor Offsets.K2Node_FunctionResult_0
[2016.04.14-06.53.15:710][372]LogUObjectHash:Warning: Ambiguous search, could be K2Node_FunctionResult /Game/TBStrategyGrids/Blueprints/FractionMath.FractionMath:Fraction + Fraction.K2Node_FunctionResult_0 or K2Node_FunctionResult /Game/TBStrategyGrids/Blueprints/LevelGrid.LevelGrid:GetRoomIndex.K2Node_FunctionResult_0
[2016.04.14-06.53.15:710][372]LogUObjectHash:Warning: Ambiguous search, could be K2Node_FunctionResult /Game/TBStrategyGrids/Blueprints/FractionMath.FractionMath:Fraction + Fraction.K2Node_FunctionResult_0 or K2Node_FunctionResult /Game/TBStrategyGrids/Blueprints/LevelGrid.LevelGrid:RemoveActor.K2Node_FunctionResult_0
[2016.04.14-06.53.15:710][372]LogUObjectHash:Warning: Ambiguous search, could be K2Node_FunctionResult /Game/TBStrategyGrids/Blueprints/FractionMath.FractionMath:Fraction + Fraction.K2Node_FunctionResult_0 or K2Node_FunctionResult /Game/TBStrategyGrids/Blueprints/LevelGrid.LevelGrid:TerrainTypeToColor.K2Node_FunctionResult_0
[2016.04.14-06.53.15:710][372]LogUObjectHash:Warning: Ambiguous search, could be K2Node_FunctionResult /Game/TBStrategyGrids/Blueprints/FractionMath.FractionMath:Fraction + Fraction.K2Node_FunctionResult_0 or K2Node_FunctionResult /Game/TBStrategyGrids/Blueprints/LevelGrid.LevelGrid:ToNeighborSpace.K2Node_FunctionResult_0
[2016.04.14-06.53.15:710][372]LogUObjectHash:Warning: Ambiguous search, could be K2Node_FunctionResult /Game/TBStrategyGrids/Blueprints/FractionMath.FractionMath:Fraction + Fraction.K2Node_FunctionResult_0 or K2Node_FunctionResult /Game/TBStrategyGrids/Blueprints/GridUtil.GridUtil:DirectionToStep.K2Node_FunctionResult_0
[2016.04.14-06.53.15:710][372]LogUObjectHash:Warning: Ambiguous search, could be K2Node_FunctionResult /Game/TBStrategyGrids/Blueprints/FractionMath.FractionMath:Fraction + Fraction.K2Node_FunctionResult_0 or K2Node_FunctionResult /Game/TBStrategyGrids/Blueprints/GridUtil.GridUtil:MergeActionGrids.K2Node_FunctionResult_0
[2016.04.14-06.53.15:710][372]LogUObjectHash:Warning: Ambiguous search, could be K2Node_FunctionResult /Game/TBStrategyGrids/Blueprints/FractionMath.FractionMath:Fraction + Fraction.K2Node_FunctionResult_0 or K2Node_FunctionResult /Game/TBStrategyGrids/Blueprints/GridUtil.GridUtil:PickTile.K2Node_FunctionResult_0
[2016.04.14-06.53.15:710][372]LogUObjectHash:Warning: Ambiguous search, could be K2Node_FunctionResult /Game/TBStrategyGrids/Blueprints/FractionMath.FractionMath:Fraction + Fraction.K2Node_FunctionResult_0 or K2Node_FunctionResult /Game/TBStrategyGrids/Blueprints/GridUtil.GridUtil:Offset to Axial.K2Node_FunctionResult_0
[2016.04.14-06.53.15:710][372]LogUObjectHash:Warning: Ambiguous search, could be K2Node_FunctionResult /Game/TBStrategyGrids/Blueprints/FractionMath.FractionMath:Fraction + Fraction.K2Node_FunctionResult_0 or K2Node_FunctionResult /Game/TBStrategyGrids/Blueprints/GridUtil.GridUtil:Axial to Offset.K2Node_FunctionResult_0
[2016.04.14-06.53.15:710][372]LogUObjectHash:Warning: Ambiguous search, could be K2Node_FunctionResult /Game/TBStrategyGrids/Blueprints/FractionMath.FractionMath:Fraction + Fraction.K2Node_FunctionResult_0 or K2Node_FunctionResult /Engine/Transient.PROTO_BP_Blueprint_0:UserConstructionScript.K2Node_FunctionResult_0
[2016.04.14-06.53.15:710][372]LogUObjectHash:Warning: Ambiguous search, could be K2Node_FunctionResult /Game/TBStrategyGrids/Blueprints/FractionMath.FractionMath:Fraction + Fraction.K2Node_FunctionResult_0 or K2Node_FunctionResult /Game/TBStrategyGrids/Blueprints/Example/ExampleCharacter_Tank.ExampleCharacter_Tank:GetGridPosition.K2Node_FunctionResult_0
[2016.04.14-06.53.15:710][372]LogUObjectHash:Warning: Ambiguous search, could be K2Node_FunctionResult /Game/TBStrategyGrids/Blueprints/FractionMath.FractionMath:Fraction + Fraction.K2Node_FunctionResult_0 or K2Node_FunctionResult /Game/CptOrrin.CptOrrin:EdGraph_955.K2Node_FunctionResult_0
[2016.04.14-06.53.15:710][372]LogUObjectHash:Warning: Ambiguous search, could be K2Node_FunctionResult /Game/TBStrategyGrids/Blueprints/FractionMath.FractionMath:Fraction + Fraction.K2Node_FunctionResult_0 or K2Node_FunctionResult /Game/CptOrrin.CptOrrin:Get Grid Transform.K2Node_FunctionResult_0
[2016.04.14-06.53.15:710][372]LogUObjectHash:Warning: Ambiguous search, could be K2Node_FunctionResult /Game/TBStrategyGrids/Blueprints/FractionMath.FractionMath:Fraction + Fraction.K2Node_FunctionResult_0 or K2Node_FunctionResult /Game/CptOrrin.CptOrrin:Get Grid Position.K2Node_FunctionResult_0
[2016.04.14-06.53.15:710][372]LogUObjectHash:Warning: Ambiguous search, could be K2Node_FunctionResult /Game/TBStrategyGrids/Blueprints/FractionMath.FractionMath:Fraction + Fraction.K2Node_FunctionResult_0 or K2Node_FunctionResult /Game/TBStrategyGrids/Blueprints/Example/ExampleCharacter_Ship.ExampleCharacter_Ship:GetGridPosition.K2Node_FunctionResult_0
[2016.04.14-06.53.15:710][372]LogProperty:Warning: Illegal TEXT reference to a private object in external package (EdGraphPin /Game/TBStrategyGrids/Blueprints/Example/ExampleCharacter_Tank.ExampleCharacter_Tank:GetGridPosition.K2Node_FunctionResult_0.EdGraphPin_48734) from referencer (EdGraphPin /Game/CptOrrin.CptOrrin:Get Grid Position.K2Node_VariableGet_481.EdGraphPin_48428).  Import failed...
[2016.04.14-06.53.15:710][372]LogProperty:Warning: ObjectProperty /Script/Engine.EdGraphPin:LinkedTo.LinkedTo: unresolved reference to 'EdGraphPin'K2Node_FunctionResult_0.EdGraphPin_48734''
[2016.04.14-06.53.15:710][372]LogUObjectHash:Warning: Ambiguous search, could be K2Node_FunctionEntry /Game/TBStrategyGrids/Blueprints/Example/ExampleCharacter_Tank.ExampleCharacter_Tank:GetGridPosition.K2Node_FunctionEntry_298 or K2Node_FunctionEntry /Game/TBStrategyGrids/Blueprints/Example/ExampleCharacter_Ship.ExampleCharacter_Ship:GetGridPosition.K2Node_FunctionEntry_298
[2016.04.14-06.53.15:711][372]LogProperty:Warning: Illegal TEXT reference to a private object in external package (EdGraphPin /Game/TBStrategyGrids/Blueprints/Example/ExampleCharacter_Tank.ExampleCharacter_Tank:GetGridPosition.K2Node_FunctionEntry_298.EdGraphPin_48729) from referencer (EdGraphPin /Game/CptOrrin.CptOrrin:Get Grid Position.K2Node_FunctionResult_0.EdGraphPin_48732).  Import failed...
[2016.04.14-06.53.15:711][372]LogProperty:Warning: ObjectProperty /Script/Engine.EdGraphPin:LinkedTo.LinkedTo: unresolved reference to 'EdGraphPin'K2Node_FunctionEntry_298.EdGraphPin_48729''
[2016.04.14-06.53.15:711][372]LogBlueprint:Warning: [CptOrrin] CreatePinForVariable: 'X' variable not found. Base class was probably changed.
[2016.04.14-06.53.15:711][372]LogBlueprint:Warning: [CptOrrin] CreatePinForVariable: 'Y' variable not found. Base class was probably changed.
[2016.04.14-06.53.22:489][167]Cmd: OBJ SAVEPACKAGE PACKAGE="/Game/Level_1_InProgress" FILE="../../../../../../Documents/Unreal Projects/KND/Content/Level_1_InProgress.umap" SILENT=true AUTOSAVING=false KEEPDIRTY=false
[2016.04.14-06.53.22:599][167]LogSavePackage: Save=82.471733ms
[2016.04.14-06.53.22:599][167]LogSavePackage: Moving '../../../../../../Documents/Unreal Projects/KND/Saved/Level_1_InProgressB54C5D3941D9E08029C0EDA0CE3A197A.tmp' to '../../../../../../Documents/Unreal Projects/KND/Content/Level_1_InProgress.umap'
[2016.04.14-06.53.22:602][167]LogSavePackage: Total save time: 87.967075ms
[2016.04.14-06.53.22:602][167]LogSavePackage:Display: Finished SavePackage ../../../../../../Documents/Unreal Projects/KND/Content/Level_1_InProgress.umap
[2016.04.14-06.53.22:623][167]LogFileHelpers: Saving map 'Level_1_InProgress' took 0.215
[2016.04.14-06.53.22:629][167]Cmd: OBJ SAVEPACKAGE PACKAGE="/Game/CptOrrin" FILE="../../../../../../Documents/Unreal Projects/KND/Content/CptOrrin.uasset" SILENT=true
[2016.04.14-06.53.22:657][167]LogSavePackage: Save=23.732071ms
[2016.04.14-06.53.22:657][167]LogSavePackage: Moving '../../../../../../Documents/Unreal Projects/KND/Saved/CptOrrin1F23FF2D459595B6B04FBBB6CA3927A7.tmp' to '../../../../../../Documents/Unreal Projects/KND/Content/CptOrrin.uasset'
[2016.04.14-06.53.22:659][167]LogSavePackage: Total save time: 28.634634ms
[2016.04.14-06.53.22:659][167]LogSavePackage:Display: Finished SavePackage ../../../../../../Documents/Unreal Projects/KND/Content/CptOrrin.uasset
[2016.04.14-06.53.35:026][637]LogUObjectHash:Warning: Ambiguous search, could be K2Node_FunctionEntry /Game/TBStrategyGrids/Blueprints/Example/ExampleCharacter_Tank.ExampleCharacter_Tank:GetGridTransform.K2Node_FunctionEntry_302 or K2Node_FunctionEntry /Game/TBStrategyGrids/Blueprints/Example/ExampleCharacter_Ship.ExampleCharacter_Ship:GetGridTransform.K2Node_FunctionEntry_302
[2016.04.14-06.53.35:026][637]LogProperty:Warning: Illegal TEXT reference to a private object in external package (EdGraphPin /Game/TBStrategyGrids/Blueprints/Example/ExampleCharacter_Tank.ExampleCharacter_Tank:GetGridTransform.K2Node_FunctionEntry_302.EdGraphPin_48741) from referencer (EdGraphPin /Game/CptOrrin.CptOrrin:Get Grid Transform.K2Node_FunctionResult_1.EdGraphPin_48744).  Import failed...
[2016.04.14-06.53.35:026][637]LogProperty:Warning: ObjectProperty /Script/Engine.EdGraphPin:LinkedTo.LinkedTo: unresolved reference to 'EdGraphPin'K2Node_FunctionEntry_302.EdGraphPin_48741''
[2016.04.14-06.53.35:026][637]LogUObjectHash:Warning: Ambiguous search, could be K2Node_VariableGet /Engine/EngineSky/BP_Sky_Sphere.BP_Sky_Sphere:UserConstructionScript.K2Node_VariableGet_983 or K2Node_VariableGet /Game/TBStrategyGrids/Blueprints/Example/ExampleCharacter_Tank.ExampleCharacter_Tank:GetGridTransform.K2Node_VariableGet_983
[2016.04.14-06.53.35:026][637]LogUObjectHash:Warning: Ambiguous search, could be K2Node_VariableGet /Engine/EngineSky/BP_Sky_Sphere.BP_Sky_Sphere:UserConstructionScript.K2Node_VariableGet_983 or K2Node_VariableGet /Game/CptOrrin.CptOrrin:Get Grid Transform.K2Node_VariableGet_983
[2016.04.14-06.53.35:026][637]LogUObjectHash:Warning: Ambiguous search, could be K2Node_VariableGet /Engine/EngineSky/BP_Sky_Sphere.BP_Sky_Sphere:UserConstructionScript.K2Node_VariableGet_983 or K2Node_VariableGet /Engine/Transient.PROTO_BP_Blueprint_0:UserConstructionScript.K2Node_VariableGet_983
[2016.04.14-06.53.35:026][637]LogProperty:Warning: Illegal TEXT reference to a private object in external package (EdGraphPin /Game/TBStrategyGrids/Blueprints/Example/ExampleCharacter_Tank.ExampleCharacter_Tank:GetGridTransform.K2Node_VariableGet_983.EdGraphPin_48440) from referencer (EdGraphPin /Game/CptOrrin.CptOrrin:Get Grid Transform.K2Node_FunctionResult_1.EdGraphPin_48745).  Import failed...
[2016.04.14-06.53.35:026][637]LogProperty:Warning: ObjectProperty /Script/Engine.EdGraphPin:LinkedTo.LinkedTo: unresolved reference to 'EdGraphPin'K2Node_VariableGet_983.EdGraphPin_48440''
[2016.04.14-06.53.35:027][637]LogBlueprint:Warning: [CptOrrin] CreatePinForVariable: 'GridTransform' variable not found. Base class was probably changed.
[2016.04.14-06.53.48:056][171]LogEditorTransaction: Undo Create Pin Link
[2016.04.14-06.53.48:774][236]LogEditorTransaction: Undo Move Nodes
[2016.04.14-06.53.49:447][315]LogEditorTransaction: Undo Delete current selection
[2016.04.14-06.53.49:849][360]LogEditorTransaction: Undo Paste clipboard contents
[2016.04.14-06.54.04:319][ 64]LogUObjectHash:Warning: Ambiguous search, could be K2Node_FunctionEntry /Game/TBStrategyGrids/Blueprints/Example/ExampleCharacter_Tank.ExampleCharacter_Tank:GetGridTransform.K2Node_FunctionEntry_302 or K2Node_FunctionEntry /Game/TBStrategyGrids/Blueprints/Example/ExampleCharacter_Ship.ExampleCharacter_Ship:GetGridTransform.K2Node_FunctionEntry_302
[2016.04.14-06.54.04:319][ 64]LogProperty:Warning: Illegal TEXT reference to a private object in external package (EdGraphPin /Game/TBStrategyGrids/Blueprints/Example/ExampleCharacter_Tank.ExampleCharacter_Tank:GetGridTransform.K2Node_FunctionEntry_302.EdGraphPin_48741) from referencer (EdGraphPin /Game/CptOrrin.CptOrrin:Get Grid Transform.K2Node_FunctionResult_1.EdGraphPin_48744).  Import failed...
[2016.04.14-06.54.04:319][ 64]LogProperty:Warning: ObjectProperty /Script/Engine.EdGraphPin:LinkedTo.LinkedTo: unresolved reference to 'EdGraphPin'K2Node_FunctionEntry_302.EdGraphPin_48741''
[2016.04.14-06.54.04:319][ 64]LogUObjectHash:Warning: Ambiguous search, could be K2Node_VariableGet /Engine/EngineSky/BP_Sky_Sphere.BP_Sky_Sphere:UserConstructionScript.K2Node_VariableGet_983 or K2Node_VariableGet /Game/CptOrrin.CptOrrin:EdGraph_1065.K2Node_VariableGet_983
[2016.04.14-06.54.04:319][ 64]LogUObjectHash:Warning: Ambiguous search, could be K2Node_VariableGet /Engine/EngineSky/BP_Sky_Sphere.BP_Sky_Sphere:UserConstructionScript.K2Node_VariableGet_983 or K2Node_VariableGet /Game/CptOrrin.CptOrrin:EdGraph_1014.K2Node_VariableGet_983
[2016.04.14-06.54.04:319][ 64]LogUObjectHash:Warning: Ambiguous search, could be K2Node_VariableGet /Engine/EngineSky/BP_Sky_Sphere.BP_Sky_Sphere:UserConstructionScript.K2Node_VariableGet_983 or K2Node_VariableGet /Game/CptOrrin.CptOrrin:EdGraph_1048.K2Node_VariableGet_983
[2016.04.14-06.54.04:319][ 64]LogUObjectHash:Warning: Ambiguous search, could be K2Node_VariableGet /Engine/EngineSky/BP_Sky_Sphere.BP_Sky_Sphere:UserConstructionScript.K2Node_VariableGet_983 or K2Node_VariableGet /Game/CptOrrin.CptOrrin:EdGraph_1031.K2Node_VariableGet_983
[2016.04.14-06.54.04:319][ 64]LogUObjectHash:Warning: Ambiguous search, could be K2Node_VariableGet /Engine/EngineSky/BP_Sky_Sphere.BP_Sky_Sphere:UserConstructionScript.K2Node_VariableGet_983 or K2Node_VariableGet /Game/TBStrategyGrids/Blueprints/Example/ExampleCharacter_Tank.ExampleCharacter_Tank:GetGridTransform.K2Node_VariableGet_983
[2016.04.14-06.54.04:319][ 64]LogUObjectHash:Warning: Ambiguous search, could be K2Node_VariableGet /Engine/EngineSky/BP_Sky_Sphere.BP_Sky_Sphere:UserConstructionScript.K2Node_VariableGet_983 or K2Node_VariableGet /Game/CptOrrin.CptOrrin:EdGraph_997.K2Node_VariableGet_983
[2016.04.14-06.54.04:319][ 64]LogUObjectHash:Warning: Ambiguous search, could be K2Node_VariableGet /Engine/EngineSky/BP_Sky_Sphere.BP_Sky_Sphere:UserConstructionScript.K2Node_VariableGet_983 or K2Node_VariableGet /Game/CptOrrin.CptOrrin:Get Grid Transform.K2Node_VariableGet_983
[2016.04.14-06.54.04:319][ 64]LogUObjectHash:Warning: Ambiguous search, could be K2Node_VariableGet /Engine/EngineSky/BP_Sky_Sphere.BP_Sky_Sphere:UserConstructionScript.K2Node_VariableGet_983 or K2Node_VariableGet /Engine/Transient.PROTO_BP_Blueprint_0:UserConstructionScript.K2Node_VariableGet_983
[2016.04.14-06.54.04:319][ 64]LogProperty:Warning: Illegal TEXT reference to a private object in external package (EdGraphPin /Game/TBStrategyGrids/Blueprints/Example/ExampleCharacter_Tank.ExampleCharacter_Tank:GetGridTransform.K2Node_VariableGet_983.EdGraphPin_48440) from referencer (EdGraphPin /Game/CptOrrin.CptOrrin:Get Grid Transform.K2Node_FunctionResult_1.EdGraphPin_48745).  Import failed...
[2016.04.14-06.54.04:319][ 64]LogProperty:Warning: ObjectProperty /Script/Engine.EdGraphPin:LinkedTo.LinkedTo: unresolved reference to 'EdGraphPin'K2Node_VariableGet_983.EdGraphPin_48440''
[2016.04.14-06.54.04:320][ 64]LogBlueprint:Warning: [CptOrrin] CreatePinForVariable: 'GridTransform' variable not found. Base class was probably changed.
[2016.04.14-06.54.17:556][640]BlueprintLog: New page: Compile CptOrrin
[2016.04.14-06.54.17:562][640]LogBlueprint:Warning: [compiler CptOrrin] Warning Could not find a variable named "HeadGroup" in 'CptOrrin_C'.
Make sure 'CptOrrin_C' has been compiled for  Get HeadGroup 
[2016.04.14-06.54.17:563][640]LogBlueprint:Warning: [compiler CptOrrin] Warning Could not find a variable named "X" in 'CptOrrin_C'.
Make sure 'CptOrrin_C' has been compiled for  Get X 
[2016.04.14-06.54.17:563][640]LogBlueprint:Warning: [compiler CptOrrin] Warning Could not find a variable named "Y" in 'CptOrrin_C'.
Make sure 'CptOrrin_C' has been compiled for  Get Y 
[2016.04.14-06.54.17:563][640]LogBlueprint:Warning: [compiler CptOrrin] Warning Could not find a variable named "GridTransform" in 'CptOrrin_C'.
Make sure 'CptOrrin_C' has been compiled for  Get GridTransform 
[2016.04.14-06.54.17:575][640]LogBlueprint:Error: [compiler CptOrrin] Error The property associated with  Head Group  could not be found
[2016.04.14-06.54.17:576][640]LogBlueprint:Error: [compiler CptOrrin] Error The property associated with  Y  could not be found
[2016.04.14-06.54.17:576][640]LogBlueprint:Error: [compiler CptOrrin] Error The property associated with  X  could not be found
[2016.04.14-06.54.17:576][640]LogBlueprint:Error: [compiler CptOrrin] Error The property associated with  Grid Transform  could not be found
[2016.04.14-06.54.17:680][640]LogBlueprint:Warning: [compiler CptOrrin] Warning [1816.94] Compile of CptOrrin failed. 4 Fatal Issue(s) 4 Warning(s) [in 124 ms]
[2016.04.14-06.54.17:680][640]BlueprintEditorCompileResults:Warning: Warning Could not find a variable named "HeadGroup" in 'CptOrrin_C'.
Make sure 'CptOrrin_C' has been compiled for  Get HeadGroup 
[2016.04.14-06.54.17:680][640]BlueprintEditorCompileResults:Warning: Warning Could not find a variable named "X" in 'CptOrrin_C'.
Make sure 'CptOrrin_C' has been compiled for  Get X 
[2016.04.14-06.54.17:680][640]BlueprintEditorCompileResults:Warning: Warning Could not find a variable named "Y" in 'CptOrrin_C'.
Make sure 'CptOrrin_C' has been compiled for  Get Y 
[2016.04.14-06.54.17:680][640]BlueprintEditorCompileResults:Warning: Warning Could not find a variable named "GridTransform" in 'CptOrrin_C'.
Make sure 'CptOrrin_C' has been compiled for  Get GridTransform 
[2016.04.14-06.54.17:680][640]BlueprintEditorCompileResults:Error: Error The property associated with  Head Group  could not be found
[2016.04.14-06.54.17:680][640]BlueprintEditorCompileResults:Error: Error The property associated with  Y  could not be found
[2016.04.14-06.54.17:680][640]BlueprintEditorCompileResults:Error: Error The property associated with  X  could not be found
[2016.04.14-06.54.17:680][640]BlueprintEditorCompileResults:Error: Error The property associated with  Grid Transform  could not be found
[2016.04.14-06.54.17:680][640]BlueprintEditorCompileResults:Warning: Warning [1816.94] Compile of CptOrrin failed. 4 Fatal Issue(s) 4 Warning(s) [in 124 ms]
[2016.04.14-06.57.10:535][ 33]LogEditorTransaction: Undo Paste clipboard contents
[2016.04.14-06.57.11:682][148]LogUObjectHash:Warning: Ambiguous search, could be K2Node_FunctionResult /Game/TBStrategyGrids/Blueprints/FractionMath.FractionMath:Reduce Fraction.K2Node_FunctionResult_1 or K2Node_FunctionResult /Game/TBStrategyGrids/Blueprints/FractionMath.FractionMath:Normalize Fraction.K2Node_FunctionResult_1
[2016.04.14-06.57.11:682][148]LogUObjectHash:Warning: Ambiguous search, could be K2Node_FunctionResult /Game/TBStrategyGrids/Blueprints/FractionMath.FractionMath:Reduce Fraction.K2Node_FunctionResult_1 or K2Node_FunctionResult /Game/TBStrategyGrids/Blueprints/IGridActor.IGridActor:CanMoveVertical.K2Node_FunctionResult_1
[2016.04.14-06.57.11:682][148]LogUObjectHash:Warning: Ambiguous search, could be K2Node_FunctionResult /Game/TBStrategyGrids/Blueprints/FractionMath.FractionMath:Reduce Fraction.K2Node_FunctionResult_1 or K2Node_FunctionResult /Game/TBStrategyGrids/Blueprints/IGridActor.IGridActor:GetGridTransform.K2Node_FunctionResult_1
[2016.04.14-06.57.11:682][148]LogUObjectHash:Warning: Ambiguous search, could be K2Node_FunctionResult /Game/TBStrategyGrids/Blueprints/FractionMath.FractionMath:Reduce Fraction.K2Node_FunctionResult_1 or K2Node_FunctionResult /Game/TBStrategyGrids/Blueprints/IGridActor.IGridActor:GetLevelGrid.K2Node_FunctionResult_1
[2016.04.14-06.57.11:682][148]LogUObjectHash:Warning: Ambiguous search, could be K2Node_FunctionResult /Game/TBStrategyGrids/Blueprints/FractionMath.FractionMath:Reduce Fraction.K2Node_FunctionResult_1 or K2Node_FunctionResult /Game/TBStrategyGrids/Blueprints/ActionGrid.ActionGrid:Get From Dir.K2Node_FunctionResult_1
[2016.04.14-06.57.11:682][148]LogUObjectHash:Warning: Ambiguous search, could be K2Node_FunctionResult /Game/TBStrategyGrids/Blueprints/FractionMath.FractionMath:Reduce Fraction.K2Node_FunctionResult_1 or K2Node_FunctionResult /Game/TBStrategyGrids/Blueprints/ActionGrid.ActionGrid:GetBounds.K2Node_FunctionResult_1
[2016.04.14-06.57.11:683][148]LogUObjectHash:Warning: Ambiguous search, could be K2Node_FunctionResult /Game/TBStrategyGrids/Blueprints/FractionMath.FractionMath:Reduce Fraction.K2Node_FunctionResult_1 or K2Node_FunctionResult /Game/TBStrategyGrids/Blueprints/ActionGrid.ActionGrid:Is Processed.K2Node_FunctionResult_1
[2016.04.14-06.57.11:683][148]LogUObjectHash:Warning: Ambiguous search, could be K2Node_FunctionResult /Game/TBStrategyGrids/Blueprints/FractionMath.FractionMath:Reduce Fraction.K2Node_FunctionResult_1 or K2Node_FunctionResult /Game/TBStrategyGrids/Blueprints/LevelGrid.LevelGrid:Get Actor.K2Node_FunctionResult_1
[2016.04.14-06.57.11:683][148]LogUObjectHash:Warning: Ambiguous search, could be K2Node_FunctionResult /Game/TBStrategyGrids/Blueprints/FractionMath.FractionMath:Reduce Fraction.K2Node_FunctionResult_1 or K2Node_FunctionResult /Game/TBStrategyGrids/Blueprints/LevelGrid.LevelGrid:GetTileData.K2Node_FunctionResult_1
[2016.04.14-06.57.11:683][148]LogUObjectHash:Warning: Ambiguous search, could be K2Node_FunctionResult /Game/TBStrategyGrids/Blueprints/FractionMath.FractionMath:Reduce Fraction.K2Node_FunctionResult_1 or K2Node_FunctionResult /Game/TBStrategyGrids/Blueprints/LevelGrid.LevelGrid:Has Line Of Sight - Square.K2Node_FunctionResult_1
[2016.04.14-06.57.11:683][148]LogUObjectHash:Warning: Ambiguous search, could be K2Node_FunctionResult /Game/TBStrategyGrids/Blueprints/FractionMath.FractionMath:Reduce Fraction.K2Node_FunctionResult_1 or K2Node_FunctionResult /Game/TBStrategyGrids/Blueprints/LevelGrid.LevelGrid:HasLineOfSight.K2Node_FunctionResult_1
[2016.04.14-06.57.11:683][148]LogUObjectHash:Warning: Ambiguous search, could be K2Node_FunctionResult /Game/TBStrategyGrids/Blueprints/FractionMath.FractionMath:Reduce Fraction.K2Node_FunctionResult_1 or K2Node_FunctionResult /Game/TBStrategyGrids/Blueprints/LevelGrid.LevelGrid:MoveActor.K2Node_FunctionResult_1
[2016.04.14-06.57.11:683][148]LogUObjectHash:Warning: Ambiguous search, could be K2Node_FunctionResult /Game/TBStrategyGrids/Blueprints/FractionMath.FractionMath:Reduce Fraction.K2Node_FunctionResult_1 or K2Node_FunctionResult /Game/CptOrrin.CptOrrin:EdGraph_1117.K2Node_FunctionResult_1
[2016.04.14-06.57.11:683][148]LogUObjectHash:Warning: Ambiguous search, could be K2Node_FunctionResult /Game/TBStrategyGrids/Blueprints/FractionMath.FractionMath:Reduce Fraction.K2Node_FunctionResult_1 or K2Node_FunctionResult /Game/CptOrrin.CptOrrin:EdGraph_1116.K2Node_FunctionResult_1
[2016.04.14-06.57.11:683][148]LogUObjectHash:Warning: Ambiguous search, could be K2Node_FunctionResult /Game/TBStrategyGrids/Blueprints/FractionMath.FractionMath:Reduce Fraction.K2Node_FunctionResult_1 or K2Node_FunctionResult /Game/CptOrrin.CptOrrin:EdGraph_1100.K2Node_FunctionResult_1
[2016.04.14-06.57.11:683][148]LogUObjectHash:Warning: Ambiguous search, could be K2Node_FunctionResult /Game/TBStrategyGrids/Blueprints/FractionMath.FractionMath:Reduce Fraction.K2Node_FunctionResult_1 or K2Node_FunctionResult /Game/TBStrategyGrids/Blueprints/Example/ExampleCharacter.ExampleCharacter:GetAllegianceToActor.K2Node_FunctionResult_1
[2016.04.14-06.57.11:683][148]LogUObjectHash:Warning: Ambiguous search, could be K2Node_FunctionResult /Game/TBStrategyGrids/Blueprints/FractionMath.FractionMath:Reduce Fraction.K2Node_FunctionResult_1 or K2Node_FunctionResult /Game/TBStrategyGrids/Blueprints/Example/ExampleCharacter_Tank.ExampleCharacter_Tank:EdGraph_1220.K2Node_FunctionResult_1
[2016.04.14-06.57.11:683][148]LogUObjectHash:Warning: Ambiguous search, could be K2Node_FunctionResult /Game/TBStrategyGrids/Blueprints/FractionMath.FractionMath:Reduce Fraction.K2Node_FunctionResult_1 or K2Node_FunctionResult /Game/CptOrrin.CptOrrin:EdGraph_1204.K2Node_FunctionResult_1
[2016.04.14-06.57.11:683][148]LogUObjectHash:Warning: Ambiguous search, could be K2Node_FunctionResult /Game/TBStrategyGrids/Blueprints/FractionMath.FractionMath:Reduce Fraction.K2Node_FunctionResult_1 or K2Node_FunctionResult /Game/TBStrategyGrids/Blueprints/Example/ExampleCharacter_Tank.ExampleCharacter_Tank:GetGridTransform.K2Node_FunctionResult_1
[2016.04.14-06.57.11:683][148]LogUObjectHash:Warning: Ambiguous search, could be K2Node_FunctionResult /Game/TBStrategyGrids/Blueprints/FractionMath.FractionMath:Reduce Fraction.K2Node_FunctionResult_1 or K2Node_FunctionResult /Game/CptOrrin.CptOrrin:Get Grid Transform.K2Node_FunctionResult_1
[2016.04.14-06.57.11:683][148]LogUObjectHash:Warning: Ambiguous search, could be K2Node_FunctionResult /Game/TBStrategyGrids/Blueprints/FractionMath.FractionMath:Reduce Fraction.K2Node_FunctionResult_1 or K2Node_FunctionResult /Game/CptOrrin.CptOrrin:EdGraph_1187.K2Node_FunctionResult_1
[2016.04.14-06.57.11:683][148]LogUObjectHash:Warning: Ambiguous search, could be K2Node_FunctionResult /Game/TBStrategyGrids/Blueprints/FractionMath.FractionMath:Reduce Fraction.K2Node_FunctionResult_1 or K2Node_FunctionResult /Game/CptOrrin.CptOrrin:EdGraph_1186.K2Node_FunctionResult_1
[2016.04.14-06.57.11:683][148]LogUObjectHash:Warning: Ambiguous search, could be K2Node_FunctionResult /Game/TBStrategyGrids/Blueprints/FractionMath.FractionMath:Reduce Fraction.K2Node_FunctionResult_1 or K2Node_FunctionResult /Game/CptOrrin.CptOrrin:EdGraph_1203.K2Node_FunctionResult_1
[2016.04.14-06.57.11:683][148]LogUObjectHash:Warning: Ambiguous search, could be K2Node_FunctionResult /Game/TBStrategyGrids/Blueprints/FractionMath.FractionMath:Reduce Fraction.K2Node_FunctionResult_1 or K2Node_FunctionResult /Game/TBStrategyGrids/Blueprints/Example/ExampleCharacter_Ship.ExampleCharacter_Ship:GetGridTransform.K2Node_FunctionResult_1
[2016.04.14-06.57.11:683][148]LogUObjectHash:Warning: Ambiguous search, could be K2Node_FunctionResult /Game/TBStrategyGrids/Blueprints/FractionMath.FractionMath:Reduce Fraction.K2Node_FunctionResult_1 or K2Node_FunctionResult /Game/CptOrrin.CptOrrin:GetLevelGrid.K2Node_FunctionResult_1
[2016.04.14-06.57.11:683][148]LogUObjectHash:Warning: Ambiguous search, could be EdGraphPin /Game/TBStrategyGrids/Blueprints/Example/ExampleCharacter_Tank.ExampleCharacter_Tank:GetGridTransform.K2Node_FunctionResult_1.EdGraphPin_48745 or EdGraphPin /Game/TBStrategyGrids/Blueprints/Example/ExampleCharacter_Tank.ExampleCharacter_Tank:EdGraph_1220.K2Node_FunctionResult_1.EdGraphPin_48745
[2016.04.14-06.57.11:683][148]LogProperty:Warning: Illegal TEXT reference to a private object in external package (EdGraphPin /Game/TBStrategyGrids/Blueprints/Example/ExampleCharacter_Tank.ExampleCharacter_Tank:GetGridTransform.K2Node_FunctionResult_1.EdGraphPin_48745) from referencer (EdGraphPin /Game/CptOrrin.CptOrrin:Get Grid Transform.K2Node_VariableGet_983.EdGraphPin_48440).  Import failed...
[2016.04.14-06.57.11:683][148]LogProperty:Warning: ObjectProperty /Script/Engine.EdGraphPin:LinkedTo.LinkedTo: unresolved reference to 'EdGraphPin'K2Node_FunctionResult_1.EdGraphPin_48745''
[2016.04.14-06.57.18:109][914]LogEditorTransaction: Undo Paste clipboard contents
[2016.04.14-06.57.18:472][946]LogEditorTransaction: Undo Rename Variable
[2016.04.14-06.57.18:730][967]LogEditorTransaction: Undo Rename Variable
[2016.04.14-06.57.19:005][  0]LogEditorTransaction: Undo Rename Variable
[2016.04.14-06.57.19:271][ 32]LogEditorTransaction: Undo Promote To Variable
[2016.04.14-06.57.19:550][ 63]LogEditorTransaction: Undo Delete current selection
[2016.04.14-06.57.20:004][115]LogEditorTransaction: Undo Create Pin Link
[2016.04.14-06.57.20:419][163]LogEditorTransaction: Undo Move Nodes
[2016.04.14-06.57.20:717][197]LogEditorTransaction: Undo Paste clipboard contents
[2016.04.14-06.57.26:301][864]Cmd: TRANSACTION REDO
[2016.04.14-06.57.26:301][864]LogEditorTransaction: Redo Paste clipboard contents
[2016.04.14-06.59.35:740][209]LogEditorTransaction: Undo Move Node
[2016.04.14-06.59.36:154][244]LogEditorTransaction: Undo Promote to Local Variable
[2016.04.14-07.02.45:247][ 74]BlueprintLog: New page: Compile CptOrrin
[2016.04.14-07.02.45:253][ 74]LogBlueprint:Warning: [compiler CptOrrin] Warning Could not find a variable named "HeadGroup" in 'CptOrrin_C'.
Make sure 'CptOrrin_C' has been compiled for  Get HeadGroup 
[2016.04.14-07.02.45:254][ 74]LogBlueprint:Error: [compiler CptOrrin] Error The property associated with  Head Group  could not be found
[2016.04.14-07.02.45:370][ 74]LogBlueprint:Warning: [compiler CptOrrin] Warning [2324.63] Compile of CptOrrin failed. 1 Fatal Issue(s) 1 Warning(s) [in 123 ms]
[2016.04.14-07.02.45:370][ 74]BlueprintEditorCompileResults:Warning: Warning Could not find a variable named "HeadGroup" in 'CptOrrin_C'.
Make sure 'CptOrrin_C' has been compiled for  Get HeadGroup 
[2016.04.14-07.02.45:370][ 74]BlueprintEditorCompileResults:Error: Error The property associated with  Head Group  could not be found
[2016.04.14-07.02.45:370][ 74]BlueprintEditorCompileResults:Warning: Warning [2324.63] Compile of CptOrrin failed. 1 Fatal Issue(s) 1 Warning(s) [in 123 ms]
[2016.04.14-07.02.52:076][870]BlueprintLog: New page: Compile CptOrrin
[2016.04.14-07.02.52:082][870]LogBlueprint:Error: [compiler CptOrrin] Error This blueprint (self) is not a SceneComponent, therefore ' Target ' must have a connection.
[2016.04.14-07.02.52:173][870]LogBlueprint:Warning: [compiler CptOrrin] Warning [2331.43] Compile of CptOrrin failed. 1 Fatal Issue(s) 0 Warning(s) [in 97 ms]
[2016.04.14-07.02.52:173][870]BlueprintEditorCompileResults:Error: Error This blueprint (self) is not a SceneComponent, therefore ' Target ' must have a connection.
[2016.04.14-07.02.52:173][870]BlueprintEditorCompileResults:Warning: Warning [2331.43] Compile of CptOrrin failed. 1 Fatal Issue(s) 0 Warning(s) [in 97 ms]
[2016.04.14-07.03.09:534][911]Cmd: TRANSACTION UNDO
[2016.04.14-07.03.09:534][911]LogEditorTransaction: Undo Delete current selection
[2016.04.14-07.03.11:600][135]LogEditorTransaction: Undo Remove Graph
[2016.04.14-07.03.11:938][173]LogEditorTransaction: Undo Remove Graph
[2016.04.14-07.03.12:190][200]LogEditorTransaction: Undo Create Missing Variable
[2016.04.14-07.03.12:419][224]LogEditorTransaction: Undo Create Pin Link
[2016.04.14-07.03.12:627][249]LogEditorTransaction: Undo Paste clipboard contents
[2016.04.14-07.03.12:834][271]LogEditorTransaction: Undo Delete current selection
[2016.04.14-07.03.13:035][293]LogEditorTransaction: Undo Delete current selection
[2016.04.14-07.03.13:253][317]LogEditorTransaction: Undo Delete current selection
[2016.04.14-07.03.13:447][337]LogEditorTransaction: Undo Create Pin Link
[2016.04.14-07.03.43:642][926]BlueprintLog: New page: Compile CptOrrin
[2016.04.14-07.03.43:646][926]LogBlueprint:Warning: [compiler CptOrrin] Warning Could not find a variable named "X" in 'CptOrrin_C'.
Make sure 'CptOrrin_C' has been compiled for  Get X 
[2016.04.14-07.03.43:646][926]LogBlueprint:Warning: [compiler CptOrrin] Warning Could not find a variable named "Y" in 'CptOrrin_C'.
Make sure 'CptOrrin_C' has been compiled for  Get Y 
[2016.04.14-07.03.43:647][926]LogBlueprint:Warning: [compiler CptOrrin] Warning Could not find a variable named "X" in 'CptOrrin_C'.
Make sure 'CptOrrin_C' has been compiled for  Get X 
[2016.04.14-07.03.43:647][926]LogBlueprint:Warning: [compiler CptOrrin] Warning Could not find a variable named "Y" in 'CptOrrin_C'.
Make sure 'CptOrrin_C' has been compiled for  Get Y 
[2016.04.14-07.03.43:647][926]LogBlueprint:Error: [compiler CptOrrin] Error The property associated with  Y  could not be found
[2016.04.14-07.03.43:647][926]LogBlueprint:Error: [compiler CptOrrin] Error The property associated with  X  could not be found
[2016.04.14-07.03.43:648][926]LogBlueprint:Error: [compiler CptOrrin] Error The property associated with  Y  could not be found
[2016.04.14-07.03.43:648][926]LogBlueprint:Error: [compiler CptOrrin] Error The property associated with  X  could not be found
[2016.04.14-07.03.43:648][926]LogUObjectHash:Warning: Ambiguous search, could be REINST_CptOrrin_C_227 /Engine/Transient.World_2:PersistentLevel.CptOrrin_C_0 or REINST_CptOrrin_C_157 /Engine/Transient.World_2:PersistentLevel.CptOrrin_C_0
[2016.04.14-07.03.44:249][926]LogWindows:Error: Windows GetLastError: The operation completed successfully. (0)
[2016.04.14-07.03.44:488][926]LogCrashTracker: 


[2016.04.14-07.03.44:494][926]LogCrashTracker: 


[2016.04.14-07.03.44:494][926]LogWindows:Error: === Critical error: ===
Assertion failed: ChildCount > AttachChildren.Num() [File:D:\BuildFarm\buildmachine_++depot+UE4-Releases+4.10\Engine\Source\Runtime\Engine\Private\Components\SceneComponent.cpp] [Line: 680] 
AttachChildren count increased while detaching 'TRASH_SpringArmComponent_70', likely caused by OnAttachmentChanged introducing new children, which could lead to an infinite loop.




[2016.04.14-07.03.44:534][926]LogExit: Executing StaticShutdownAfterError
[2016.04.14-07.03.44:542][926]LogPhysics:Warning: PHYSX: ..\..\PhysX\src\NpScene.cpp (2946) 8 : PxScene::unlockWrite() called without matching call to PxScene::lockWrite(), behaviour will be undefined.
[2016.04.14-07.03.44:543][926]LogPhysics:Warning: PHYSX: ..\..\PhysX\src\NpScene.cpp (2946) 8 : PxScene::unlockWrite() called without matching call to PxScene::lockWrite(), behaviour will be undefined.
[2016.04.14-07.03.44:543][926]LogPhysics:Warning: PHYSX: ..\..\PhysX\src\NpScene.cpp (2946) 8 : PxScene::unlockWrite() called without matching call to PxScene::lockWrite(), behaviour will be undefined.
[2016.04.14-07.03.44:544][926]LogPhysics:Warning: PHYSX: ..\..\PhysX\src\NpScene.cpp (2946) 8 : PxScene::unlockWrite() called without matching call to PxScene::lockWrite(), behaviour will be undefined.
[2016.04.14-07.03.44:544][926]LogPhysics:Warning: PHYSX: ..\..\PhysX\src\NpScene.cpp (2946) 8 : PxScene::unlockWrite() called without matching call to PxScene::lockWrite(), behaviour will be undefined.
[2016.04.14-07.03.44:545][926]LogPhysics:Warning: PHYSX: ..\..\PhysX\src\NpScene.cpp (2946) 8 : PxScene::unlockWrite() called without matching call to PxScene::lockWrite(), behaviour will be undefined.
[2016.04.14-07.03.44:545][926]LogWindows: FPlatformMisc::RequestExit(1)
[2016.04.14-07.03.44:545][926]Log file closed, 04/14/16 02:03:44
