[2016.04.14-05.29.10:463][  0]Log file open, 04/14/16 00:29:10
[2016.04.14-05.29.10:463][  0]LogInit:Display: Running engine for game: KND
[2016.04.14-05.29.10:463][  0]LogPlatformFile: Not using cached read wrapper
[2016.04.14-05.29.10:463][  0]LogInit:Display: RandInit(2058545248) SRandInit(2058545250).
[2016.04.14-05.29.10:463][  0]LogTaskGraph: Started task graph with 4 named threads and 7 total threads.
[2016.04.14-05.29.10:463][  0]LogStats: Stats thread started at 0.127132
[2016.04.14-05.29.10:463][  0]LogInit: Version: 4.10.4-2872498+++depot+UE4-Releases+4.10
[2016.04.14-05.29.10:463][  0]LogInit: API Version: 2758231
[2016.04.14-05.29.10:463][  0]LogInit: Compiled (64-bit): Feb 18 2016 15:47:04
[2016.04.14-05.29.10:463][  0]LogInit: Compiled with Visual C++: 19.00.23026.00
[2016.04.14-05.29.10:463][  0]LogInit: Build Configuration: Development
[2016.04.14-05.29.10:463][  0]LogInit: Branch Name: ++depot+UE4-Releases+4.10
[2016.04.14-05.29.10:463][  0]LogInit: Command line:  
[2016.04.14-05.29.10:463][  0]LogInit: Base directory: E:/Program Files (x86)/Epic Games/4.10/Engine/Binaries/Win64/
[2016.04.14-05.29.10:463][  0]LogInit: Rocket: 1
[2016.04.14-05.29.10:563][  0]LogInit: Using libcurl 7.41.0
[2016.04.14-05.29.10:563][  0]LogInit:  - built for x86_64-pc-win32
[2016.04.14-05.29.10:563][  0]LogInit:  - supports SSL with WinSSL
[2016.04.14-05.29.10:563][  0]LogInit:  - other features:
[2016.04.14-05.29.10:563][  0]LogInit:      CURL_VERSION_SSL
[2016.04.14-05.29.10:563][  0]LogInit:      CURL_VERSION_IPV6
[2016.04.14-05.29.10:563][  0]LogInit:      CURL_VERSION_ASYNCHDNS
[2016.04.14-05.29.10:563][  0]LogInit:      CURL_VERSION_LARGEFILE
[2016.04.14-05.29.10:563][  0]LogInit:      CURL_VERSION_IDN
[2016.04.14-05.29.10:563][  0]LogInit:  CurlRequestOptions (configurable via config and command line):
[2016.04.14-05.29.10:563][  0]LogInit:  - bVerifyPeer = true  - Libcurl will verify peer certificate
[2016.04.14-05.29.10:563][  0]LogInit:  - bUseHttpProxy = false  - Libcurl will NOT use HTTP proxy
[2016.04.14-05.29.10:563][  0]LogInit:  - bDontReuseConnections = false  - Libcurl will reuse connections
[2016.04.14-05.29.10:563][  0]LogInit:  - CertBundlePath = nullptr  - Libcurl will use whatever was configured at build time.
[2016.04.14-05.29.10:630][  0]LogInit: Presizing for 0 objects not considered by GC, pre-allocating 0 bytes.
[2016.04.14-05.29.10:634][  0]LogInit: Object subsystem initialized
[2016.04.14-05.29.10:635][  0]LogInit: Selected Device Profile: [Windows]
[2016.04.14-05.29.10:635][  0]LogInit: Applying CVar settings loaded from the selected device profile: [Windows]
[2016.04.14-05.29.10:643][  0]LogInit: Computer: RAGNOROK
[2016.04.14-05.29.10:643][  0]LogInit: User: GarrettJohnson
[2016.04.14-05.29.10:643][  0]LogInit: CPU Page size=4096, Cores=4
[2016.04.14-05.29.10:643][  0]LogInit: High frequency timer resolution =3.984650 MHz
[2016.04.14-05.29.10:643][  0]LogMemory: Memory total: Physical=15.9GB (16GB approx)
[2016.04.14-05.29.10:643][  0]LogMemory: Platform Memory Stats for Windows
[2016.04.14-05.29.10:643][  0]LogMemory: Process Physical Memory: 57.02 MB used, 57.02 MB peak
[2016.04.14-05.29.10:643][  0]LogMemory: Process Virtual Memory: 58.86 MB used, 58.86 MB peak
[2016.04.14-05.29.10:643][  0]LogMemory: Physical Memory: 7646.84 MB used, 16325.72 MB total
[2016.04.14-05.29.10:643][  0]LogMemory: Virtual Memory: 384.85 MB used, 134217728.00 MB total
[2016.04.14-05.29.10:697][  0]LogTextLocalizationManager: No specific translations for ('en-US') exist, so ('en') translations will be used.
[2016.04.14-05.29.11:082][  0]LogD3D11RHI: Found D3D11 adapter 0: NVIDIA GeForce GTX 760 (Feature Level 11_0)
[2016.04.14-05.29.11:082][  0]LogD3D11RHI: Adapter has 1989MB of dedicated video memory, 0MB of dedicated system memory, and 8162MB of shared system memory, 1 output[s]
[2016.04.14-05.29.11:084][  0]LogD3D11RHI: Found D3D11 adapter 1: Microsoft Basic Render Driver (Feature Level 11_0)
[2016.04.14-05.29.11:084][  0]LogD3D11RHI: Adapter has 0MB of dedicated video memory, 0MB of dedicated system memory, and 8162MB of shared system memory, 0 output[s]
[2016.04.14-05.29.11:084][  0]LogD3D11RHI: Chosen D3D11 Adapter Id = 0
[2016.04.14-05.29.11:089][  0]LogD3D11RHI: !Direct3DDevice
[2016.04.14-05.29.11:089][  0]LogRHI: Texture pool is 1361 MB (70% of 1945 MB)
[2016.04.14-05.29.11:102][  0]LogD3D11RHI: Async texture creation enabled
[2016.04.14-05.29.11:116][  0]LogShaderCompilers: Guid format shader working directory is 2 characters bigger than the processId version (../../../../../../Documents/Unreal Projects/KND/Intermediate/Shaders/WorkingDirectory/7036/).
[2016.04.14-05.29.11:116][  0]LogShaderCompilers: Cleaned the shader compiler working directory 'C:/Users/GARRET~1/AppData/Local/Temp/UnrealShaderWorkingDir/29A945BD490660E51B20B59D746C93A8/'.
[2016.04.14-05.29.11:116][  0]LogShaderCompilers:Display: Using Local Shader Compiler.
[2016.04.14-05.29.12:200][  0]LogTemp:Display: Loaded TP AllDesktopTargetPlatform
[2016.04.14-05.29.12:205][  0]LogTemp:Display: Loaded TP WindowsClientTargetPlatform
[2016.04.14-05.29.12:211][  0]LogTemp:Display: Loaded TP WindowsNoEditorTargetPlatform
[2016.04.14-05.29.12:216][  0]LogTemp:Display: Loaded TP WindowsServerTargetPlatform
[2016.04.14-05.29.12:221][  0]LogTemp:Display: Loaded TP WindowsTargetPlatform
[2016.04.14-05.29.12:224][  0]LogTemp:Display: Loaded TP AndroidTargetPlatform
[2016.04.14-05.29.12:228][  0]LogTemp:Display: Loaded TP Android_ASTCTargetPlatform
[2016.04.14-05.29.12:231][  0]LogTemp:Display: Loaded TP Android_ATCTargetPlatform
[2016.04.14-05.29.12:234][  0]LogTemp:Display: Loaded TP Android_DXTTargetPlatform
[2016.04.14-05.29.12:237][  0]LogTemp:Display: Loaded TP Android_ETC1TargetPlatform
[2016.04.14-05.29.12:240][  0]LogTemp:Display: Loaded TP Android_ETC2TargetPlatform
[2016.04.14-05.29.12:247][  0]LogTemp:Display: Loaded TP Android_MultiTargetPlatform
[2016.04.14-05.29.12:247][  0]LogTemp:Display: Loaded TP Android_PVRTCTargetPlatform
[2016.04.14-05.29.12:248][  0]LogTemp:Display: Loaded TP HTML5TargetPlatform
[2016.04.14-05.29.12:310][  0]LogTemp:Display: Loaded TP IOSTargetPlatform
[2016.04.14-05.29.12:317][  0]LogTemp:Display: Loaded TP LinuxNoEditorTargetPlatform
[2016.04.14-05.29.12:324][  0]LogTemp:Display: Loaded TP LinuxServerTargetPlatform
[2016.04.14-05.29.12:332][  0]LogTemp:Display: Loaded TP LinuxTargetPlatform
[2016.04.14-05.29.12:332][  0]LogTargetPlatformManager:Display: Building Assets For Windows
[2016.04.14-05.29.13:115][  0]LogDerivedDataCache:Display: Max Cache Size: 512 MB
[2016.04.14-05.29.13:245][  0]LogDerivedDataCache: Loaded boot cache 0.13s 41MB C:/Users/Garrett Johnson/AppData/Local/UnrealEngine/4.10/DerivedDataCache/Boot.ddc.
[2016.04.14-05.29.13:245][  0]LogDerivedDataCache:Display: Loaded Boot cache: C:/Users/Garrett Johnson/AppData/Local/UnrealEngine/4.10/DerivedDataCache/Boot.ddc
[2016.04.14-05.29.13:245][  0]LogDerivedDataCache: FDerivedDataBackendGraph:  Pak pak cache file ../../../../../../Documents/Unreal Projects/KND/DerivedDataCache/DDC.ddp not found, will not use a pak cache.
[2016.04.14-05.29.13:245][  0]LogDerivedDataCache: Unable to find inner node Pak for hierarchical cache Hierarchy.
[2016.04.14-05.29.13:245][  0]LogDerivedDataCache: FDerivedDataBackendGraph:  CompressedPak pak cache file ../../../../../../Documents/Unreal Projects/KND/DerivedDataCache/Compressed.ddp not found, will not use a pak cache.
[2016.04.14-05.29.13:245][  0]LogDerivedDataCache: Unable to find inner node CompressedPak for hierarchical cache Hierarchy.
[2016.04.14-05.29.13:326][  0]LogDerivedDataCache:Display: Pak cache opened for reading ../../../Engine/DerivedDataCache/Compressed.ddp.
[2016.04.14-05.29.13:338][  0]LogDerivedDataCache: Using Local data cache path C:/Users/Garrett Johnson/AppData/Local/UnrealEngine/Common/DerivedDataCache: Writable
[2016.04.14-05.29.21:790][  0]LogInit: Selected Device Profile: [Windows]
[2016.04.14-05.29.21:792][  0]LogContentStreaming: Texture pool size is 0.000000MB
[2016.04.14-05.29.21:870][  0]LogMeshUtilities: No automatic mesh reduction module available
[2016.04.14-05.29.21:870][  0]LogMeshUtilities: No automatic mesh merging module available
[2016.04.14-05.29.22:029][  0]LogInit: WinSock: version 1.1 (2.2), MaxSocks=32767, MaxUdp=65467
[2016.04.14-05.29.30:547][  0]UdpMessaging: Initializing bridge on interface 0.0.0.0:0 to multicast group 230.0.0.1:6666.
[2016.04.14-05.29.30:872][  0]LogAssetRegistry: FAssetRegistry took 0.0105 seconds to start up
[2016.04.14-05.29.31:036][  0]SourceControl: Info Source control is disabled
[2016.04.14-05.29.31:080][  0]SourceControl: Info Source control is disabled
[2016.04.14-05.29.31:088][  0]SourceControl: Info Source control is disabled
[2016.04.14-05.29.31:096][  0]SourceControl: Info Source control is disabled
[2016.04.14-05.29.31:488][  0]LogObj: 28633 objects as part of root set at end of initial load.
[2016.04.14-05.29.31:488][  0]LogUObjectAllocator: 6099744 out of 0 bytes used by permanent object pool.
[2016.04.14-05.29.31:535][  0]LogEngine: Initializing Engine...
[2016.04.14-05.29.31:536][  0]OCULUS: Info: 04/14/16 05:29:31: [CAPI] LibOVR module is located at C:\WINDOWS\SYSTEM32\LibOVRRT64_0_8.dll

[2016.04.14-05.29.31:536][  0]OCULUS: Info: 04/14/16 05:29:31: [IPC] Call Stats for SetInitialState : x1: C2S=12.7991, S2C=3.51348, Runtime=76.2928 (microseconds) C2Ssize=80, S2Csize=81 (bytes)

[2016.04.14-05.29.31:536][  0]OCULUS: Info: 04/14/16 05:29:31: [IPC] Call Stats for IsLatencyTesterAvailable : x1: C2S=3.76445, S2C=2.0077, Runtime=0.752889 (microseconds) C2Ssize=33, S2Csize=18 (bytes)

[2016.04.14-05.29.31:548][  0]LogHMD: SteamVR failed to initialize.  Err: 110
[2016.04.14-05.29.31:631][  0]LogAIModule: Creating AISystem for world NewWorld
[2016.04.14-05.29.31:643][  0]LogInit: XAudio2 using 'Speakers (Realtek High Definition Audio)' : 2 channels at 48 kHz using 32 bits per sample (channel mask 0x3)
[2016.04.14-05.29.31:686][  0]LogInit: FAudioDevice initialized.
[2016.04.14-05.29.31:703][  0]LogDerivedDataCache: Saved boot cache 0.02s 41MB C:/Users/Garrett Johnson/AppData/Local/UnrealEngine/4.10/DerivedDataCache/Boot.ddc.
[2016.04.14-05.29.31:705][  0]LogInit: Texture streaming: Enabled
[2016.04.14-05.29.31:710][  0]LogAnalytics: Creating configured Analytics provider AnalyticsET
[2016.04.14-05.29.31:710][  0]LogAnalytics: [UEEditor.Rocket.Release] APIServer = http://et2.epicgames.com/ET2/. AppVersion = 4.10.4-2872498+++depot+UE4-Releases+4.10
[2016.04.14-05.29.31:710][  0]LogAnalytics: [UEEditor.Rocket.Release] SetUserId 1100b9ee46e2597b617ec6b6f167f1df|59edfd7a1e024ba5bc5c7666785a6599|ad4dcf7c-55ae-48d9-8920-cdda66422389
[2016.04.14-05.29.31:710][  0]LogAnalytics: [UEEditor.Rocket.Release] AnalyticsET::StartSession
[2016.04.14-05.29.31:718][  0]LogInit: Transaction tracking system initialized
[2016.04.14-05.29.31:738][  0]BlueprintLog: New page: Editor Load
[2016.04.14-05.29.31:833][  0]LocalizationService: Info Localization service is disabled
[2016.04.14-05.29.32:110][  0]LogConsoleResponse:Display: 
[2016.04.14-05.29.32:932][  0]LogCook:Display: Done creating registry. It took  0.00s.
[2016.04.14-05.29.33:470][  0]LogFileCache: Scanning file cache for directory 'E:/Documents/Unreal Projects/KND/Content/' took 0.06s
[2016.04.14-05.29.33:470][  0]SourceControl: Info Source control is disabled
[2016.04.14-05.29.33:471][  0]Cmd: MAP LOAD FILE="../../../Engine/Content/Maps/Templates/Template_Default.umap" TEMPLATE=1 SHOWPROGRESS=1 FEATURELEVEL=3
[2016.04.14-05.29.33:759][  0]LightingResults: New page: Lighting Build
[2016.04.14-05.29.33:761][  0]MapCheck: New page: Map Check
[2016.04.14-05.29.33:761][  0]LightingResults: New page: Lighting Build
[2016.04.14-05.29.33:768][  0]LogParticles: Destroying 0 GPU particle simulations for FXSystem 0x000001D3BFBF3420
[2016.04.14-05.29.34:131][  0]LogAIModule: Creating AISystem for world Untitled_1
[2016.04.14-05.29.34:134][  0]LogEditorServer: Finished looking for orphan Actors (0.000 secs)
[2016.04.14-05.29.34:137][  0]Cmd: MAP CHECKDEP NOCLEARLOG
[2016.04.14-05.29.34:189][  0]MapCheck: Info Map check complete: 0 Error(s), 0 Warning(s), took 52.569ms to complete.
[2016.04.14-05.29.34:189][  0]LogFileHelpers: Loading map 'Template_Default' took 0.719
[2016.04.14-05.29.34:318][  0]LogCollectionManager: Loaded 0 collections in 0.001323 seconds
[2016.04.14-05.29.34:354][  0]LogFileCache: Scanning file cache for directory 'E:/Documents/Unreal Projects/KND/Saved/Collections/' took 0.01s
[2016.04.14-05.29.34:354][  0]LogFileCache: Scanning file cache for directory 'E:/Documents/Unreal Projects/KND/Content/Developers/GarrettJohnson/Collections/' took 0.01s
[2016.04.14-05.29.34:354][  0]LogFileCache: Scanning file cache for directory 'E:/Documents/Unreal Projects/KND/Content/Collections/' took 0.01s
[2016.04.14-05.29.34:354][  0]LogCollectionManager: Rebuilt the GUID cache for 0 collections in 0.000002 seconds
[2016.04.14-05.29.34:360][  0]LogContentBrowser: Native class hierarchy populated in 0.0053 seconds. Added 1893 classes and 338 folders.
[2016.04.14-05.29.34:364][  0]LogContentBrowser: Native class hierarchy updated for 'WidgetCarousel' in 0.0002 seconds. Added 0 classes and 0 folders.
[2016.04.14-05.29.36:557][  0]LogContentBrowser: Native class hierarchy updated for 'AddContentDialog' in 0.0003 seconds. Added 0 classes and 0 folders.
[2016.04.14-05.29.36:734][  0]LogContentBrowser: Native class hierarchy updated for 'SceneOutliner' in 0.0003 seconds. Added 1 classes and 2 folders.
[2016.04.14-05.29.36:848][  0]LogCrashTracker: Crashtracker disabled due to settings.
[2016.04.14-05.29.36:853][  0]LogUObjectGlobals:Warning: Failed to find object 'Class None.'
[2016.04.14-05.29.36:874][  0]LogLoad: Full Startup: 27.03 seconds (BP compile: 0.03 seconds)
[2016.04.14-05.29.36:883][  0]LogOcInput: OculusInput is initialized. Init status 0. Runtime version: 0.8.0.0
[2016.04.14-05.29.37:237][  0]LogContentStreaming: Texture pool size now 1000 MB
[2016.04.14-05.29.37:345][  0]LogRenderer: Reallocating scene render targets to support 1240x944 (Frame:2).
[2016.04.14-05.29.37:489][  2]LogAssetRegistry: Asset discovery search completed in 6.6274 seconds
[2016.04.14-05.29.37:489][  2]LogCollectionManager: Rebuilt the object cache for 0 collections in 0.000001 seconds (found 0 objects)
[2016.04.14-05.29.37:489][  2]LogCollectionManager: Fixed up redirectors for 0 collections in 0.000017 seconds (updated 0 objects)
[2016.04.14-05.29.55:892][162]LogLinker:Warning: Asset '../../../../../../Documents/Unreal Projects/KND/Content/TBStrategyGrids/Structs/Vector2i.uasset' has been saved with empty engine version. The asset will be loaded but may be incompatible.
[2016.04.14-05.29.55:896][162]LogLinker:Warning: Asset '../../../../../../Documents/Unreal Projects/KND/Content/TBStrategyGrids/Structs/Fraction.uasset' has been saved with empty engine version. The asset will be loaded but may be incompatible.
[2016.04.14-05.29.55:901][162]LogLinker:Warning: Asset '../../../../../../Documents/Unreal Projects/KND/Content/TBStrategyGrids/Enums/ELineOfSightType.uasset' has been saved with empty engine version. The asset will be loaded but may be incompatible.
[2016.04.14-05.29.55:908][162]LogLinker:Warning: Asset '../../../../../../Documents/Unreal Projects/KND/Content/TBStrategyGrids/Enums/EBoolCondition.uasset' has been saved with empty engine version. The asset will be loaded but may be incompatible.
[2016.04.14-05.29.55:913][162]LogLinker:Warning: Asset '../../../../../../Documents/Unreal Projects/KND/Content/TBStrategyGrids/Structs/StepInfo.uasset' has been saved with empty engine version. The asset will be loaded but may be incompatible.
[2016.04.14-05.29.55:913][162]LogClass:Warning: UUserDefinedStructEditorData::RecreateDefaultInstance Cannot parse value. Property: From Dir String: "NewEnumerator5"  Struct: /Game/TBStrategyGrids/Structs/StepInfo.StepInfo 
[2016.04.14-05.29.56:039][162]LogLinker:Warning: Asset '../../../../../../Documents/Unreal Projects/KND/Content/TBStrategyGrids/Materials/M_SimpleOpaque.uasset' has been saved with empty engine version. The asset will be loaded but may be incompatible.
[2016.04.14-05.29.56:980][162]LogLinker:Warning: Asset '../../../../../../Documents/Unreal Projects/KND/Content/TBStrategyGrids/Materials/M_SimpleTranslucent.uasset' has been saved with empty engine version. The asset will be loaded but may be incompatible.
[2016.04.14-05.29.57:197][162]LogLinker:Warning: Asset '../../../../../../Documents/Unreal Projects/KND/Content/TBStrategyGrids/Meshes/Shape_Cube.uasset' has been saved with empty engine version. The asset will be loaded but may be incompatible.
[2016.04.14-05.29.57:198][162]LogLinker:Warning: Asset '../../../../../../Documents/Unreal Projects/KND/Content/TBStrategyGrids/Meshes/Shape_Cylinder.uasset' has been saved with empty engine version. The asset will be loaded but may be incompatible.
[2016.04.14-05.29.57:884][162]LogAIModule: Creating AISystem for world Level_1_InProgress
[2016.04.14-05.29.58:261][162]Cmd: MAP LOAD FILE="../../../../../../Documents/Unreal Projects/KND/Content/Level_1_InProgress.umap" TEMPLATE=0 SHOWPROGRESS=1 FEATURELEVEL=3
[2016.04.14-05.29.58:261][162]LightingResults: New page: Lighting Build
[2016.04.14-05.29.58:289][162]LoadErrors: New page: Loading map: Level_1_InProgress.umap
[2016.04.14-05.29.58:289][162]MapCheck: New page: Map Check
[2016.04.14-05.29.58:289][162]LightingResults: New page: Lighting Build
[2016.04.14-05.29.58:300][162]LogParticles: Destroying 0 GPU particle simulations for FXSystem 0x000001D3B0C6B380
[2016.04.14-05.29.58:613][162]LogEditorServer: Finished looking for orphan Actors (0.000 secs)
[2016.04.14-05.29.58:630][162]Cmd: MAP CHECKDEP NOCLEARLOG
[2016.04.14-05.29.58:696][162]MapCheck: Info Map check complete: 0 Error(s), 0 Warning(s), took 66.188ms to complete.
[2016.04.14-05.29.58:696][162]LogFileHelpers: Loading map 'Level_1_InProgress' took 0.437
[2016.04.14-05.30.10:333][546]LogEditorViewport: Clicking Background
[2016.04.14-05.31.23:899][587]LogAssetTools:Warning: Failed to import 'E:\Documents\Unreal Projects\KND\Content\Orrin.uasset'. Unknown extension 'uasset'.
[2016.04.14-06.06.23:415][436]LogRenderer: Reallocating scene render targets to support 1516x944 (Frame:41).
[2016.04.14-06.07.30:148][406]Cmd: OBJ SAVEPACKAGE PACKAGE="/Game/CptOrrin/CptOrrin_Idle" FILE="../../../../../../Documents/Unreal Projects/KND/Content/CptOrrin/CptOrrin_Idle.uasset" SILENT=true
[2016.04.14-06.07.30:156][406]LogSavePackage: Save=4.097223ms
[2016.04.14-06.07.30:156][406]LogSavePackage: Moving '../../../../../../Documents/Unreal Projects/KND/Saved/CptOrrin_IdleBA9886A04C6F6580F0BBE0A30F9A9085.tmp' to '../../../../../../Documents/Unreal Projects/KND/Content/CptOrrin/CptOrrin_Idle.uasset'
[2016.04.14-06.07.30:158][406]LogSavePackage: Total save time: 8.455947ms
[2016.04.14-06.07.30:158][406]LogSavePackage:Display: Finished SavePackage ../../../../../../Documents/Unreal Projects/KND/Content/CptOrrin/CptOrrin_Idle.uasset
[2016.04.14-06.09.18:440][449]LogLinker:Warning: Asset '../../../Engine/Content/ArtTools/RenderToTexture/Macros/RenderToTextureMacros.uasset' has been saved with empty engine version. The asset will be loaded but may be incompatible.
[2016.04.14-06.09.18:711][449]LogContentBrowser: Native class hierarchy updated for 'BlueprintGraph' in 0.0005 seconds. Added 107 classes and 0 folders.
[2016.04.14-06.10.43:445][945]LogEditorTransaction: Undo Edit Capsule Radius
[2016.04.14-06.10.44:384][966]Cmd: TRANSACTION UNDO
[2016.04.14-06.10.44:384][966]LogEditorTransaction: Undo Edit Capsule Half Height
[2016.04.14-06.10.51:517][811]LogEditorTransaction: Undo Modify Component(s)
[2016.04.14-06.10.51:986][850]LogEditorTransaction: Undo Modify Component(s)
[2016.04.14-06.10.56:971][435]Cmd: TRANSACTION REDO
[2016.04.14-06.10.56:971][435]LogEditorTransaction: Redo Modify Component(s)
[2016.04.14-06.10.58:244][562]Cmd: TRANSACTION REDO
[2016.04.14-06.10.58:244][562]LogEditorTransaction: Redo Modify Component(s)
[2016.04.14-06.10.59:602][722]Cmd: TRANSACTION REDO
[2016.04.14-06.10.59:602][722]LogEditorTransaction: Redo Edit Capsule Half Height
[2016.04.14-06.11.01:436][937]Cmd: TRANSACTION REDO
[2016.04.14-06.11.01:436][937]LogEditorTransaction: Redo Edit Capsule Radius
[2016.04.14-06.16.38:313][777]BlueprintLog: New page: Compile CptOrrin
[2016.04.14-06.16.39:013][777]LogParticles: Destroying 0 GPU particle simulations for FXSystem 0x000001D3CDCA7560
[2016.04.14-06.16.39:020][777]BlueprintEditorCompileResults: Info [2849.18] Compile of CptOrrin successful! [in 707 ms]
[2016.04.14-06.16.39:566][835]Cmd: OBJ SAVEPACKAGE PACKAGE="/Game/CptOrrin" FILE="../../../../../../Documents/Unreal Projects/KND/Content/CptOrrin.uasset" SILENT=true
[2016.04.14-06.16.39:581][835]LogSavePackage: Save=13.069654ms
[2016.04.14-06.16.39:581][835]LogSavePackage: Moving '../../../../../../Documents/Unreal Projects/KND/Saved/CptOrrinDD4BE24B423607580FFEB3B5E507E417.tmp' to '../../../../../../Documents/Unreal Projects/KND/Content/CptOrrin.uasset'
[2016.04.14-06.16.39:582][835]LogSavePackage: Total save time: 14.550086ms
[2016.04.14-06.16.39:582][835]LogSavePackage:Display: Finished SavePackage ../../../../../../Documents/Unreal Projects/KND/Content/CptOrrin.uasset
[2016.04.14-06.17.04:451][770]LogEditorViewport: Clicking on Actor (LMB): CameraActor (CameraActor)
[2016.04.14-06.17.12:596][651]LogEditorViewport: Clicking on Actor (LMB): CptOrrin_C (CptOrrin)
[2016.04.14-06.17.12:673][651]LogEditorViewport: Clicking on Actor (LMB): CptOrrin_C (CptOrrin)
[2016.04.14-06.17.35:006][320]BlueprintLog: New page: Compile CptOrrin
[2016.04.14-06.17.35:083][320]BlueprintEditorCompileResults: Info [2905.24] Compile of CptOrrin successful! [in 76 ms]
[2016.04.14-06.17.35:449][361]Cmd: OBJ SAVEPACKAGE PACKAGE="/Game/CptOrrin" FILE="../../../../../../Documents/Unreal Projects/KND/Content/CptOrrin.uasset" SILENT=true
[2016.04.14-06.17.35:465][361]LogSavePackage: Save=10.546723ms
[2016.04.14-06.17.35:465][361]LogSavePackage: Moving '../../../../../../Documents/Unreal Projects/KND/Saved/CptOrrin6089101E4D24AF6B14AB61A90E0FCFAC.tmp' to '../../../../../../Documents/Unreal Projects/KND/Content/CptOrrin.uasset'
[2016.04.14-06.17.35:467][361]LogSavePackage: Total save time: 16.956571ms
[2016.04.14-06.17.35:467][361]LogSavePackage:Display: Finished SavePackage ../../../../../../Documents/Unreal Projects/KND/Content/CptOrrin.uasset
[2016.04.14-06.17.47:399][789]Cmd: OBJ SAVEPACKAGE PACKAGE="/Game/CptOrrin" FILE="../../../../../../Documents/Unreal Projects/KND/Content/CptOrrin.uasset" SILENT=true
[2016.04.14-06.17.47:412][789]LogSavePackage: Save=9.868872ms
[2016.04.14-06.17.47:412][789]LogSavePackage: Moving '../../../../../../Documents/Unreal Projects/KND/Saved/CptOrrinD67650EB42F228C01CDFA48872B9C2BD.tmp' to '../../../../../../Documents/Unreal Projects/KND/Content/CptOrrin.uasset'
[2016.04.14-06.17.47:414][789]LogSavePackage: Total save time: 14.207523ms
[2016.04.14-06.17.47:414][789]LogSavePackage:Display: Finished SavePackage ../../../../../../Documents/Unreal Projects/KND/Content/CptOrrin.uasset
[2016.04.14-06.17.49:909][ 68]Cmd: OBJ SAVEPACKAGE PACKAGE="/Game/Level_1_InProgress" FILE="../../../../../../Documents/Unreal Projects/KND/Content/Level_1_InProgress.umap" SILENT=true AUTOSAVING=false KEEPDIRTY=false
[2016.04.14-06.17.50:019][ 68]LogSavePackage: Save=81.006615ms
[2016.04.14-06.17.50:019][ 68]LogSavePackage: Moving '../../../../../../Documents/Unreal Projects/KND/Saved/Level_1_InProgressC5FF4DD342114D3E7EAE7F8A0C5373C9.tmp' to '../../../../../../Documents/Unreal Projects/KND/Content/Level_1_InProgress.umap'
[2016.04.14-06.17.50:022][ 68]LogSavePackage: Total save time: 86.639732ms
[2016.04.14-06.17.50:022][ 68]LogSavePackage:Display: Finished SavePackage ../../../../../../Documents/Unreal Projects/KND/Content/Level_1_InProgress.umap
[2016.04.14-06.17.50:043][ 68]LogFileHelpers: Saving map 'Level_1_InProgress' took 0.215
[2016.04.14-06.18.18:167][422]LogActorComponent: ~FComponentReregisterContext: (/Game/Level_1_InProgress.Level_1_InProgress:PersistentLevel.CptOrrin_608.SpringArm) Component already registered.
[2016.04.14-06.18.20:463][696]LogActorComponent: ~FComponentReregisterContext: (/Game/Level_1_InProgress.Level_1_InProgress:PersistentLevel.CptOrrin_608.SpringArm) Component already registered.
[2016.04.14-06.18.23:775][ 91]LogActorComponent: ~FComponentReregisterContext: (/Game/Level_1_InProgress.Level_1_InProgress:PersistentLevel.CptOrrin_608.SpringArm) Component already registered.
[2016.04.14-06.18.30:739][925]LogActorComponent: ~FComponentReregisterContext: (/Game/Level_1_InProgress.Level_1_InProgress:PersistentLevel.CptOrrin_608.SpringArm) Component already registered.
[2016.04.14-06.18.36:567][623]LogActorComponent: ~FComponentReregisterContext: (/Game/Level_1_InProgress.Level_1_InProgress:PersistentLevel.CptOrrin_608.SpringArm) Component already registered.
[2016.04.14-06.18.38:621][868]LogActorComponent: ~FComponentReregisterContext: (/Game/Level_1_InProgress.Level_1_InProgress:PersistentLevel.CptOrrin_608.SpringArm) Component already registered.
[2016.04.14-06.18.42:634][349]LogActorComponent: ~FComponentReregisterContext: (/Game/Level_1_InProgress.Level_1_InProgress:PersistentLevel.CptOrrin_608.SpringArm) Component already registered.
[2016.04.14-06.18.49:527][175]LogActorComponent: ~FComponentReregisterContext: (/Game/Level_1_InProgress.Level_1_InProgress:PersistentLevel.CptOrrin_608.SpringArm) Component already registered.
[2016.04.14-06.18.55:760][919]LogActorComponent: ~FComponentReregisterContext: (/Game/Level_1_InProgress.Level_1_InProgress:PersistentLevel.CptOrrin_608.SpringArm) Component already registered.
[2016.04.14-06.19.00:141][444]LogActorComponent: ~FComponentReregisterContext: (/Game/Level_1_InProgress.Level_1_InProgress:PersistentLevel.CptOrrin_608.SpringArm) Component already registered.
[2016.04.14-06.19.06:471][202]LogActorComponent: ~FComponentReregisterContext: (/Game/Level_1_InProgress.Level_1_InProgress:PersistentLevel.CptOrrin_608.SpringArm) Component already registered.
[2016.04.14-06.19.11:402][787]LogActorComponent: ~FComponentReregisterContext: (/Game/Level_1_InProgress.Level_1_InProgress:PersistentLevel.CptOrrin_608.SpringArm) Component already registered.
[2016.04.14-06.19.17:763][546]LogActorComponent: ~FComponentReregisterContext: (/Game/Level_1_InProgress.Level_1_InProgress:PersistentLevel.CptOrrin_608.SpringArm) Component already registered.
[2016.04.14-06.19.21:647][ 11]LogActorComponent: ~FComponentReregisterContext: (/Game/Level_1_InProgress.Level_1_InProgress:PersistentLevel.CptOrrin_608.SpringArm) Component already registered.
[2016.04.14-06.19.28:666][847]Cmd: OBJ SAVEPACKAGE PACKAGE="/Game/Level_1_InProgress" FILE="../../../../../../Documents/Unreal Projects/KND/Content/Level_1_InProgress.umap" SILENT=true AUTOSAVING=false KEEPDIRTY=false
[2016.04.14-06.19.28:695][847]LogParticles: Destroying 0 GPU particle simulations for FXSystem 0x000001D3EF6B6980
[2016.04.14-06.19.28:801][847]LogSavePackage: Save=100.842735ms
[2016.04.14-06.19.28:801][847]LogSavePackage: Moving '../../../../../../Documents/Unreal Projects/KND/Saved/Level_1_InProgress257DBCF34FC026C5C470319F1ACC53E6.tmp' to '../../../../../../Documents/Unreal Projects/KND/Content/Level_1_InProgress.umap'
[2016.04.14-06.19.28:805][847]LogSavePackage: Total save time: 106.847025ms
[2016.04.14-06.19.28:805][847]LogSavePackage:Display: Finished SavePackage ../../../../../../Documents/Unreal Projects/KND/Content/Level_1_InProgress.umap
[2016.04.14-06.20.57:986][  1]LogSlate:Warning: Prevented a slow task dialog from being summoned while a context menu was open
[2016.04.14-06.21.07:270][675]LogBlueprint:Warning: Reparenting blueprint Blueprint /Game/CptOrrin.CptOrrin from PaperCharacter to ExampleCharacter_C...
[2016.04.14-06.21.07:309][675]BlueprintLog: New page: Compile CptOrrin
[2016.04.14-06.21.07:312][675]LogBlueprint:Warning: USimpleConstructionScript::FixupRootNodeParentReferences() - Couldn't find native parent component 'CollisionCylinder' for 'SpringArm' in BlueprintGeneratedClass 'CptOrrin_C' (it may have been removed)
[2016.04.14-06.21.07:386][675]LogProperty:Warning: Serialized BlueprintGeneratedClass /Game/CptOrrin.CptOrrin_C for a property of Class /Script/Engine.Character. Reference will be NULLed.
    Property = ObjectProperty /Script/Engine.CharacterMovementComponent:CharacterOwner
    Item = CptOrrin_C /Engine/Transient.World_5:PersistentLevel.CptOrrin_C_0
[2016.04.14-06.21.07:386][675]LogProperty:Warning: Serialized BlueprintGeneratedClass /Game/CptOrrin.CptOrrin_C for a property of Class /Script/Engine.Pawn. Reference will be NULLed.
    Property = ObjectProperty /Script/Engine.PawnMovementComponent:PawnOwner
    Item = CptOrrin_C /Engine/Transient.World_5:PersistentLevel.CptOrrin_C_0
[2016.04.14-06.21.07:425][675]BlueprintEditorCompileResults: Info [3117.58] Compile of CptOrrin successful! [in 115 ms]
[2016.04.14-06.21.36:739][ 15]LogProperty:Warning: Illegal TEXT reference to a private object in external package (EdGraphPin /Game/TBStrategyGrids/Blueprints/Example/ExampleCharacter_Tank.ExampleCharacter_Tank:EventGraph.K2Node_Event_547.EdGraphPin_51711) from referencer (EdGraphPin /Game/CptOrrin.CptOrrin:EventGraph.K2Node_CallParentFunction_2.EdGraphPin_51781).  Import failed...
[2016.04.14-06.21.36:739][ 15]LogProperty:Warning: ObjectProperty /Script/Engine.EdGraphPin:LinkedTo.LinkedTo: unresolved reference to 'EdGraphPin'K2Node_Event_547.EdGraphPin_51711''
[2016.04.14-06.21.36:739][ 15]LogProperty:Warning: Illegal TEXT reference to a private object in external package (EdGraphPin /Game/TBStrategyGrids/Blueprints/Example/ExampleCharacter_Tank.ExampleCharacter_Tank:EventGraph.K2Node_CallFunction_5444.EdGraphPin_51751) from referencer (EdGraphPin /Game/CptOrrin.CptOrrin:EventGraph.K2Node_CallParentFunction_2.EdGraphPin_51782).  Import failed...
[2016.04.14-06.21.36:739][ 15]LogProperty:Warning: ObjectProperty /Script/Engine.EdGraphPin:LinkedTo.LinkedTo: unresolved reference to 'EdGraphPin'K2Node_CallFunction_5444.EdGraphPin_51751''
[2016.04.14-06.22.06:374][566]LogEditorTransaction: Undo Comment Bubble Visibility
[2016.04.14-06.22.06:675][595]LogEditorTransaction: Undo Create Pin Link
[2016.04.14-06.22.06:907][610]LogEditorTransaction: Undo Move Node
[2016.04.14-06.22.07:145][637]LogEditorTransaction: Undo Paste clipboard contents
[2016.04.14-06.22.07:382][664]LogEditorTransaction: Undo Delete current selection
[2016.04.14-06.22.08:233][764]LogEditorTransaction: Undo Add Node
[2016.04.14-06.22.08:234][764]LogProperty:Warning: Serialized BlueprintGeneratedClass /Game/CptOrrin.CptOrrin_C for a property of Class /Script/Engine.Character. Reference will be NULLed.
    Property = ObjectProperty /Script/Engine.CharacterMovementComponent:CharacterOwner
    Item = CptOrrin_C /Engine/Transient.World_5:PersistentLevel.CptOrrin_C_0
[2016.04.14-06.22.08:234][764]LogProperty:Warning: Serialized BlueprintGeneratedClass /Game/CptOrrin.CptOrrin_C for a property of Class /Script/Engine.Pawn. Reference will be NULLed.
    Property = ObjectProperty /Script/Engine.PawnMovementComponent:PawnOwner
    Item = CptOrrin_C /Engine/Transient.World_5:PersistentLevel.CptOrrin_C_0
[2016.04.14-06.22.08:234][764]LogProperty:Warning: Serialized BlueprintGeneratedClass /Game/CptOrrin.CptOrrin_C for a property of Class /Script/Engine.Pawn. Reference will be NULLed.
    Property = ObjectProperty /Script/Engine.Actor:Instigator
    Item = CptOrrin_C /Engine/Transient.World_5:PersistentLevel.CptOrrin_C_164
[2016.04.14-06.22.14:656][529]LogWindows:Error: Windows GetLastError: The operation completed successfully. (0)
[2016.04.14-06.22.16:112][529]LogCrashTracker: 


[2016.04.14-06.22.16:140][529]LogCrashTracker: 


[2016.04.14-06.22.16:140][529]LogWindows:Error: === Critical error: ===
Assertion failed: ChildCount > AttachChildren.Num() [File:D:\BuildFarm\buildmachine_++depot+UE4-Releases+4.10\Engine\Source\Runtime\Engine\Private\Components\SceneComponent.cpp] [Line: 680] 
AttachChildren count increased while detaching 'TRASH_SpringArmComponent_81', likely caused by OnAttachmentChanged introducing new children, which could lead to an infinite loop.




[2016.04.14-06.22.16:179][529]LogExit: Executing StaticShutdownAfterError
[2016.04.14-06.22.16:183][529]LogPhysics:Warning: PHYSX: ..\..\PhysX\src\NpScene.cpp (2946) 8 : PxScene::unlockWrite() called without matching call to PxScene::lockWrite(), behaviour will be undefined.
[2016.04.14-06.22.16:183][529]LogPhysics:Warning: PHYSX: ..\..\PhysX\src\NpScene.cpp (2946) 8 : PxScene::unlockWrite() called without matching call to PxScene::lockWrite(), behaviour will be undefined.
[2016.04.14-06.22.16:184][529]LogPhysics:Warning: PHYSX: ..\..\PhysX\src\NpScene.cpp (2946) 8 : PxScene::unlockWrite() called without matching call to PxScene::lockWrite(), behaviour will be undefined.
[2016.04.14-06.22.16:184][529]LogPhysics:Warning: PHYSX: ..\..\PhysX\src\NpScene.cpp (2946) 8 : PxScene::unlockWrite() called without matching call to PxScene::lockWrite(), behaviour will be undefined.
[2016.04.14-06.22.16:184][529]LogPhysics:Warning: PHYSX: ..\..\PhysX\src\NpScene.cpp (2946) 8 : PxScene::unlockWrite() called without matching call to PxScene::lockWrite(), behaviour will be undefined.
[2016.04.14-06.22.16:184][529]LogPhysics:Warning: PHYSX: ..\..\PhysX\src\NpScene.cpp (2946) 8 : PxScene::unlockWrite() called without matching call to PxScene::lockWrite(), behaviour will be undefined.
[2016.04.14-06.22.16:184][529]LogWindows: FPlatformMisc::RequestExit(1)
[2016.04.14-06.22.16:184][529]Log file closed, 04/14/16 01:22:16
