[2016.04.13-06.32.03:568][  0]Log file open, 04/13/16 01:32:03
[2016.04.13-06.32.03:568][  0]LogInit:Display: Running engine for game: KND
[2016.04.13-06.32.03:568][  0]LogPlatformFile: Not using cached read wrapper
[2016.04.13-06.32.03:568][  0]LogInit:Display: RandInit(1300521319) SRandInit(1300521320).
[2016.04.13-06.32.03:568][  0]LogTaskGraph: Started task graph with 4 named threads and 7 total threads.
[2016.04.13-06.32.03:568][  0]LogStats: Stats thread started at 0.066419
[2016.04.13-06.32.03:568][  0]LogInit: Version: 4.10.4-2872498+++depot+UE4-Releases+4.10
[2016.04.13-06.32.03:568][  0]LogInit: API Version: 2758231
[2016.04.13-06.32.03:568][  0]LogInit: Compiled (64-bit): Feb 18 2016 15:47:04
[2016.04.13-06.32.03:568][  0]LogInit: Compiled with Visual C++: 19.00.23026.00
[2016.04.13-06.32.03:568][  0]LogInit: Build Configuration: Development
[2016.04.13-06.32.03:568][  0]LogInit: Branch Name: ++depot+UE4-Releases+4.10
[2016.04.13-06.32.03:568][  0]LogInit: Command line:  
[2016.04.13-06.32.03:568][  0]LogInit: Base directory: E:/Program Files (x86)/Epic Games/4.10/Engine/Binaries/Win64/
[2016.04.13-06.32.03:568][  0]LogInit: Rocket: 1
[2016.04.13-06.32.03:573][  0]LogInit: Using libcurl 7.41.0
[2016.04.13-06.32.03:573][  0]LogInit:  - built for x86_64-pc-win32
[2016.04.13-06.32.03:573][  0]LogInit:  - supports SSL with WinSSL
[2016.04.13-06.32.03:573][  0]LogInit:  - other features:
[2016.04.13-06.32.03:573][  0]LogInit:      CURL_VERSION_SSL
[2016.04.13-06.32.03:573][  0]LogInit:      CURL_VERSION_IPV6
[2016.04.13-06.32.03:573][  0]LogInit:      CURL_VERSION_ASYNCHDNS
[2016.04.13-06.32.03:573][  0]LogInit:      CURL_VERSION_LARGEFILE
[2016.04.13-06.32.03:573][  0]LogInit:      CURL_VERSION_IDN
[2016.04.13-06.32.03:573][  0]LogInit:  CurlRequestOptions (configurable via config and command line):
[2016.04.13-06.32.03:573][  0]LogInit:  - bVerifyPeer = true  - Libcurl will verify peer certificate
[2016.04.13-06.32.03:573][  0]LogInit:  - bUseHttpProxy = false  - Libcurl will NOT use HTTP proxy
[2016.04.13-06.32.03:573][  0]LogInit:  - bDontReuseConnections = false  - Libcurl will reuse connections
[2016.04.13-06.32.03:573][  0]LogInit:  - CertBundlePath = nullptr  - Libcurl will use whatever was configured at build time.
[2016.04.13-06.32.03:580][  0]LogInit: Presizing for 0 objects not considered by GC, pre-allocating 0 bytes.
[2016.04.13-06.32.03:586][  0]LogInit: Object subsystem initialized
[2016.04.13-06.32.03:587][  0]LogInit: Selected Device Profile: [Windows]
[2016.04.13-06.32.03:587][  0]LogInit: Applying CVar settings loaded from the selected device profile: [Windows]
[2016.04.13-06.32.03:592][  0]LogInit: Computer: RAGNOROK
[2016.04.13-06.32.03:592][  0]LogInit: User: GarrettJohnson
[2016.04.13-06.32.03:592][  0]LogInit: CPU Page size=4096, Cores=4
[2016.04.13-06.32.03:592][  0]LogInit: High frequency timer resolution =3.984650 MHz
[2016.04.13-06.32.03:592][  0]LogMemory: Memory total: Physical=15.9GB (16GB approx)
[2016.04.13-06.32.03:592][  0]LogMemory: Platform Memory Stats for Windows
[2016.04.13-06.32.03:592][  0]LogMemory: Process Physical Memory: 56.98 MB used, 56.98 MB peak
[2016.04.13-06.32.03:592][  0]LogMemory: Process Virtual Memory: 58.79 MB used, 58.79 MB peak
[2016.04.13-06.32.03:592][  0]LogMemory: Physical Memory: 8359.49 MB used, 16325.72 MB total
[2016.04.13-06.32.03:592][  0]LogMemory: Virtual Memory: 384.80 MB used, 134217728.00 MB total
[2016.04.13-06.32.03:629][  0]LogTextLocalizationManager: No specific translations for ('en-US') exist, so ('en') translations will be used.
[2016.04.13-06.32.03:949][  0]LogD3D11RHI: Found D3D11 adapter 0: NVIDIA GeForce GTX 760 (Feature Level 11_0)
[2016.04.13-06.32.03:949][  0]LogD3D11RHI: Adapter has 1989MB of dedicated video memory, 0MB of dedicated system memory, and 8162MB of shared system memory, 1 output[s]
[2016.04.13-06.32.03:951][  0]LogD3D11RHI: Found D3D11 adapter 1: Microsoft Basic Render Driver (Feature Level 11_0)
[2016.04.13-06.32.03:951][  0]LogD3D11RHI: Adapter has 0MB of dedicated video memory, 0MB of dedicated system memory, and 8162MB of shared system memory, 0 output[s]
[2016.04.13-06.32.03:951][  0]LogD3D11RHI: Chosen D3D11 Adapter Id = 0
[2016.04.13-06.32.03:956][  0]LogD3D11RHI: !Direct3DDevice
[2016.04.13-06.32.03:956][  0]LogRHI: Texture pool is 1361 MB (70% of 1945 MB)
[2016.04.13-06.32.03:966][  0]LogD3D11RHI: Async texture creation enabled
[2016.04.13-06.32.03:981][  0]LogShaderCompilers: Guid format shader working directory is 1 characters bigger than the processId version (../../../../../../Documents/Unreal Projects/KND/Intermediate/Shaders/WorkingDirectory/11256/).
[2016.04.13-06.32.03:981][  0]LogShaderCompilers: Cleaned the shader compiler working directory 'C:/Users/GARRET~1/AppData/Local/Temp/UnrealShaderWorkingDir/F2C38DC9480918179F99D782526B51DE/'.
[2016.04.13-06.32.03:981][  0]LogShaderCompilers:Display: Using Local Shader Compiler.
[2016.04.13-06.32.04:540][  0]LogTemp:Display: Loaded TP AllDesktopTargetPlatform
[2016.04.13-06.32.04:543][  0]LogTemp:Display: Loaded TP WindowsClientTargetPlatform
[2016.04.13-06.32.04:547][  0]LogTemp:Display: Loaded TP WindowsNoEditorTargetPlatform
[2016.04.13-06.32.04:551][  0]LogTemp:Display: Loaded TP WindowsServerTargetPlatform
[2016.04.13-06.32.04:554][  0]LogTemp:Display: Loaded TP WindowsTargetPlatform
[2016.04.13-06.32.04:557][  0]LogTemp:Display: Loaded TP AndroidTargetPlatform
[2016.04.13-06.32.04:559][  0]LogTemp:Display: Loaded TP Android_ASTCTargetPlatform
[2016.04.13-06.32.04:561][  0]LogTemp:Display: Loaded TP Android_ATCTargetPlatform
[2016.04.13-06.32.04:564][  0]LogTemp:Display: Loaded TP Android_DXTTargetPlatform
[2016.04.13-06.32.04:567][  0]LogTemp:Display: Loaded TP Android_ETC1TargetPlatform
[2016.04.13-06.32.04:570][  0]LogTemp:Display: Loaded TP Android_ETC2TargetPlatform
[2016.04.13-06.32.04:575][  0]LogTemp:Display: Loaded TP Android_MultiTargetPlatform
[2016.04.13-06.32.04:575][  0]LogTemp:Display: Loaded TP Android_PVRTCTargetPlatform
[2016.04.13-06.32.04:576][  0]LogTemp:Display: Loaded TP HTML5TargetPlatform
[2016.04.13-06.32.04:594][  0]LogTemp:Display: Loaded TP IOSTargetPlatform
[2016.04.13-06.32.04:597][  0]LogTemp:Display: Loaded TP LinuxNoEditorTargetPlatform
[2016.04.13-06.32.04:599][  0]LogTemp:Display: Loaded TP LinuxServerTargetPlatform
[2016.04.13-06.32.04:601][  0]LogTemp:Display: Loaded TP LinuxTargetPlatform
[2016.04.13-06.32.04:601][  0]LogTargetPlatformManager:Display: Building Assets For Windows
[2016.04.13-06.32.04:665][  0]LogDerivedDataCache:Display: Max Cache Size: 512 MB
[2016.04.13-06.32.04:698][  0]LogDerivedDataCache: Loaded boot cache 0.03s 41MB C:/Users/Garrett Johnson/AppData/Local/UnrealEngine/4.10/DerivedDataCache/Boot.ddc.
[2016.04.13-06.32.04:698][  0]LogDerivedDataCache:Display: Loaded Boot cache: C:/Users/Garrett Johnson/AppData/Local/UnrealEngine/4.10/DerivedDataCache/Boot.ddc
[2016.04.13-06.32.04:699][  0]LogDerivedDataCache: FDerivedDataBackendGraph:  Pak pak cache file ../../../../../../Documents/Unreal Projects/KND/DerivedDataCache/DDC.ddp not found, will not use a pak cache.
[2016.04.13-06.32.04:699][  0]LogDerivedDataCache: Unable to find inner node Pak for hierarchical cache Hierarchy.
[2016.04.13-06.32.04:699][  0]LogDerivedDataCache: FDerivedDataBackendGraph:  CompressedPak pak cache file ../../../../../../Documents/Unreal Projects/KND/DerivedDataCache/Compressed.ddp not found, will not use a pak cache.
[2016.04.13-06.32.04:699][  0]LogDerivedDataCache: Unable to find inner node CompressedPak for hierarchical cache Hierarchy.
[2016.04.13-06.32.04:738][  0]LogDerivedDataCache:Display: Pak cache opened for reading ../../../Engine/DerivedDataCache/Compressed.ddp.
[2016.04.13-06.32.04:750][  0]LogDerivedDataCache: Using Local data cache path C:/Users/Garrett Johnson/AppData/Local/UnrealEngine/Common/DerivedDataCache: Writable
[2016.04.13-06.32.04:885][  0]LogInit: Selected Device Profile: [Windows]
[2016.04.13-06.32.04:886][  0]LogContentStreaming: Texture pool size is 0.000000MB
[2016.04.13-06.32.04:960][  0]LogMeshUtilities: No automatic mesh reduction module available
[2016.04.13-06.32.04:960][  0]LogMeshUtilities: No automatic mesh merging module available
[2016.04.13-06.32.05:108][  0]LogInit: WinSock: version 1.1 (2.2), MaxSocks=32767, MaxUdp=65467
[2016.04.13-06.32.05:807][  0]UdpMessaging: Initializing bridge on interface 0.0.0.0:0 to multicast group 230.0.0.1:6666.
[2016.04.13-06.32.05:908][  0]LogAssetRegistry: FAssetRegistry took 0.0109 seconds to start up
[2016.04.13-06.32.06:059][  0]SourceControl: Info Source control is disabled
[2016.04.13-06.32.06:102][  0]SourceControl: Info Source control is disabled
[2016.04.13-06.32.06:109][  0]SourceControl: Info Source control is disabled
[2016.04.13-06.32.06:118][  0]SourceControl: Info Source control is disabled
[2016.04.13-06.32.06:288][  0]LogObj: 28633 objects as part of root set at end of initial load.
[2016.04.13-06.32.06:288][  0]LogUObjectAllocator: 6099744 out of 0 bytes used by permanent object pool.
[2016.04.13-06.32.06:330][  0]LogEngine: Initializing Engine...
[2016.04.13-06.32.06:331][  0]OCULUS: Info: 04/13/16 06:32:06: [CAPI] LibOVR module is located at C:\WINDOWS\SYSTEM32\LibOVRRT64_0_8.dll

[2016.04.13-06.32.06:331][  0]OCULUS: Info: 04/13/16 06:32:06: [IPC] Call Stats for SetInitialState : x1: C2S=11.5443, S2C=3.01156, Runtime=33.6291 (microseconds) C2Ssize=80, S2Csize=81 (bytes)

[2016.04.13-06.32.06:331][  0]OCULUS: Info: 04/13/16 06:32:06: [IPC] Call Stats for IsLatencyTesterAvailable : x1: C2S=3.01156, S2C=1.75674, Runtime=0.752889 (microseconds) C2Ssize=33, S2Csize=18 (bytes)

[2016.04.13-06.32.06:343][  0]LogHMD: SteamVR failed to initialize.  Err: 110
[2016.04.13-06.32.06:430][  0]LogAIModule: Creating AISystem for world NewWorld
[2016.04.13-06.32.06:441][  0]LogInit: XAudio2 using 'Speakers (Realtek High Definition Audio)' : 2 channels at 48 kHz using 32 bits per sample (channel mask 0x3)
[2016.04.13-06.32.06:483][  0]LogInit: FAudioDevice initialized.
[2016.04.13-06.32.06:500][  0]LogDerivedDataCache: Saved boot cache 0.02s 41MB C:/Users/Garrett Johnson/AppData/Local/UnrealEngine/4.10/DerivedDataCache/Boot.ddc.
[2016.04.13-06.32.06:502][  0]LogInit: Texture streaming: Enabled
[2016.04.13-06.32.06:506][  0]LogAnalytics: Creating configured Analytics provider AnalyticsET
[2016.04.13-06.32.06:506][  0]LogAnalytics: [UEEditor.Rocket.Release] APIServer = http://et2.epicgames.com/ET2/. AppVersion = 4.10.4-2872498+++depot+UE4-Releases+4.10
[2016.04.13-06.32.06:506][  0]LogAnalytics: [UEEditor.Rocket.Release] SetUserId 1100b9ee46e2597b617ec6b6f167f1df|59edfd7a1e024ba5bc5c7666785a6599|ad4dcf7c-55ae-48d9-8920-cdda66422389
[2016.04.13-06.32.06:506][  0]LogAnalytics: [UEEditor.Rocket.Release] AnalyticsET::StartSession
[2016.04.13-06.32.06:514][  0]LogInit: Transaction tracking system initialized
[2016.04.13-06.32.06:534][  0]BlueprintLog: New page: Editor Load
[2016.04.13-06.32.06:599][  0]LocalizationService: Info Localization service is disabled
[2016.04.13-06.32.06:661][  0]LogConsoleResponse:Display: 
[2016.04.13-06.32.06:739][  0]LogCook:Display: Done creating registry. It took  0.00s.
[2016.04.13-06.32.06:780][  0]LogFileCache: Scanning file cache for directory 'E:/Documents/Unreal Projects/KND/Content/' took 0.01s
[2016.04.13-06.32.06:780][  0]SourceControl: Info Source control is disabled
[2016.04.13-06.32.06:780][  0]Cmd: MAP LOAD FILE="../../../Engine/Content/Maps/Templates/Template_Default.umap" TEMPLATE=1 SHOWPROGRESS=1 FEATURELEVEL=3
[2016.04.13-06.32.06:781][  0]LightingResults: New page: Lighting Build
[2016.04.13-06.32.06:783][  0]MapCheck: New page: Map Check
[2016.04.13-06.32.06:783][  0]LightingResults: New page: Lighting Build
[2016.04.13-06.32.06:790][  0]LogParticles: Destroying 0 GPU particle simulations for FXSystem 0x000002A9830C3420
[2016.04.13-06.32.06:936][  0]LogAIModule: Creating AISystem for world Untitled_1
[2016.04.13-06.32.06:939][  0]LogEditorServer: Finished looking for orphan Actors (0.000 secs)
[2016.04.13-06.32.06:942][  0]Cmd: MAP CHECKDEP NOCLEARLOG
[2016.04.13-06.32.06:990][  0]MapCheck: Info Map check complete: 0 Error(s), 0 Warning(s), took 48.661ms to complete.
[2016.04.13-06.32.06:990][  0]LogFileHelpers: Loading map 'Template_Default' took 0.210
[2016.04.13-06.32.07:059][  0]LogCollectionManager: Loaded 0 collections in 0.001434 seconds
[2016.04.13-06.32.07:096][  0]LogFileCache: Scanning file cache for directory 'E:/Documents/Unreal Projects/KND/Saved/Collections/' took 0.01s
[2016.04.13-06.32.07:096][  0]LogFileCache: Scanning file cache for directory 'E:/Documents/Unreal Projects/KND/Content/Developers/GarrettJohnson/Collections/' took 0.01s
[2016.04.13-06.32.07:096][  0]LogFileCache: Scanning file cache for directory 'E:/Documents/Unreal Projects/KND/Content/Collections/' took 0.01s
[2016.04.13-06.32.07:096][  0]LogCollectionManager: Rebuilt the GUID cache for 0 collections in 0.000002 seconds
[2016.04.13-06.32.07:103][  0]LogContentBrowser: Native class hierarchy populated in 0.0068 seconds. Added 1893 classes and 338 folders.
[2016.04.13-06.32.07:108][  0]LogContentBrowser: Native class hierarchy updated for 'WidgetCarousel' in 0.0002 seconds. Added 0 classes and 0 folders.
[2016.04.13-06.32.07:148][  0]LogContentBrowser: Native class hierarchy updated for 'AddContentDialog' in 0.0002 seconds. Added 0 classes and 0 folders.
[2016.04.13-06.32.07:170][  0]LogContentBrowser: Native class hierarchy updated for 'SceneOutliner' in 0.0002 seconds. Added 1 classes and 2 folders.
[2016.04.13-06.32.07:199][  0]LogCrashTracker: Crashtracker disabled due to settings.
[2016.04.13-06.32.07:204][  0]LogUObjectGlobals:Warning: Failed to find object 'Class None.'
[2016.04.13-06.32.07:226][  0]LogLoad: Full Startup: 3.97 seconds (BP compile: 0.03 seconds)
[2016.04.13-06.32.07:235][  0]LogOcInput: OculusInput is initialized. Init status 0. Runtime version: 0.8.0.0
[2016.04.13-06.32.07:276][  0]LogContentStreaming: Texture pool size now 1000 MB
[2016.04.13-06.32.07:359][  0]LogRenderer: Reallocating scene render targets to support 1240x944 (Frame:2).
[2016.04.13-06.32.07:451][  2]LogAssetRegistry: Asset discovery search completed in 1.5538 seconds
[2016.04.13-06.32.07:451][  2]LogCollectionManager: Rebuilt the object cache for 0 collections in 0.000000 seconds (found 0 objects)
[2016.04.13-06.32.07:451][  2]LogCollectionManager: Fixed up redirectors for 0 collections in 0.000012 seconds (updated 0 objects)
[2016.04.13-06.32.15:083][891]LogLinker:Warning: Asset '../../../../../../Documents/Unreal Projects/KND/Content/TBStrategyGrids/Structs/Vector2i.uasset' has been saved with empty engine version. The asset will be loaded but may be incompatible.
[2016.04.13-06.32.15:086][891]LogLinker:Warning: Asset '../../../../../../Documents/Unreal Projects/KND/Content/TBStrategyGrids/Structs/Fraction.uasset' has been saved with empty engine version. The asset will be loaded but may be incompatible.
[2016.04.13-06.32.15:091][891]LogLinker:Warning: Asset '../../../../../../Documents/Unreal Projects/KND/Content/TBStrategyGrids/Enums/ELineOfSightType.uasset' has been saved with empty engine version. The asset will be loaded but may be incompatible.
[2016.04.13-06.32.15:184][891]LogLinker:Warning: Asset '../../../../../../Documents/Unreal Projects/KND/Content/TBStrategyGrids/Materials/M_SimpleOpaque.uasset' has been saved with empty engine version. The asset will be loaded but may be incompatible.
[2016.04.13-06.32.15:188][891]LogLinker:Warning: Asset '../../../../../../Documents/Unreal Projects/KND/Content/TBStrategyGrids/Enums/EBoolCondition.uasset' has been saved with empty engine version. The asset will be loaded but may be incompatible.
[2016.04.13-06.32.15:193][891]LogLinker:Warning: Asset '../../../../../../Documents/Unreal Projects/KND/Content/TBStrategyGrids/Structs/StepInfo.uasset' has been saved with empty engine version. The asset will be loaded but may be incompatible.
[2016.04.13-06.32.15:193][891]LogClass:Warning: UUserDefinedStructEditorData::RecreateDefaultInstance Cannot parse value. Property: From Dir String: "NewEnumerator5"  Struct: /Game/TBStrategyGrids/Structs/StepInfo.StepInfo 
[2016.04.13-06.32.16:423][891]LogLinker:Warning: Asset '../../../Engine/Content/ArtTools/RenderToTexture/Macros/RenderToTextureMacros.uasset' has been saved with empty engine version. The asset will be loaded but may be incompatible.
[2016.04.13-06.32.16:686][891]LogContentBrowser: Native class hierarchy updated for 'BlueprintGraph' in 0.0005 seconds. Added 107 classes and 0 folders.
[2016.04.13-06.33.31:279][680]BlueprintLog: New page: Compile LevelGrid
[2016.04.13-06.33.31:983][680]BlueprintEditorCompileResults: Info [0088.72] Compile of LevelGrid successful! [in 704 ms]
[2016.04.13-06.33.36:021][162]LogPlayLevel: PlayLevel: No blueprints needed recompiling
[2016.04.13-06.33.36:022][162]PIE: New page: PIE session: Untitled_1 (Apr 12, 2016, 8:33:36 PM)
[2016.04.13-06.33.36:022][162]LogPlayLevel: Creating play world package: /Temp/UEDPIE_0_Untitled_1
[2016.04.13-06.33.36:023][162]LogPlayLevel: PIE: StaticDuplicateObject took: (0.001212s)
[2016.04.13-06.33.36:023][162]LogAIModule: Creating AISystem for world Untitled_1
[2016.04.13-06.33.36:023][162]LogPlayLevel: PIE: World Init took: (0.000446s)
[2016.04.13-06.33.36:023][162]LogPlayLevel: PIE: Created PIE world by copying editor world from /Temp/Untitled_1.Untitled_1 to /Temp/UEDPIE_0_Untitled_1.Untitled_1 (0.001786s)
[2016.04.13-06.33.36:057][162]LogInit: XAudio2 using 'Speakers (Realtek High Definition Audio)' : 2 channels at 48 kHz using 32 bits per sample (channel mask 0x3)
[2016.04.13-06.33.36:096][162]LogInit: FAudioDevice initialized.
[2016.04.13-06.33.36:184][162]LogWorld: Game class is 'GameMode'
[2016.04.13-06.33.36:185][162]LogWorld: Bringing World /Temp/UEDPIE_0_Untitled_1.Untitled_1 up for play (max tick rate 0) at 2016.04.13-01.33.36
[2016.04.13-06.33.36:185][162]LogActor:Warning: GameSession /Temp/UEDPIE_0_Untitled_1.Untitled_1:PersistentLevel.GameSession_0 has natively added scene component(s), but none of them were set as the actor's RootComponent - picking one arbitrarily
[2016.04.13-06.33.36:185][162]LogActor:Warning: GameNetworkManager /Temp/UEDPIE_0_Untitled_1.Untitled_1:PersistentLevel.GameNetworkManager_0 has natively added scene component(s), but none of them were set as the actor's RootComponent - picking one arbitrarily
[2016.04.13-06.33.36:186][162]LogWorld: Bringing up level for play took: 0.001106
[2016.04.13-06.33.36:247][162]PIE: Info Play in editor start time for /Temp/UEDPIE_0_Untitled_1 1.033
[2016.04.13-06.33.36:259][163]LogRenderer: Reallocating scene render targets to support 1280x944 (Frame:7).
[2016.04.13-06.33.39:760][562]LogParticles: Destroying 0 GPU particle simulations for FXSystem 0x000002A9C0DDF600
[2016.04.13-06.34.00:630][ 57]LogAIModule: Creating AISystem for world Level_1
[2016.04.13-06.34.58:924][ 57]Cmd: OBJ SAVEPACKAGE PACKAGE="/Game/TBStrategyGrids/Blueprints/LevelGrid" FILE="../../../../../../Documents/Unreal Projects/KND/Content/TBStrategyGrids/Blueprints/LevelGrid.uasset" SILENT=true
[2016.04.13-06.35.00:435][ 57]LogSavePackage: Save=1499.995483ms
[2016.04.13-06.35.00:435][ 57]LogSavePackage: Moving '../../../../../../Documents/Unreal Projects/KND/Saved/LevelGrid79FE518B4A56251F87700EBC1D69196B.tmp' to '../../../../../../Documents/Unreal Projects/KND/Content/TBStrategyGrids/Blueprints/LevelGrid.uasset'
[2016.04.13-06.35.00:438][ 57]LogSavePackage: Total save time: 1513.537202ms
[2016.04.13-06.35.00:438][ 57]LogSavePackage:Display: Finished SavePackage ../../../../../../Documents/Unreal Projects/KND/Content/TBStrategyGrids/Blueprints/LevelGrid.uasset
[2016.04.13-06.35.00:440][ 57]Cmd: MAP LOAD FILE="../../../../../../Documents/Unreal Projects/KND/Content/Level_1.umap" TEMPLATE=0 SHOWPROGRESS=1 FEATURELEVEL=3
[2016.04.13-06.35.00:440][ 57]LightingResults: New page: Lighting Build
[2016.04.13-06.35.00:470][ 57]LoadErrors: New page: Loading map: Level_1.umap
[2016.04.13-06.35.00:471][ 57]MapCheck: New page: Map Check
[2016.04.13-06.35.00:471][ 57]LightingResults: New page: Lighting Build
[2016.04.13-06.35.00:487][ 57]LogParticles: Destroying 0 GPU particle simulations for FXSystem 0x000002A9F3EE34C0
[2016.04.13-06.35.00:573][ 57]LogEditorServer: Finished looking for orphan Actors (0.000 secs)
[2016.04.13-06.35.00:599][ 57]Cmd: MAP CHECKDEP NOCLEARLOG
[2016.04.13-06.35.00:664][ 57]MapCheck: Info Map check complete: 0 Error(s), 0 Warning(s), took 65.298ms to complete.
[2016.04.13-06.35.00:664][ 57]LogFileHelpers: Loading map 'Level_1' took 0.226
[2016.04.13-06.35.06:873][778]LogLinker:Warning: Asset '../../../../../../Documents/Unreal Projects/KND/Content/TBStrategyGrids/Materials/M_SimpleTranslucent.uasset' has been saved with empty engine version. The asset will be loaded but may be incompatible.
[2016.04.13-06.35.07:086][778]LogLinker:Warning: Asset '../../../../../../Documents/Unreal Projects/KND/Content/TBStrategyGrids/Meshes/Shape_Cube.uasset' has been saved with empty engine version. The asset will be loaded but may be incompatible.
[2016.04.13-06.35.07:087][778]LogLinker:Warning: Asset '../../../../../../Documents/Unreal Projects/KND/Content/TBStrategyGrids/Meshes/Shape_Cylinder.uasset' has been saved with empty engine version. The asset will be loaded but may be incompatible.
[2016.04.13-06.35.07:481][778]LogAIModule: Creating AISystem for world Level_1_InProgress
[2016.04.13-06.35.07:694][778]Cmd: MAP LOAD FILE="../../../../../../Documents/Unreal Projects/KND/Content/Level_1_InProgress.umap" TEMPLATE=0 SHOWPROGRESS=1 FEATURELEVEL=3
[2016.04.13-06.35.07:694][778]LightingResults: New page: Lighting Build
[2016.04.13-06.35.07:716][778]LoadErrors: New page: Loading map: Level_1_InProgress.umap
[2016.04.13-06.35.07:717][778]MapCheck: New page: Map Check
[2016.04.13-06.35.07:717][778]LightingResults: New page: Lighting Build
[2016.04.13-06.35.07:744][778]LogParticles: Destroying 0 GPU particle simulations for FXSystem 0x000002A9A44B54E0
[2016.04.13-06.35.07:984][778]LogEditorServer: Finished looking for orphan Actors (0.000 secs)
[2016.04.13-06.35.08:001][778]Cmd: MAP CHECKDEP NOCLEARLOG
[2016.04.13-06.35.08:070][778]MapCheck: Info Map check complete: 0 Error(s), 0 Warning(s), took 68.963ms to complete.
[2016.04.13-06.35.08:070][778]LogFileHelpers: Loading map 'Level_1_InProgress' took 0.378
[2016.04.13-06.35.09:960][  4]LogEditorViewport: Clicking on Actor (LMB): LevelGrid_C (LevelGrid)
[2016.04.13-06.35.28:009][142]LogBlueprintUserMessages: Early PlayInEditor Detection: Level '/Game/Level_1_InProgress.Level_1_InProgress:PersistentLevel' has LevelScriptBlueprint '/Game/Level_1_InProgress.Level_1_InProgress:PersistentLevel.Level_1_InProgress' with GeneratedClass '/Game/Level_1_InProgress.Level_1_InProgress_C' with ClassGeneratedBy '/Game/Level_1_InProgress.Level_1_InProgress:PersistentLevel.Level_1_InProgress'
[2016.04.13-06.35.28:009][142]LogPlayLevel: PlayLevel: No blueprints needed recompiling
[2016.04.13-06.35.28:009][142]PIE: New page: PIE session: Level_1_InProgress (Apr 12, 2016, 8:35:28 PM)
[2016.04.13-06.35.28:009][142]LogPlayLevel: Creating play world package: /Game/UEDPIE_0_Level_1_InProgress
[2016.04.13-06.35.28:014][142]LogPlayLevel: PIE: StaticDuplicateObject took: (0.005006s)
[2016.04.13-06.35.28:015][142]LogAIModule: Creating AISystem for world Level_1_InProgress
[2016.04.13-06.35.28:015][142]LogPlayLevel: PIE: World Init took: (0.000413s)
[2016.04.13-06.35.28:015][142]LogPlayLevel: PIE: Created PIE world by copying editor world from /Game/Level_1_InProgress.Level_1_InProgress to /Game/UEDPIE_0_Level_1_InProgress.Level_1_InProgress (0.005561s)
[2016.04.13-06.35.28:049][142]LogInit: XAudio2 using 'Speakers (Realtek High Definition Audio)' : 2 channels at 48 kHz using 32 bits per sample (channel mask 0x3)
[2016.04.13-06.35.28:088][142]LogInit: FAudioDevice initialized.
[2016.04.13-06.35.28:126][142]LogWorld: Game class is 'ExampleGameMode_C'
[2016.04.13-06.35.28:128][142]LogWorld: Bringing World /Game/UEDPIE_0_Level_1_InProgress.Level_1_InProgress up for play (max tick rate 0) at 2016.04.13-01.35.28
[2016.04.13-06.35.28:128][142]LogActor:Warning: GameSession /Game/UEDPIE_0_Level_1_InProgress.Level_1_InProgress:PersistentLevel.GameSession_1 has natively added scene component(s), but none of them were set as the actor's RootComponent - picking one arbitrarily
[2016.04.13-06.35.28:128][142]LogActor:Warning: GameNetworkManager /Game/UEDPIE_0_Level_1_InProgress.Level_1_InProgress:PersistentLevel.GameNetworkManager_1 has natively added scene component(s), but none of them were set as the actor's RootComponent - picking one arbitrarily
[2016.04.13-06.35.28:128][142]LogWorld: Bringing up level for play took: 0.001426
[2016.04.13-06.35.28:139][142]PIE: Info Play in editor start time for /Game/UEDPIE_0_Level_1_InProgress 0.926
[2016.04.13-06.35.28:139][142]LogBlueprintUserMessages: Late PlayInEditor Detection: Level '/Game/Level_1_InProgress.Level_1_InProgress:PersistentLevel' has LevelScriptBlueprint '/Game/Level_1_InProgress.Level_1_InProgress:PersistentLevel.Level_1_InProgress' with GeneratedClass '/Game/Level_1_InProgress.Level_1_InProgress_C' with ClassGeneratedBy '/Game/Level_1_InProgress.Level_1_InProgress:PersistentLevel.Level_1_InProgress'
[2016.04.13-06.35.38:202][344]LogBlueprintUserMessages: Early EndPlayMap Detection: Level '/Game/Level_1_InProgress.Level_1_InProgress:PersistentLevel' has LevelScriptBlueprint '/Game/Level_1_InProgress.Level_1_InProgress:PersistentLevel.Level_1_InProgress' with GeneratedClass '/Game/Level_1_InProgress.Level_1_InProgress_C' with ClassGeneratedBy '/Game/Level_1_InProgress.Level_1_InProgress:PersistentLevel.Level_1_InProgress'
[2016.04.13-06.35.38:238][344]LogBlueprintUserMessages: Late EndPlayMap Detection: Level '/Game/Level_1_InProgress.Level_1_InProgress:PersistentLevel' has LevelScriptBlueprint '/Game/Level_1_InProgress.Level_1_InProgress:PersistentLevel.Level_1_InProgress' with GeneratedClass '/Game/Level_1_InProgress.Level_1_InProgress_C' with ClassGeneratedBy '/Game/Level_1_InProgress.Level_1_InProgress:PersistentLevel.Level_1_InProgress'
[2016.04.13-06.35.38:263][344]LogParticles: Destroying 0 GPU particle simulations for FXSystem 0x000002A9ABFA1BC0
[2016.04.13-06.38.17:969][488]LogEditorViewport: Clicking on Actor (LMB): LevelGrid_C (LevelGrid)
[2016.04.13-06.45.17:038][637]LogSavePackage: Save=79.928726ms
[2016.04.13-06.45.17:038][637]LogSavePackage: Moving '../../../../../../Documents/Unreal Projects/KND/Saved/Level_1_InProgress_Auto12F11661346E730B54C949DBDA352B6B9.tmp' to '../../../../../../Documents/Unreal Projects/KND/Saved/Autosaves/Game/Level_1_InProgress_Auto1.umap'
[2016.04.13-06.45.17:040][637]LogSavePackage: Total save time: 84.598899ms
[2016.04.13-06.45.17:040][637]LogSavePackage:Display: Finished SavePackage ../../../../../../Documents/Unreal Projects/KND/Saved/Autosaves/Game/Level_1_InProgress_Auto1.umap
[2016.04.13-06.45.17:041][637]LogFileHelpers: Editor autosave (incl. sublevels) for '/Game/Level_1_InProgress' took 0.121
[2016.04.13-06.45.17:041][637]LogFileHelpers: Editor autosave (incl. sublevels) for all levels took 0.121
[2016.04.13-06.49.49:596][250]LogBlueprintUserMessages: Early PlayInEditor Detection: Level '/Game/Level_1_InProgress.Level_1_InProgress:PersistentLevel' has LevelScriptBlueprint '/Game/Level_1_InProgress.Level_1_InProgress:PersistentLevel.Level_1_InProgress' with GeneratedClass '/Game/Level_1_InProgress.Level_1_InProgress_C' with ClassGeneratedBy '/Game/Level_1_InProgress.Level_1_InProgress:PersistentLevel.Level_1_InProgress'
[2016.04.13-06.49.49:596][250]LogPlayLevel: PlayLevel: No blueprints needed recompiling
[2016.04.13-06.49.49:596][250]PIE: New page: PIE session: Level_1_InProgress (Apr 12, 2016, 8:49:49 PM)
[2016.04.13-06.49.49:596][250]LogPlayLevel: Creating play world package: /Game/UEDPIE_0_Level_1_InProgress
[2016.04.13-06.49.49:601][250]LogPlayLevel: PIE: StaticDuplicateObject took: (0.005439s)
[2016.04.13-06.49.49:602][250]LogAIModule: Creating AISystem for world Level_1_InProgress
[2016.04.13-06.49.49:602][250]LogPlayLevel: PIE: World Init took: (0.000502s)
[2016.04.13-06.49.49:602][250]LogPlayLevel: PIE: Created PIE world by copying editor world from /Game/Level_1_InProgress.Level_1_InProgress to /Game/UEDPIE_0_Level_1_InProgress.Level_1_InProgress (0.006087s)
[2016.04.13-06.49.49:640][250]LogInit: XAudio2 using 'Speakers (Realtek High Definition Audio)' : 2 channels at 48 kHz using 32 bits per sample (channel mask 0x3)
[2016.04.13-06.49.49:682][250]LogInit: FAudioDevice initialized.
[2016.04.13-06.49.49:757][250]LogWorld: Game class is 'ExampleGameMode_C'
[2016.04.13-06.49.49:759][250]LogWorld: Bringing World /Game/UEDPIE_0_Level_1_InProgress.Level_1_InProgress up for play (max tick rate 0) at 2016.04.13-01.49.49
[2016.04.13-06.49.49:759][250]LogActor:Warning: GameSession /Game/UEDPIE_0_Level_1_InProgress.Level_1_InProgress:PersistentLevel.GameSession_2 has natively added scene component(s), but none of them were set as the actor's RootComponent - picking one arbitrarily
[2016.04.13-06.49.49:759][250]LogActor:Warning: GameNetworkManager /Game/UEDPIE_0_Level_1_InProgress.Level_1_InProgress:PersistentLevel.GameNetworkManager_2 has natively added scene component(s), but none of them were set as the actor's RootComponent - picking one arbitrarily
[2016.04.13-06.49.49:759][250]LogWorld: Bringing up level for play took: 0.001718
[2016.04.13-06.49.49:759][250]LogGameMode: Warning - PATHS NOT DEFINED or NO PLAYERSTART with positive rating
[2016.04.13-06.49.49:793][250]PIE: Info Play in editor start time for /Game/UEDPIE_0_Level_1_InProgress 0.579
[2016.04.13-06.49.49:793][250]LogBlueprintUserMessages: Late PlayInEditor Detection: Level '/Game/Level_1_InProgress.Level_1_InProgress:PersistentLevel' has LevelScriptBlueprint '/Game/Level_1_InProgress.Level_1_InProgress:PersistentLevel.Level_1_InProgress' with GeneratedClass '/Game/Level_1_InProgress.Level_1_InProgress_C' with ClassGeneratedBy '/Game/Level_1_InProgress.Level_1_InProgress:PersistentLevel.Level_1_InProgress'
[2016.04.13-06.49.56:892][ 83]LogBlueprintUserMessages: Early EndPlayMap Detection: Level '/Game/Level_1_InProgress.Level_1_InProgress:PersistentLevel' has LevelScriptBlueprint '/Game/Level_1_InProgress.Level_1_InProgress:PersistentLevel.Level_1_InProgress' with GeneratedClass '/Game/Level_1_InProgress.Level_1_InProgress_C' with ClassGeneratedBy '/Game/Level_1_InProgress.Level_1_InProgress:PersistentLevel.Level_1_InProgress'
[2016.04.13-06.49.56:954][ 83]LogBlueprintUserMessages: Late EndPlayMap Detection: Level '/Game/Level_1_InProgress.Level_1_InProgress:PersistentLevel' has LevelScriptBlueprint '/Game/Level_1_InProgress.Level_1_InProgress:PersistentLevel.Level_1_InProgress' with GeneratedClass '/Game/Level_1_InProgress.Level_1_InProgress_C' with ClassGeneratedBy '/Game/Level_1_InProgress.Level_1_InProgress:PersistentLevel.Level_1_InProgress'
[2016.04.13-06.49.56:977][ 83]LogParticles: Destroying 0 GPU particle simulations for FXSystem 0x000002A9AEAD3D80
[2016.04.13-13.35.47:427][301]LogParticles: Destroying 0 GPU particle simulations for FXSystem 0x000002A9A6DFAE80
[2016.04.13-13.35.50:436][301]Cmd: OBJ SAVEPACKAGE PACKAGE="/Game/Level_1_InProgress" FILE="../../../../../../Documents/Unreal Projects/KND/Content/Level_1_InProgress.umap" SILENT=true AUTOSAVING=false KEEPDIRTY=false
[2016.04.13-13.35.50:562][301]LogSavePackage: Save=87.191093ms
[2016.04.13-13.35.50:562][301]LogSavePackage: Moving '../../../../../../Documents/Unreal Projects/KND/Saved/Level_1_InProgress75359BB542C36F6A4BA325A8087E1578.tmp' to '../../../../../../Documents/Unreal Projects/KND/Content/Level_1_InProgress.umap'
[2016.04.13-13.35.50:564][301]LogSavePackage: Total save time: 106.526796ms
[2016.04.13-13.35.50:564][301]LogSavePackage:Display: Finished SavePackage ../../../../../../Documents/Unreal Projects/KND/Content/Level_1_InProgress.umap
[2016.04.13-13.35.50:593][301]LogFileHelpers: Saving map 'Level_1_InProgress' took 0.332
[2016.04.13-13.35.51:032][302]Cmd: QUIT_EDITOR
[2016.04.13-13.35.51:414][302]LogWindowsTextInputMethodSystem:Display: IME system now deactivated.
[2016.04.13-13.35.51:499][302]LogExit: Preparing to exit.
[2016.04.13-13.35.51:885][302]LogExit: Editor shut down
[2016.04.13-13.35.51:885][302]LogExit: Transaction tracking system shut down
[2016.04.13-13.35.51:886][302]LogParticles: Destroying 0 GPU particle simulations for FXSystem 0x000002A99126B880
[2016.04.13-13.35.51:886][302]LogParticles: Destroying 0 GPU particle simulations for FXSystem 0x000002A991747E20
[2016.04.13-13.35.51:916][302]LogParticles: Destroying 0 GPU particle simulations for FXSystem 0x000002A9C0BBD1C0
[2016.04.13-13.35.51:918][302]LogParticles: Destroying 0 GPU particle simulations for FXSystem 0x000002A9B5D22A20
[2016.04.13-13.35.52:374][302]LogExit: Object subsystem successfully closed.
[2016.04.13-13.35.52:568][302]LogD3D11RHI: Shutdown
[2016.04.13-13.35.52:568][302]LogD3D11RHI: CleanupD3DDevice
[2016.04.13-13.35.52:661][302]LogD3D11RHI: ~FD3D11DynamicRHI
[2016.04.13-13.35.52:816][302]LogModuleManager: Shutting down and abandoning module CookingStats (200)
[2016.04.13-13.35.52:816][302]LogModuleManager: Shutting down and abandoning module BlueprintGraph (199)
[2016.04.13-13.35.52:816][302]LogModuleManager: Shutting down and abandoning module CrashTracker (198)
[2016.04.13-13.35.52:816][302]LogModuleManager: Shutting down and abandoning module SceneOutliner (197)
[2016.04.13-13.35.52:816][302]LogModuleManager: Shutting down and abandoning module SuperSearch (196)
[2016.04.13-13.35.52:816][302]LogModuleManager: Shutting down and abandoning module WidgetCarousel (195)
[2016.04.13-13.35.52:816][302]LogModuleManager: Shutting down and abandoning module AddContentDialog (194)
[2016.04.13-13.35.52:818][302]LogModuleManager: Shutting down and abandoning module EditorWidgets (193)
[2016.04.13-13.35.52:818][302]LogModuleManager: Shutting down and abandoning module CollectionManager (192)
[2016.04.13-13.35.52:818][302]LogModuleManager: Shutting down and abandoning module StatsViewer (191)
[2016.04.13-13.35.52:818][302]LogModuleManager: Shutting down and abandoning module FoliageEdit (190)
[2016.04.13-13.35.52:818][302]LogModuleManager: Shutting down and abandoning module LandscapeEditor (189)
[2016.04.13-13.35.52:818][302]LogModuleManager: Shutting down and abandoning module ActorPickerMode (188)
[2016.04.13-13.35.52:818][302]LogModuleManager: Shutting down and abandoning module GeometryMode (187)
[2016.04.13-13.35.52:818][302]LogModuleManager: Shutting down and abandoning module TextureAlignMode (186)
[2016.04.13-13.35.52:818][302]LogModuleManager: Shutting down and abandoning module BspMode (185)
[2016.04.13-13.35.52:818][302]LogModuleManager: Shutting down and abandoning module PlacementMode (184)
[2016.04.13-13.35.52:818][302]LogModuleManager: Shutting down and abandoning module AutomationWorker (183)
[2016.04.13-13.35.52:818][302]LogModuleManager: Shutting down and abandoning module CharacterAI (182)
[2016.04.13-13.35.52:818][302]LogModuleManager: Shutting down and abandoning module SmartSnapping (181)
[2016.04.13-13.35.52:818][302]LogModuleManager: Shutting down and abandoning module ViewportSnapping (180)
[2016.04.13-13.35.52:818][302]LogModuleManager: Shutting down and abandoning module LogVisualizer (179)
[2016.04.13-13.35.52:818][302]LogModuleManager: Shutting down and abandoning module GameProjectGeneration (178)
[2016.04.13-13.35.52:818][302]LogModuleManager: Shutting down and abandoning module IntroTutorials (177)
[2016.04.13-13.35.52:818][302]LogModuleManager: Shutting down and abandoning module EditorLiveStreaming (176)
[2016.04.13-13.35.52:818][302]LogModuleManager: Shutting down and abandoning module IOSPlatformEditor (175)
[2016.04.13-13.35.52:818][302]LogModuleManager: Shutting down and abandoning module HTML5PlatformEditor (174)
[2016.04.13-13.35.52:818][302]LogModuleManager: Shutting down and abandoning module AndroidDeviceDetection (173)
[2016.04.13-13.35.53:445][302]LogModuleManager: Shutting down and abandoning module AndroidPlatformEditor (172)
[2016.04.13-13.35.53:445][302]LogModuleManager: Shutting down and abandoning module IOSRuntimeSettings (171)
[2016.04.13-13.35.53:445][302]LogModuleManager: Shutting down and abandoning module AndroidRuntimeSettings (170)
[2016.04.13-13.35.53:445][302]LogModuleManager: Shutting down and abandoning module MergeActors (169)
[2016.04.13-13.35.53:445][302]LogModuleManager: Shutting down and abandoning module SizeMap (168)
[2016.04.13-13.35.53:445][302]LogModuleManager: Shutting down and abandoning module TreeMap (167)
[2016.04.13-13.35.53:445][302]LogModuleManager: Shutting down and abandoning module ReferenceViewer (166)
[2016.04.13-13.35.53:445][302]LogModuleManager: Shutting down and abandoning module LocalizationService (165)
[2016.04.13-13.35.53:445][302]LogModuleManager: Shutting down and abandoning module LocalizationDashboard (164)
[2016.04.13-13.35.53:445][302]LogModuleManager: Shutting down and abandoning module HardwareTargeting (163)
[2016.04.13-13.35.53:445][302]LogModuleManager: Shutting down and abandoning module DeviceProfileEditor (162)
[2016.04.13-13.35.53:445][302]LogModuleManager: Shutting down and abandoning module UndoHistory (161)
[2016.04.13-13.35.53:445][302]LogModuleManager: Shutting down and abandoning module GameplayTagsEditor (160)
[2016.04.13-13.35.53:445][302]LogModuleManager: Shutting down and abandoning module UserFeedback (159)
[2016.04.13-13.35.53:445][302]LogModuleManager: Shutting down and abandoning module XmlParser (158)
[2016.04.13-13.35.53:445][302]LogModuleManager: Shutting down and abandoning module Blutility (157)
[2016.04.13-13.35.53:445][302]LogModuleManager: Shutting down and abandoning module ProjectTargetPlatformEditor (156)
[2016.04.13-13.35.53:445][302]LogModuleManager: Shutting down and abandoning module ProjectSettingsViewer (155)
[2016.04.13-13.35.53:445][302]LogModuleManager: Shutting down and abandoning module InputBindingEditor (154)
[2016.04.13-13.35.53:445][302]LogModuleManager: Shutting down and abandoning module EditorSettingsViewer (153)
[2016.04.13-13.35.53:445][302]LogModuleManager: Shutting down and abandoning module SettingsEditor (152)
[2016.04.13-13.35.53:445][302]LogModuleManager: Shutting down and abandoning module ProjectLauncher (151)
[2016.04.13-13.35.53:445][302]LogModuleManager: Shutting down and abandoning module SessionFrontend (150)
[2016.04.13-13.35.53:445][302]LogModuleManager: Shutting down and abandoning module ProfilerClient (149)
[2016.04.13-13.35.53:445][302]LogModuleManager: Shutting down and abandoning module TargetDeviceServices (148)
[2016.04.13-13.35.53:445][302]LogModuleManager: Shutting down and abandoning module DeviceManager (147)
[2016.04.13-13.35.53:446][302]LogModuleManager: Shutting down and abandoning module AutomationController (146)
[2016.04.13-13.35.53:446][302]LogModuleManager: Shutting down and abandoning module AutomationWindow (145)
[2016.04.13-13.35.53:446][302]LogModuleManager: Shutting down and abandoning module Layers (144)
[2016.04.13-13.35.53:446][302]LogModuleManager: Shutting down and abandoning module ComponentVisualizers (143)
[2016.04.13-13.35.53:446][302]LogModuleManager: Shutting down and abandoning module DetailCustomizations (142)
[2016.04.13-13.35.53:446][302]LogModuleManager: Shutting down and abandoning module PackagesDialog (141)
[2016.04.13-13.35.53:446][302]LogModuleManager: Shutting down and abandoning module Persona (140)
[2016.04.13-13.35.53:464][302]LogModuleManager: Shutting down and abandoning module Kismet (139)
[2016.04.13-13.35.53:464][302]LogModuleManager: Shutting down and abandoning module GraphEditor (138)
[2016.04.13-13.35.53:464][302]LogModuleManager: Shutting down and abandoning module ClassViewer (137)
[2016.04.13-13.35.53:464][302]LogModuleManager: Shutting down and abandoning module Toolbox (136)
[2016.04.13-13.35.53:464][302]LogModuleManager: Shutting down and abandoning module ModuleUI (135)
[2016.04.13-13.35.53:464][302]LogModuleManager: Shutting down and abandoning module MovieSceneTools (134)
[2016.04.13-13.35.53:464][302]LogModuleManager: Shutting down and abandoning module OutputLog (133)
[2016.04.13-13.35.53:464][302]LogModuleManager: Shutting down and abandoning module GammaUI (132)
[2016.04.13-13.35.53:464][302]LogModuleManager: Shutting down and abandoning module Documentation (131)
[2016.04.13-13.35.53:464][302]LogModuleManager: Shutting down and abandoning module GameLiveStreaming (130)
[2016.04.13-13.35.53:464][302]LogModuleManager: Shutting down and abandoning module StreamingPauseRendering (129)
[2016.04.13-13.35.53:464][302]LogModuleManager: Shutting down and abandoning module AnalyticsET (128)
[2016.04.13-13.35.53:464][302]LogModuleManager: Shutting down and abandoning module Analytics (127)
[2016.04.13-13.35.53:464][302]LogModuleManager: Shutting down and abandoning module AITestSuite (126)
[2016.04.13-13.35.53:464][302]LogModuleManager: Shutting down and abandoning module GameplayDebugger (125)
[2016.04.13-13.35.53:464][302]LogModuleManager: Shutting down and abandoning module AIModule (124)
[2016.04.13-13.35.53:464][302]LogModuleManager: Shutting down and abandoning module ProfilerService (123)
[2016.04.13-13.35.53:704][302]LogModuleManager: Shutting down and abandoning module TaskGraph (122)
[2016.04.13-13.35.53:704][302]LogModuleManager: Shutting down and abandoning module SlateRemote (121)
[2016.04.13-13.35.53:704][302]LogModuleManager: Shutting down and abandoning module SteamVRController (120)
[2016.04.13-13.35.53:704][302]LogModuleManager: Shutting down and abandoning module SteamVR (119)
[2016.04.13-13.35.53:704][302]LogModuleManager: Shutting down and abandoning module ProceduralMeshComponent (118)
[2016.04.13-13.35.53:704][302]LogModuleManager: Shutting down and abandoning module OculusLibrary (117)
[2016.04.13-13.35.53:704][302]LogModuleManager: Shutting down and abandoning module OculusInput (116)
[2016.04.13-13.35.53:704][302]LogModuleManager: Shutting down and abandoning module LeapMotionController (115)
[2016.04.13-13.35.53:739][302]LogModuleManager: Shutting down and abandoning module CustomMeshComponent (114)
[2016.04.13-13.35.53:739][302]LogModuleManager: Shutting down and abandoning module CableComponent (113)
[2016.04.13-13.35.53:739][302]LogModuleManager: Shutting down and abandoning module ArchVisCharacter (112)
[2016.04.13-13.35.53:739][302]LogModuleManager: Shutting down and abandoning module MessagingDebugger (111)
[2016.04.13-13.35.53:760][302]LogModuleManager: Shutting down and abandoning module MediaPlayerEditor (110)
[2016.04.13-13.35.53:772][302]LogModuleManager: Shutting down and abandoning module HTML5Networking (109)
[2016.04.13-13.35.53:772][302]LogModuleManager: Shutting down and abandoning module SpeedTreeImporter (108)
[2016.04.13-13.35.53:772][302]LogModuleManager: Shutting down and abandoning module PluginBrowser (107)
[2016.04.13-13.35.53:785][302]LogModuleManager: Shutting down and abandoning module EpicSurvey (106)
[2016.04.13-13.35.53:793][302]LogModuleManager: Shutting down and abandoning module DesktopPlatform (105)
[2016.04.13-13.35.53:793][302]LogModuleManager: Shutting down and abandoning module VisualStudioSourceCodeAccess (104)
[2016.04.13-13.35.53:793][302]LogModuleManager: Shutting down and abandoning module UObjectPlugin (103)
[2016.04.13-13.35.53:793][302]LogModuleManager: Shutting down and abandoning module SubversionSourceControl (102)
[2016.04.13-13.35.53:801][302]LogModuleManager: Shutting down and abandoning module PerforceSourceControl (101)
[2016.04.13-13.35.53:815][302]LogModuleManager: Shutting down and abandoning module SourceControl (100)
[2016.04.13-13.35.53:815][302]LogModuleManager: Shutting down and abandoning module GitSourceControl (99)
[2016.04.13-13.35.53:819][302]LogModuleManager: Shutting down and abandoning module LightPropagationVolumeEditor (98)
[2016.04.13-13.35.53:819][302]LogModuleManager: Shutting down and abandoning module PaperTiledImporter (97)
[2016.04.13-13.35.53:819][302]LogModuleManager: Shutting down and abandoning module PaperSpriteSheetImporter (96)
[2016.04.13-13.35.53:819][302]LogModuleManager: Shutting down and abandoning module MeshPaint (95)
[2016.04.13-13.35.53:819][302]LogModuleManager: Shutting down and abandoning module SlateReflector (94)
[2016.04.13-13.35.53:819][302]LogModuleManager: Shutting down and abandoning module HotReload (93)
[2016.04.13-13.35.53:819][302]LogModuleManager: Shutting down and abandoning module MainFrame (92)
[2016.04.13-13.35.53:819][302]LogModuleManager: Shutting down and abandoning module LevelEditor (91)
[2016.04.13-13.35.53:826][302]LogModuleManager: Shutting down and abandoning module DirectoryWatcher (90)
[2016.04.13-13.35.53:827][302]LogModuleManager: Shutting down and abandoning module AssetRegistry (89)
[2016.04.13-13.35.53:959][302]LogModuleManager: Shutting down and abandoning module ContentBrowser (88)
[2016.04.13-13.35.53:959][302]LogModuleManager: Shutting down and abandoning module Paper2DEditor (87)
[2016.04.13-13.35.53:993][302]LogModuleManager: Shutting down and abandoning module UdpMessaging (86)
[2016.04.13-13.35.54:094][302]LogModuleManager: Shutting down and abandoning module LightPropagationVolumeRuntime (85)
[2016.04.13-13.35.54:094][302]LogModuleManager: Shutting down and abandoning module Paper2D (84)
[2016.04.13-13.35.54:094][302]LogModuleManager: Shutting down and abandoning module WindowsMoviePlayer (83)
[2016.04.13-13.35.54:096][302]LogModuleManager: Shutting down and abandoning module Media (82)
[2016.04.13-13.35.54:096][302]LogModuleManager: Shutting down and abandoning module WmfMedia (81)
[2016.04.13-13.35.54:111][302]LogModuleManager: Shutting down and abandoning module OnlineBlueprintSupport (80)
[2016.04.13-13.35.54:111][302]LogModuleManager: Shutting down and abandoning module GameplayTasksEditor (79)
[2016.04.13-13.35.54:111][302]LogModuleManager: Shutting down and abandoning module PropertyEditor (78)
[2016.04.13-13.35.54:111][302]LogModuleManager: Shutting down and abandoning module BehaviorTreeEditor (77)
[2016.04.13-13.35.54:111][302]LogModuleManager: Shutting down and abandoning module FunctionalTesting (76)
[2016.04.13-13.35.54:111][302]LogModuleManager: Shutting down and abandoning module CollisionAnalyzer (75)
[2016.04.13-13.35.54:111][302]LogModuleManager: Shutting down and abandoning module WorkspaceMenuStructure (74)
[2016.04.13-13.35.54:111][302]LogModuleManager: Shutting down and abandoning module MessageLog (73)
[2016.04.13-13.35.54:111][302]LogModuleManager: Shutting down and abandoning module Sequencer (72)
[2016.04.13-13.35.54:111][302]LogModuleManager: Shutting down and abandoning module AssetTools (71)
[2016.04.13-13.35.54:111][302]LogModuleManager: Shutting down and abandoning module UMGEditor (70)
[2016.04.13-13.35.54:118][302]LogModuleManager: Shutting down and abandoning module UMG (69)
[2016.04.13-13.35.54:118][302]LogModuleManager: Shutting down and abandoning module Slate (68)
[2016.04.13-13.35.54:118][302]LogModuleManager: Shutting down and abandoning module EditorStyle (67)
[2016.04.13-13.35.54:119][302]LogModuleManager: Shutting down and abandoning module SessionServices (66)
[2016.04.13-13.35.54:119][302]LogModuleManager: Shutting down and abandoning module SourceCodeAccess (65)
[2016.04.13-13.35.54:119][302]LogModuleManager: Shutting down and abandoning module HeadMountedDisplay (64)
[2016.04.13-13.35.54:119][302]LogModuleManager: Shutting down and abandoning module XAudio2 (63)
[2016.04.13-13.35.54:119][302]LogModuleManager: Shutting down and abandoning module Networking (61)
[2016.04.13-13.35.54:119][302]LogModuleManager: Shutting down and abandoning module Core (60)
[2016.04.13-13.35.54:119][302]LogModuleManager: Shutting down and abandoning module KismetCompiler (59)
[2016.04.13-13.35.54:119][302]LogModuleManager: Shutting down and abandoning module PhysXFormats (58)
[2016.04.13-13.35.54:120][302]LogModuleManager: Shutting down and abandoning module MeshUtilities (57)
[2016.04.13-13.35.54:120][302]LogModuleManager: Shutting down and abandoning module DerivedDataCache (56)
[2016.04.13-13.35.54:159][302]LogDerivedDataCache: Shutdown
[2016.04.13-13.35.54:159][302]LogModuleManager: Shutting down and abandoning module ShaderFormatOpenGL (55)
[2016.04.13-13.35.54:159][302]LogModuleManager: Shutting down and abandoning module ShaderFormatD3D (54)
[2016.04.13-13.35.54:159][302]LogModuleManager: Shutting down and abandoning module MetalShaderFormat (53)
[2016.04.13-13.35.54:159][302]LogModuleManager: Shutting down and abandoning module TextureFormatUncompressed (52)
[2016.04.13-13.35.54:159][302]LogModuleManager: Shutting down and abandoning module TextureFormatPVR (51)
[2016.04.13-13.35.54:159][302]LogModuleManager: Shutting down and abandoning module TextureFormatIntelISPCTexComp (50)
[2016.04.13-13.35.54:159][302]LogModuleManager: Shutting down and abandoning module TextureFormatDXT (49)
[2016.04.13-13.35.54:159][302]LogModuleManager: Shutting down and abandoning module ImageWrapper (48)
[2016.04.13-13.35.54:159][302]LogModuleManager: Shutting down and abandoning module TextureFormatASTC (47)
[2016.04.13-13.35.54:159][302]LogModuleManager: Shutting down and abandoning module TextureFormatAndroid (46)
[2016.04.13-13.35.54:159][302]LogModuleManager: Shutting down and abandoning module AudioFormatOpus (45)
[2016.04.13-13.35.54:159][302]LogModuleManager: Shutting down and abandoning module AudioFormatOgg (44)
[2016.04.13-13.35.54:159][302]LogModuleManager: Shutting down and abandoning module AudioFormatADPCM (43)
[2016.04.13-13.35.54:159][302]LogModuleManager: Shutting down and abandoning module LinuxTargetPlatform (42)
[2016.04.13-13.35.54:159][302]LogModuleManager: Shutting down and abandoning module LinuxServerTargetPlatform (41)
[2016.04.13-13.35.54:159][302]LogModuleManager: Shutting down and abandoning module LinuxNoEditorTargetPlatform (40)
[2016.04.13-13.35.54:159][302]LogModuleManager: Shutting down and abandoning module Messaging (39)
[2016.04.13-13.35.54:159][302]LogModuleManager: Shutting down and abandoning module IOSTargetPlatform (38)
[2016.04.13-13.35.54:159][302]LogModuleManager: Shutting down and abandoning module HTML5TargetPlatform (37)
[2016.04.13-13.35.54:159][302]LogModuleManager: Shutting down and abandoning module Android_PVRTCTargetPlatform (36)
[2016.04.13-13.35.54:159][302]LogModuleManager: Shutting down and abandoning module Android_MultiTargetPlatform (35)
[2016.04.13-13.35.54:159][302]LogModuleManager: Shutting down and abandoning module Android_ETC2TargetPlatform (34)
[2016.04.13-13.35.54:159][302]LogModuleManager: Shutting down and abandoning module Android_ETC1TargetPlatform (33)
[2016.04.13-13.35.54:159][302]LogModuleManager: Shutting down and abandoning module Android_DXTTargetPlatform (32)
[2016.04.13-13.35.54:159][302]LogModuleManager: Shutting down and abandoning module Android_ATCTargetPlatform (31)
[2016.04.13-13.35.54:159][302]LogModuleManager: Shutting down and abandoning module Android_ASTCTargetPlatform (30)
[2016.04.13-13.35.54:159][302]LogModuleManager: Shutting down and abandoning module AndroidTargetPlatform (29)
[2016.04.13-13.35.54:159][302]LogModuleManager: Shutting down and abandoning module WindowsTargetPlatform (28)
[2016.04.13-13.35.54:159][302]LogModuleManager: Shutting down and abandoning module WindowsServerTargetPlatform (27)
[2016.04.13-13.35.54:159][302]LogModuleManager: Shutting down and abandoning module WindowsNoEditorTargetPlatform (26)
[2016.04.13-13.35.54:159][302]LogModuleManager: Shutting down and abandoning module WindowsClientTargetPlatform (25)
[2016.04.13-13.35.54:159][302]LogModuleManager: Shutting down and abandoning module AllDesktopTargetPlatform (24)
[2016.04.13-13.35.54:159][302]LogModuleManager: Shutting down and abandoning module TargetPlatform (23)
[2016.04.13-13.35.54:159][302]LogModuleManager: Shutting down and abandoning module InputCore (22)
[2016.04.13-13.35.54:159][302]LogModuleManager: Shutting down and abandoning module Settings (21)
[2016.04.13-13.35.54:159][302]LogModuleManager: Shutting down and abandoning module OnlineSubsystem (19)
[2016.04.13-13.35.54:159][302]LogModuleManager: Shutting down and abandoning module HTTP (18)
[2016.04.13-13.35.56:163][302]LogModuleManager: Shutting down and abandoning module XMPP (17)
[2016.04.13-13.35.56:163][302]LogModuleManager: Shutting down and abandoning module OculusRift (16)
[2016.04.13-13.35.56:163][302]LogHMD: Oculus shutdown.
[2016.04.13-13.35.56:163][302]LogModuleManager: Shutting down and abandoning module ExampleDeviceProfileSelector (15)
[2016.04.13-13.35.56:163][302]LogModuleManager: Shutting down and abandoning module TextureCompressor (14)
[2016.04.13-13.35.56:163][302]LogModuleManager: Shutting down and abandoning module ShaderCore (13)
[2016.04.13-13.35.56:163][302]LogModuleManager: Shutting down and abandoning module Landscape (12)
[2016.04.13-13.35.56:163][302]LogModuleManager: Shutting down and abandoning module SlateRHIRenderer (11)
[2016.04.13-13.35.56:165][302]LogModuleManager: Shutting down and abandoning module OpenGLDrv (10)
[2016.04.13-13.35.56:165][302]LogModuleManager: Shutting down and abandoning module D3D11RHI (9)
[2016.04.13-13.35.56:165][302]LogModuleManager: Shutting down and abandoning module AnimGraphRuntime (8)
[2016.04.13-13.35.56:165][302]LogModuleManager: Shutting down and abandoning module Renderer (7)
[2016.04.13-13.35.56:165][302]LogModuleManager: Shutting down and abandoning module Engine (6)
[2016.04.13-13.35.56:165][302]LogModuleManager: Shutting down and abandoning module CoreUObject (5)
[2016.04.13-13.35.56:166][302]LogModuleManager: Shutting down and abandoning module NetworkFile (4)
[2016.04.13-13.35.56:166][302]LogModuleManager: Shutting down and abandoning module StreamingFile (3)
[2016.04.13-13.35.56:166][302]LogModuleManager: Shutting down and abandoning module SandboxFile (2)
[2016.04.13-13.35.56:166][302]LogModuleManager: Shutting down and abandoning module PakFile (1)
[2016.04.13-13.35.56:182][302]LogExit: Exiting.
[2016.04.13-13.35.56:183][302]Log file closed, 04/13/16 08:35:56
