[2016.04.21-02.18.17:037][  0]Log file open, 04/20/16 21:18:17
[2016.04.21-02.18.17:037][  0]LogInit:Display: Running engine for game: KND
[2016.04.21-02.18.17:037][  0]LogPlatformFile: Not using cached read wrapper
[2016.04.21-02.18.17:037][  0]LogInit:Display: RandInit(-1884496554) SRandInit(-1884496553).
[2016.04.21-02.18.17:037][  0]LogTaskGraph: Started task graph with 4 named threads and 7 total threads.
[2016.04.21-02.18.17:037][  0]LogStats: Stats thread started at 0.190642
[2016.04.21-02.18.17:037][  0]LogInit: Version: 4.10.4-2872498+++depot+UE4-Releases+4.10
[2016.04.21-02.18.17:037][  0]LogInit: API Version: 2758231
[2016.04.21-02.18.17:037][  0]LogInit: Compiled (64-bit): Feb 18 2016 15:47:04
[2016.04.21-02.18.17:037][  0]LogInit: Compiled with Visual C++: 19.00.23026.00
[2016.04.21-02.18.17:037][  0]LogInit: Build Configuration: Development
[2016.04.21-02.18.17:037][  0]LogInit: Branch Name: ++depot+UE4-Releases+4.10
[2016.04.21-02.18.17:037][  0]LogInit: Command line:  
[2016.04.21-02.18.17:037][  0]LogInit: Base directory: E:/Program Files (x86)/Epic Games/4.10/Engine/Binaries/Win64/
[2016.04.21-02.18.17:037][  0]LogInit: Rocket: 1
[2016.04.21-02.18.17:207][  0]LogInit: Using libcurl 7.41.0
[2016.04.21-02.18.17:207][  0]LogInit:  - built for x86_64-pc-win32
[2016.04.21-02.18.17:207][  0]LogInit:  - supports SSL with WinSSL
[2016.04.21-02.18.17:207][  0]LogInit:  - other features:
[2016.04.21-02.18.17:207][  0]LogInit:      CURL_VERSION_SSL
[2016.04.21-02.18.17:207][  0]LogInit:      CURL_VERSION_IPV6
[2016.04.21-02.18.17:207][  0]LogInit:      CURL_VERSION_ASYNCHDNS
[2016.04.21-02.18.17:207][  0]LogInit:      CURL_VERSION_LARGEFILE
[2016.04.21-02.18.17:207][  0]LogInit:      CURL_VERSION_IDN
[2016.04.21-02.18.17:207][  0]LogInit:  CurlRequestOptions (configurable via config and command line):
[2016.04.21-02.18.17:207][  0]LogInit:  - bVerifyPeer = true  - Libcurl will verify peer certificate
[2016.04.21-02.18.17:207][  0]LogInit:  - bUseHttpProxy = false  - Libcurl will NOT use HTTP proxy
[2016.04.21-02.18.17:207][  0]LogInit:  - bDontReuseConnections = false  - Libcurl will reuse connections
[2016.04.21-02.18.17:207][  0]LogInit:  - CertBundlePath = nullptr  - Libcurl will use whatever was configured at build time.
[2016.04.21-02.18.17:303][  0]LogInit: Presizing for 0 objects not considered by GC, pre-allocating 0 bytes.
[2016.04.21-02.18.17:308][  0]LogInit: Object subsystem initialized
[2016.04.21-02.18.17:309][  0]LogInit: Selected Device Profile: [Windows]
[2016.04.21-02.18.17:309][  0]LogInit: Applying CVar settings loaded from the selected device profile: [Windows]
[2016.04.21-02.18.17:348][  0]LogInit: Computer: RAGNOROK
[2016.04.21-02.18.17:348][  0]LogInit: User: GarrettJohnson
[2016.04.21-02.18.17:348][  0]LogInit: CPU Page size=4096, Cores=4
[2016.04.21-02.18.17:348][  0]LogInit: High frequency timer resolution =3.984652 MHz
[2016.04.21-02.18.17:348][  0]LogMemory: Memory total: Physical=15.9GB (16GB approx)
[2016.04.21-02.18.17:348][  0]LogMemory: Platform Memory Stats for Windows
[2016.04.21-02.18.17:348][  0]LogMemory: Process Physical Memory: 57.00 MB used, 57.00 MB peak
[2016.04.21-02.18.17:348][  0]LogMemory: Process Virtual Memory: 56.77 MB used, 56.77 MB peak
[2016.04.21-02.18.17:348][  0]LogMemory: Physical Memory: 7813.08 MB used, 16325.72 MB total
[2016.04.21-02.18.17:348][  0]LogMemory: Virtual Memory: 382.86 MB used, 134217728.00 MB total
[2016.04.21-02.18.17:763][  0]LogTextLocalizationManager: No specific translations for ('en-US') exist, so ('en') translations will be used.
[2016.04.21-02.18.18:174][  0]LogD3D11RHI: Found D3D11 adapter 0: NVIDIA GeForce GTX 760 (Feature Level 11_0)
[2016.04.21-02.18.18:174][  0]LogD3D11RHI: Adapter has 1989MB of dedicated video memory, 0MB of dedicated system memory, and 8162MB of shared system memory, 1 output[s]
[2016.04.21-02.18.18:175][  0]LogD3D11RHI: Found D3D11 adapter 1: Microsoft Basic Render Driver (Feature Level 11_0)
[2016.04.21-02.18.18:175][  0]LogD3D11RHI: Adapter has 0MB of dedicated video memory, 0MB of dedicated system memory, and 8162MB of shared system memory, 0 output[s]
[2016.04.21-02.18.18:175][  0]LogD3D11RHI: Chosen D3D11 Adapter Id = 0
[2016.04.21-02.18.18:180][  0]LogD3D11RHI: !Direct3DDevice
[2016.04.21-02.18.18:180][  0]LogRHI: Texture pool is 1361 MB (70% of 1945 MB)
[2016.04.21-02.18.18:192][  0]LogD3D11RHI: Async texture creation enabled
[2016.04.21-02.18.18:206][  0]LogShaderCompilers: Guid format shader working directory is -9 characters bigger than the processId version (../../../../../../Documents/Unreal Projects/Know_No_Demons/Intermediate/Shaders/WorkingDirectory/6756/).
[2016.04.21-02.18.18:206][  0]LogShaderCompilers: Cleaned the shader compiler working directory 'C:/Users/GARRET~1/AppData/Local/Temp/UnrealShaderWorkingDir/5E8F759D4EFCB5E9812F73A3A4B22C1F/'.
[2016.04.21-02.18.18:206][  0]LogShaderCompilers:Display: Using Local Shader Compiler.
[2016.04.21-02.18.20:520][  0]LogTemp:Display: Loaded TP AllDesktopTargetPlatform
[2016.04.21-02.18.20:526][  0]LogTemp:Display: Loaded TP WindowsClientTargetPlatform
[2016.04.21-02.18.20:533][  0]LogTemp:Display: Loaded TP WindowsNoEditorTargetPlatform
[2016.04.21-02.18.20:538][  0]LogTemp:Display: Loaded TP WindowsServerTargetPlatform
[2016.04.21-02.18.20:541][  0]LogTemp:Display: Loaded TP WindowsTargetPlatform
[2016.04.21-02.18.20:545][  0]LogTemp:Display: Loaded TP AndroidTargetPlatform
[2016.04.21-02.18.20:547][  0]LogTemp:Display: Loaded TP Android_ASTCTargetPlatform
[2016.04.21-02.18.20:549][  0]LogTemp:Display: Loaded TP Android_ATCTargetPlatform
[2016.04.21-02.18.20:551][  0]LogTemp:Display: Loaded TP Android_DXTTargetPlatform
[2016.04.21-02.18.20:553][  0]LogTemp:Display: Loaded TP Android_ETC1TargetPlatform
[2016.04.21-02.18.20:555][  0]LogTemp:Display: Loaded TP Android_ETC2TargetPlatform
[2016.04.21-02.18.20:559][  0]LogTemp:Display: Loaded TP Android_MultiTargetPlatform
[2016.04.21-02.18.20:559][  0]LogTemp:Display: Loaded TP Android_PVRTCTargetPlatform
[2016.04.21-02.18.20:560][  0]LogTemp:Display: Loaded TP HTML5TargetPlatform
[2016.04.21-02.18.20:629][  0]LogTemp:Display: Loaded TP IOSTargetPlatform
[2016.04.21-02.18.20:631][  0]LogTemp:Display: Loaded TP LinuxNoEditorTargetPlatform
[2016.04.21-02.18.20:633][  0]LogTemp:Display: Loaded TP LinuxServerTargetPlatform
[2016.04.21-02.18.20:636][  0]LogTemp:Display: Loaded TP LinuxTargetPlatform
[2016.04.21-02.18.20:636][  0]LogTargetPlatformManager:Display: Building Assets For Windows
[2016.04.21-02.18.21:640][  0]LogDerivedDataCache:Display: Max Cache Size: 512 MB
[2016.04.21-02.18.21:757][  0]LogDerivedDataCache: Loaded boot cache 0.12s 41MB C:/Users/Garrett Johnson/AppData/Local/UnrealEngine/4.10/DerivedDataCache/Boot.ddc.
[2016.04.21-02.18.21:757][  0]LogDerivedDataCache:Display: Loaded Boot cache: C:/Users/Garrett Johnson/AppData/Local/UnrealEngine/4.10/DerivedDataCache/Boot.ddc
[2016.04.21-02.18.21:757][  0]LogDerivedDataCache: FDerivedDataBackendGraph:  Pak pak cache file ../../../../../../Documents/Unreal Projects/Know_No_Demons/DerivedDataCache/DDC.ddp not found, will not use a pak cache.
[2016.04.21-02.18.21:757][  0]LogDerivedDataCache: Unable to find inner node Pak for hierarchical cache Hierarchy.
[2016.04.21-02.18.21:757][  0]LogDerivedDataCache: FDerivedDataBackendGraph:  CompressedPak pak cache file ../../../../../../Documents/Unreal Projects/Know_No_Demons/DerivedDataCache/Compressed.ddp not found, will not use a pak cache.
[2016.04.21-02.18.21:757][  0]LogDerivedDataCache: Unable to find inner node CompressedPak for hierarchical cache Hierarchy.
[2016.04.21-02.18.22:230][  0]LogDerivedDataCache:Display: Pak cache opened for reading ../../../Engine/DerivedDataCache/Compressed.ddp.
[2016.04.21-02.18.22:243][  0]LogDerivedDataCache: Using Local data cache path C:/Users/Garrett Johnson/AppData/Local/UnrealEngine/Common/DerivedDataCache: Writable
[2016.04.21-02.18.40:665][  0]LogInit: Selected Device Profile: [Windows]
[2016.04.21-02.18.40:769][  0]LogContentStreaming: Texture pool size is 0.000000MB
[2016.04.21-02.18.42:107][  0]LogMeshUtilities: No automatic mesh reduction module available
[2016.04.21-02.18.42:107][  0]LogMeshUtilities: No automatic mesh merging module available
[2016.04.21-02.18.47:227][  0]LogInit: WinSock: version 1.1 (2.2), MaxSocks=32767, MaxUdp=65467
[2016.04.21-02.19.20:551][  0]UdpMessaging: Initializing bridge on interface 0.0.0.0:0 to multicast group 230.0.0.1:6666.
[2016.04.21-02.19.21:895][  0]LogAssetRegistry: FAssetRegistry took 0.0106 seconds to start up
[2016.04.21-02.19.30:627][  0]SourceControl: Info Source control is disabled
[2016.04.21-02.19.30:666][  0]SourceControl: Info Source control is disabled
[2016.04.21-02.19.30:673][  0]SourceControl: Info Source control is disabled
[2016.04.21-02.19.30:680][  0]SourceControl: Info Source control is disabled
[2016.04.21-02.19.34:518][  0]LogObj: 28633 objects as part of root set at end of initial load.
[2016.04.21-02.19.34:518][  0]LogUObjectAllocator: 6099752 out of 0 bytes used by permanent object pool.
[2016.04.21-02.19.36:474][  0]LogEngine: Initializing Engine...
[2016.04.21-02.19.37:153][  0]OCULUS: Info: 04/21/16 02:19:37: [CAPI] LibOVR module is located at C:\WINDOWS\SYSTEM32\LibOVRRT64_0_8.dll

[2016.04.21-02.19.37:154][  0]OCULUS: Info: 04/21/16 02:19:37: [IPC] Call Stats for SetInitialState : x1: C2S=12.0462, S2C=3.51348, Runtime=54.459 (microseconds) C2Ssize=80, S2Csize=81 (bytes)

[2016.04.21-02.19.37:154][  0]OCULUS: Info: 04/21/16 02:19:37: [IPC] Call Stats for IsLatencyTesterAvailable : x1: C2S=4.26637, S2C=1.75674, Runtime=1.00385 (microseconds) C2Ssize=33, S2Csize=18 (bytes)

[2016.04.21-02.19.37:249][  0]LogHMD: SteamVR failed to initialize.  Err: 110
[2016.04.21-02.19.41:039][  0]LogAIModule: Creating AISystem for world NewWorld
[2016.04.21-02.19.42:196][  0]LogInit: XAudio2 using 'Speakers (Realtek High Definition Audio)' : 2 channels at 48 kHz using 32 bits per sample (channel mask 0x3)
[2016.04.21-02.19.42:285][  0]LogInit: FAudioDevice initialized.
[2016.04.21-02.19.42:304][  0]LogDerivedDataCache: Saved boot cache 0.02s 41MB C:/Users/Garrett Johnson/AppData/Local/UnrealEngine/4.10/DerivedDataCache/Boot.ddc.
[2016.04.21-02.19.42:307][  0]LogInit: Texture streaming: Enabled
[2016.04.21-02.19.42:379][  0]LogAnalytics: Creating configured Analytics provider AnalyticsET
[2016.04.21-02.19.42:379][  0]LogAnalytics: [UEEditor.Rocket.Release] APIServer = http://et2.epicgames.com/ET2/. AppVersion = 4.10.4-2872498+++depot+UE4-Releases+4.10
[2016.04.21-02.19.42:379][  0]LogAnalytics: [UEEditor.Rocket.Release] SetUserId 1100b9ee46e2597b617ec6b6f167f1df|59edfd7a1e024ba5bc5c7666785a6599|ad4dcf7c-55ae-48d9-8920-cdda66422389
[2016.04.21-02.19.42:407][  0]LogAnalytics: [UEEditor.Rocket.Release] AnalyticsET::StartSession
[2016.04.21-02.19.42:852][  0]LogInit: Transaction tracking system initialized
[2016.04.21-02.19.43:304][  0]BlueprintLog: New page: Editor Load
[2016.04.21-02.19.45:827][  0]LocalizationService: Info Localization service is disabled
[2016.04.21-02.19.46:931][  0]LogConsoleResponse:Display: 
[2016.04.21-02.19.51:463][  0]LogFileCache: Scanning file cache for directory 'E:/Documents/Unreal Projects/Know_No_Demons/Content/' took 0.21s
[2016.04.21-02.19.51:463][  0]LogCook:Display: Done creating registry. It took  0.00s.
[2016.04.21-02.19.53:777][  0]SourceControl: Info Source control is disabled
[2016.04.21-02.19.53:992][  0]Cmd: MAP LOAD FILE="../../../../../../Documents/Unreal Projects/Know_No_Demons/Content/Main.umap" TEMPLATE=0 SHOWPROGRESS=1 FEATURELEVEL=3
[2016.04.21-02.19.54:700][  0]LightingResults: New page: Lighting Build
[2016.04.21-02.19.55:299][  0]MapCheck: New page: Map Check
[2016.04.21-02.19.55:299][  0]LightingResults: New page: Lighting Build
[2016.04.21-02.19.56:376][  0]LogParticles: Destroying 0 GPU particle simulations for FXSystem 0x0000021E172E7420
[2016.04.21-02.19.58:977][  0]LogAIModule: Creating AISystem for world Main
[2016.04.21-02.19.59:279][  0]LogEditorServer: Finished looking for orphan Actors (0.017 secs)
[2016.04.21-02.19.59:420][  0]Cmd: MAP CHECKDEP NOCLEARLOG
[2016.04.21-02.19.59:692][  0]MapCheck: Info Map check complete: 0 Error(s), 0 Warning(s), took 272.576ms to complete.
[2016.04.21-02.20.00:006][  0]LogFileHelpers: Loading map 'Main' took 6.140
[2016.04.21-02.20.01:986][  0]LogCollectionManager: Loaded 0 collections in 0.002077 seconds
[2016.04.21-02.20.02:905][  0]LogFileCache: Scanning file cache for directory 'E:/Documents/Unreal Projects/Know_No_Demons/Saved/Collections/' took 0.01s
[2016.04.21-02.20.02:905][  0]LogFileCache: Scanning file cache for directory 'E:/Documents/Unreal Projects/Know_No_Demons/Content/Developers/GarrettJohnson/Collections/' took 0.01s
[2016.04.21-02.20.02:905][  0]LogFileCache: Scanning file cache for directory 'E:/Documents/Unreal Projects/Know_No_Demons/Content/Collections/' took 0.01s
[2016.04.21-02.20.02:905][  0]LogCollectionManager: Rebuilt the GUID cache for 0 collections in 0.000004 seconds
[2016.04.21-02.20.02:930][  0]LogContentBrowser: Native class hierarchy populated in 0.0047 seconds. Added 1893 classes and 338 folders.
[2016.04.21-02.20.02:962][  0]LogContentBrowser: Native class hierarchy updated for 'WidgetCarousel' in 0.0002 seconds. Added 0 classes and 0 folders.
[2016.04.21-02.20.11:018][  0]LogContentBrowser: Native class hierarchy updated for 'AddContentDialog' in 0.0002 seconds. Added 0 classes and 0 folders.
[2016.04.21-02.20.12:649][  0]LogContentBrowser: Native class hierarchy updated for 'SceneOutliner' in 0.0003 seconds. Added 1 classes and 2 folders.
[2016.04.21-02.20.15:221][  0]LogCrashTracker: Crashtracker disabled due to settings.
[2016.04.21-02.20.15:458][  0]LogUObjectGlobals:Warning: Failed to find object 'Class None.'
[2016.04.21-02.20.15:489][  0]LogLoad: Full Startup: 121.13 seconds (BP compile: 0.66 seconds)
[2016.04.21-02.20.15:841][  0]LogOcInput: OculusInput is initialized. Init status 0. Runtime version: 0.8.0.0
[2016.04.21-02.20.17:047][  0]LogContentStreaming: Texture pool size now 1000 MB
[2016.04.21-02.20.18:443][  0]LogRenderer: Reallocating scene render targets to support 1240x944 (Frame:2).
[2016.04.21-02.20.19:666][  1]LogAssetRegistry: Asset discovery search completed in 57.7825 seconds
[2016.04.21-02.20.19:666][  1]LogCollectionManager: Rebuilt the object cache for 0 collections in 0.000001 seconds (found 0 objects)
[2016.04.21-02.20.19:666][  1]LogCollectionManager: Fixed up redirectors for 0 collections in 0.000030 seconds (updated 0 objects)
[2016.04.21-06.05.32:364][539]LogEditorViewport: Clicking Background
[2016.04.21-06.05.35:544][873]Cmd: QUIT_EDITOR
[2016.04.21-06.05.35:614][873]LogWindowsTextInputMethodSystem:Display: IME system now deactivated.
[2016.04.21-06.05.35:659][873]LogExit: Preparing to exit.
[2016.04.21-06.05.36:290][873]LogExit: Editor shut down
[2016.04.21-06.05.36:291][873]LogExit: Transaction tracking system shut down
[2016.04.21-06.05.36:295][873]LogParticles: Destroying 0 GPU particle simulations for FXSystem 0x0000021E0BFE5D00
[2016.04.21-06.05.36:296][873]LogParticles: Destroying 0 GPU particle simulations for FXSystem 0x0000021E17943880
[2016.04.21-06.05.36:415][873]LogParticles: Destroying 0 GPU particle simulations for FXSystem 0x0000021E18043920
[2016.04.21-06.05.36:415][873]LogExit: Object subsystem successfully closed.
[2016.04.21-06.05.36:434][873]LogD3D11RHI: Shutdown
[2016.04.21-06.05.36:434][873]LogD3D11RHI: CleanupD3DDevice
[2016.04.21-06.05.36:465][873]LogD3D11RHI: ~FD3D11DynamicRHI
[2016.04.21-06.05.36:474][873]LogModuleManager: Shutting down and abandoning module CrashTracker (198)
[2016.04.21-06.05.36:475][873]LogModuleManager: Shutting down and abandoning module SceneOutliner (197)
[2016.04.21-06.05.36:475][873]LogModuleManager: Shutting down and abandoning module SuperSearch (196)
[2016.04.21-06.05.36:475][873]LogModuleManager: Shutting down and abandoning module WidgetCarousel (195)
[2016.04.21-06.05.36:475][873]LogModuleManager: Shutting down and abandoning module AddContentDialog (194)
[2016.04.21-06.05.36:480][873]LogModuleManager: Shutting down and abandoning module EditorWidgets (193)
[2016.04.21-06.05.36:480][873]LogModuleManager: Shutting down and abandoning module CollectionManager (192)
[2016.04.21-06.05.36:480][873]LogModuleManager: Shutting down and abandoning module StatsViewer (191)
[2016.04.21-06.05.36:480][873]LogModuleManager: Shutting down and abandoning module FoliageEdit (190)
[2016.04.21-06.05.36:480][873]LogModuleManager: Shutting down and abandoning module LandscapeEditor (189)
[2016.04.21-06.05.36:481][873]LogModuleManager: Shutting down and abandoning module ActorPickerMode (188)
[2016.04.21-06.05.36:481][873]LogModuleManager: Shutting down and abandoning module GeometryMode (187)
[2016.04.21-06.05.36:481][873]LogModuleManager: Shutting down and abandoning module TextureAlignMode (186)
[2016.04.21-06.05.36:481][873]LogModuleManager: Shutting down and abandoning module BspMode (185)
[2016.04.21-06.05.36:481][873]LogModuleManager: Shutting down and abandoning module PlacementMode (184)
[2016.04.21-06.05.36:481][873]LogModuleManager: Shutting down and abandoning module AutomationWorker (183)
[2016.04.21-06.05.36:481][873]LogModuleManager: Shutting down and abandoning module CharacterAI (182)
[2016.04.21-06.05.36:481][873]LogModuleManager: Shutting down and abandoning module SmartSnapping (181)
[2016.04.21-06.05.36:481][873]LogModuleManager: Shutting down and abandoning module ViewportSnapping (180)
[2016.04.21-06.05.36:481][873]LogModuleManager: Shutting down and abandoning module LogVisualizer (179)
[2016.04.21-06.05.36:481][873]LogModuleManager: Shutting down and abandoning module GameProjectGeneration (178)
[2016.04.21-06.05.36:481][873]LogModuleManager: Shutting down and abandoning module IntroTutorials (177)
[2016.04.21-06.05.36:481][873]LogModuleManager: Shutting down and abandoning module EditorLiveStreaming (176)
[2016.04.21-06.05.36:481][873]LogModuleManager: Shutting down and abandoning module IOSPlatformEditor (175)
[2016.04.21-06.05.36:481][873]LogModuleManager: Shutting down and abandoning module HTML5PlatformEditor (174)
[2016.04.21-06.05.36:481][873]LogModuleManager: Shutting down and abandoning module AndroidDeviceDetection (173)
[2016.04.21-06.05.36:593][873]LogModuleManager: Shutting down and abandoning module AndroidPlatformEditor (172)
[2016.04.21-06.05.36:594][873]LogModuleManager: Shutting down and abandoning module IOSRuntimeSettings (171)
[2016.04.21-06.05.36:594][873]LogModuleManager: Shutting down and abandoning module AndroidRuntimeSettings (170)
[2016.04.21-06.05.36:594][873]LogModuleManager: Shutting down and abandoning module MergeActors (169)
[2016.04.21-06.05.36:594][873]LogModuleManager: Shutting down and abandoning module SizeMap (168)
[2016.04.21-06.05.36:594][873]LogModuleManager: Shutting down and abandoning module TreeMap (167)
[2016.04.21-06.05.36:594][873]LogModuleManager: Shutting down and abandoning module ReferenceViewer (166)
[2016.04.21-06.05.36:594][873]LogModuleManager: Shutting down and abandoning module LocalizationService (165)
[2016.04.21-06.05.36:594][873]LogModuleManager: Shutting down and abandoning module LocalizationDashboard (164)
[2016.04.21-06.05.36:594][873]LogModuleManager: Shutting down and abandoning module HardwareTargeting (163)
[2016.04.21-06.05.36:594][873]LogModuleManager: Shutting down and abandoning module DeviceProfileEditor (162)
[2016.04.21-06.05.36:594][873]LogModuleManager: Shutting down and abandoning module UndoHistory (161)
[2016.04.21-06.05.36:594][873]LogModuleManager: Shutting down and abandoning module GameplayTagsEditor (160)
[2016.04.21-06.05.36:594][873]LogModuleManager: Shutting down and abandoning module UserFeedback (159)
[2016.04.21-06.05.36:594][873]LogModuleManager: Shutting down and abandoning module XmlParser (158)
[2016.04.21-06.05.36:594][873]LogModuleManager: Shutting down and abandoning module Blutility (157)
[2016.04.21-06.05.36:594][873]LogModuleManager: Shutting down and abandoning module ProjectTargetPlatformEditor (156)
[2016.04.21-06.05.36:594][873]LogModuleManager: Shutting down and abandoning module ProjectSettingsViewer (155)
[2016.04.21-06.05.36:594][873]LogModuleManager: Shutting down and abandoning module InputBindingEditor (154)
[2016.04.21-06.05.36:594][873]LogModuleManager: Shutting down and abandoning module EditorSettingsViewer (153)
[2016.04.21-06.05.36:594][873]LogModuleManager: Shutting down and abandoning module SettingsEditor (152)
[2016.04.21-06.05.36:594][873]LogModuleManager: Shutting down and abandoning module ProjectLauncher (151)
[2016.04.21-06.05.36:595][873]LogModuleManager: Shutting down and abandoning module SessionFrontend (150)
[2016.04.21-06.05.36:595][873]LogModuleManager: Shutting down and abandoning module ProfilerClient (149)
[2016.04.21-06.05.36:595][873]LogModuleManager: Shutting down and abandoning module TargetDeviceServices (148)
[2016.04.21-06.05.36:595][873]LogModuleManager: Shutting down and abandoning module DeviceManager (147)
[2016.04.21-06.05.36:595][873]LogModuleManager: Shutting down and abandoning module AutomationController (146)
[2016.04.21-06.05.36:595][873]LogModuleManager: Shutting down and abandoning module AutomationWindow (145)
[2016.04.21-06.05.36:595][873]LogModuleManager: Shutting down and abandoning module Layers (144)
[2016.04.21-06.05.36:595][873]LogModuleManager: Shutting down and abandoning module ComponentVisualizers (143)
[2016.04.21-06.05.36:595][873]LogModuleManager: Shutting down and abandoning module DetailCustomizations (142)
[2016.04.21-06.05.36:595][873]LogModuleManager: Shutting down and abandoning module PackagesDialog (141)
[2016.04.21-06.05.36:595][873]LogModuleManager: Shutting down and abandoning module Persona (140)
[2016.04.21-06.05.36:595][873]LogModuleManager: Shutting down and abandoning module Kismet (139)
[2016.04.21-06.05.36:595][873]LogModuleManager: Shutting down and abandoning module GraphEditor (138)
[2016.04.21-06.05.36:596][873]LogModuleManager: Shutting down and abandoning module ClassViewer (137)
[2016.04.21-06.05.36:596][873]LogModuleManager: Shutting down and abandoning module Toolbox (136)
[2016.04.21-06.05.36:596][873]LogModuleManager: Shutting down and abandoning module ModuleUI (135)
[2016.04.21-06.05.36:596][873]LogModuleManager: Shutting down and abandoning module MovieSceneTools (134)
[2016.04.21-06.05.36:596][873]LogModuleManager: Shutting down and abandoning module OutputLog (133)
[2016.04.21-06.05.36:596][873]LogModuleManager: Shutting down and abandoning module GammaUI (132)
[2016.04.21-06.05.36:596][873]LogModuleManager: Shutting down and abandoning module Documentation (131)
[2016.04.21-06.05.36:596][873]LogModuleManager: Shutting down and abandoning module GameLiveStreaming (130)
[2016.04.21-06.05.36:596][873]LogModuleManager: Shutting down and abandoning module StreamingPauseRendering (129)
[2016.04.21-06.05.36:596][873]LogModuleManager: Shutting down and abandoning module AnalyticsET (128)
[2016.04.21-06.05.36:596][873]LogModuleManager: Shutting down and abandoning module Analytics (127)
[2016.04.21-06.05.36:596][873]LogModuleManager: Shutting down and abandoning module AITestSuite (126)
[2016.04.21-06.05.36:596][873]LogModuleManager: Shutting down and abandoning module GameplayDebugger (125)
[2016.04.21-06.05.36:596][873]LogModuleManager: Shutting down and abandoning module AIModule (124)
[2016.04.21-06.05.36:596][873]LogModuleManager: Shutting down and abandoning module ProfilerService (123)
[2016.04.21-06.05.36:820][873]LogModuleManager: Shutting down and abandoning module TaskGraph (122)
[2016.04.21-06.05.36:821][873]LogModuleManager: Shutting down and abandoning module SlateRemote (121)
[2016.04.21-06.05.36:821][873]LogModuleManager: Shutting down and abandoning module SteamVRController (120)
[2016.04.21-06.05.36:821][873]LogModuleManager: Shutting down and abandoning module SteamVR (119)
[2016.04.21-06.05.36:821][873]LogModuleManager: Shutting down and abandoning module ProceduralMeshComponent (118)
[2016.04.21-06.05.36:821][873]LogModuleManager: Shutting down and abandoning module OculusLibrary (117)
[2016.04.21-06.05.36:821][873]LogModuleManager: Shutting down and abandoning module OculusInput (116)
[2016.04.21-06.05.36:821][873]LogModuleManager: Shutting down and abandoning module LeapMotionController (115)
[2016.04.21-06.05.36:837][873]LogModuleManager: Shutting down and abandoning module CustomMeshComponent (114)
[2016.04.21-06.05.36:837][873]LogModuleManager: Shutting down and abandoning module CableComponent (113)
[2016.04.21-06.05.36:837][873]LogModuleManager: Shutting down and abandoning module ArchVisCharacter (112)
[2016.04.21-06.05.36:837][873]LogModuleManager: Shutting down and abandoning module MessagingDebugger (111)
[2016.04.21-06.05.36:837][873]LogModuleManager: Shutting down and abandoning module MediaPlayerEditor (110)
[2016.04.21-06.05.36:837][873]LogModuleManager: Shutting down and abandoning module HTML5Networking (109)
[2016.04.21-06.05.36:837][873]LogModuleManager: Shutting down and abandoning module SpeedTreeImporter (108)
[2016.04.21-06.05.36:837][873]LogModuleManager: Shutting down and abandoning module PluginBrowser (107)
[2016.04.21-06.05.36:837][873]LogModuleManager: Shutting down and abandoning module EpicSurvey (106)
[2016.04.21-06.05.36:837][873]LogModuleManager: Shutting down and abandoning module DesktopPlatform (105)
[2016.04.21-06.05.36:837][873]LogModuleManager: Shutting down and abandoning module VisualStudioSourceCodeAccess (104)
[2016.04.21-06.05.36:837][873]LogModuleManager: Shutting down and abandoning module UObjectPlugin (103)
[2016.04.21-06.05.36:837][873]LogModuleManager: Shutting down and abandoning module SubversionSourceControl (102)
[2016.04.21-06.05.36:837][873]LogModuleManager: Shutting down and abandoning module PerforceSourceControl (101)
[2016.04.21-06.05.36:837][873]LogModuleManager: Shutting down and abandoning module SourceControl (100)
[2016.04.21-06.05.36:837][873]LogModuleManager: Shutting down and abandoning module GitSourceControl (99)
[2016.04.21-06.05.36:837][873]LogModuleManager: Shutting down and abandoning module LightPropagationVolumeEditor (98)
[2016.04.21-06.05.36:837][873]LogModuleManager: Shutting down and abandoning module PaperTiledImporter (97)
[2016.04.21-06.05.36:837][873]LogModuleManager: Shutting down and abandoning module PaperSpriteSheetImporter (96)
[2016.04.21-06.05.36:837][873]LogModuleManager: Shutting down and abandoning module MeshPaint (95)
[2016.04.21-06.05.36:837][873]LogModuleManager: Shutting down and abandoning module SlateReflector (94)
[2016.04.21-06.05.36:837][873]LogModuleManager: Shutting down and abandoning module HotReload (93)
[2016.04.21-06.05.36:837][873]LogModuleManager: Shutting down and abandoning module MainFrame (92)
[2016.04.21-06.05.36:837][873]LogModuleManager: Shutting down and abandoning module LevelEditor (91)
[2016.04.21-06.05.36:839][873]LogModuleManager: Shutting down and abandoning module DirectoryWatcher (90)
[2016.04.21-06.05.36:842][873]LogModuleManager: Shutting down and abandoning module AssetRegistry (89)
[2016.04.21-06.05.37:004][873]LogModuleManager: Shutting down and abandoning module ContentBrowser (88)
[2016.04.21-06.05.37:005][873]LogModuleManager: Shutting down and abandoning module Paper2DEditor (87)
[2016.04.21-06.05.37:005][873]LogModuleManager: Shutting down and abandoning module UdpMessaging (86)
[2016.04.21-06.05.37:106][873]LogModuleManager: Shutting down and abandoning module LightPropagationVolumeRuntime (85)
[2016.04.21-06.05.37:106][873]LogModuleManager: Shutting down and abandoning module Paper2D (84)
[2016.04.21-06.05.37:106][873]LogModuleManager: Shutting down and abandoning module WindowsMoviePlayer (83)
[2016.04.21-06.05.37:108][873]LogModuleManager: Shutting down and abandoning module Media (82)
[2016.04.21-06.05.37:108][873]LogModuleManager: Shutting down and abandoning module WmfMedia (81)
[2016.04.21-06.05.37:108][873]LogModuleManager: Shutting down and abandoning module OnlineBlueprintSupport (80)
[2016.04.21-06.05.37:108][873]LogModuleManager: Shutting down and abandoning module GameplayTasksEditor (79)
[2016.04.21-06.05.37:108][873]LogModuleManager: Shutting down and abandoning module PropertyEditor (78)
[2016.04.21-06.05.37:108][873]LogModuleManager: Shutting down and abandoning module BehaviorTreeEditor (77)
[2016.04.21-06.05.37:108][873]LogModuleManager: Shutting down and abandoning module FunctionalTesting (76)
[2016.04.21-06.05.37:108][873]LogModuleManager: Shutting down and abandoning module CollisionAnalyzer (75)
[2016.04.21-06.05.37:108][873]LogModuleManager: Shutting down and abandoning module WorkspaceMenuStructure (74)
[2016.04.21-06.05.37:108][873]LogModuleManager: Shutting down and abandoning module MessageLog (73)
[2016.04.21-06.05.37:108][873]LogModuleManager: Shutting down and abandoning module Sequencer (72)
[2016.04.21-06.05.37:108][873]LogModuleManager: Shutting down and abandoning module AssetTools (71)
[2016.04.21-06.05.37:108][873]LogModuleManager: Shutting down and abandoning module UMGEditor (70)
[2016.04.21-06.05.37:108][873]LogModuleManager: Shutting down and abandoning module UMG (69)
[2016.04.21-06.05.37:108][873]LogModuleManager: Shutting down and abandoning module Slate (68)
[2016.04.21-06.05.37:108][873]LogModuleManager: Shutting down and abandoning module EditorStyle (67)
[2016.04.21-06.05.37:110][873]LogModuleManager: Shutting down and abandoning module SessionServices (66)
[2016.04.21-06.05.37:110][873]LogModuleManager: Shutting down and abandoning module SourceCodeAccess (65)
[2016.04.21-06.05.37:110][873]LogModuleManager: Shutting down and abandoning module HeadMountedDisplay (64)
[2016.04.21-06.05.37:110][873]LogModuleManager: Shutting down and abandoning module XAudio2 (63)
[2016.04.21-06.05.37:110][873]LogModuleManager: Shutting down and abandoning module Networking (61)
[2016.04.21-06.05.37:110][873]LogModuleManager: Shutting down and abandoning module Core (60)
[2016.04.21-06.05.37:110][873]LogModuleManager: Shutting down and abandoning module KismetCompiler (59)
[2016.04.21-06.05.37:110][873]LogModuleManager: Shutting down and abandoning module PhysXFormats (58)
[2016.04.21-06.05.37:110][873]LogModuleManager: Shutting down and abandoning module MeshUtilities (57)
[2016.04.21-06.05.37:110][873]LogModuleManager: Shutting down and abandoning module DerivedDataCache (56)
[2016.04.21-06.05.37:198][873]LogDerivedDataCache: Shutdown
[2016.04.21-06.05.37:198][873]LogModuleManager: Shutting down and abandoning module ShaderFormatOpenGL (55)
[2016.04.21-06.05.37:199][873]LogModuleManager: Shutting down and abandoning module ShaderFormatD3D (54)
[2016.04.21-06.05.37:199][873]LogModuleManager: Shutting down and abandoning module MetalShaderFormat (53)
[2016.04.21-06.05.37:199][873]LogModuleManager: Shutting down and abandoning module TextureFormatUncompressed (52)
[2016.04.21-06.05.37:199][873]LogModuleManager: Shutting down and abandoning module TextureFormatPVR (51)
[2016.04.21-06.05.37:199][873]LogModuleManager: Shutting down and abandoning module TextureFormatIntelISPCTexComp (50)
[2016.04.21-06.05.37:199][873]LogModuleManager: Shutting down and abandoning module TextureFormatDXT (49)
[2016.04.21-06.05.37:199][873]LogModuleManager: Shutting down and abandoning module ImageWrapper (48)
[2016.04.21-06.05.37:199][873]LogModuleManager: Shutting down and abandoning module TextureFormatASTC (47)
[2016.04.21-06.05.37:199][873]LogModuleManager: Shutting down and abandoning module TextureFormatAndroid (46)
[2016.04.21-06.05.37:199][873]LogModuleManager: Shutting down and abandoning module AudioFormatOpus (45)
[2016.04.21-06.05.37:199][873]LogModuleManager: Shutting down and abandoning module AudioFormatOgg (44)
[2016.04.21-06.05.37:199][873]LogModuleManager: Shutting down and abandoning module AudioFormatADPCM (43)
[2016.04.21-06.05.37:199][873]LogModuleManager: Shutting down and abandoning module LinuxTargetPlatform (42)
[2016.04.21-06.05.37:199][873]LogModuleManager: Shutting down and abandoning module LinuxServerTargetPlatform (41)
[2016.04.21-06.05.37:199][873]LogModuleManager: Shutting down and abandoning module LinuxNoEditorTargetPlatform (40)
[2016.04.21-06.05.37:199][873]LogModuleManager: Shutting down and abandoning module Messaging (39)
[2016.04.21-06.05.37:199][873]LogModuleManager: Shutting down and abandoning module IOSTargetPlatform (38)
[2016.04.21-06.05.37:199][873]LogModuleManager: Shutting down and abandoning module HTML5TargetPlatform (37)
[2016.04.21-06.05.37:199][873]LogModuleManager: Shutting down and abandoning module Android_PVRTCTargetPlatform (36)
[2016.04.21-06.05.37:199][873]LogModuleManager: Shutting down and abandoning module Android_MultiTargetPlatform (35)
[2016.04.21-06.05.37:199][873]LogModuleManager: Shutting down and abandoning module Android_ETC2TargetPlatform (34)
[2016.04.21-06.05.37:199][873]LogModuleManager: Shutting down and abandoning module Android_ETC1TargetPlatform (33)
[2016.04.21-06.05.37:199][873]LogModuleManager: Shutting down and abandoning module Android_DXTTargetPlatform (32)
[2016.04.21-06.05.37:199][873]LogModuleManager: Shutting down and abandoning module Android_ATCTargetPlatform (31)
[2016.04.21-06.05.37:199][873]LogModuleManager: Shutting down and abandoning module Android_ASTCTargetPlatform (30)
[2016.04.21-06.05.37:199][873]LogModuleManager: Shutting down and abandoning module AndroidTargetPlatform (29)
[2016.04.21-06.05.37:199][873]LogModuleManager: Shutting down and abandoning module WindowsTargetPlatform (28)
[2016.04.21-06.05.37:199][873]LogModuleManager: Shutting down and abandoning module WindowsServerTargetPlatform (27)
[2016.04.21-06.05.37:199][873]LogModuleManager: Shutting down and abandoning module WindowsNoEditorTargetPlatform (26)
[2016.04.21-06.05.37:199][873]LogModuleManager: Shutting down and abandoning module WindowsClientTargetPlatform (25)
[2016.04.21-06.05.37:199][873]LogModuleManager: Shutting down and abandoning module AllDesktopTargetPlatform (24)
[2016.04.21-06.05.37:199][873]LogModuleManager: Shutting down and abandoning module TargetPlatform (23)
[2016.04.21-06.05.37:199][873]LogModuleManager: Shutting down and abandoning module InputCore (22)
[2016.04.21-06.05.37:199][873]LogModuleManager: Shutting down and abandoning module Settings (21)
[2016.04.21-06.05.37:200][873]LogModuleManager: Shutting down and abandoning module OnlineSubsystem (19)
[2016.04.21-06.05.37:200][873]LogModuleManager: Shutting down and abandoning module HTTP (18)
[2016.04.21-06.05.39:202][873]LogModuleManager: Shutting down and abandoning module XMPP (17)
[2016.04.21-06.05.39:202][873]LogModuleManager: Shutting down and abandoning module OculusRift (16)
[2016.04.21-06.05.39:202][873]LogHMD: Oculus shutdown.
[2016.04.21-06.05.39:202][873]LogModuleManager: Shutting down and abandoning module ExampleDeviceProfileSelector (15)
[2016.04.21-06.05.39:202][873]LogModuleManager: Shutting down and abandoning module TextureCompressor (14)
[2016.04.21-06.05.39:202][873]LogModuleManager: Shutting down and abandoning module ShaderCore (13)
[2016.04.21-06.05.39:202][873]LogModuleManager: Shutting down and abandoning module Landscape (12)
[2016.04.21-06.05.39:202][873]LogModuleManager: Shutting down and abandoning module SlateRHIRenderer (11)
[2016.04.21-06.05.39:204][873]LogModuleManager: Shutting down and abandoning module OpenGLDrv (10)
[2016.04.21-06.05.39:204][873]LogModuleManager: Shutting down and abandoning module D3D11RHI (9)
[2016.04.21-06.05.39:204][873]LogModuleManager: Shutting down and abandoning module AnimGraphRuntime (8)
[2016.04.21-06.05.39:204][873]LogModuleManager: Shutting down and abandoning module Renderer (7)
[2016.04.21-06.05.39:204][873]LogModuleManager: Shutting down and abandoning module Engine (6)
[2016.04.21-06.05.39:204][873]LogModuleManager: Shutting down and abandoning module CoreUObject (5)
[2016.04.21-06.05.39:204][873]LogModuleManager: Shutting down and abandoning module NetworkFile (4)
[2016.04.21-06.05.39:204][873]LogModuleManager: Shutting down and abandoning module StreamingFile (3)
[2016.04.21-06.05.39:205][873]LogModuleManager: Shutting down and abandoning module SandboxFile (2)
[2016.04.21-06.05.39:205][873]LogModuleManager: Shutting down and abandoning module PakFile (1)
[2016.04.21-06.05.39:205][873]LogExit: Exiting.
[2016.04.21-06.05.39:208][873]Log file closed, 04/21/16 01:05:39
