[2016.04.21-06.11.47:676][  0]Log file open, 04/21/16 01:11:47
[2016.04.21-06.11.47:676][  0]LogInit:Display: Running engine for game: KND
[2016.04.21-06.11.47:676][  0]LogPlatformFile: Not using cached read wrapper
[2016.04.21-06.11.47:676][  0]LogInit:Display: RandInit(-1882518757) SRandInit(-1882518756).
[2016.04.21-06.11.47:676][  0]LogTaskGraph: Started task graph with 4 named threads and 7 total threads.
[2016.04.21-06.11.47:676][  0]LogStats: Stats thread started at 0.070785
[2016.04.21-06.11.47:676][  0]LogInit: Version: 4.10.4-2872498+++depot+UE4-Releases+4.10
[2016.04.21-06.11.47:676][  0]LogInit: API Version: 2758231
[2016.04.21-06.11.47:676][  0]LogInit: Compiled (64-bit): Feb 18 2016 15:47:04
[2016.04.21-06.11.47:676][  0]LogInit: Compiled with Visual C++: 19.00.23026.00
[2016.04.21-06.11.47:676][  0]LogInit: Build Configuration: Development
[2016.04.21-06.11.47:676][  0]LogInit: Branch Name: ++depot+UE4-Releases+4.10
[2016.04.21-06.11.47:676][  0]LogInit: Command line: -EpicPortal 
[2016.04.21-06.11.47:676][  0]LogInit: Base directory: E:/Program Files (x86)/Epic Games/4.10/Engine/Binaries/Win64/
[2016.04.21-06.11.47:676][  0]LogInit: Rocket: 1
[2016.04.21-06.11.47:681][  0]LogInit: Using libcurl 7.41.0
[2016.04.21-06.11.47:681][  0]LogInit:  - built for x86_64-pc-win32
[2016.04.21-06.11.47:681][  0]LogInit:  - supports SSL with WinSSL
[2016.04.21-06.11.47:681][  0]LogInit:  - other features:
[2016.04.21-06.11.47:681][  0]LogInit:      CURL_VERSION_SSL
[2016.04.21-06.11.47:681][  0]LogInit:      CURL_VERSION_IPV6
[2016.04.21-06.11.47:681][  0]LogInit:      CURL_VERSION_ASYNCHDNS
[2016.04.21-06.11.47:681][  0]LogInit:      CURL_VERSION_LARGEFILE
[2016.04.21-06.11.47:681][  0]LogInit:      CURL_VERSION_IDN
[2016.04.21-06.11.47:681][  0]LogInit:  CurlRequestOptions (configurable via config and command line):
[2016.04.21-06.11.47:681][  0]LogInit:  - bVerifyPeer = true  - Libcurl will verify peer certificate
[2016.04.21-06.11.47:681][  0]LogInit:  - bUseHttpProxy = false  - Libcurl will NOT use HTTP proxy
[2016.04.21-06.11.47:681][  0]LogInit:  - bDontReuseConnections = false  - Libcurl will reuse connections
[2016.04.21-06.11.47:681][  0]LogInit:  - CertBundlePath = nullptr  - Libcurl will use whatever was configured at build time.
[2016.04.21-06.11.47:686][  0]LogInit: Presizing for 0 objects not considered by GC, pre-allocating 0 bytes.
[2016.04.21-06.11.47:691][  0]LogInit: Object subsystem initialized
[2016.04.21-06.11.47:691][  0]LogInit: Selected Device Profile: [Windows]
[2016.04.21-06.11.47:691][  0]LogInit: Applying CVar settings loaded from the selected device profile: [Windows]
[2016.04.21-06.11.47:696][  0]LogInit: Computer: RAGNOROK
[2016.04.21-06.11.47:696][  0]LogInit: User: GarrettJohnson
[2016.04.21-06.11.47:696][  0]LogInit: CPU Page size=4096, Cores=4
[2016.04.21-06.11.47:696][  0]LogInit: High frequency timer resolution =3.984652 MHz
[2016.04.21-06.11.47:696][  0]LogMemory: Memory total: Physical=15.9GB (16GB approx)
[2016.04.21-06.11.47:696][  0]LogMemory: Platform Memory Stats for Windows
[2016.04.21-06.11.47:696][  0]LogMemory: Process Physical Memory: 57.12 MB used, 57.12 MB peak
[2016.04.21-06.11.47:696][  0]LogMemory: Process Virtual Memory: 56.97 MB used, 56.97 MB peak
[2016.04.21-06.11.47:696][  0]LogMemory: Physical Memory: 8486.80 MB used, 16325.72 MB total
[2016.04.21-06.11.47:696][  0]LogMemory: Virtual Memory: 383.86 MB used, 134217728.00 MB total
[2016.04.21-06.11.47:730][  0]LogTextLocalizationManager: No specific translations for ('en-US') exist, so ('en') translations will be used.
[2016.04.21-06.11.48:060][  0]LogD3D11RHI: Found D3D11 adapter 0: NVIDIA GeForce GTX 760 (Feature Level 11_0)
[2016.04.21-06.11.48:060][  0]LogD3D11RHI: Adapter has 1989MB of dedicated video memory, 0MB of dedicated system memory, and 8162MB of shared system memory, 1 output[s]
[2016.04.21-06.11.48:062][  0]LogD3D11RHI: Found D3D11 adapter 1: Microsoft Basic Render Driver (Feature Level 11_0)
[2016.04.21-06.11.48:062][  0]LogD3D11RHI: Adapter has 0MB of dedicated video memory, 0MB of dedicated system memory, and 8162MB of shared system memory, 0 output[s]
[2016.04.21-06.11.48:062][  0]LogD3D11RHI: Chosen D3D11 Adapter Id = 0
[2016.04.21-06.11.48:067][  0]LogD3D11RHI: !Direct3DDevice
[2016.04.21-06.11.48:067][  0]LogRHI: Texture pool is 1361 MB (70% of 1945 MB)
[2016.04.21-06.11.48:078][  0]LogD3D11RHI: Async texture creation enabled
[2016.04.21-06.11.48:093][  0]LogShaderCompilers: Guid format shader working directory is -10 characters bigger than the processId version (../../../../../../Documents/Unreal Projects/Know_No_Demons/Intermediate/Shaders/WorkingDirectory/15680/).
[2016.04.21-06.11.48:093][  0]LogShaderCompilers: Cleaned the shader compiler working directory 'C:/Users/GARRET~1/AppData/Local/Temp/UnrealShaderWorkingDir/10AFE7594E27BFA4054F2DB2C54DDE58/'.
[2016.04.21-06.11.48:093][  0]LogShaderCompilers:Display: Using Local Shader Compiler.
[2016.04.21-06.11.48:641][  0]LogTemp:Display: Loaded TP AllDesktopTargetPlatform
[2016.04.21-06.11.48:645][  0]LogTemp:Display: Loaded TP WindowsClientTargetPlatform
[2016.04.21-06.11.48:648][  0]LogTemp:Display: Loaded TP WindowsNoEditorTargetPlatform
[2016.04.21-06.11.48:652][  0]LogTemp:Display: Loaded TP WindowsServerTargetPlatform
[2016.04.21-06.11.48:655][  0]LogTemp:Display: Loaded TP WindowsTargetPlatform
[2016.04.21-06.11.48:658][  0]LogTemp:Display: Loaded TP AndroidTargetPlatform
[2016.04.21-06.11.48:660][  0]LogTemp:Display: Loaded TP Android_ASTCTargetPlatform
[2016.04.21-06.11.48:663][  0]LogTemp:Display: Loaded TP Android_ATCTargetPlatform
[2016.04.21-06.11.48:665][  0]LogTemp:Display: Loaded TP Android_DXTTargetPlatform
[2016.04.21-06.11.48:667][  0]LogTemp:Display: Loaded TP Android_ETC1TargetPlatform
[2016.04.21-06.11.48:668][  0]LogTemp:Display: Loaded TP Android_ETC2TargetPlatform
[2016.04.21-06.11.48:673][  0]LogTemp:Display: Loaded TP Android_MultiTargetPlatform
[2016.04.21-06.11.48:673][  0]LogTemp:Display: Loaded TP Android_PVRTCTargetPlatform
[2016.04.21-06.11.48:674][  0]LogTemp:Display: Loaded TP HTML5TargetPlatform
[2016.04.21-06.11.48:689][  0]LogTemp:Display: Loaded TP IOSTargetPlatform
[2016.04.21-06.11.48:691][  0]LogTemp:Display: Loaded TP LinuxNoEditorTargetPlatform
[2016.04.21-06.11.48:693][  0]LogTemp:Display: Loaded TP LinuxServerTargetPlatform
[2016.04.21-06.11.48:695][  0]LogTemp:Display: Loaded TP LinuxTargetPlatform
[2016.04.21-06.11.48:695][  0]LogTargetPlatformManager:Display: Building Assets For Windows
[2016.04.21-06.11.48:753][  0]LogDerivedDataCache:Display: Max Cache Size: 512 MB
[2016.04.21-06.11.48:784][  0]LogDerivedDataCache: Loaded boot cache 0.03s 41MB C:/Users/Garrett Johnson/AppData/Local/UnrealEngine/4.10/DerivedDataCache/Boot.ddc.
[2016.04.21-06.11.48:784][  0]LogDerivedDataCache:Display: Loaded Boot cache: C:/Users/Garrett Johnson/AppData/Local/UnrealEngine/4.10/DerivedDataCache/Boot.ddc
[2016.04.21-06.11.48:784][  0]LogDerivedDataCache: FDerivedDataBackendGraph:  Pak pak cache file ../../../../../../Documents/Unreal Projects/Know_No_Demons/DerivedDataCache/DDC.ddp not found, will not use a pak cache.
[2016.04.21-06.11.48:784][  0]LogDerivedDataCache: Unable to find inner node Pak for hierarchical cache Hierarchy.
[2016.04.21-06.11.48:784][  0]LogDerivedDataCache: FDerivedDataBackendGraph:  CompressedPak pak cache file ../../../../../../Documents/Unreal Projects/Know_No_Demons/DerivedDataCache/Compressed.ddp not found, will not use a pak cache.
[2016.04.21-06.11.48:784][  0]LogDerivedDataCache: Unable to find inner node CompressedPak for hierarchical cache Hierarchy.
[2016.04.21-06.11.48:824][  0]LogDerivedDataCache:Display: Pak cache opened for reading ../../../Engine/DerivedDataCache/Compressed.ddp.
[2016.04.21-06.11.48:836][  0]LogDerivedDataCache: Using Local data cache path C:/Users/Garrett Johnson/AppData/Local/UnrealEngine/Common/DerivedDataCache: Writable
[2016.04.21-06.11.48:969][  0]LogInit: Selected Device Profile: [Windows]
[2016.04.21-06.11.48:971][  0]LogContentStreaming: Texture pool size is 0.000000MB
[2016.04.21-06.11.49:045][  0]LogMeshUtilities: No automatic mesh reduction module available
[2016.04.21-06.11.49:045][  0]LogMeshUtilities: No automatic mesh merging module available
[2016.04.21-06.11.49:198][  0]LogInit: WinSock: version 1.1 (2.2), MaxSocks=32767, MaxUdp=65467
[2016.04.21-06.11.49:891][  0]UdpMessaging: Initializing bridge on interface 0.0.0.0:0 to multicast group 230.0.0.1:6666.
[2016.04.21-06.11.49:980][  0]LogAssetRegistry: FAssetRegistry took 0.0106 seconds to start up
[2016.04.21-06.11.50:099][  0]SourceControl: Info Source control is disabled
[2016.04.21-06.11.50:141][  0]SourceControl: Info Source control is disabled
[2016.04.21-06.11.50:152][  0]SourceControl: Info Source control is disabled
[2016.04.21-06.11.50:160][  0]SourceControl: Info Source control is disabled
[2016.04.21-06.11.50:309][  0]LogObj: 28633 objects as part of root set at end of initial load.
[2016.04.21-06.11.50:309][  0]LogUObjectAllocator: 6099744 out of 0 bytes used by permanent object pool.
[2016.04.21-06.11.50:351][  0]LogEngine: Initializing Engine...
[2016.04.21-06.11.50:352][  0]OCULUS: Info: 04/21/16 06:11:50: [CAPI] LibOVR module is located at C:\WINDOWS\SYSTEM32\LibOVRRT64_0_8.dll

[2016.04.21-06.11.50:352][  0]OCULUS: Info: 04/21/16 06:11:50: [IPC] Call Stats for SetInitialState : x1: C2S=12.7991, S2C=3.26252, Runtime=37.6444 (microseconds) C2Ssize=80, S2Csize=81 (bytes)

[2016.04.21-06.11.50:352][  0]OCULUS: Info: 04/21/16 06:11:50: [IPC] Call Stats for IsLatencyTesterAvailable : x1: C2S=3.26252, S2C=2.0077, Runtime=0.752889 (microseconds) C2Ssize=33, S2Csize=18 (bytes)

[2016.04.21-06.11.50:364][  0]LogHMD: SteamVR failed to initialize.  Err: 110
[2016.04.21-06.11.50:445][  0]LogAIModule: Creating AISystem for world NewWorld
[2016.04.21-06.11.50:456][  0]LogInit: XAudio2 using 'Speakers (Realtek High Definition Audio)' : 2 channels at 48 kHz using 32 bits per sample (channel mask 0x3)
[2016.04.21-06.11.50:500][  0]LogInit: FAudioDevice initialized.
[2016.04.21-06.11.50:517][  0]LogDerivedDataCache: Saved boot cache 0.02s 41MB C:/Users/Garrett Johnson/AppData/Local/UnrealEngine/4.10/DerivedDataCache/Boot.ddc.
[2016.04.21-06.11.50:519][  0]LogInit: Texture streaming: Enabled
[2016.04.21-06.11.50:524][  0]LogAnalytics: Creating configured Analytics provider AnalyticsET
[2016.04.21-06.11.50:524][  0]LogAnalytics: [UEEditor.Rocket.Release] APIServer = http://et2.epicgames.com/ET2/. AppVersion = 4.10.4-2872498+++depot+UE4-Releases+4.10
[2016.04.21-06.11.50:524][  0]LogAnalytics: [UEEditor.Rocket.Release] SetUserId 1100b9ee46e2597b617ec6b6f167f1df|59edfd7a1e024ba5bc5c7666785a6599|ad4dcf7c-55ae-48d9-8920-cdda66422389
[2016.04.21-06.11.50:524][  0]LogAnalytics: [UEEditor.Rocket.Release] AnalyticsET::StartSession
[2016.04.21-06.11.50:531][  0]LogInit: Transaction tracking system initialized
[2016.04.21-06.11.50:550][  0]BlueprintLog: New page: Editor Load
[2016.04.21-06.11.50:609][  0]LocalizationService: Info Localization service is disabled
[2016.04.21-06.11.50:669][  0]LogConsoleResponse:Display: 
[2016.04.21-06.11.50:744][  0]LogCook:Display: Done creating registry. It took  0.00s.
[2016.04.21-06.11.50:783][  0]LogFileCache: Scanning file cache for directory 'E:/Documents/Unreal Projects/Know_No_Demons/Content/' took 0.01s
[2016.04.21-06.11.50:783][  0]SourceControl: Info Source control is disabled
[2016.04.21-06.11.50:783][  0]Cmd: MAP LOAD FILE="../../../../../../Documents/Unreal Projects/Know_No_Demons/Content/Main.umap" TEMPLATE=0 SHOWPROGRESS=1 FEATURELEVEL=3
[2016.04.21-06.11.50:784][  0]LightingResults: New page: Lighting Build
[2016.04.21-06.11.50:786][  0]MapCheck: New page: Map Check
[2016.04.21-06.11.50:786][  0]LightingResults: New page: Lighting Build
[2016.04.21-06.11.50:794][  0]LogParticles: Destroying 0 GPU particle simulations for FXSystem 0x000001F0B0BCF420
[2016.04.21-06.11.50:825][  0]LogAIModule: Creating AISystem for world Main
[2016.04.21-06.11.50:825][  0]LogEditorServer: Finished looking for orphan Actors (0.000 secs)
[2016.04.21-06.11.50:826][  0]Cmd: MAP CHECKDEP NOCLEARLOG
[2016.04.21-06.11.50:872][  0]MapCheck: Info Map check complete: 0 Error(s), 0 Warning(s), took 46.142ms to complete.
[2016.04.21-06.11.50:872][  0]LogFileHelpers: Loading map 'Main' took 0.089
[2016.04.21-06.11.50:934][  0]LogCollectionManager: Loaded 0 collections in 0.001415 seconds
[2016.04.21-06.11.50:971][  0]LogFileCache: Scanning file cache for directory 'E:/Documents/Unreal Projects/Know_No_Demons/Saved/Collections/' took 0.01s
[2016.04.21-06.11.50:971][  0]LogFileCache: Scanning file cache for directory 'E:/Documents/Unreal Projects/Know_No_Demons/Content/Developers/GarrettJohnson/Collections/' took 0.01s
[2016.04.21-06.11.50:971][  0]LogFileCache: Scanning file cache for directory 'E:/Documents/Unreal Projects/Know_No_Demons/Content/Collections/' took 0.01s
[2016.04.21-06.11.50:971][  0]LogCollectionManager: Rebuilt the GUID cache for 0 collections in 0.000001 seconds
[2016.04.21-06.11.50:976][  0]LogContentBrowser: Native class hierarchy populated in 0.0049 seconds. Added 1893 classes and 338 folders.
[2016.04.21-06.11.50:980][  0]LogContentBrowser: Native class hierarchy updated for 'WidgetCarousel' in 0.0002 seconds. Added 0 classes and 0 folders.
[2016.04.21-06.11.51:015][  0]LogContentBrowser: Native class hierarchy updated for 'AddContentDialog' in 0.0002 seconds. Added 0 classes and 0 folders.
[2016.04.21-06.11.51:035][  0]LogContentBrowser: Native class hierarchy updated for 'SceneOutliner' in 0.0002 seconds. Added 1 classes and 2 folders.
[2016.04.21-06.11.51:064][  0]LogCrashTracker: Crashtracker disabled due to settings.
[2016.04.21-06.11.51:068][  0]LogUObjectGlobals:Warning: Failed to find object 'Class None.'
[2016.04.21-06.11.51:090][  0]LogLoad: Full Startup: 3.71 seconds (BP compile: 0.01 seconds)
[2016.04.21-06.11.51:099][  0]LogOcInput: OculusInput is initialized. Init status 0. Runtime version: 0.8.0.0
[2016.04.21-06.11.51:134][  0]LogContentStreaming: Texture pool size now 1000 MB
[2016.04.21-06.11.51:224][  0]LogRenderer: Reallocating scene render targets to support 1240x944 (Frame:2).
[2016.04.21-06.11.51:262][  1]LogAssetRegistry: Asset discovery search completed in 1.2929 seconds
[2016.04.21-06.11.51:262][  1]LogCollectionManager: Rebuilt the object cache for 0 collections in 0.000000 seconds (found 0 objects)
[2016.04.21-06.11.51:262][  1]LogCollectionManager: Fixed up redirectors for 0 collections in 0.000013 seconds (updated 0 objects)
[2016.04.21-06.14.20:195][ 26]LogEditorViewport: Clicking Background
[2016.04.21-06.14.43:051][278]Cmd: OBJ SAVEPACKAGE PACKAGE="/Game/Level_2_InProgress" FILE="../../../../../../Documents/Unreal Projects/Know_No_Demons/Content/Level_2_InProgress.umap" SILENT=true AUTOSAVING=false KEEPDIRTY=false
[2016.04.21-06.14.43:068][278]LogSavePackage: Save=5.015746ms
[2016.04.21-06.14.43:068][278]LogSavePackage: Moving '../../../../../../Documents/Unreal Projects/Know_No_Demons/Saved/Level_2_InProgress5FE83D3043FA9FCFFF68598F5AD2A7BF.tmp' to '../../../../../../Documents/Unreal Projects/Know_No_Demons/Content/Level_2_InProgress.umap'
[2016.04.21-06.14.43:071][278]LogSavePackage: Total save time: 11.009242ms
[2016.04.21-06.14.43:071][278]LogSavePackage:Display: Finished SavePackage ../../../../../../Documents/Unreal Projects/Know_No_Demons/Content/Level_2_InProgress.umap
[2016.04.21-06.14.43:071][278]LogFileHelpers: Saving map 'Level_2_InProgress' took 0.070
[2016.04.21-06.14.43:074][278]Cmd: MAP LOAD FILE="../../../../../../Documents/Unreal Projects/Know_No_Demons/Content/Level_2_InProgress.umap" TEMPLATE=0 SHOWPROGRESS=1 FEATURELEVEL=3
[2016.04.21-06.14.43:074][278]LightingResults: New page: Lighting Build
[2016.04.21-06.14.43:089][278]LoadErrors: New page: Loading map: Level_2_InProgress.umap
[2016.04.21-06.14.43:090][278]MapCheck: New page: Map Check
[2016.04.21-06.14.43:090][278]LightingResults: New page: Lighting Build
[2016.04.21-06.14.43:098][278]LogParticles: Destroying 0 GPU particle simulations for FXSystem 0x000001F0A0E69A80
[2016.04.21-06.14.43:122][278]LogEditorServer: Finished looking for orphan Actors (0.000 secs)
[2016.04.21-06.14.43:122][278]LogAIModule: Creating AISystem for world Level_2_InProgress
[2016.04.21-06.14.43:157][278]Cmd: MAP CHECKDEP NOCLEARLOG
[2016.04.21-06.14.43:207][278]MapCheck: Info Map check complete: 0 Error(s), 0 Warning(s), took 49.986ms to complete.
[2016.04.21-06.14.43:207][278]LogFileHelpers: Loading map 'Level_2_InProgress' took 0.135
[2016.04.21-06.14.45:828][590]LogEditorViewport: Clicking Background
[2016.04.21-06.17.11:127][622]LogAIModule: Creating AISystem for world Level1_Proto
[2016.04.21-06.17.11:157][622]LogLinker:Warning: Asset '../../../../../../Documents/Unreal Projects/Know_No_Demons/Content/TBStrategyGrids/Structs/Vector2i.uasset' has been saved with empty engine version. The asset will be loaded but may be incompatible.
[2016.04.21-06.17.11:161][622]LogLinker:Warning: Asset '../../../../../../Documents/Unreal Projects/Know_No_Demons/Content/TBStrategyGrids/Structs/Fraction.uasset' has been saved with empty engine version. The asset will be loaded but may be incompatible.
[2016.04.21-06.17.11:165][622]LogLinker:Warning: Asset '../../../../../../Documents/Unreal Projects/Know_No_Demons/Content/TBStrategyGrids/Enums/ELineOfSightType.uasset' has been saved with empty engine version. The asset will be loaded but may be incompatible.
[2016.04.21-06.17.11:172][622]LogLinker:Warning: Asset '../../../../../../Documents/Unreal Projects/Know_No_Demons/Content/TBStrategyGrids/Enums/EBoolCondition.uasset' has been saved with empty engine version. The asset will be loaded but may be incompatible.
[2016.04.21-06.17.11:176][622]LogLinker:Warning: Asset '../../../../../../Documents/Unreal Projects/Know_No_Demons/Content/TBStrategyGrids/Structs/StepInfo.uasset' has been saved with empty engine version. The asset will be loaded but may be incompatible.
[2016.04.21-06.17.11:177][622]LogClass:Warning: UUserDefinedStructEditorData::RecreateDefaultInstance Cannot parse value. Property: From Dir String: "NewEnumerator5"  Struct: /Game/TBStrategyGrids/Structs/StepInfo.StepInfo 
[2016.04.21-06.17.11:328][622]LogLinker:Warning: Asset '../../../../../../Documents/Unreal Projects/Know_No_Demons/Content/TBStrategyGrids/Materials/M_SimpleOpaque.uasset' has been saved with empty engine version. The asset will be loaded but may be incompatible.
[2016.04.21-06.17.12:464][622]LogAIModule: Creating AISystem for world Level_1
[2016.04.21-06.17.12:534][622]LogLinker:Warning: Asset '../../../../../../Documents/Unreal Projects/Know_No_Demons/Content/TBStrategyGrids/Meshes/Shape_Cube.uasset' has been saved with empty engine version. The asset will be loaded but may be incompatible.
[2016.04.21-06.17.12:535][622]LogLinker:Warning: Asset '../../../../../../Documents/Unreal Projects/Know_No_Demons/Content/TBStrategyGrids/Meshes/Shape_Cylinder.uasset' has been saved with empty engine version. The asset will be loaded but may be incompatible.
[2016.04.21-06.17.12:575][622]LogAIModule: Creating AISystem for world Test_Level_1
[2016.04.21-06.17.12:740][622]LogAIModule: Creating AISystem for world Test_level_2
[2016.04.21-06.17.12:894][622]LogAIModule: Creating AISystem for world Tutorial_Prototype
[2016.04.21-06.17.15:701][947]LogUObjectGlobals:Warning: Guid is in use by CapsuleComponent /Game/Maps_Old/Level1_Proto.Level1_Proto:PersistentLevel.TopDownPlayerCursor_750.CollisionCylinder and CapsuleComponent /Game/Maps_Old/Level1_Proto.Level1_Proto:PersistentLevel.TopDownPlayerCursor_C_0.CollisionCylinder, which should never happen in the editor but could happen at runtime with duplicate level loading or PIE
[2016.04.21-06.17.15:701][947]LogUObjectGlobals:Warning: Guid is in use by ArrowComponent /Game/Maps_Old/Level1_Proto.Level1_Proto:PersistentLevel.TopDownPlayerCursor_750.Arrow and ArrowComponent /Game/Maps_Old/Level1_Proto.Level1_Proto:PersistentLevel.TopDownPlayerCursor_C_0.Arrow, which should never happen in the editor but could happen at runtime with duplicate level loading or PIE
[2016.04.21-06.17.15:701][947]LogUObjectGlobals:Warning: Guid is in use by CharacterMovementComponent /Game/Maps_Old/Level1_Proto.Level1_Proto:PersistentLevel.TopDownPlayerCursor_750.CharMoveComp and CharacterMovementComponent /Game/Maps_Old/Level1_Proto.Level1_Proto:PersistentLevel.TopDownPlayerCursor_C_0.CharMoveComp, which should never happen in the editor but could happen at runtime with duplicate level loading or PIE
[2016.04.21-06.17.15:701][947]LogUObjectGlobals:Warning: Guid is in use by PaperFlipbookComponent /Game/Maps_Old/Level1_Proto.Level1_Proto:PersistentLevel.TopDownPlayerCursor_750.Sprite0 and PaperFlipbookComponent /Game/Maps_Old/Level1_Proto.Level1_Proto:PersistentLevel.TopDownPlayerCursor_C_0.Sprite0, which should never happen in the editor but could happen at runtime with duplicate level loading or PIE
[2016.04.21-06.17.15:827][947]LogMetaData: Removing '/Game/Old/TopDownPlayerCursor.TopDownPlayerCursor:UserConstructionScript.K2Node_FunctionEntry_0' ref from Metadata '/Game/TopDownPlayerCursor.PackageMetaData'
[2016.04.21-06.17.15:827][947]LogMetaData: Removing '/Game/Old/TopDownPlayerCursor.TopDownPlayerCursor_C' ref from Metadata '/Game/TopDownPlayerCursor.PackageMetaData'
[2016.04.21-06.17.15:827][947]LogMetaData: Removing '/Game/Old/TopDownPlayerCursor.TopDownPlayerCursor:EventGraph.K2Node_Event_0' ref from Metadata '/Game/TopDownPlayerCursor.PackageMetaData'
[2016.04.21-06.17.15:827][947]LogMetaData: Removing '/Game/Old/TopDownPlayerCursor.TopDownPlayerCursor:EventGraph.K2Node_Event_1' ref from Metadata '/Game/TopDownPlayerCursor.PackageMetaData'
[2016.04.21-06.17.15:827][947]LogMetaData: Removing '/Game/Old/TopDownPlayerCursor.TopDownPlayerCursor:EventGraph.K2Node_Event_2' ref from Metadata '/Game/TopDownPlayerCursor.PackageMetaData'
[2016.04.21-06.17.15:827][947]LogMetaData: Removing '/Game/Old/TopDownPlayerCursor.SKEL_TopDownPlayerCursor_C' ref from Metadata '/Game/TopDownPlayerCursor.PackageMetaData'
[2016.04.21-06.17.15:871][947]Cmd: OBJ SAVEPACKAGE PACKAGE="/Game/Old/TopDownPlayerCursor" FILE="../../../../../../Documents/Unreal Projects/Know_No_Demons/Content/Old/TopDownPlayerCursor.uasset" SILENT=true
[2016.04.21-06.17.15:892][947]LogSavePackage: Save=19.200171ms
[2016.04.21-06.17.15:892][947]LogSavePackage: Moving '../../../../../../Documents/Unreal Projects/Know_No_Demons/Saved/TopDownPlayerCursor73478EB1404F24B001BF89847A9B3707.tmp' to '../../../../../../Documents/Unreal Projects/Know_No_Demons/Content/Old/TopDownPlayerCursor.uasset'
[2016.04.21-06.17.15:894][947]LogSavePackage: Total save time: 21.338377ms
[2016.04.21-06.17.15:894][947]LogSavePackage:Display: Finished SavePackage ../../../../../../Documents/Unreal Projects/Know_No_Demons/Content/Old/TopDownPlayerCursor.uasset
[2016.04.21-06.17.15:899][947]Cmd: OBJ SAVEPACKAGE PACKAGE="/Game/TopDownPlayerCursor" FILE="../../../../../../Documents/Unreal Projects/Know_No_Demons/Content/TopDownPlayerCursor.uasset" SILENT=true
[2016.04.21-06.17.15:911][947]LogSavePackage: Save=4.364497ms
[2016.04.21-06.17.15:911][947]LogSavePackage: Moving '../../../../../../Documents/Unreal Projects/Know_No_Demons/Saved/TopDownPlayerCursor5B8976FA4684181B98DBDFA524514D32.tmp' to '../../../../../../Documents/Unreal Projects/Know_No_Demons/Content/TopDownPlayerCursor.uasset'
[2016.04.21-06.17.15:912][947]LogSavePackage: Total save time: 12.558691ms
[2016.04.21-06.17.15:912][947]LogSavePackage:Display: Finished SavePackage ../../../../../../Documents/Unreal Projects/Know_No_Demons/Content/TopDownPlayerCursor.uasset
[2016.04.21-06.17.18:415][235]LogMetaData: Removing '/Game/Old/Selector_Pawn.Selector_Pawn:UserConstructionScript.K2Node_FunctionEntry_5' ref from Metadata '/Game/Selector_Pawn.PackageMetaData'
[2016.04.21-06.17.18:415][235]LogMetaData: Removing '/Game/Old/Selector_Pawn.Selector_Pawn_C' ref from Metadata '/Game/Selector_Pawn.PackageMetaData'
[2016.04.21-06.17.18:415][235]LogMetaData: Removing '/Game/Old/Selector_Pawn.Selector_Pawn:EventGraph.K2Node_Event_126' ref from Metadata '/Game/Selector_Pawn.PackageMetaData'
[2016.04.21-06.17.18:415][235]LogMetaData: Removing '/Game/Old/Selector_Pawn.Selector_Pawn:EventGraph.K2Node_Event_127' ref from Metadata '/Game/Selector_Pawn.PackageMetaData'
[2016.04.21-06.17.18:415][235]LogMetaData: Removing '/Game/Old/Selector_Pawn.Selector_Pawn:EventGraph.K2Node_Event_128' ref from Metadata '/Game/Selector_Pawn.PackageMetaData'
[2016.04.21-06.17.18:415][235]LogMetaData: Removing '/Game/Old/Selector_Pawn.SKEL_Selector_Pawn_C' ref from Metadata '/Game/Selector_Pawn.PackageMetaData'
[2016.04.21-06.17.18:453][235]Cmd: OBJ SAVEPACKAGE PACKAGE="/Game/Old/Selector_Pawn" FILE="../../../../../../Documents/Unreal Projects/Know_No_Demons/Content/Old/Selector_Pawn.uasset" SILENT=true
[2016.04.21-06.17.18:460][235]LogSavePackage: Save=5.808537ms
[2016.04.21-06.17.18:460][235]LogSavePackage: Moving '../../../../../../Documents/Unreal Projects/Know_No_Demons/Saved/Selector_Pawn24DFBC46451E70E1FE32E88CDEDCBE86.tmp' to '../../../../../../Documents/Unreal Projects/Know_No_Demons/Content/Old/Selector_Pawn.uasset'
[2016.04.21-06.17.18:462][235]LogSavePackage: Total save time: 7.463638ms
[2016.04.21-06.17.18:462][235]LogSavePackage:Display: Finished SavePackage ../../../../../../Documents/Unreal Projects/Know_No_Demons/Content/Old/Selector_Pawn.uasset
[2016.04.21-06.17.18:467][235]Cmd: OBJ SAVEPACKAGE PACKAGE="/Game/Selector_Pawn" FILE="../../../../../../Documents/Unreal Projects/Know_No_Demons/Content/Selector_Pawn.uasset" SILENT=true
[2016.04.21-06.17.18:474][235]LogSavePackage: Save=1.346918ms
[2016.04.21-06.17.18:474][235]LogSavePackage: Moving '../../../../../../Documents/Unreal Projects/Know_No_Demons/Saved/Selector_Pawn553F7B23449000E95B34EBBEB009B429.tmp' to '../../../../../../Documents/Unreal Projects/Know_No_Demons/Content/Selector_Pawn.uasset'
[2016.04.21-06.17.18:476][235]LogSavePackage: Total save time: 7.594138ms
[2016.04.21-06.17.18:476][235]LogSavePackage:Display: Finished SavePackage ../../../../../../Documents/Unreal Projects/Know_No_Demons/Content/Selector_Pawn.uasset
[2016.04.21-06.17.24:060][895]LogMetaData: Removing '/Game/Old/Pawn_Blueprint.Pawn_Blueprint:UserConstructionScript.K2Node_FunctionEntry_290' ref from Metadata '/Game/Pawn_Blueprint.PackageMetaData'
[2016.04.21-06.17.24:060][895]LogMetaData: Removing '/Game/Old/Pawn_Blueprint.Pawn_Blueprint_C' ref from Metadata '/Game/Pawn_Blueprint.PackageMetaData'
[2016.04.21-06.17.24:060][895]LogMetaData: Removing '/Game/Old/Pawn_Blueprint.Pawn_Blueprint:EventGraph.K2Node_Event_291' ref from Metadata '/Game/Pawn_Blueprint.PackageMetaData'
[2016.04.21-06.17.24:060][895]LogMetaData: Removing '/Game/Old/Pawn_Blueprint.Pawn_Blueprint:EventGraph.K2Node_Event_292' ref from Metadata '/Game/Pawn_Blueprint.PackageMetaData'
[2016.04.21-06.17.24:060][895]LogMetaData: Removing '/Game/Old/Pawn_Blueprint.Pawn_Blueprint:EventGraph.K2Node_Event_293' ref from Metadata '/Game/Pawn_Blueprint.PackageMetaData'
[2016.04.21-06.17.24:060][895]LogMetaData: Removing '/Game/Old/Pawn_Blueprint.SKEL_Pawn_Blueprint_C' ref from Metadata '/Game/Pawn_Blueprint.PackageMetaData'
[2016.04.21-06.17.24:088][895]Cmd: OBJ SAVEPACKAGE PACKAGE="/Game/Old/Pawn_Blueprint" FILE="../../../../../../Documents/Unreal Projects/Know_No_Demons/Content/Old/Pawn_Blueprint.uasset" SILENT=true
[2016.04.21-06.17.24:096][895]LogSavePackage: Save=7.050804ms
[2016.04.21-06.17.24:096][895]LogSavePackage: Moving '../../../../../../Documents/Unreal Projects/Know_No_Demons/Saved/Pawn_BlueprintE06605A54F8496D564828E9C19D45823.tmp' to '../../../../../../Documents/Unreal Projects/Know_No_Demons/Content/Old/Pawn_Blueprint.uasset'
[2016.04.21-06.17.24:098][895]LogSavePackage: Total save time: 8.775420ms
[2016.04.21-06.17.24:098][895]LogSavePackage:Display: Finished SavePackage ../../../../../../Documents/Unreal Projects/Know_No_Demons/Content/Old/Pawn_Blueprint.uasset
[2016.04.21-06.17.33:532][  2]LogEditorViewport: Clicking Background
[2016.04.21-06.18.19:936][553]Cmd: TRANSACTION UNDO
[2016.04.21-06.18.19:937][553]LogEditorTransaction: Undo Clicking Background
[2016.04.21-06.18.36:501][266]LogMetaData: Removing '/Game/ExampleCharacter2.SKEL_ExampleCharacter2_C' ref from Metadata '/Game/TBStrategyGrids/Blueprints/Example/ExampleCharacter2.PackageMetaData'
[2016.04.21-06.18.36:502][266]LogMetaData: Removing '/Game/ExampleCharacter2.ExampleCharacter2_C' ref from Metadata '/Game/TBStrategyGrids/Blueprints/Example/ExampleCharacter2.PackageMetaData'
[2016.04.21-06.18.36:536][266]Cmd: OBJ SAVEPACKAGE PACKAGE="/Game/ExampleCharacter2" FILE="../../../../../../Documents/Unreal Projects/Know_No_Demons/Content/ExampleCharacter2.uasset" SILENT=true
[2016.04.21-06.18.36:581][266]LogSavePackage: Save=43.773708ms
[2016.04.21-06.18.36:581][266]LogSavePackage: Moving '../../../../../../Documents/Unreal Projects/Know_No_Demons/Saved/ExampleCharacter2BFEE0874408AF79A6FB3A5A5A9D5E9CA.tmp' to '../../../../../../Documents/Unreal Projects/Know_No_Demons/Content/ExampleCharacter2.uasset'
[2016.04.21-06.18.36:583][266]LogSavePackage: Total save time: 46.282087ms
[2016.04.21-06.18.36:583][266]LogSavePackage:Display: Finished SavePackage ../../../../../../Documents/Unreal Projects/Know_No_Demons/Content/ExampleCharacter2.uasset
[2016.04.21-06.18.39:948][658]LogLinker:Warning: Asset '../../../Engine/Content/ArtTools/RenderToTexture/Macros/RenderToTextureMacros.uasset' has been saved with empty engine version. The asset will be loaded but may be incompatible.
[2016.04.21-06.18.40:208][658]LogContentBrowser: Native class hierarchy updated for 'BlueprintGraph' in 0.0005 seconds. Added 107 classes and 0 folders.
[2016.04.21-06.19.12:536][429]Cmd: OBJ SAVEPACKAGE PACKAGE="/Game/ExampleCharacter2" FILE="../../../../../../Documents/Unreal Projects/Know_No_Demons/Content/ExampleCharacter2.uasset" SILENT=true
[2016.04.21-06.19.12:587][429]LogSavePackage: Save=35.073326ms
[2016.04.21-06.19.12:587][429]LogSavePackage: Moving '../../../../../../Documents/Unreal Projects/Know_No_Demons/Saved/ExampleCharacter2B2D9ADD84DF5842D6AFC259A0D7CA36E.tmp' to '../../../../../../Documents/Unreal Projects/Know_No_Demons/Content/ExampleCharacter2.uasset'
[2016.04.21-06.19.12:589][429]LogSavePackage: Total save time: 42.973891ms
[2016.04.21-06.19.12:589][429]LogSavePackage:Display: Finished SavePackage ../../../../../../Documents/Unreal Projects/Know_No_Demons/Content/ExampleCharacter2.uasset
[2016.04.21-06.19.13:394][525]BlueprintLog: New page: Compile ExampleCharacter2
[2016.04.21-06.19.13:462][525]BlueprintEditorCompileResults: Info [0446.08] Compile of ExampleCharacter2 successful! [in 68 ms]
[2016.04.21-06.19.37:658][  9]LogEditorViewport: Clicking Background
[2016.04.21-06.19.46:890][803]LogEditorViewport: Clicking on Actor (LMB): LevelGrid_C (LevelGrid)
[2016.04.21-06.20.04:316][780]LogEditorViewport: Clicking Background
[2016.04.21-06.24.41:070][304]LogSavePackage: Save=14.978473ms
[2016.04.21-06.24.41:070][304]LogSavePackage: Moving '../../../../../../Documents/Unreal Projects/Know_No_Demons/Saved/Level_2_InProgress_Auto12437D503430E3174B8BCB6A8190B3539.tmp' to '../../../../../../Documents/Unreal Projects/Know_No_Demons/Saved/Autosaves/Game/Level_2_InProgress_Auto1.umap'
[2016.04.21-06.24.41:071][304]LogSavePackage: Total save time: 21.444283ms
[2016.04.21-06.24.41:071][304]LogSavePackage:Display: Finished SavePackage ../../../../../../Documents/Unreal Projects/Know_No_Demons/Saved/Autosaves/Game/Level_2_InProgress_Auto1.umap
[2016.04.21-06.24.41:072][304]LogFileHelpers: Editor autosave (incl. sublevels) for '/Game/Level_2_InProgress' took 0.057
[2016.04.21-06.24.41:072][304]LogFileHelpers: Editor autosave (incl. sublevels) for all levels took 0.057
[2016.04.21-06.24.41:079][304]LogSavePackage: Save=0.733314ms
[2016.04.21-06.24.41:079][304]LogSavePackage: Moving '../../../../../../Documents/Unreal Projects/Know_No_Demons/Saved/ExampleCharacter2_Auto16E9D30D5403DB18A7DCA6389EABBA6A1.tmp' to '../../../../../../Documents/Unreal Projects/Know_No_Demons/Saved/Autosaves/Game/TBStrategyGrids/Blueprints/Example/ExampleCharacter2_Auto1.uasset'
[2016.04.21-06.24.41:081][304]LogSavePackage: Total save time: 3.141303ms
[2016.04.21-06.24.41:081][304]LogSavePackage:Display: Finished SavePackage ../../../../../../Documents/Unreal Projects/Know_No_Demons/Saved/Autosaves/Game/TBStrategyGrids/Blueprints/Example/ExampleCharacter2_Auto1.uasset
[2016.04.21-06.24.41:081][304]LogFileHelpers: Auto-saving content packages took 0.008
[2016.04.21-06.25.44:589][  3]LogMetaData: Removing '/Game/ExampleCharacter_Bandit_Melee.ExampleCharacter_Bandit_Melee_C' ref from Metadata '/Game/ExampleCharacter2.PackageMetaData'
[2016.04.21-06.25.44:589][  3]LogMetaData: Removing '/Game/ExampleCharacter_Bandit_Melee.SKEL_ExampleCharacter_Bandit_Melee_C' ref from Metadata '/Game/ExampleCharacter2.PackageMetaData'
[2016.04.21-06.25.44:634][  3]Cmd: OBJ SAVEPACKAGE PACKAGE="/Game/ExampleCharacter_Bandit_Melee" FILE="../../../../../../Documents/Unreal Projects/Know_No_Demons/Content/ExampleCharacter_Bandit_Melee.uasset" SILENT=true
[2016.04.21-06.25.44:681][  3]LogSavePackage: Save=45.430065ms
[2016.04.21-06.25.44:681][  3]LogSavePackage: Moving '../../../../../../Documents/Unreal Projects/Know_No_Demons/Saved/ExampleCharacter_Bandit_Melee2ABF4B3E47BE6B5464CCFAAE3E5B7B2A.tmp' to '../../../../../../Documents/Unreal Projects/Know_No_Demons/Content/ExampleCharacter_Bandit_Melee.uasset'
[2016.04.21-06.25.44:684][  3]LogSavePackage: Total save time: 48.903391ms
[2016.04.21-06.25.44:684][  3]LogSavePackage:Display: Finished SavePackage ../../../../../../Documents/Unreal Projects/Know_No_Demons/Content/ExampleCharacter_Bandit_Melee.uasset
[2016.04.21-06.25.44:801][  3]LogParticles: Destroying 0 GPU particle simulations for FXSystem 0x000001F0B809C180
[2016.04.21-06.26.02:602][ 28]LogEditorViewport: Clicking Background
[2016.04.21-06.26.08:543][739]LogEditorViewport: Clicking on Actor (LMB): LevelGrid_C (LevelGrid)
[2016.04.21-06.26.45:746][715]LogEditorViewport: Clicking on Actor (LMB): LevelGrid_C (LevelGrid)
[2016.04.21-06.26.54:257][735]LogEditorViewport: Clicking on Actor (context menu): LevelGrid_C (LevelGrid)
[2016.04.21-06.27.19:735][734]Cmd: TRANSACTION UNDO
[2016.04.21-06.27.19:735][734]LogEditorTransaction: Undo Clicking on Component (tree view)
[2016.04.21-06.27.20:250][734]Cmd: TRANSACTION UNDO
[2016.04.21-06.27.20:250][734]LogEditorTransaction: Undo Edit Source Flipbook
[2016.04.21-06.27.21:104][829]Cmd: TRANSACTION UNDO
[2016.04.21-06.27.21:104][829]LogEditorTransaction: Undo Add Component
[2016.04.21-06.27.21:116][829]LogWindows:Error: Windows GetLastError: The operation completed successfully. (0)
[2016.04.21-06.27.21:841][829]LogCrashTracker: 


[2016.04.21-06.27.21:889][829]LogCrashTracker: 


[2016.04.21-06.27.21:889][829]LogWindows:Error: === Critical error: ===
Assertion failed: ChildCount > AttachChildren.Num() [File:D:\BuildFarm\buildmachine_++depot+UE4-Releases+4.10\Engine\Source\Runtime\Engine\Private\Components\SceneComponent.cpp] [Line: 680] 
AttachChildren count increased while detaching 'PaperFlipbook', likely caused by OnAttachmentChanged introducing new children, which could lead to an infinite loop.




[2016.04.21-06.27.21:929][829]LogExit: Executing StaticShutdownAfterError
[2016.04.21-06.27.21:933][829]LogPhysics:Warning: PHYSX: ..\..\PhysX\src\NpScene.cpp (2946) 8 : PxScene::unlockWrite() called without matching call to PxScene::lockWrite(), behaviour will be undefined.
[2016.04.21-06.27.21:933][829]LogPhysics:Warning: PHYSX: ..\..\PhysX\src\NpScene.cpp (2946) 8 : PxScene::unlockWrite() called without matching call to PxScene::lockWrite(), behaviour will be undefined.
[2016.04.21-06.27.21:933][829]LogWindows: FPlatformMisc::RequestExit(1)
[2016.04.21-06.27.21:933][829]Log file closed, 04/21/16 01:27:21
