[2016.05.04-04.56.23:530][  0]Log file open, 05/03/16 23:56:23
[2016.05.04-04.56.23:530][  0]LogInit:Display: Running engine for game: KND
[2016.05.04-04.56.23:530][  0]LogPlatformFile: Not using cached read wrapper
[2016.05.04-04.56.23:530][  0]LogInit:Display: RandInit(1715558469) SRandInit(1715558470).
[2016.05.04-04.56.23:530][  0]LogTaskGraph: Started task graph with 4 named threads and 7 total threads.
[2016.05.04-04.56.23:530][  0]LogStats: Stats thread started at 0.280289
[2016.05.04-04.56.23:530][  0]LogInit: Version: 4.10.4-2872498+++depot+UE4-Releases+4.10
[2016.05.04-04.56.23:530][  0]LogInit: API Version: 2758231
[2016.05.04-04.56.23:530][  0]LogInit: Compiled (64-bit): Feb 18 2016 15:47:04
[2016.05.04-04.56.23:530][  0]LogInit: Compiled with Visual C++: 19.00.23026.00
[2016.05.04-04.56.23:530][  0]LogInit: Build Configuration: Development
[2016.05.04-04.56.23:530][  0]LogInit: Branch Name: ++depot+UE4-Releases+4.10
[2016.05.04-04.56.23:530][  0]LogInit: Command line:  
[2016.05.04-04.56.23:530][  0]LogInit: Base directory: E:/Program Files (x86)/Epic Games/4.10/Engine/Binaries/Win64/
[2016.05.04-04.56.23:530][  0]LogInit: Rocket: 1
[2016.05.04-04.56.23:621][  0]LogInit: Using libcurl 7.41.0
[2016.05.04-04.56.23:621][  0]LogInit:  - built for x86_64-pc-win32
[2016.05.04-04.56.23:621][  0]LogInit:  - supports SSL with WinSSL
[2016.05.04-04.56.23:621][  0]LogInit:  - other features:
[2016.05.04-04.56.23:621][  0]LogInit:      CURL_VERSION_SSL
[2016.05.04-04.56.23:621][  0]LogInit:      CURL_VERSION_IPV6
[2016.05.04-04.56.23:621][  0]LogInit:      CURL_VERSION_ASYNCHDNS
[2016.05.04-04.56.23:621][  0]LogInit:      CURL_VERSION_LARGEFILE
[2016.05.04-04.56.23:621][  0]LogInit:      CURL_VERSION_IDN
[2016.05.04-04.56.23:621][  0]LogInit:  CurlRequestOptions (configurable via config and command line):
[2016.05.04-04.56.23:621][  0]LogInit:  - bVerifyPeer = true  - Libcurl will verify peer certificate
[2016.05.04-04.56.23:621][  0]LogInit:  - bUseHttpProxy = false  - Libcurl will NOT use HTTP proxy
[2016.05.04-04.56.23:621][  0]LogInit:  - bDontReuseConnections = false  - Libcurl will reuse connections
[2016.05.04-04.56.23:621][  0]LogInit:  - CertBundlePath = nullptr  - Libcurl will use whatever was configured at build time.
[2016.05.04-04.56.23:690][  0]LogInit: Presizing for 0 objects not considered by GC, pre-allocating 0 bytes.
[2016.05.04-04.56.23:694][  0]LogInit: Object subsystem initialized
[2016.05.04-04.56.23:695][  0]LogInit: Selected Device Profile: [Windows]
[2016.05.04-04.56.23:695][  0]LogInit: Applying CVar settings loaded from the selected device profile: [Windows]
[2016.05.04-04.56.23:754][  0]LogInit: Computer: RAGNOROK
[2016.05.04-04.56.23:754][  0]LogInit: User: GarrettJohnson
[2016.05.04-04.56.23:754][  0]LogInit: CPU Page size=4096, Cores=4
[2016.05.04-04.56.23:754][  0]LogInit: High frequency timer resolution =3.984652 MHz
[2016.05.04-04.56.23:754][  0]LogMemory: Memory total: Physical=15.9GB (16GB approx)
[2016.05.04-04.56.23:754][  0]LogMemory: Platform Memory Stats for Windows
[2016.05.04-04.56.23:754][  0]LogMemory: Process Physical Memory: 58.45 MB used, 58.45 MB peak
[2016.05.04-04.56.23:754][  0]LogMemory: Process Virtual Memory: 56.80 MB used, 56.80 MB peak
[2016.05.04-04.56.23:754][  0]LogMemory: Physical Memory: 7015.22 MB used, 16325.72 MB total
[2016.05.04-04.56.23:754][  0]LogMemory: Virtual Memory: 383.33 MB used, 134217728.00 MB total
[2016.05.04-04.56.24:207][  0]LogTextLocalizationManager: No specific translations for ('en-US') exist, so ('en') translations will be used.
[2016.05.04-04.56.24:579][  0]LogD3D11RHI: Found D3D11 adapter 0: AMD Radeon (TM) R9 Fury Series (Feature Level 11_0)
[2016.05.04-04.56.24:579][  0]LogD3D11RHI: Adapter has 4074MB of dedicated video memory, 0MB of dedicated system memory, and 8162MB of shared system memory, 3 output[s]
[2016.05.04-04.56.24:581][  0]LogD3D11RHI: Found D3D11 adapter 1: Microsoft Basic Render Driver (Feature Level 11_0)
[2016.05.04-04.56.24:581][  0]LogD3D11RHI: Adapter has 0MB of dedicated video memory, 0MB of dedicated system memory, and 8162MB of shared system memory, 0 output[s]
[2016.05.04-04.56.24:581][  0]LogD3D11RHI: Chosen D3D11 Adapter Id = 0
[2016.05.04-04.56.24:585][  0]LogD3D11RHI: !Direct3DDevice
[2016.05.04-04.56.24:585][  0]LogRHI: Texture pool is 1361 MB (70% of 1945 MB)
[2016.05.04-04.56.24:594][  0]LogD3D11RHI: Async texture creation disabled: no driver support
[2016.05.04-04.56.24:837][  0]LogShaderCompilers: Guid format shader working directory is -10 characters bigger than the processId version (../../../../../../Documents/Unreal Projects/Know_No_Demons/Intermediate/Shaders/WorkingDirectory/16212/).
[2016.05.04-04.56.24:837][  0]LogShaderCompilers: Cleaned the shader compiler working directory 'C:/Users/GARRET~1/AppData/Local/Temp/UnrealShaderWorkingDir/7FD6B189429D033B9CA7AF8965BFA829/'.
[2016.05.04-04.56.24:844][  0]LogShaderCompilers:Display: Using Local Shader Compiler.
[2016.05.04-04.56.29:638][  0]LogTemp:Display: Loaded TP AllDesktopTargetPlatform
[2016.05.04-04.56.29:641][  0]LogTemp:Display: Loaded TP WindowsClientTargetPlatform
[2016.05.04-04.56.29:645][  0]LogTemp:Display: Loaded TP WindowsNoEditorTargetPlatform
[2016.05.04-04.56.29:648][  0]LogTemp:Display: Loaded TP WindowsServerTargetPlatform
[2016.05.04-04.56.29:651][  0]LogTemp:Display: Loaded TP WindowsTargetPlatform
[2016.05.04-04.56.29:655][  0]LogTemp:Display: Loaded TP AndroidTargetPlatform
[2016.05.04-04.56.29:657][  0]LogTemp:Display: Loaded TP Android_ASTCTargetPlatform
[2016.05.04-04.56.29:658][  0]LogTemp:Display: Loaded TP Android_ATCTargetPlatform
[2016.05.04-04.56.29:660][  0]LogTemp:Display: Loaded TP Android_DXTTargetPlatform
[2016.05.04-04.56.29:663][  0]LogTemp:Display: Loaded TP Android_ETC1TargetPlatform
[2016.05.04-04.56.29:665][  0]LogTemp:Display: Loaded TP Android_ETC2TargetPlatform
[2016.05.04-04.56.29:669][  0]LogTemp:Display: Loaded TP Android_MultiTargetPlatform
[2016.05.04-04.56.29:669][  0]LogTemp:Display: Loaded TP Android_PVRTCTargetPlatform
[2016.05.04-04.56.29:670][  0]LogTemp:Display: Loaded TP HTML5TargetPlatform
[2016.05.04-04.56.29:801][  0]LogTemp:Display: Loaded TP IOSTargetPlatform
[2016.05.04-04.56.29:803][  0]LogTemp:Display: Loaded TP LinuxNoEditorTargetPlatform
[2016.05.04-04.56.29:805][  0]LogTemp:Display: Loaded TP LinuxServerTargetPlatform
[2016.05.04-04.56.29:821][  0]LogTemp:Display: Loaded TP LinuxTargetPlatform
[2016.05.04-04.56.29:822][  0]LogTargetPlatformManager:Display: Building Assets For Windows
[2016.05.04-04.56.30:557][  0]LogDerivedDataCache:Display: Max Cache Size: 512 MB
[2016.05.04-04.56.30:698][  0]LogDerivedDataCache: Loaded boot cache 0.14s 41MB C:/Users/Garrett Johnson/AppData/Local/UnrealEngine/4.10/DerivedDataCache/Boot.ddc.
[2016.05.04-04.56.30:698][  0]LogDerivedDataCache:Display: Loaded Boot cache: C:/Users/Garrett Johnson/AppData/Local/UnrealEngine/4.10/DerivedDataCache/Boot.ddc
[2016.05.04-04.56.30:698][  0]LogDerivedDataCache: FDerivedDataBackendGraph:  Pak pak cache file ../../../../../../Documents/Unreal Projects/Know_No_Demons/DerivedDataCache/DDC.ddp not found, will not use a pak cache.
[2016.05.04-04.56.30:698][  0]LogDerivedDataCache: Unable to find inner node Pak for hierarchical cache Hierarchy.
[2016.05.04-04.56.30:698][  0]LogDerivedDataCache: FDerivedDataBackendGraph:  CompressedPak pak cache file ../../../../../../Documents/Unreal Projects/Know_No_Demons/DerivedDataCache/Compressed.ddp not found, will not use a pak cache.
[2016.05.04-04.56.30:698][  0]LogDerivedDataCache: Unable to find inner node CompressedPak for hierarchical cache Hierarchy.
[2016.05.04-04.56.30:814][  0]LogDerivedDataCache:Display: Pak cache opened for reading ../../../Engine/DerivedDataCache/Compressed.ddp.
[2016.05.04-04.56.30:833][  0]LogDerivedDataCache: Using Local data cache path C:/Users/Garrett Johnson/AppData/Local/UnrealEngine/Common/DerivedDataCache: Writable
[2016.05.04-04.56.39:939][  0]LogInit: Selected Device Profile: [Windows]
[2016.05.04-04.56.40:088][  0]LogContentStreaming: Texture pool size is 0.000000MB
[2016.05.04-04.56.41:037][  0]LogMeshUtilities: No automatic mesh reduction module available
[2016.05.04-04.56.41:037][  0]LogMeshUtilities: No automatic mesh merging module available
[2016.05.04-04.56.43:938][  0]LogInit: WinSock: version 1.1 (2.2), MaxSocks=32767, MaxUdp=65467
[2016.05.04-04.56.54:780][  0]UdpMessaging: Initializing bridge on interface 0.0.0.0:0 to multicast group 230.0.0.1:6666.
[2016.05.04-04.56.55:189][  0]LogAssetRegistry: FAssetRegistry took 0.0105 seconds to start up
[2016.05.04-04.56.57:803][  0]SourceControl: Info Source control is disabled
[2016.05.04-04.56.58:263][  0]SourceControl: Info Source control is disabled
[2016.05.04-04.56.58:271][  0]SourceControl: Info Source control is disabled
[2016.05.04-04.56.58:278][  0]SourceControl: Info Source control is disabled
[2016.05.04-04.56.59:881][  0]LogObj: 28633 objects as part of root set at end of initial load.
[2016.05.04-04.56.59:881][  0]LogUObjectAllocator: 6099752 out of 0 bytes used by permanent object pool.
[2016.05.04-04.57.01:307][  0]LogEngine: Initializing Engine...
[2016.05.04-04.57.01:426][  0]LogHMD: Can't find Oculus library dev build: is proper Runtime installed? Version: 0.8.0.0
[2016.05.04-04.57.06:603][  0]LogHMD: SteamVR initialized.  Driver: oculus  Display: WMHD302F40090M
[2016.05.04-04.57.08:778][  0]LogAIModule: Creating AISystem for world NewWorld
[2016.05.04-04.57.08:995][  0]LogInit: XAudio2 using 'Speakers (Realtek High Definition Audio)' : 2 channels at 48 kHz using 32 bits per sample (channel mask 0x3)
[2016.05.04-04.57.09:052][  0]LogInit: FAudioDevice initialized.
[2016.05.04-04.57.09:073][  0]LogDerivedDataCache: Saved boot cache 0.02s 41MB C:/Users/Garrett Johnson/AppData/Local/UnrealEngine/4.10/DerivedDataCache/Boot.ddc.
[2016.05.04-04.57.09:078][  0]LogInit: Texture streaming: Enabled
[2016.05.04-04.57.09:166][  0]LogAnalytics: Creating configured Analytics provider AnalyticsET
[2016.05.04-04.57.09:166][  0]LogAnalytics: [UEEditor.Rocket.Release] APIServer = http://et2.epicgames.com/ET2/. AppVersion = 4.10.4-2872498+++depot+UE4-Releases+4.10
[2016.05.04-04.57.09:166][  0]LogAnalytics: [UEEditor.Rocket.Release] SetUserId 1100b9ee46e2597b617ec6b6f167f1df|59edfd7a1e024ba5bc5c7666785a6599|ad4dcf7c-55ae-48d9-8920-cdda66422389
[2016.05.04-04.57.09:193][  0]LogAnalytics: [UEEditor.Rocket.Release] AnalyticsET::StartSession
[2016.05.04-04.57.09:402][  0]LogInit: Transaction tracking system initialized
[2016.05.04-04.57.09:615][  0]BlueprintLog: New page: Editor Load
[2016.05.04-04.57.09:934][  0]LocalizationService: Info Localization service is disabled
[2016.05.04-04.57.10:364][  0]LogConsoleResponse:Display: 
[2016.05.04-04.57.13:962][  0]LogCook:Display: Done creating registry. It took  0.00s.
[2016.05.04-04.57.14:742][  0]LogFileCache: Scanning file cache for directory 'E:/Documents/Unreal Projects/Know_No_Demons/Content/' took 0.23s
[2016.05.04-04.57.14:908][  0]SourceControl: Info Source control is disabled
[2016.05.04-04.57.15:091][  0]Cmd: MAP LOAD FILE="../../../../../../Documents/Unreal Projects/Know_No_Demons/Content/Maps/Main.umap" TEMPLATE=0 SHOWPROGRESS=1 FEATURELEVEL=3
[2016.05.04-04.57.15:268][  0]LightingResults: New page: Lighting Build
[2016.05.04-04.57.15:537][  0]MapCheck: New page: Map Check
[2016.05.04-04.57.15:537][  0]LightingResults: New page: Lighting Build
[2016.05.04-04.57.16:026][  0]LogParticles: Destroying 0 GPU particle simulations for FXSystem 0x00000287C7617420
[2016.05.04-04.57.17:612][  0]LogAIModule: Creating AISystem for world Main
[2016.05.04-04.57.17:738][  0]LogEditorServer: Finished looking for orphan Actors (0.000 secs)
[2016.05.04-04.57.17:766][  0]Cmd: MAP CHECKDEP NOCLEARLOG
[2016.05.04-04.57.17:976][  0]MapCheck: Info Map check complete: 0 Error(s), 0 Warning(s), took 210.708ms to complete.
[2016.05.04-04.57.17:991][  0]LogFileHelpers: Loading map 'Main' took 2.986
[2016.05.04-04.57.18:953][  0]LogCollectionManager: Loaded 0 collections in 0.001651 seconds
[2016.05.04-04.57.19:211][  0]LogFileCache: Scanning file cache for directory 'E:/Documents/Unreal Projects/Know_No_Demons/Saved/Collections/' took 0.01s
[2016.05.04-04.57.19:211][  0]LogFileCache: Scanning file cache for directory 'E:/Documents/Unreal Projects/Know_No_Demons/Content/Developers/GarrettJohnson/Collections/' took 0.01s
[2016.05.04-04.57.19:211][  0]LogFileCache: Scanning file cache for directory 'E:/Documents/Unreal Projects/Know_No_Demons/Content/Collections/' took 0.01s
[2016.05.04-04.57.19:211][  0]LogCollectionManager: Rebuilt the GUID cache for 0 collections in 0.000003 seconds
[2016.05.04-04.57.19:219][  0]LogContentBrowser: Native class hierarchy populated in 0.0056 seconds. Added 1893 classes and 338 folders.
[2016.05.04-04.57.19:283][  0]LogContentBrowser: Native class hierarchy updated for 'WidgetCarousel' in 0.0004 seconds. Added 0 classes and 0 folders.
[2016.05.04-04.57.22:597][  0]LogContentBrowser: Native class hierarchy updated for 'AddContentDialog' in 0.0002 seconds. Added 0 classes and 0 folders.
[2016.05.04-04.57.23:068][  0]LogContentBrowser: Native class hierarchy updated for 'SceneOutliner' in 0.0002 seconds. Added 1 classes and 2 folders.
[2016.05.04-04.57.23:811][  0]LogCrashTracker: Crashtracker disabled due to settings.
[2016.05.04-04.57.23:830][  0]LogUObjectGlobals:Warning: Failed to find object 'Class None.'
[2016.05.04-04.57.23:852][  0]LogLoad: Full Startup: 63.29 seconds (BP compile: 0.53 seconds)
[2016.05.04-04.57.23:884][  0]LogOcInput: Can't find Oculus library dev build: is proper Runtime installed? Version: 0.8.0.0
[2016.05.04-04.57.24:455][  0]LogContentStreaming: Texture pool size now 1000 MB
[2016.05.04-04.57.25:053][  0]LogRenderer: Reallocating scene render targets to support 1252x960 (Frame:2).
[2016.05.04-04.57.25:491][  1]LogAssetRegistry: Asset discovery search completed in 30.3127 seconds
[2016.05.04-04.57.25:491][  1]LogCollectionManager: Rebuilt the object cache for 0 collections in 0.000001 seconds (found 0 objects)
[2016.05.04-04.57.25:491][  1]LogCollectionManager: Fixed up redirectors for 0 collections in 0.000019 seconds (updated 0 objects)
[2016.05.04-05.10.16:172][241]LogEditorViewport: Clicking Background
[2016.05.04-05.10.26:838][414]LogLinker:Warning: Asset '../../../../../../Documents/Unreal Projects/Know_No_Demons/Content/TBStrategyGrids/Structs/Vector2i.uasset' has been saved with empty engine version. The asset will be loaded but may be incompatible.
[2016.05.04-05.10.26:845][414]LogLinker:Warning: Asset '../../../../../../Documents/Unreal Projects/Know_No_Demons/Content/TBStrategyGrids/Structs/Fraction.uasset' has been saved with empty engine version. The asset will be loaded but may be incompatible.
[2016.05.04-05.10.26:850][414]LogLinker:Warning: Asset '../../../../../../Documents/Unreal Projects/Know_No_Demons/Content/TBStrategyGrids/Enums/ELineOfSightType.uasset' has been saved with empty engine version. The asset will be loaded but may be incompatible.
[2016.05.04-05.10.26:870][414]LogLinker:Warning: Asset '../../../../../../Documents/Unreal Projects/Know_No_Demons/Content/TBStrategyGrids/Enums/EBoolCondition.uasset' has been saved with empty engine version. The asset will be loaded but may be incompatible.
[2016.05.04-05.10.26:883][414]LogLinker:Warning: Asset '../../../../../../Documents/Unreal Projects/Know_No_Demons/Content/TBStrategyGrids/Structs/StepInfo.uasset' has been saved with empty engine version. The asset will be loaded but may be incompatible.
[2016.05.04-05.10.26:896][414]LogClass:Warning: UUserDefinedStructEditorData::RecreateDefaultInstance Cannot parse value. Property: From Dir String: "NewEnumerator5"  Struct: /Game/TBStrategyGrids/Structs/StepInfo.StepInfo 
[2016.05.04-05.10.27:074][414]LogLinker:Warning: Asset '../../../../../../Documents/Unreal Projects/Know_No_Demons/Content/TBStrategyGrids/Materials/M_SimpleOpaque.uasset' has been saved with empty engine version. The asset will be loaded but may be incompatible.
[2016.05.04-05.10.28:215][414]LogLinker:Warning: Asset '../../../../../../Documents/Unreal Projects/Know_No_Demons/Content/TBStrategyGrids/Materials/M_SimpleTranslucent.uasset' has been saved with empty engine version. The asset will be loaded but may be incompatible.
[2016.05.04-05.10.48:136][559]LogLinker:Warning: Asset '../../../Engine/Content/ArtTools/RenderToTexture/Macros/RenderToTextureMacros.uasset' has been saved with empty engine version. The asset will be loaded but may be incompatible.
[2016.05.04-05.10.48:421][559]LogContentBrowser: Native class hierarchy updated for 'BlueprintGraph' in 0.0005 seconds. Added 107 classes and 0 folders.
[2016.05.04-05.10.48:683][559]LogActor:Warning: GameNetworkManager /Engine/Transient.World_2:PersistentLevel.GameNetworkManager_0 has natively added scene component(s), but none of them were set as the actor's RootComponent - picking one arbitrarily
[2016.05.04-05.12.27:459][757]LogActor:Warning: GameNetworkManager /Engine/Transient.World_3:PersistentLevel.GameNetworkManager_1 has natively added scene component(s), but none of them were set as the actor's RootComponent - picking one arbitrarily
[2016.05.04-05.13.13:568][568]LogParticles: Destroying 0 GPU particle simulations for FXSystem 0x00000287F3EFF380
[2016.05.04-05.13.13:638][568]LogFileHelpers: Editor autosave (incl. sublevels) for '/Game/Maps/Main' took 0.198
[2016.05.04-05.13.13:655][568]OBJ SavePackage: Generating thumbnails for [0] asset(s) in package [/Game/TBS_GameMode] ([1] browsable assets)...
[2016.05.04-05.13.13:655][568]OBJ SavePackage: Finished generating thumbnails for package [/Game/TBS_GameMode]
[2016.05.04-05.13.13:655][568]Cmd: OBJ SAVEPACKAGE PACKAGE="/Game/TBS_GameMode" FILE="../../../../../../Documents/Unreal Projects/Know_No_Demons/Saved/Autosaves/Game/TBS_GameMode_Auto1.uasset" SILENT=false AUTOSAVING=true
[2016.05.04-05.13.13:756][568]LogSavePackage: Save=67.042496ms
[2016.05.04-05.13.13:756][568]LogSavePackage: Moving '../../../../../../Documents/Unreal Projects/Know_No_Demons/Saved/TBS_GameMode_Auto16C7A56F942ED6F2A0A006CB3C3F5684B.tmp' to '../../../../../../Documents/Unreal Projects/Know_No_Demons/Saved/Autosaves/Game/TBS_GameMode_Auto1.uasset'
[2016.05.04-05.13.13:761][568]LogSavePackage: Total save time: 84.287662ms
[2016.05.04-05.13.13:761][568]LogSavePackage:Display: Finished SavePackage ../../../../../../Documents/Unreal Projects/Know_No_Demons/Saved/Autosaves/Game/TBS_GameMode_Auto1.uasset
[2016.05.04-05.13.13:761][568]LogFileHelpers: Auto-saving content packages took 0.123
[2016.05.04-05.22.25:983][559]LogAIModule: Creating AISystem for world Level_1_Final
[2016.05.04-05.22.30:133][559]Cmd: OBJ SAVEPACKAGE PACKAGE="/Game/TBS_GameMode" FILE="../../../../../../Documents/Unreal Projects/Know_No_Demons/Content/TBS_GameMode.uasset" SILENT=true
[2016.05.04-05.22.30:158][559]LogSavePackage: Save=23.300152ms
[2016.05.04-05.22.30:158][559]LogSavePackage: Moving '../../../../../../Documents/Unreal Projects/Know_No_Demons/Saved/TBS_GameMode6279AB0C480FB85D2F7DAF98D6612FA0.tmp' to '../../../../../../Documents/Unreal Projects/Know_No_Demons/Content/TBS_GameMode.uasset'
[2016.05.04-05.22.30:182][559]LogSavePackage: Total save time: 47.620721ms
[2016.05.04-05.22.30:182][559]LogSavePackage:Display: Finished SavePackage ../../../../../../Documents/Unreal Projects/Know_No_Demons/Content/TBS_GameMode.uasset
[2016.05.04-05.22.30:183][559]Cmd: MAP LOAD FILE="../../../../../../Documents/Unreal Projects/Know_No_Demons/Content/Maps/Level_1_Final.umap" TEMPLATE=0 SHOWPROGRESS=1 FEATURELEVEL=3
[2016.05.04-05.22.30:183][559]LightingResults: New page: Lighting Build
[2016.05.04-05.22.30:206][559]LoadErrors: New page: Loading map: Level_1_Final.umap
[2016.05.04-05.22.30:206][559]MapCheck: New page: Map Check
[2016.05.04-05.22.30:206][559]LightingResults: New page: Lighting Build
[2016.05.04-05.22.30:231][559]LogParticles: Destroying 0 GPU particle simulations for FXSystem 0x00000287B7826020
[2016.05.04-05.22.30:635][559]LogEditorServer: Finished looking for orphan Actors (0.000 secs)
[2016.05.04-05.22.30:771][559]Cmd: MAP CHECKDEP NOCLEARLOG
[2016.05.04-05.22.30:848][559]MapCheck: Info Map check complete: 0 Error(s), 0 Warning(s), took 75.65ms to complete.
[2016.05.04-05.22.30:849][559]LogFileHelpers: Loading map 'Level_1_Final' took 0.667
[2016.05.04-05.24.19:776][997]BlueprintLog: New page: Compile TBS_GameMode
[2016.05.04-05.24.20:537][997]BlueprintEditorCompileResults: Info [1679.97] Compile of TBS_GameMode successful! [in 760 ms]
[2016.05.04-05.32.26:213][864]LogFileHelpers: Editor autosave (incl. sublevels) for '/Game/Maps/Level_1_Final' took 0.028
[2016.05.04-05.32.26:218][864]OBJ SavePackage: Generating thumbnails for [0] asset(s) in package [/Game/TBS_GameMode] ([1] browsable assets)...
[2016.05.04-05.32.26:218][864]OBJ SavePackage: Finished generating thumbnails for package [/Game/TBS_GameMode]
[2016.05.04-05.32.26:218][864]Cmd: OBJ SAVEPACKAGE PACKAGE="/Game/TBS_GameMode" FILE="../../../../../../Documents/Unreal Projects/Know_No_Demons/Saved/Autosaves/Game/TBS_GameMode_Auto2.uasset" SILENT=false AUTOSAVING=true
[2016.05.04-05.32.29:186][864]LogSavePackage: Save=38.539375ms
[2016.05.04-05.32.29:186][864]LogSavePackage: Moving '../../../../../../Documents/Unreal Projects/Know_No_Demons/Saved/TBS_GameMode_Auto28E9C7FEC47B1682CA1B3BCBA53118935.tmp' to '../../../../../../Documents/Unreal Projects/Know_No_Demons/Saved/Autosaves/Game/TBS_GameMode_Auto2.uasset'
[2016.05.04-05.32.29:188][864]LogSavePackage: Total save time: 2968.646698ms
[2016.05.04-05.32.29:188][864]LogSavePackage:Display: Finished SavePackage ../../../../../../Documents/Unreal Projects/Know_No_Demons/Saved/Autosaves/Game/TBS_GameMode_Auto2.uasset
[2016.05.04-05.32.29:188][864]LogFileHelpers: Auto-saving content packages took 2.974
[2016.05.04-05.40.18:043][270]LogEditorViewport: Clicking on Actor (LMB): ExampleCharacter_Bandit_Melee_C (ExampleCharacter_Bandit_Melee4)
[2016.05.04-05.41.31:189][480]LogSlate:Warning: Prevented a slow task dialog from being summoned while a context menu was open
[2016.05.04-05.43.57:656][729]LogFileHelpers: Editor autosave (incl. sublevels) for '/Game/Maps/Level_1_Final' took 0.029
[2016.05.04-05.43.57:662][729]OBJ SavePackage: Generating thumbnails for [0] asset(s) in package [/Game/TBS_GameMode] ([1] browsable assets)...
[2016.05.04-05.43.57:662][729]OBJ SavePackage: Finished generating thumbnails for package [/Game/TBS_GameMode]
[2016.05.04-05.43.57:662][729]Cmd: OBJ SAVEPACKAGE PACKAGE="/Game/TBS_GameMode" FILE="../../../../../../Documents/Unreal Projects/Know_No_Demons/Saved/Autosaves/Game/TBS_GameMode_Auto3.uasset" SILENT=false AUTOSAVING=true
[2016.05.04-05.43.58:445][729]LogSavePackage: Save=24.367498ms
[2016.05.04-05.43.58:445][729]LogSavePackage: Moving '../../../../../../Documents/Unreal Projects/Know_No_Demons/Saved/TBS_GameMode_Auto3E9102AC74F7090999384FA8DE3B8A2C6.tmp' to '../../../../../../Documents/Unreal Projects/Know_No_Demons/Saved/Autosaves/Game/TBS_GameMode_Auto3.uasset'
[2016.05.04-05.43.58:447][729]LogSavePackage: Total save time: 783.751503ms
[2016.05.04-05.43.58:447][729]LogSavePackage:Display: Finished SavePackage ../../../../../../Documents/Unreal Projects/Know_No_Demons/Saved/Autosaves/Game/TBS_GameMode_Auto3.uasset
[2016.05.04-05.43.58:447][729]LogFileHelpers: Auto-saving content packages took 0.790
[2016.05.04-06.46.50:119][223]BlueprintLog: New page: Compile ExampleCharacter
[2016.05.04-06.46.50:194][223]LogBlueprint:Warning: USimpleConstructionScript::FixupRootNodeParentReferences() - Couldn't find inherited parent component 'Box1' for 'PaperFlipbook' in BlueprintGeneratedClass 'REINST_ExampleCharacter_Ally_Melee_C_183' (it may have been removed)
[2016.05.04-06.46.50:246][223]LogBlueprint:Warning: USimpleConstructionScript::FixupRootNodeParentReferences() - Couldn't find inherited parent component 'Box1' for 'PaperFlipbook' in BlueprintGeneratedClass 'REINST_ExampleCharacter_Bandit_Melee_C_187' (it may have been removed)
[2016.05.04-06.46.50:283][223]LogBlueprint:Warning: USimpleConstructionScript::FixupRootNodeParentReferences() - Couldn't find inherited parent component 'Box1' for 'PaperFlipbook' in BlueprintGeneratedClass 'REINST_ExampleCharacter_CptOrrin_C_191' (it may have been removed)
[2016.05.04-06.46.50:716][223]BlueprintEditorCompileResults: Info [6630.15] Compile of ExampleCharacter successful! [in 597 ms]
[2016.05.04-06.48.28:721][676]LogSavePackage: Save=173.916321ms
[2016.05.04-06.48.28:721][676]LogSavePackage: Moving '../../../../../../Documents/Unreal Projects/Know_No_Demons/Saved/Level_1_Final_Auto471EC160E433607B41E8F3E871BD3F5AC.tmp' to '../../../../../../Documents/Unreal Projects/Know_No_Demons/Saved/Autosaves/Game/Maps/Level_1_Final_Auto4.umap'
[2016.05.04-06.48.28:729][676]LogSavePackage: Total save time: 197.588898ms
[2016.05.04-06.48.28:729][676]LogSavePackage:Display: Finished SavePackage ../../../../../../Documents/Unreal Projects/Know_No_Demons/Saved/Autosaves/Game/Maps/Level_1_Final_Auto4.umap
[2016.05.04-06.48.28:754][676]LogFileHelpers: Editor autosave (incl. sublevels) for '/Game/Maps/Level_1_Final' took 1.016
[2016.05.04-06.48.28:754][676]LogFileHelpers: Editor autosave (incl. sublevels) for all levels took 1.016
[2016.05.04-06.48.28:780][676]OBJ SavePackage: Generating thumbnails for [0] asset(s) in package [/Game/TBStrategyGrids/Blueprints/Example/ExampleCharacter] ([1] browsable assets)...
[2016.05.04-06.48.28:780][676]OBJ SavePackage: Finished generating thumbnails for package [/Game/TBStrategyGrids/Blueprints/Example/ExampleCharacter]
[2016.05.04-06.48.28:852][676]LogSavePackage: Save=57.234108ms
[2016.05.04-06.48.28:852][676]LogSavePackage: Moving '../../../../../../Documents/Unreal Projects/Know_No_Demons/Saved/ExampleCharacter_Auto4693DAC3D473DA1731A52B2A5624B347B.tmp' to '../../../../../../Documents/Unreal Projects/Know_No_Demons/Saved/Autosaves/Game/TBStrategyGrids/Blueprints/Example/ExampleCharacter_Auto4.uasset'
[2016.05.04-06.48.28:854][676]LogSavePackage: Total save time: 73.095720ms
[2016.05.04-06.48.28:854][676]LogSavePackage:Display: Finished SavePackage ../../../../../../Documents/Unreal Projects/Know_No_Demons/Saved/Autosaves/Game/TBStrategyGrids/Blueprints/Example/ExampleCharacter_Auto4.uasset
[2016.05.04-06.48.28:859][676]OBJ SavePackage: Generating thumbnails for [0] asset(s) in package [/Game/TBS_GameMode] ([1] browsable assets)...
[2016.05.04-06.48.28:859][676]OBJ SavePackage: Finished generating thumbnails for package [/Game/TBS_GameMode]
[2016.05.04-06.48.28:859][676]Cmd: OBJ SAVEPACKAGE PACKAGE="/Game/TBS_GameMode" FILE="../../../../../../Documents/Unreal Projects/Know_No_Demons/Saved/Autosaves/Game/TBS_GameMode_Auto4.uasset" SILENT=false AUTOSAVING=true
[2016.05.04-06.48.28:885][676]LogSavePackage: Save=9.689428ms
[2016.05.04-06.48.28:885][676]LogSavePackage: Moving '../../../../../../Documents/Unreal Projects/Know_No_Demons/Saved/TBS_GameMode_Auto4CFA101F046373658FAAFDF8A7A8FDD18.tmp' to '../../../../../../Documents/Unreal Projects/Know_No_Demons/Saved/Autosaves/Game/TBS_GameMode_Auto4.uasset'
[2016.05.04-06.48.28:886][676]LogSavePackage: Total save time: 25.456425ms
[2016.05.04-06.48.28:886][676]LogSavePackage:Display: Finished SavePackage ../../../../../../Documents/Unreal Projects/Know_No_Demons/Saved/Autosaves/Game/TBS_GameMode_Auto4.uasset
[2016.05.04-06.48.28:886][676]LogFileHelpers: Auto-saving content packages took 0.131
[2016.05.04-06.58.29:500][144]LogSavePackage: Save=102.237282ms
[2016.05.04-06.58.29:500][144]LogSavePackage: Moving '../../../../../../Documents/Unreal Projects/Know_No_Demons/Saved/Level_1_Final_Auto5993C8AA74D9C3EC52BFD3CA71EFAB2B1.tmp' to '../../../../../../Documents/Unreal Projects/Know_No_Demons/Saved/Autosaves/Game/Maps/Level_1_Final_Auto5.umap'
[2016.05.04-06.58.29:546][144]LogSavePackage: Total save time: 706.729468ms
[2016.05.04-06.58.29:546][144]LogSavePackage:Display: Finished SavePackage ../../../../../../Documents/Unreal Projects/Know_No_Demons/Saved/Autosaves/Game/Maps/Level_1_Final_Auto5.umap
[2016.05.04-06.58.29:547][144]LogFileHelpers: Editor autosave (incl. sublevels) for '/Game/Maps/Level_1_Final' took 0.753
[2016.05.04-06.58.29:547][144]LogFileHelpers: Editor autosave (incl. sublevels) for all levels took 0.753
[2016.05.04-06.58.29:553][144]OBJ SavePackage: Generating thumbnails for [0] asset(s) in package [/Game/TBStrategyGrids/Blueprints/Example/ExampleCharacter] ([1] browsable assets)...
[2016.05.04-06.58.29:553][144]OBJ SavePackage: Finished generating thumbnails for package [/Game/TBStrategyGrids/Blueprints/Example/ExampleCharacter]
[2016.05.04-06.58.29:628][144]LogSavePackage: Save=59.008919ms
[2016.05.04-06.58.29:628][144]LogSavePackage: Moving '../../../../../../Documents/Unreal Projects/Know_No_Demons/Saved/ExampleCharacter_Auto527B452AB45AFF7B396DE3185BE1F146B.tmp' to '../../../../../../Documents/Unreal Projects/Know_No_Demons/Saved/Autosaves/Game/TBStrategyGrids/Blueprints/Example/ExampleCharacter_Auto5.uasset'
[2016.05.04-06.58.29:630][144]LogSavePackage: Total save time: 75.270060ms
[2016.05.04-06.58.29:630][144]LogSavePackage:Display: Finished SavePackage ../../../../../../Documents/Unreal Projects/Know_No_Demons/Saved/Autosaves/Game/TBStrategyGrids/Blueprints/Example/ExampleCharacter_Auto5.uasset
[2016.05.04-06.58.29:630][144]LogFileHelpers: Auto-saving content packages took 0.082
[2016.05.04-06.58.53:260][127]BlueprintLog: New page: Compile ExampleCharacter
[2016.05.04-06.58.53:289][127]LogBlueprint:Warning: USimpleConstructionScript::FixupRootNodeParentReferences() - Couldn't find inherited parent component 'Box1' for 'PaperFlipbook' in BlueprintGeneratedClass 'REINST_ExampleCharacter_Ally_Melee_C_464' (it may have been removed)
[2016.05.04-06.58.53:331][127]LogBlueprint:Warning: USimpleConstructionScript::FixupRootNodeParentReferences() - Couldn't find inherited parent component 'Box1' for 'PaperFlipbook' in BlueprintGeneratedClass 'REINST_ExampleCharacter_Bandit_Melee_C_468' (it may have been removed)
[2016.05.04-06.58.53:367][127]LogBlueprint:Warning: USimpleConstructionScript::FixupRootNodeParentReferences() - Couldn't find inherited parent component 'Box1' for 'PaperFlipbook' in BlueprintGeneratedClass 'REINST_ExampleCharacter_CptOrrin_C_472' (it may have been removed)
[2016.05.04-06.58.53:760][127]BlueprintEditorCompileResults: Info [7353.20] Compile of ExampleCharacter successful! [in 499 ms]
[2016.05.04-07.08.16:187][514]BlueprintLog: New page: Compile ExampleCharacter
[2016.05.04-07.08.16:213][514]LogBlueprint:Warning: USimpleConstructionScript::FixupRootNodeParentReferences() - Couldn't find inherited parent component 'Box1' for 'PaperFlipbook' in BlueprintGeneratedClass 'REINST_ExampleCharacter_Ally_Melee_C_487' (it may have been removed)
[2016.05.04-07.08.16:254][514]LogBlueprint:Warning: USimpleConstructionScript::FixupRootNodeParentReferences() - Couldn't find inherited parent component 'Box1' for 'PaperFlipbook' in BlueprintGeneratedClass 'REINST_ExampleCharacter_Bandit_Melee_C_491' (it may have been removed)
[2016.05.04-07.08.16:291][514]LogBlueprint:Warning: USimpleConstructionScript::FixupRootNodeParentReferences() - Couldn't find inherited parent component 'Box1' for 'PaperFlipbook' in BlueprintGeneratedClass 'REINST_ExampleCharacter_CptOrrin_C_495' (it may have been removed)
[2016.05.04-07.08.16:530][514]BlueprintEditorCompileResults: Info [7915.97] Compile of ExampleCharacter successful! [in 342 ms]
[2016.05.04-07.09.04:342][134]LogEditorViewport: Clicking on Actor (LMB): ExampleCharacter_Ally_Melee_C (ExampleCharacter_Ally_Melee)
[2016.05.04-07.10.29:461][559]LogSavePackage: Save=90.386566ms
[2016.05.04-07.10.29:461][559]LogSavePackage: Moving '../../../../../../Documents/Unreal Projects/Know_No_Demons/Saved/Level_1_Final_Auto66D8D1C3E421E335E2104B4AB528B54F9.tmp' to '../../../../../../Documents/Unreal Projects/Know_No_Demons/Saved/Autosaves/Game/Maps/Level_1_Final_Auto6.umap'
[2016.05.04-07.10.29:463][559]LogSavePackage: Total save time: 106.490605ms
[2016.05.04-07.10.29:463][559]LogSavePackage:Display: Finished SavePackage ../../../../../../Documents/Unreal Projects/Know_No_Demons/Saved/Autosaves/Game/Maps/Level_1_Final_Auto6.umap
[2016.05.04-07.10.29:464][559]LogFileHelpers: Editor autosave (incl. sublevels) for '/Game/Maps/Level_1_Final' took 0.150
[2016.05.04-07.10.29:464][559]LogFileHelpers: Editor autosave (incl. sublevels) for all levels took 0.150
[2016.05.04-07.10.29:471][559]OBJ SavePackage: Generating thumbnails for [0] asset(s) in package [/Game/TBStrategyGrids/Blueprints/Example/ExampleCharacter] ([1] browsable assets)...
[2016.05.04-07.10.29:471][559]OBJ SavePackage: Finished generating thumbnails for package [/Game/TBStrategyGrids/Blueprints/Example/ExampleCharacter]
[2016.05.04-07.10.29:874][559]LogSavePackage: Save=47.547440ms
[2016.05.04-07.10.29:874][559]LogSavePackage: Moving '../../../../../../Documents/Unreal Projects/Know_No_Demons/Saved/ExampleCharacter_Auto6A644CF114A603549B83F229D6BB01052.tmp' to '../../../../../../Documents/Unreal Projects/Know_No_Demons/Saved/Autosaves/Game/TBStrategyGrids/Blueprints/Example/ExampleCharacter_Auto6.uasset'
[2016.05.04-07.10.29:877][559]LogSavePackage: Total save time: 404.583637ms
[2016.05.04-07.10.29:877][559]LogSavePackage:Display: Finished SavePackage ../../../../../../Documents/Unreal Projects/Know_No_Demons/Saved/Autosaves/Game/TBStrategyGrids/Blueprints/Example/ExampleCharacter_Auto6.uasset
[2016.05.04-07.10.29:883][559]OBJ SavePackage: Generating thumbnails for [0] asset(s) in package [/Game/TBS_GameMode] ([1] browsable assets)...
[2016.05.04-07.10.29:883][559]OBJ SavePackage: Finished generating thumbnails for package [/Game/TBS_GameMode]
[2016.05.04-07.10.29:883][559]Cmd: OBJ SAVEPACKAGE PACKAGE="/Game/TBS_GameMode" FILE="../../../../../../Documents/Unreal Projects/Know_No_Demons/Saved/Autosaves/Game/TBS_GameMode_Auto6.uasset" SILENT=false AUTOSAVING=true
[2016.05.04-07.10.29:915][559]LogSavePackage: Save=15.668118ms
[2016.05.04-07.10.29:915][559]LogSavePackage: Moving '../../../../../../Documents/Unreal Projects/Know_No_Demons/Saved/TBS_GameMode_Auto6510BB49E4BD098AFF705E19A67604A9D.tmp' to '../../../../../../Documents/Unreal Projects/Know_No_Demons/Saved/Autosaves/Game/TBS_GameMode_Auto6.uasset'
[2016.05.04-07.10.29:916][559]LogSavePackage: Total save time: 31.469498ms
[2016.05.04-07.10.29:916][559]LogSavePackage:Display: Finished SavePackage ../../../../../../Documents/Unreal Projects/Know_No_Demons/Saved/Autosaves/Game/TBS_GameMode_Auto6.uasset
[2016.05.04-07.10.29:916][559]LogFileHelpers: Auto-saving content packages took 0.451
[2016.05.04-07.22.59:269][808]LogEditorViewport: Clicking on Actor (LMB): PaperTileMapActor (ProtoTileMap)
[2016.05.04-07.28.40:760][424]LogFileHelpers: Editor autosave (incl. sublevels) for '/Game/Maps/Level_1_Final' took 0.036
[2016.05.04-07.28.40:765][424]OBJ SavePackage: Generating thumbnails for [0] asset(s) in package [/Game/UnitManager] ([1] browsable assets)...
[2016.05.04-07.28.40:765][424]OBJ SavePackage: Finished generating thumbnails for package [/Game/UnitManager]
[2016.05.04-07.28.40:765][424]Cmd: OBJ SAVEPACKAGE PACKAGE="/Game/UnitManager" FILE="../../../../../../Documents/Unreal Projects/Know_No_Demons/Saved/Autosaves/Game/UnitManager_Auto7.uasset" SILENT=false AUTOSAVING=true
[2016.05.04-07.28.40:787][424]LogSavePackage: Save=20.987780ms
[2016.05.04-07.28.40:787][424]LogSavePackage: Moving '../../../../../../Documents/Unreal Projects/Know_No_Demons/Saved/UnitManager_Auto76DD4404D4963FBA27BB010AEFD127917.tmp' to '../../../../../../Documents/Unreal Projects/Know_No_Demons/Saved/Autosaves/Game/UnitManager_Auto7.uasset'
[2016.05.04-07.28.40:789][424]LogSavePackage: Total save time: 22.487033ms
[2016.05.04-07.28.40:789][424]LogSavePackage:Display: Finished SavePackage ../../../../../../Documents/Unreal Projects/Know_No_Demons/Saved/Autosaves/Game/UnitManager_Auto7.uasset
[2016.05.04-07.28.40:789][424]LogFileHelpers: Auto-saving content packages took 0.029
[2016.05.04-07.40.06:095][290]LogFileHelpers: Editor autosave (incl. sublevels) for '/Game/Maps/Level_1_Final' took 0.501
[2016.05.04-07.40.06:102][290]OBJ SavePackage: Generating thumbnails for [0] asset(s) in package [/Game/UnitManager] ([1] browsable assets)...
[2016.05.04-07.40.06:102][290]OBJ SavePackage: Finished generating thumbnails for package [/Game/UnitManager]
[2016.05.04-07.40.06:102][290]Cmd: OBJ SAVEPACKAGE PACKAGE="/Game/UnitManager" FILE="../../../../../../Documents/Unreal Projects/Know_No_Demons/Saved/Autosaves/Game/UnitManager_Auto8.uasset" SILENT=false AUTOSAVING=true
[2016.05.04-07.40.06:110][290]LogSavePackage: Save=6.410597ms
[2016.05.04-07.40.06:110][290]LogSavePackage: Moving '../../../../../../Documents/Unreal Projects/Know_No_Demons/Saved/UnitManager_Auto8F7724F62411915802A26899047127BB5.tmp' to '../../../../../../Documents/Unreal Projects/Know_No_Demons/Saved/Autosaves/Game/UnitManager_Auto8.uasset'
[2016.05.04-07.40.06:111][290]LogSavePackage: Total save time: 7.942475ms
[2016.05.04-07.40.06:111][290]LogSavePackage:Display: Finished SavePackage ../../../../../../Documents/Unreal Projects/Know_No_Demons/Saved/Autosaves/Game/UnitManager_Auto8.uasset
[2016.05.04-07.40.06:117][290]OBJ SavePackage: Generating thumbnails for [0] asset(s) in package [/Game/Unit_Stats] ([1] browsable assets)...
[2016.05.04-07.40.06:117][290]OBJ SavePackage: Finished generating thumbnails for package [/Game/Unit_Stats]
[2016.05.04-07.40.06:117][290]Cmd: OBJ SAVEPACKAGE PACKAGE="/Game/Unit_Stats" FILE="../../../../../../Documents/Unreal Projects/Know_No_Demons/Saved/Autosaves/Game/Unit_Stats_Auto8.uasset" SILENT=false AUTOSAVING=true
[2016.05.04-07.40.06:144][290]LogSavePackage: Save=1.860639ms
[2016.05.04-07.40.06:144][290]LogSavePackage: Moving '../../../../../../Documents/Unreal Projects/Know_No_Demons/Saved/Unit_Stats_Auto8F81212F44E9E101F2EEBD38FDD9170F5.tmp' to '../../../../../../Documents/Unreal Projects/Know_No_Demons/Saved/Autosaves/Game/Unit_Stats_Auto8.uasset'
[2016.05.04-07.40.06:165][290]LogSavePackage: Total save time: 22.542495ms
[2016.05.04-07.40.06:165][290]LogSavePackage:Display: Finished SavePackage ../../../../../../Documents/Unreal Projects/Know_No_Demons/Saved/Autosaves/Game/Unit_Stats_Auto8.uasset
[2016.05.04-07.40.06:165][290]LogFileHelpers: Auto-saving content packages took 0.069
[2016.05.04-07.46.58:518][590]Cmd: OBJ SAVEPACKAGE PACKAGE="/Game/Unit_Stats" FILE="../../../../../../Documents/Unreal Projects/Know_No_Demons/Content/Unit_Stats.uasset" SILENT=true
[2016.05.04-07.46.58:992][590]LogSavePackage: Save=2.231312ms
[2016.05.04-07.46.58:992][590]LogSavePackage: Moving '../../../../../../Documents/Unreal Projects/Know_No_Demons/Saved/Unit_Stats54AAD0824FA3ABAEE4D4739F402F3104.tmp' to '../../../../../../Documents/Unreal Projects/Know_No_Demons/Content/Unit_Stats.uasset'
[2016.05.04-07.46.58:993][590]LogSavePackage: Total save time: 4.271641ms
[2016.05.04-07.46.58:993][590]LogSavePackage:Display: Finished SavePackage ../../../../../../Documents/Unreal Projects/Know_No_Demons/Content/Unit_Stats.uasset
[2016.05.04-07.51.24:788][332]LogClass:Warning: Type mismatch in AllUnits of SKEL_UnitManager_C - Previous (StructProperty) Current(ObjectProperty) for package:  FObjectReader
[2016.05.04-07.55.00:180][181]BlueprintLog: New page: Compile UnitManager
[2016.05.04-07.55.00:281][181]BlueprintEditorCompileResults: Info [0719.72] Compile of UnitManager successful! [in 100 ms]
[2016.05.04-07.57.04:756][516]LogEditorTransaction: Undo Add New Function
[2016.05.04-07.57.25:485][192]LogFileHelpers: Editor autosave (incl. sublevels) for '/Game/Maps/Level_1_Final' took 0.034
[2016.05.04-07.57.25:491][192]OBJ SavePackage: Generating thumbnails for [0] asset(s) in package [/Game/UnitManager] ([1] browsable assets)...
[2016.05.04-07.57.25:491][192]OBJ SavePackage: Finished generating thumbnails for package [/Game/UnitManager]
[2016.05.04-07.57.25:491][192]Cmd: OBJ SAVEPACKAGE PACKAGE="/Game/UnitManager" FILE="../../../../../../Documents/Unreal Projects/Know_No_Demons/Saved/Autosaves/Game/UnitManager_Auto9.uasset" SILENT=false AUTOSAVING=true
[2016.05.04-07.57.26:117][192]LogSavePackage: Save=624.617126ms
[2016.05.04-07.57.26:117][192]LogSavePackage: Moving '../../../../../../Documents/Unreal Projects/Know_No_Demons/Saved/UnitManager_Auto94C4C6BA2494C2061E2C361B8CE284B55.tmp' to '../../../../../../Documents/Unreal Projects/Know_No_Demons/Saved/Autosaves/Game/UnitManager_Auto9.uasset'
[2016.05.04-07.57.26:119][192]LogSavePackage: Total save time: 626.086295ms
[2016.05.04-07.57.26:119][192]LogSavePackage:Display: Finished SavePackage ../../../../../../Documents/Unreal Projects/Know_No_Demons/Saved/Autosaves/Game/UnitManager_Auto9.uasset
[2016.05.04-07.57.26:119][192]LogFileHelpers: Auto-saving content packages took 0.633
[2016.05.04-07.58.18:882][217]BlueprintLog: New page: Compile UnitManager
[2016.05.04-07.58.18:977][217]BlueprintEditorCompileResults: Info [0918.41] Compile of UnitManager successful! [in 95 ms]
[2016.05.04-08.00.23:852][327]LogEditorTransaction: Undo Add Variable
[2016.05.04-08.07.59:579][109]LogEditorTransaction: Undo Create Pin Link
[2016.05.04-08.09.00:885][224]LogClass:Warning: Type mismatch in Stats of SKEL_UnitManager_C - Previous (StrProperty) Current(StructProperty) for package:  FObjectReader
[2016.05.04-08.09.01:915][345]LogClass:Warning: Type mismatch in Stats of SKEL_UnitManager_C - Previous (StructProperty) Current(ArrayProperty) for package:  FObjectReader
[2016.05.04-08.09.22:042][738]BlueprintLog: New page: Compile UnitManager
[2016.05.04-08.09.22:049][738]LogBlueprint:Warning: [compiler UnitManager] Warning Can't parse default value '0' for  Stats . Property: Stats.
[2016.05.04-08.09.22:151][738]LogBlueprint:Warning: [compiler UnitManager] Warning [1600.07] Compile of UnitManager successful, but with 1 Warning(s) [in 108 ms]
[2016.05.04-08.09.22:151][738]BlueprintEditorCompileResults:Warning: Warning Can't parse default value '0' for  Stats . Property: Stats.
[2016.05.04-08.09.22:151][738]BlueprintEditorCompileResults:Warning: Warning [1600.07] Compile of UnitManager successful, but with 1 Warning(s) [in 108 ms]
[2016.05.04-08.11.40:202][549]BlueprintLog: New page: Compile UnitManager
[2016.05.04-08.11.40:294][549]BlueprintEditorCompileResults: Info [1738.21] Compile of UnitManager successful! [in 91 ms]
[2016.05.04-08.12.05:396][524]LogFileHelpers: Editor autosave (incl. sublevels) for '/Game/Maps/Level_1_Final' took 0.036
[2016.05.04-08.12.05:402][524]OBJ SavePackage: Generating thumbnails for [0] asset(s) in package [/Game/UnitManager] ([1] browsable assets)...
[2016.05.04-08.12.05:402][524]OBJ SavePackage: Finished generating thumbnails for package [/Game/UnitManager]
[2016.05.04-08.12.05:402][524]Cmd: OBJ SAVEPACKAGE PACKAGE="/Game/UnitManager" FILE="../../../../../../Documents/Unreal Projects/Know_No_Demons/Saved/Autosaves/Game/UnitManager_Auto0.uasset" SILENT=false AUTOSAVING=true
[2016.05.04-08.12.06:102][524]LogSavePackage: Save=698.193970ms
[2016.05.04-08.12.06:102][524]LogSavePackage: Moving '../../../../../../Documents/Unreal Projects/Know_No_Demons/Saved/UnitManager_Auto08D1924B846B30723CFCD3696165F4A76.tmp' to '../../../../../../Documents/Unreal Projects/Know_No_Demons/Saved/Autosaves/Game/UnitManager_Auto0.uasset'
[2016.05.04-08.12.06:103][524]LogSavePackage: Total save time: 699.886713ms
[2016.05.04-08.12.06:103][524]LogSavePackage:Display: Finished SavePackage ../../../../../../Documents/Unreal Projects/Know_No_Demons/Saved/Autosaves/Game/UnitManager_Auto0.uasset
[2016.05.04-08.12.06:103][524]LogFileHelpers: Auto-saving content packages took 0.706
[2016.05.05-01.41.25:792][828]Cmd: OBJ SAVEPACKAGE PACKAGE="/Game/Unit_Stats" FILE="../../../../../../Documents/Unreal Projects/Know_No_Demons/Content/Unit_Stats.uasset" SILENT=true
[2016.05.05-01.41.26:465][828]LogSavePackage: Save=16.629055ms
[2016.05.05-01.41.26:465][828]LogSavePackage: Moving '../../../../../../Documents/Unreal Projects/Know_No_Demons/Saved/Unit_StatsD6745352443709BF333D96A87A310F73.tmp' to '../../../../../../Documents/Unreal Projects/Know_No_Demons/Content/Unit_Stats.uasset'
[2016.05.05-01.41.26:467][828]LogSavePackage: Total save time: 661.331527ms
[2016.05.05-01.41.26:467][828]LogSavePackage:Display: Finished SavePackage ../../../../../../Documents/Unreal Projects/Know_No_Demons/Content/Unit_Stats.uasset
[2016.05.05-01.42.08:392][987]LogFileHelpers: Editor autosave (incl. sublevels) for '/Game/Maps/Level_1_Final' took 0.063
[2016.05.05-01.42.08:399][987]OBJ SavePackage: Generating thumbnails for [0] asset(s) in package [/Game/UnitManager] ([1] browsable assets)...
[2016.05.05-01.42.08:399][987]OBJ SavePackage: Finished generating thumbnails for package [/Game/UnitManager]
[2016.05.05-01.42.08:399][987]Cmd: OBJ SAVEPACKAGE PACKAGE="/Game/UnitManager" FILE="../../../../../../Documents/Unreal Projects/Know_No_Demons/Saved/Autosaves/Game/UnitManager_Auto1.uasset" SILENT=false AUTOSAVING=true
[2016.05.05-01.42.08:430][987]LogSavePackage: Save=30.213179ms
[2016.05.05-01.42.08:430][987]LogSavePackage: Moving '../../../../../../Documents/Unreal Projects/Know_No_Demons/Saved/UnitManager_Auto13D5C0F7B462102E2C1B3B1BC2EF563C3.tmp' to '../../../../../../Documents/Unreal Projects/Know_No_Demons/Saved/Autosaves/Game/UnitManager_Auto1.uasset'
[2016.05.05-01.42.08:432][987]LogSavePackage: Total save time: 32.260284ms
[2016.05.05-01.42.08:432][987]LogSavePackage:Display: Finished SavePackage ../../../../../../Documents/Unreal Projects/Know_No_Demons/Saved/Autosaves/Game/UnitManager_Auto1.uasset
[2016.05.05-01.42.08:432][987]LogFileHelpers: Auto-saving content packages took 0.039
[2016.05.05-02.08.42:630][197]LogFileHelpers: Editor autosave (incl. sublevels) for '/Game/Maps/Level_1_Final' took 0.048
[2016.05.05-02.08.42:637][197]OBJ SavePackage: Generating thumbnails for [0] asset(s) in package [/Game/UnitManager] ([1] browsable assets)...
[2016.05.05-02.08.42:637][197]OBJ SavePackage: Finished generating thumbnails for package [/Game/UnitManager]
[2016.05.05-02.08.42:637][197]Cmd: OBJ SAVEPACKAGE PACKAGE="/Game/UnitManager" FILE="../../../../../../Documents/Unreal Projects/Know_No_Demons/Saved/Autosaves/Game/UnitManager_Auto2.uasset" SILENT=false AUTOSAVING=true
[2016.05.05-02.08.43:357][197]LogSavePackage: Save=718.636414ms
[2016.05.05-02.08.43:357][197]LogSavePackage: Moving '../../../../../../Documents/Unreal Projects/Know_No_Demons/Saved/UnitManager_Auto2E1B81EBE455BC18A7283969A644E28BE.tmp' to '../../../../../../Documents/Unreal Projects/Know_No_Demons/Saved/Autosaves/Game/UnitManager_Auto2.uasset'
[2016.05.05-02.08.43:359][197]LogSavePackage: Total save time: 720.420502ms
[2016.05.05-02.08.43:359][197]LogSavePackage:Display: Finished SavePackage ../../../../../../Documents/Unreal Projects/Know_No_Demons/Saved/Autosaves/Game/UnitManager_Auto2.uasset
[2016.05.05-02.08.43:359][197]LogFileHelpers: Auto-saving content packages took 0.728
[2016.05.05-02.18.43:938][606]LogFileHelpers: Editor autosave (incl. sublevels) for '/Game/Maps/Level_1_Final' took 0.047
[2016.05.05-02.18.43:946][606]OBJ SavePackage: Generating thumbnails for [0] asset(s) in package [/Game/UnitManager] ([1] browsable assets)...
[2016.05.05-02.18.43:946][606]OBJ SavePackage: Finished generating thumbnails for package [/Game/UnitManager]
[2016.05.05-02.18.43:946][606]Cmd: OBJ SAVEPACKAGE PACKAGE="/Game/UnitManager" FILE="../../../../../../Documents/Unreal Projects/Know_No_Demons/Saved/Autosaves/Game/UnitManager_Auto3.uasset" SILENT=false AUTOSAVING=true
[2016.05.05-02.18.45:118][606]LogSavePackage: Save=1170.637207ms
[2016.05.05-02.18.45:118][606]LogSavePackage: Moving '../../../../../../Documents/Unreal Projects/Know_No_Demons/Saved/UnitManager_Auto3BDF726E84E510C9B00DA3AA769656D9E.tmp' to '../../../../../../Documents/Unreal Projects/Know_No_Demons/Saved/Autosaves/Game/UnitManager_Auto3.uasset'
[2016.05.05-02.18.45:120][606]LogSavePackage: Total save time: 1172.412548ms
[2016.05.05-02.18.45:120][606]LogSavePackage:Display: Finished SavePackage ../../../../../../Documents/Unreal Projects/Know_No_Demons/Saved/Autosaves/Game/UnitManager_Auto3.uasset
[2016.05.05-02.18.45:120][606]LogFileHelpers: Auto-saving content packages took 1.181
[2016.05.05-02.38.14:178][846]LogFileHelpers: Editor autosave (incl. sublevels) for '/Game/Maps/Level_1_Final' took 0.043
[2016.05.05-02.38.14:185][846]OBJ SavePackage: Generating thumbnails for [0] asset(s) in package [/Game/UnitManager] ([1] browsable assets)...
[2016.05.05-02.38.14:185][846]OBJ SavePackage: Finished generating thumbnails for package [/Game/UnitManager]
[2016.05.05-02.38.14:185][846]Cmd: OBJ SAVEPACKAGE PACKAGE="/Game/UnitManager" FILE="../../../../../../Documents/Unreal Projects/Know_No_Demons/Saved/Autosaves/Game/UnitManager_Auto4.uasset" SILENT=false AUTOSAVING=true
[2016.05.05-02.38.14:838][846]LogSavePackage: Save=651.117859ms
[2016.05.05-02.38.14:838][846]LogSavePackage: Moving '../../../../../../Documents/Unreal Projects/Know_No_Demons/Saved/UnitManager_Auto411516F8845D62A2122F8D0B238CE32DC.tmp' to '../../../../../../Documents/Unreal Projects/Know_No_Demons/Saved/Autosaves/Game/UnitManager_Auto4.uasset'
[2016.05.05-02.38.14:839][846]LogSavePackage: Total save time: 652.587481ms
[2016.05.05-02.38.14:839][846]LogSavePackage:Display: Finished SavePackage ../../../../../../Documents/Unreal Projects/Know_No_Demons/Saved/Autosaves/Game/UnitManager_Auto4.uasset
[2016.05.05-02.38.14:839][846]LogFileHelpers: Auto-saving content packages took 0.660
[2016.05.05-03.02.41:534][482]LogCrashTracker: 


[2016.05.05-03.02.41:553][482]LogCrashTracker: 


[2016.05.05-03.02.41:553][482]LogWindows:Error: === Critical error: ===
Fatal error!



[2016.05.05-03.02.41:607][482]LogExit: Executing StaticShutdownAfterError
[2016.05.05-03.02.41:644][482]LogPhysics:Warning: PHYSX: ..\..\PhysX\src\NpScene.cpp (2946) 8 : PxScene::unlockWrite() called without matching call to PxScene::lockWrite(), behaviour will be undefined.
[2016.05.05-03.02.41:646][482]LogPhysics:Warning: PHYSX: ..\..\PhysX\src\NpScene.cpp (2946) 8 : PxScene::unlockWrite() called without matching call to PxScene::lockWrite(), behaviour will be undefined.
[2016.05.05-03.02.41:647][482]LogPhysics:Warning: PHYSX: ..\..\PhysX\src\NpScene.cpp (2946) 8 : PxScene::unlockWrite() called without matching call to PxScene::lockWrite(), behaviour will be undefined.
[2016.05.05-03.02.41:648][482]LogPhysics:Warning: PHYSX: ..\..\PhysX\src\NpScene.cpp (2946) 8 : PxScene::unlockWrite() called without matching call to PxScene::lockWrite(), behaviour will be undefined.
[2016.05.05-03.02.41:649][482]LogPhysics:Warning: PHYSX: ..\..\PhysX\src\NpScene.cpp (2946) 8 : PxScene::unlockWrite() called without matching call to PxScene::lockWrite(), behaviour will be undefined.
[2016.05.05-03.02.41:650][482]LogPhysics:Warning: PHYSX: ..\..\PhysX\src\NpScene.cpp (2946) 8 : PxScene::unlockWrite() called without matching call to PxScene::lockWrite(), behaviour will be undefined.
[2016.05.05-03.02.41:651][482]LogPhysics:Warning: PHYSX: ..\..\PhysX\src\NpScene.cpp (2946) 8 : PxScene::unlockWrite() called without matching call to PxScene::lockWrite(), behaviour will be undefined.
[2016.05.05-03.02.41:653][482]LogPhysics:Warning: PHYSX: ..\..\PhysX\src\NpScene.cpp (2946) 8 : PxScene::unlockWrite() called without matching call to PxScene::lockWrite(), behaviour will be undefined.
[2016.05.05-03.02.41:654][482]LogPhysics:Warning: PHYSX: ..\..\PhysX\src\NpScene.cpp (2946) 8 : PxScene::unlockWrite() called without matching call to PxScene::lockWrite(), behaviour will be undefined.
[2016.05.05-03.02.41:655][482]LogPhysics:Warning: PHYSX: ..\..\PhysX\src\NpScene.cpp (2946) 8 : PxScene::unlockWrite() called without matching call to PxScene::lockWrite(), behaviour will be undefined.
[2016.05.05-03.02.41:656][482]LogPhysics:Warning: PHYSX: ..\..\PhysX\src\NpScene.cpp (2946) 8 : PxScene::unlockWrite() called without matching call to PxScene::lockWrite(), behaviour will be undefined.
[2016.05.05-03.02.41:657][482]LogPhysics:Warning: PHYSX: ..\..\PhysX\src\NpScene.cpp (2946) 8 : PxScene::unlockWrite() called without matching call to PxScene::lockWrite(), behaviour will be undefined.
[2016.05.05-03.02.41:657][482]LogWindows: FPlatformMisc::RequestExit(1)
[2016.05.05-03.02.41:657][482]Log file closed, 05/04/16 22:02:41
