[2016.04.14-23.52.19:570][  0]Log file open, 04/14/16 18:52:19
[2016.04.14-23.52.19:570][  0]LogInit:Display: Running engine for game: KND
[2016.04.14-23.52.19:570][  0]LogPlatformFile: Not using cached read wrapper
[2016.04.14-23.52.19:570][  0]LogInit:Display: RandInit(-488049592) SRandInit(-488049590).
[2016.04.14-23.52.19:570][  0]LogTaskGraph: Started task graph with 4 named threads and 7 total threads.
[2016.04.14-23.52.19:570][  0]LogStats: Stats thread started at 0.072759
[2016.04.14-23.52.19:570][  0]LogInit: Version: 4.10.4-2872498+++depot+UE4-Releases+4.10
[2016.04.14-23.52.19:570][  0]LogInit: API Version: 2758231
[2016.04.14-23.52.19:570][  0]LogInit: Compiled (64-bit): Feb 18 2016 15:47:04
[2016.04.14-23.52.19:570][  0]LogInit: Compiled with Visual C++: 19.00.23026.00
[2016.04.14-23.52.19:570][  0]LogInit: Build Configuration: Development
[2016.04.14-23.52.19:570][  0]LogInit: Branch Name: ++depot+UE4-Releases+4.10
[2016.04.14-23.52.19:570][  0]LogInit: Command line: -EpicPortal 
[2016.04.14-23.52.19:570][  0]LogInit: Base directory: E:/Program Files (x86)/Epic Games/4.10/Engine/Binaries/Win64/
[2016.04.14-23.52.19:570][  0]LogInit: Rocket: 1
[2016.04.14-23.52.19:576][  0]LogInit: Using libcurl 7.41.0
[2016.04.14-23.52.19:576][  0]LogInit:  - built for x86_64-pc-win32
[2016.04.14-23.52.19:576][  0]LogInit:  - supports SSL with WinSSL
[2016.04.14-23.52.19:576][  0]LogInit:  - other features:
[2016.04.14-23.52.19:576][  0]LogInit:      CURL_VERSION_SSL
[2016.04.14-23.52.19:576][  0]LogInit:      CURL_VERSION_IPV6
[2016.04.14-23.52.19:576][  0]LogInit:      CURL_VERSION_ASYNCHDNS
[2016.04.14-23.52.19:576][  0]LogInit:      CURL_VERSION_LARGEFILE
[2016.04.14-23.52.19:576][  0]LogInit:      CURL_VERSION_IDN
[2016.04.14-23.52.19:577][  0]LogInit:  CurlRequestOptions (configurable via config and command line):
[2016.04.14-23.52.19:577][  0]LogInit:  - bVerifyPeer = true  - Libcurl will verify peer certificate
[2016.04.14-23.52.19:577][  0]LogInit:  - bUseHttpProxy = false  - Libcurl will NOT use HTTP proxy
[2016.04.14-23.52.19:577][  0]LogInit:  - bDontReuseConnections = false  - Libcurl will reuse connections
[2016.04.14-23.52.19:577][  0]LogInit:  - CertBundlePath = nullptr  - Libcurl will use whatever was configured at build time.
[2016.04.14-23.52.19:582][  0]LogInit: Presizing for 0 objects not considered by GC, pre-allocating 0 bytes.
[2016.04.14-23.52.19:586][  0]LogInit: Object subsystem initialized
[2016.04.14-23.52.19:587][  0]LogInit: Selected Device Profile: [Windows]
[2016.04.14-23.52.19:587][  0]LogInit: Applying CVar settings loaded from the selected device profile: [Windows]
[2016.04.14-23.52.19:596][  0]LogInit: Computer: RAGNOROK
[2016.04.14-23.52.19:596][  0]LogInit: User: GarrettJohnson
[2016.04.14-23.52.19:596][  0]LogInit: CPU Page size=4096, Cores=4
[2016.04.14-23.52.19:596][  0]LogInit: High frequency timer resolution =3.984650 MHz
[2016.04.14-23.52.19:596][  0]LogMemory: Memory total: Physical=15.9GB (16GB approx)
[2016.04.14-23.52.19:596][  0]LogMemory: Platform Memory Stats for Windows
[2016.04.14-23.52.19:596][  0]LogMemory: Process Physical Memory: 57.19 MB used, 57.19 MB peak
[2016.04.14-23.52.19:596][  0]LogMemory: Process Virtual Memory: 58.91 MB used, 58.91 MB peak
[2016.04.14-23.52.19:596][  0]LogMemory: Physical Memory: 10763.59 MB used, 16325.72 MB total
[2016.04.14-23.52.19:596][  0]LogMemory: Virtual Memory: 385.80 MB used, 134217728.00 MB total
[2016.04.14-23.52.19:631][  0]LogTextLocalizationManager: No specific translations for ('en-US') exist, so ('en') translations will be used.
[2016.04.14-23.52.19:993][  0]LogD3D11RHI: Found D3D11 adapter 0: NVIDIA GeForce GTX 760 (Feature Level 11_0)
[2016.04.14-23.52.19:993][  0]LogD3D11RHI: Adapter has 1989MB of dedicated video memory, 0MB of dedicated system memory, and 8162MB of shared system memory, 1 output[s]
[2016.04.14-23.52.19:995][  0]LogD3D11RHI: Found D3D11 adapter 1: Microsoft Basic Render Driver (Feature Level 11_0)
[2016.04.14-23.52.19:995][  0]LogD3D11RHI: Adapter has 0MB of dedicated video memory, 0MB of dedicated system memory, and 8162MB of shared system memory, 0 output[s]
[2016.04.14-23.52.19:995][  0]LogD3D11RHI: Chosen D3D11 Adapter Id = 0
[2016.04.14-23.52.20:000][  0]LogD3D11RHI: !Direct3DDevice
[2016.04.14-23.52.20:000][  0]LogRHI: Texture pool is 1361 MB (70% of 1945 MB)
[2016.04.14-23.52.20:015][  0]LogD3D11RHI: Async texture creation enabled
[2016.04.14-23.52.20:030][  0]LogShaderCompilers: Guid format shader working directory is -10 characters bigger than the processId version (../../../../../../Documents/Unreal Projects/Know_No_Demons/Intermediate/Shaders/WorkingDirectory/18632/).
[2016.04.14-23.52.20:030][  0]LogShaderCompilers: Cleaned the shader compiler working directory 'C:/Users/GARRET~1/AppData/Local/Temp/UnrealShaderWorkingDir/813F039E4580137FBC5568A032079F57/'.
[2016.04.14-23.52.20:030][  0]LogShaderCompilers:Display: Using Local Shader Compiler.
[2016.04.14-23.52.20:610][  0]LogTemp:Display: Loaded TP AllDesktopTargetPlatform
[2016.04.14-23.52.20:613][  0]LogTemp:Display: Loaded TP WindowsClientTargetPlatform
[2016.04.14-23.52.20:617][  0]LogTemp:Display: Loaded TP WindowsNoEditorTargetPlatform
[2016.04.14-23.52.20:620][  0]LogTemp:Display: Loaded TP WindowsServerTargetPlatform
[2016.04.14-23.52.20:624][  0]LogTemp:Display: Loaded TP WindowsTargetPlatform
[2016.04.14-23.52.20:626][  0]LogTemp:Display: Loaded TP AndroidTargetPlatform
[2016.04.14-23.52.20:629][  0]LogTemp:Display: Loaded TP Android_ASTCTargetPlatform
[2016.04.14-23.52.20:631][  0]LogTemp:Display: Loaded TP Android_ATCTargetPlatform
[2016.04.14-23.52.20:633][  0]LogTemp:Display: Loaded TP Android_DXTTargetPlatform
[2016.04.14-23.52.20:635][  0]LogTemp:Display: Loaded TP Android_ETC1TargetPlatform
[2016.04.14-23.52.20:637][  0]LogTemp:Display: Loaded TP Android_ETC2TargetPlatform
[2016.04.14-23.52.20:642][  0]LogTemp:Display: Loaded TP Android_MultiTargetPlatform
[2016.04.14-23.52.20:642][  0]LogTemp:Display: Loaded TP Android_PVRTCTargetPlatform
[2016.04.14-23.52.20:643][  0]LogTemp:Display: Loaded TP HTML5TargetPlatform
[2016.04.14-23.52.20:658][  0]LogTemp:Display: Loaded TP IOSTargetPlatform
[2016.04.14-23.52.20:660][  0]LogTemp:Display: Loaded TP LinuxNoEditorTargetPlatform
[2016.04.14-23.52.20:662][  0]LogTemp:Display: Loaded TP LinuxServerTargetPlatform
[2016.04.14-23.52.20:665][  0]LogTemp:Display: Loaded TP LinuxTargetPlatform
[2016.04.14-23.52.20:665][  0]LogTargetPlatformManager:Display: Building Assets For Windows
[2016.04.14-23.52.20:725][  0]LogDerivedDataCache:Display: Max Cache Size: 512 MB
[2016.04.14-23.52.20:757][  0]LogDerivedDataCache: Loaded boot cache 0.03s 41MB C:/Users/Garrett Johnson/AppData/Local/UnrealEngine/4.10/DerivedDataCache/Boot.ddc.
[2016.04.14-23.52.20:757][  0]LogDerivedDataCache:Display: Loaded Boot cache: C:/Users/Garrett Johnson/AppData/Local/UnrealEngine/4.10/DerivedDataCache/Boot.ddc
[2016.04.14-23.52.20:757][  0]LogDerivedDataCache: FDerivedDataBackendGraph:  Pak pak cache file ../../../../../../Documents/Unreal Projects/Know_No_Demons/DerivedDataCache/DDC.ddp not found, will not use a pak cache.
[2016.04.14-23.52.20:757][  0]LogDerivedDataCache: Unable to find inner node Pak for hierarchical cache Hierarchy.
[2016.04.14-23.52.20:757][  0]LogDerivedDataCache: FDerivedDataBackendGraph:  CompressedPak pak cache file ../../../../../../Documents/Unreal Projects/Know_No_Demons/DerivedDataCache/Compressed.ddp not found, will not use a pak cache.
[2016.04.14-23.52.20:757][  0]LogDerivedDataCache: Unable to find inner node CompressedPak for hierarchical cache Hierarchy.
[2016.04.14-23.52.20:797][  0]LogDerivedDataCache:Display: Pak cache opened for reading ../../../Engine/DerivedDataCache/Compressed.ddp.
[2016.04.14-23.52.20:809][  0]LogDerivedDataCache: Using Local data cache path C:/Users/Garrett Johnson/AppData/Local/UnrealEngine/Common/DerivedDataCache: Writable
[2016.04.14-23.52.20:945][  0]LogInit: Selected Device Profile: [Windows]
[2016.04.14-23.52.20:946][  0]LogContentStreaming: Texture pool size is 0.000000MB
[2016.04.14-23.52.21:027][  0]LogMeshUtilities: No automatic mesh reduction module available
[2016.04.14-23.52.21:028][  0]LogMeshUtilities: No automatic mesh merging module available
[2016.04.14-23.52.21:201][  0]LogInit: WinSock: version 1.1 (2.2), MaxSocks=32767, MaxUdp=65467
[2016.04.14-23.52.21:908][  0]UdpMessaging: Initializing bridge on interface 0.0.0.0:0 to multicast group 230.0.0.1:6666.
[2016.04.14-23.52.21:999][  0]LogAssetRegistry: FAssetRegistry took 0.0107 seconds to start up
[2016.04.14-23.52.22:133][  0]SourceControl: Info Source control is disabled
[2016.04.14-23.52.22:179][  0]SourceControl: Info Source control is disabled
[2016.04.14-23.52.22:192][  0]SourceControl: Info Source control is disabled
[2016.04.14-23.52.22:199][  0]SourceControl: Info Source control is disabled
[2016.04.14-23.52.22:365][  0]LogObj: 28633 objects as part of root set at end of initial load.
[2016.04.14-23.52.22:365][  0]LogUObjectAllocator: 6099744 out of 0 bytes used by permanent object pool.
[2016.04.14-23.52.22:410][  0]LogEngine: Initializing Engine...
[2016.04.14-23.52.22:411][  0]OCULUS: Info: 04/14/16 23:52:22: [CAPI] LibOVR module is located at C:\WINDOWS\SYSTEM32\LibOVRRT64_0_8.dll

[2016.04.14-23.52.22:412][  0]OCULUS: Info: 04/14/16 23:52:22: [IPC] Call Stats for SetInitialState : x1: C2S=18.3203, S2C=5.27022, Runtime=51.6984 (microseconds) C2Ssize=80, S2Csize=81 (bytes)

[2016.04.14-23.52.22:412][  0]OCULUS: Info: 04/14/16 23:52:22: [IPC] Call Stats for IsLatencyTesterAvailable : x1: C2S=8.53274, S2C=2.0077, Runtime=0.501926 (microseconds) C2Ssize=33, S2Csize=18 (bytes)

[2016.04.14-23.52.22:424][  0]LogHMD: SteamVR failed to initialize.  Err: 110
[2016.04.14-23.52.22:511][  0]LogAIModule: Creating AISystem for world NewWorld
[2016.04.14-23.52.22:522][  0]LogInit: XAudio2 using 'Speakers (Realtek High Definition Audio)' : 2 channels at 48 kHz using 32 bits per sample (channel mask 0x3)
[2016.04.14-23.52.22:565][  0]LogInit: FAudioDevice initialized.
[2016.04.14-23.52.22:581][  0]LogDerivedDataCache: Saved boot cache 0.02s 41MB C:/Users/Garrett Johnson/AppData/Local/UnrealEngine/4.10/DerivedDataCache/Boot.ddc.
[2016.04.14-23.52.22:584][  0]LogInit: Texture streaming: Enabled
[2016.04.14-23.52.22:589][  0]LogAnalytics: Creating configured Analytics provider AnalyticsET
[2016.04.14-23.52.22:589][  0]LogAnalytics: [UEEditor.Rocket.Release] APIServer = http://et2.epicgames.com/ET2/. AppVersion = 4.10.4-2872498+++depot+UE4-Releases+4.10
[2016.04.14-23.52.22:589][  0]LogAnalytics: [UEEditor.Rocket.Release] SetUserId 1100b9ee46e2597b617ec6b6f167f1df|59edfd7a1e024ba5bc5c7666785a6599|ad4dcf7c-55ae-48d9-8920-cdda66422389
[2016.04.14-23.52.22:589][  0]LogAnalytics: [UEEditor.Rocket.Release] AnalyticsET::StartSession
[2016.04.14-23.52.22:597][  0]LogInit: Transaction tracking system initialized
[2016.04.14-23.52.22:619][  0]BlueprintLog: New page: Editor Load
[2016.04.14-23.52.22:689][  0]LocalizationService: Info Localization service is disabled
[2016.04.14-23.52.22:752][  0]LogConsoleResponse:Display: 
[2016.04.14-23.52.22:839][  0]LogCook:Display: Done creating registry. It took  0.00s.
[2016.04.14-23.52.22:880][  0]LogFileCache: Scanning file cache for directory 'E:/Documents/Unreal Projects/Know_No_Demons/Content/' took 0.01s
[2016.04.14-23.52.22:880][  0]SourceControl: Info Source control is disabled
[2016.04.14-23.52.22:880][  0]Cmd: MAP LOAD FILE="../../../Engine/Content/Maps/Entry.umap" TEMPLATE=0 SHOWPROGRESS=1 FEATURELEVEL=3
[2016.04.14-23.52.22:892][  0]LightingResults: New page: Lighting Build
[2016.04.14-23.52.22:894][  0]MapCheck: New page: Map Check
[2016.04.14-23.52.22:894][  0]LightingResults: New page: Lighting Build
[2016.04.14-23.52.22:900][  0]LogParticles: Destroying 0 GPU particle simulations for FXSystem 0x0000025DE20F3420
[2016.04.14-23.52.22:950][  0]LogAIModule: Creating AISystem for world Entry
[2016.04.14-23.52.22:951][  0]LogEditorServer: Finished looking for orphan Actors (0.000 secs)
[2016.04.14-23.52.22:991][  0]Cmd: MAP CHECKDEP NOCLEARLOG
[2016.04.14-23.52.23:041][  0]MapCheck: Info Map check complete: 0 Error(s), 0 Warning(s), took 49.916ms to complete.
[2016.04.14-23.52.23:041][  0]LogFileHelpers: Loading map 'Entry' took 0.161
[2016.04.14-23.52.23:107][  0]LogCollectionManager: Loaded 0 collections in 0.002327 seconds
[2016.04.14-23.52.23:144][  0]LogFileCache: Scanning file cache for directory 'E:/Documents/Unreal Projects/Know_No_Demons/Saved/Collections/' took 0.01s
[2016.04.14-23.52.23:144][  0]LogFileCache: Scanning file cache for directory 'E:/Documents/Unreal Projects/Know_No_Demons/Content/Developers/GarrettJohnson/Collections/' took 0.01s
[2016.04.14-23.52.23:144][  0]LogFileCache: Scanning file cache for directory 'E:/Documents/Unreal Projects/Know_No_Demons/Content/Collections/' took 0.01s
[2016.04.14-23.52.23:144][  0]LogCollectionManager: Rebuilt the GUID cache for 0 collections in 0.000001 seconds
[2016.04.14-23.52.23:149][  0]LogContentBrowser: Native class hierarchy populated in 0.0046 seconds. Added 1893 classes and 338 folders.
[2016.04.14-23.52.23:154][  0]LogContentBrowser: Native class hierarchy updated for 'WidgetCarousel' in 0.0004 seconds. Added 0 classes and 0 folders.
[2016.04.14-23.52.23:282][  0]LogContentBrowser: Native class hierarchy updated for 'AddContentDialog' in 0.0003 seconds. Added 0 classes and 0 folders.
[2016.04.14-23.52.23:309][  0]LogContentBrowser: Native class hierarchy updated for 'SceneOutliner' in 0.0002 seconds. Added 1 classes and 2 folders.
[2016.04.14-23.52.23:339][  0]LogCrashTracker: Crashtracker disabled due to settings.
[2016.04.14-23.52.23:358][  0]LogUObjectGlobals:Warning: Failed to find object 'Class None.'
[2016.04.14-23.52.23:380][  0]LogLoad: Full Startup: 4.14 seconds (BP compile: 0.00 seconds)
[2016.04.14-23.52.23:389][  0]LogOcInput: OculusInput is initialized. Init status 0. Runtime version: 0.8.0.0
[2016.04.14-23.52.23:425][  0]LogContentStreaming: Texture pool size now 1000 MB
[2016.04.14-23.52.23:522][  0]LogRenderer: Reallocating scene render targets to support 1240x944 (Frame:2).
[2016.04.14-23.52.23:572][  1]LogAssetRegistry: Asset discovery search completed in 1.5833 seconds
[2016.04.14-23.52.23:572][  1]LogCollectionManager: Rebuilt the object cache for 0 collections in 0.000000 seconds (found 0 objects)
[2016.04.14-23.52.23:572][  1]LogCollectionManager: Fixed up redirectors for 0 collections in 0.000013 seconds (updated 0 objects)
[2016.04.14-23.52.34:147][260]LogEditorViewport: Clicking on Actor (LMB): PlayerStart (PlayerStart-1)
[2016.04.14-23.52.39:581][907]LogPlayLevel: PlayLevel: No blueprints needed recompiling
[2016.04.14-23.52.39:581][907]PIE: New page: PIE session: Entry (Apr 14, 2016, 1:52:39 PM)
[2016.04.14-23.52.39:581][907]LogPlayLevel: Creating play world package: /Engine/Maps/UEDPIE_0_Entry
[2016.04.14-23.52.39:596][907]LogPlayLevel: PIE: StaticDuplicateObject took: (0.014761s)
[2016.04.14-23.52.39:597][907]LogAIModule: Creating AISystem for world Entry
[2016.04.14-23.52.39:597][907]LogPlayLevel: PIE: World Init took: (0.000522s)
[2016.04.14-23.52.39:597][907]LogPlayLevel: PIE: Created PIE world by copying editor world from /Engine/Maps/Entry.Entry to /Engine/Maps/UEDPIE_0_Entry.Entry (0.015425s)
[2016.04.14-23.52.39:614][907]LogInit: XAudio2 using 'Speakers (Realtek High Definition Audio)' : 2 channels at 48 kHz using 32 bits per sample (channel mask 0x3)
[2016.04.14-23.52.39:656][907]LogInit: FAudioDevice initialized.
[2016.04.14-23.52.39:772][907]LogLinker:Warning: Asset '../../../../../../Documents/Unreal Projects/Know_No_Demons/Content/TBStrategyGrids/Structs/Vector2i.uasset' has been saved with empty engine version. The asset will be loaded but may be incompatible.
[2016.04.14-23.52.39:776][907]LogLinker:Warning: Asset '../../../../../../Documents/Unreal Projects/Know_No_Demons/Content/TBStrategyGrids/Structs/Fraction.uasset' has been saved with empty engine version. The asset will be loaded but may be incompatible.
[2016.04.14-23.52.39:781][907]LogLinker:Warning: Asset '../../../../../../Documents/Unreal Projects/Know_No_Demons/Content/TBStrategyGrids/Enums/ELineOfSightType.uasset' has been saved with empty engine version. The asset will be loaded but may be incompatible.
[2016.04.14-23.52.39:788][907]LogLinker:Warning: Asset '../../../../../../Documents/Unreal Projects/Know_No_Demons/Content/TBStrategyGrids/Enums/EBoolCondition.uasset' has been saved with empty engine version. The asset will be loaded but may be incompatible.
[2016.04.14-23.52.39:793][907]LogLinker:Warning: Asset '../../../../../../Documents/Unreal Projects/Know_No_Demons/Content/TBStrategyGrids/Structs/StepInfo.uasset' has been saved with empty engine version. The asset will be loaded but may be incompatible.
[2016.04.14-23.52.39:793][907]LogClass:Warning: UUserDefinedStructEditorData::RecreateDefaultInstance Cannot parse value. Property: From Dir String: "NewEnumerator5"  Struct: /Game/TBStrategyGrids/Structs/StepInfo.StepInfo 
[2016.04.14-23.52.39:917][907]LogLinker:Warning: Asset '../../../../../../Documents/Unreal Projects/Know_No_Demons/Content/TBStrategyGrids/Materials/M_SimpleOpaque.uasset' has been saved with empty engine version. The asset will be loaded but may be incompatible.
[2016.04.14-23.52.40:942][907]LogLinker:Warning: Asset '../../../../../../Documents/Unreal Projects/Know_No_Demons/Content/TBStrategyGrids/Materials/M_SimpleTranslucent.uasset' has been saved with empty engine version. The asset will be loaded but may be incompatible.
[2016.04.14-23.52.41:767][907]LogWorld: Game class is 'ExampleGameMode_C'
[2016.04.14-23.52.41:769][907]LogWorld: Bringing World /Engine/Maps/UEDPIE_0_Entry.Entry up for play (max tick rate 0) at 2016.04.14-18.52.41
[2016.04.14-23.52.41:769][907]LogActor:Warning: GameSession /Engine/Maps/UEDPIE_0_Entry.Entry:PersistentLevel.GameSession_0 has natively added scene component(s), but none of them were set as the actor's RootComponent - picking one arbitrarily
[2016.04.14-23.52.41:769][907]LogActor:Warning: GameNetworkManager /Engine/Maps/UEDPIE_0_Entry.Entry:PersistentLevel.GameNetworkManager_0 has natively added scene component(s), but none of them were set as the actor's RootComponent - picking one arbitrarily
[2016.04.14-23.52.41:769][907]LogWorld: Bringing up level for play took: 0.001130
[2016.04.14-23.52.41:771][907]PIE: Info Play in editor start time for /Engine/Maps/UEDPIE_0_Entry 2.573
[2016.04.14-23.52.41:772][907]LogScript:Warning: Accessed None 'MyLevelGrid'
	ExampleController_C /Engine/Maps/UEDPIE_0_Entry.Entry:PersistentLevel.ExampleController_C_0
	Function /Game/TBStrategyGrids/Blueprints/Example/ExampleController.ExampleController_C:ExecuteUbergraph_ExampleController:1AC6
[2016.04.14-23.52.41:772][907]PIE:Error: Error Accessed None 'MyLevelGrid' from node Branch in graph 'Path Update on Mouse Over' in blueprint ExampleController
[2016.04.14-23.52.41:788][908]LogScript:Warning: Accessed None 'MyLevelGrid'
	ExampleController_C /Engine/Maps/UEDPIE_0_Entry.Entry:PersistentLevel.ExampleController_C_0
	Function /Game/TBStrategyGrids/Blueprints/Example/ExampleController.ExampleController_C:ExecuteUbergraph_ExampleController:1AC6
[2016.04.14-23.52.41:788][908]PIE:Error: Error Accessed None 'MyLevelGrid' from node Branch in graph 'Path Update on Mouse Over' in blueprint ExampleController
[2016.04.14-23.52.41:811][909]LogScript:Warning: Accessed None 'MyLevelGrid'
	ExampleController_C /Engine/Maps/UEDPIE_0_Entry.Entry:PersistentLevel.ExampleController_C_0
	Function /Game/TBStrategyGrids/Blueprints/Example/ExampleController.ExampleController_C:ExecuteUbergraph_ExampleController:1AC6
[2016.04.14-23.52.41:811][909]PIE:Error: Error Accessed None 'MyLevelGrid' from node Branch in graph 'Path Update on Mouse Over' in blueprint ExampleController
[2016.04.14-23.52.41:820][910]LogScript:Warning: Accessed None 'MyLevelGrid'
	ExampleController_C /Engine/Maps/UEDPIE_0_Entry.Entry:PersistentLevel.ExampleController_C_0
	Function /Game/TBStrategyGrids/Blueprints/Example/ExampleController.ExampleController_C:ExecuteUbergraph_ExampleController:1AC6
[2016.04.14-23.52.41:820][910]PIE:Error: Error Accessed None 'MyLevelGrid' from node Branch in graph 'Path Update on Mouse Over' in blueprint ExampleController
[2016.04.14-23.52.41:828][911]LogScript:Warning: Accessed None 'MyLevelGrid'
	ExampleController_C /Engine/Maps/UEDPIE_0_Entry.Entry:PersistentLevel.ExampleController_C_0
	Function /Game/TBStrategyGrids/Blueprints/Example/ExampleController.ExampleController_C:ExecuteUbergraph_ExampleController:1AC6
[2016.04.14-23.52.41:828][911]PIE:Error: Error Accessed None 'MyLevelGrid' from node Branch in graph 'Path Update on Mouse Over' in blueprint ExampleController
[2016.04.14-23.52.41:840][912]LogScript:Warning: Accessed None 'MyLevelGrid'
	ExampleController_C /Engine/Maps/UEDPIE_0_Entry.Entry:PersistentLevel.ExampleController_C_0
	Function /Game/TBStrategyGrids/Blueprints/Example/ExampleController.ExampleController_C:ExecuteUbergraph_ExampleController:1AC6
[2016.04.14-23.52.41:840][912]PIE:Error: Error Accessed None 'MyLevelGrid' from node Branch in graph 'Path Update on Mouse Over' in blueprint ExampleController
[2016.04.14-23.52.41:848][913]LogScript:Warning: Accessed None 'MyLevelGrid'
	ExampleController_C /Engine/Maps/UEDPIE_0_Entry.Entry:PersistentLevel.ExampleController_C_0
	Function /Game/TBStrategyGrids/Blueprints/Example/ExampleController.ExampleController_C:ExecuteUbergraph_ExampleController:1AC6
[2016.04.14-23.52.41:848][913]PIE:Error: Error Accessed None 'MyLevelGrid' from node Branch in graph 'Path Update on Mouse Over' in blueprint ExampleController
[2016.04.14-23.52.41:857][914]LogScript:Warning: Accessed None 'MyLevelGrid'
	ExampleController_C /Engine/Maps/UEDPIE_0_Entry.Entry:PersistentLevel.ExampleController_C_0
	Function /Game/TBStrategyGrids/Blueprints/Example/ExampleController.ExampleController_C:ExecuteUbergraph_ExampleController:1AC6
[2016.04.14-23.52.41:857][914]PIE:Error: Error Accessed None 'MyLevelGrid' from node Branch in graph 'Path Update on Mouse Over' in blueprint ExampleController
[2016.04.14-23.52.41:866][915]LogScript:Warning: Accessed None 'MyLevelGrid'
	ExampleController_C /Engine/Maps/UEDPIE_0_Entry.Entry:PersistentLevel.ExampleController_C_0
	Function /Game/TBStrategyGrids/Blueprints/Example/ExampleController.ExampleController_C:ExecuteUbergraph_ExampleController:1AC6
[2016.04.14-23.52.41:866][915]PIE:Error: Error Accessed None 'MyLevelGrid' from node Branch in graph 'Path Update on Mouse Over' in blueprint ExampleController
[2016.04.14-23.52.41:875][916]LogScript:Warning: Accessed None 'MyLevelGrid'
	ExampleController_C /Engine/Maps/UEDPIE_0_Entry.Entry:PersistentLevel.ExampleController_C_0
	Function /Game/TBStrategyGrids/Blueprints/Example/ExampleController.ExampleController_C:ExecuteUbergraph_ExampleController:1AC6
[2016.04.14-23.52.41:875][916]PIE:Error: Error Accessed None 'MyLevelGrid' from node Branch in graph 'Path Update on Mouse Over' in blueprint ExampleController
[2016.04.14-23.52.41:884][917]LogScript:Warning: Accessed None 'MyLevelGrid'
	ExampleController_C /Engine/Maps/UEDPIE_0_Entry.Entry:PersistentLevel.ExampleController_C_0
	Function /Game/TBStrategyGrids/Blueprints/Example/ExampleController.ExampleController_C:ExecuteUbergraph_ExampleController:1AC6
[2016.04.14-23.52.41:884][917]PIE:Error: Error Accessed None 'MyLevelGrid' from node Branch in graph 'Path Update on Mouse Over' in blueprint ExampleController
[2016.04.14-23.52.41:892][918]LogScript:Warning: Accessed None 'MyLevelGrid'
	ExampleController_C /Engine/Maps/UEDPIE_0_Entry.Entry:PersistentLevel.ExampleController_C_0
	Function /Game/TBStrategyGrids/Blueprints/Example/ExampleController.ExampleController_C:ExecuteUbergraph_ExampleController:1AC6
[2016.04.14-23.52.41:892][918]PIE:Error: Error Accessed None 'MyLevelGrid' from node Branch in graph 'Path Update on Mouse Over' in blueprint ExampleController
[2016.04.14-23.52.41:901][919]LogScript:Warning: Accessed None 'MyLevelGrid'
	ExampleController_C /Engine/Maps/UEDPIE_0_Entry.Entry:PersistentLevel.ExampleController_C_0
	Function /Game/TBStrategyGrids/Blueprints/Example/ExampleController.ExampleController_C:ExecuteUbergraph_ExampleController:1AC6
[2016.04.14-23.52.41:901][919]PIE:Error: Error Accessed None 'MyLevelGrid' from node Branch in graph 'Path Update on Mouse Over' in blueprint ExampleController
[2016.04.14-23.52.41:909][920]LogScript:Warning: Accessed None 'MyLevelGrid'
	ExampleController_C /Engine/Maps/UEDPIE_0_Entry.Entry:PersistentLevel.ExampleController_C_0
	Function /Game/TBStrategyGrids/Blueprints/Example/ExampleController.ExampleController_C:ExecuteUbergraph_ExampleController:1AC6
[2016.04.14-23.52.41:909][920]PIE:Error: Error Accessed None 'MyLevelGrid' from node Branch in graph 'Path Update on Mouse Over' in blueprint ExampleController
[2016.04.14-23.52.41:917][921]LogScript:Warning: Accessed None 'MyLevelGrid'
	ExampleController_C /Engine/Maps/UEDPIE_0_Entry.Entry:PersistentLevel.ExampleController_C_0
	Function /Game/TBStrategyGrids/Blueprints/Example/ExampleController.ExampleController_C:ExecuteUbergraph_ExampleController:1AC6
[2016.04.14-23.52.41:917][921]PIE:Error: Error Accessed None 'MyLevelGrid' from node Branch in graph 'Path Update on Mouse Over' in blueprint ExampleController
[2016.04.14-23.52.41:925][922]LogScript:Warning: Accessed None 'MyLevelGrid'
	ExampleController_C /Engine/Maps/UEDPIE_0_Entry.Entry:PersistentLevel.ExampleController_C_0
	Function /Game/TBStrategyGrids/Blueprints/Example/ExampleController.ExampleController_C:ExecuteUbergraph_ExampleController:1AC6
[2016.04.14-23.52.41:925][922]PIE:Error: Error Accessed None 'MyLevelGrid' from node Branch in graph 'Path Update on Mouse Over' in blueprint ExampleController
[2016.04.14-23.52.41:934][923]LogScript:Warning: Accessed None 'MyLevelGrid'
	ExampleController_C /Engine/Maps/UEDPIE_0_Entry.Entry:PersistentLevel.ExampleController_C_0
	Function /Game/TBStrategyGrids/Blueprints/Example/ExampleController.ExampleController_C:ExecuteUbergraph_ExampleController:1AC6
[2016.04.14-23.52.41:934][923]PIE:Error: Error Accessed None 'MyLevelGrid' from node Branch in graph 'Path Update on Mouse Over' in blueprint ExampleController
[2016.04.14-23.52.41:942][924]PIE:Error: Error Accessed None 'MyLevelGrid' from node Branch in graph 'Path Update on Mouse Over' in blueprint ExampleController
[2016.04.14-23.52.41:951][925]PIE:Error: Error Accessed None 'MyLevelGrid' from node Branch in graph 'Path Update on Mouse Over' in blueprint ExampleController
[2016.04.14-23.52.41:959][926]PIE:Error: Error Accessed None 'MyLevelGrid' from node Branch in graph 'Path Update on Mouse Over' in blueprint ExampleController
[2016.04.14-23.52.41:968][927]PIE:Error: Error Accessed None 'MyLevelGrid' from node Branch in graph 'Path Update on Mouse Over' in blueprint ExampleController
[2016.04.14-23.52.41:976][928]PIE:Error: Error Accessed None 'MyLevelGrid' from node Branch in graph 'Path Update on Mouse Over' in blueprint ExampleController
[2016.04.14-23.52.41:984][929]PIE:Error: Error Accessed None 'MyLevelGrid' from node Branch in graph 'Path Update on Mouse Over' in blueprint ExampleController
[2016.04.14-23.52.41:993][930]PIE:Error: Error Accessed None 'MyLevelGrid' from node Branch in graph 'Path Update on Mouse Over' in blueprint ExampleController
[2016.04.14-23.52.42:001][931]PIE:Error: Error Accessed None 'MyLevelGrid' from node Branch in graph 'Path Update on Mouse Over' in blueprint ExampleController
[2016.04.14-23.52.42:009][932]PIE:Error: Error Accessed None 'MyLevelGrid' from node Branch in graph 'Path Update on Mouse Over' in blueprint ExampleController
[2016.04.14-23.52.42:018][933]PIE:Error: Error Accessed None 'MyLevelGrid' from node Branch in graph 'Path Update on Mouse Over' in blueprint ExampleController
[2016.04.14-23.52.42:026][934]PIE:Error: Error Accessed None 'MyLevelGrid' from node Branch in graph 'Path Update on Mouse Over' in blueprint ExampleController
[2016.04.14-23.52.42:034][935]PIE:Error: Error Accessed None 'MyLevelGrid' from node Branch in graph 'Path Update on Mouse Over' in blueprint ExampleController
[2016.04.14-23.52.42:043][936]PIE:Error: Error Accessed None 'MyLevelGrid' from node Branch in graph 'Path Update on Mouse Over' in blueprint ExampleController
[2016.04.14-23.52.42:051][937]PIE:Error: Error Accessed None 'MyLevelGrid' from node Branch in graph 'Path Update on Mouse Over' in blueprint ExampleController
[2016.04.14-23.52.42:059][938]PIE:Error: Error Accessed None 'MyLevelGrid' from node Branch in graph 'Path Update on Mouse Over' in blueprint ExampleController
[2016.04.14-23.52.42:068][939]PIE:Error: Error Accessed None 'MyLevelGrid' from node Branch in graph 'Path Update on Mouse Over' in blueprint ExampleController
[2016.04.14-23.52.42:076][940]PIE:Error: Error Accessed None 'MyLevelGrid' from node Branch in graph 'Path Update on Mouse Over' in blueprint ExampleController
[2016.04.14-23.52.42:084][941]PIE:Error: Error Accessed None 'MyLevelGrid' from node Branch in graph 'Path Update on Mouse Over' in blueprint ExampleController
[2016.04.14-23.52.42:092][942]PIE:Error: Error Accessed None 'MyLevelGrid' from node Branch in graph 'Path Update on Mouse Over' in blueprint ExampleController
[2016.04.14-23.52.42:101][943]PIE:Error: Error Accessed None 'MyLevelGrid' from node Branch in graph 'Path Update on Mouse Over' in blueprint ExampleController
[2016.04.14-23.52.42:109][944]PIE:Error: Error Accessed None 'MyLevelGrid' from node Branch in graph 'Path Update on Mouse Over' in blueprint ExampleController
[2016.04.14-23.52.42:117][945]PIE:Error: Error Accessed None 'MyLevelGrid' from node Branch in graph 'Path Update on Mouse Over' in blueprint ExampleController
[2016.04.14-23.52.42:126][946]PIE:Error: Error Accessed None 'MyLevelGrid' from node Branch in graph 'Path Update on Mouse Over' in blueprint ExampleController
[2016.04.14-23.52.42:134][947]PIE:Error: Error Accessed None 'MyLevelGrid' from node Branch in graph 'Path Update on Mouse Over' in blueprint ExampleController
[2016.04.14-23.52.42:142][948]PIE:Error: Error Accessed None 'MyLevelGrid' from node Branch in graph 'Path Update on Mouse Over' in blueprint ExampleController
[2016.04.14-23.52.42:151][949]PIE:Error: Error Accessed None 'MyLevelGrid' from node Branch in graph 'Path Update on Mouse Over' in blueprint ExampleController
[2016.04.14-23.52.42:159][950]PIE:Error: Error Accessed None 'MyLevelGrid' from node Branch in graph 'Path Update on Mouse Over' in blueprint ExampleController
[2016.04.14-23.52.42:167][951]PIE:Error: Error Accessed None 'MyLevelGrid' from node Branch in graph 'Path Update on Mouse Over' in blueprint ExampleController
[2016.04.14-23.52.42:176][952]PIE:Error: Error Accessed None 'MyLevelGrid' from node Branch in graph 'Path Update on Mouse Over' in blueprint ExampleController
[2016.04.14-23.52.42:184][953]PIE:Error: Error Accessed None 'MyLevelGrid' from node Branch in graph 'Path Update on Mouse Over' in blueprint ExampleController
[2016.04.14-23.52.42:192][954]PIE:Error: Error Accessed None 'MyLevelGrid' from node Branch in graph 'Path Update on Mouse Over' in blueprint ExampleController
[2016.04.14-23.52.42:201][955]PIE:Error: Error Accessed None 'MyLevelGrid' from node Branch in graph 'Path Update on Mouse Over' in blueprint ExampleController
[2016.04.14-23.52.42:209][956]PIE:Error: Error Accessed None 'MyLevelGrid' from node Branch in graph 'Path Update on Mouse Over' in blueprint ExampleController
[2016.04.14-23.52.42:217][957]PIE:Error: Error Accessed None 'MyLevelGrid' from node Branch in graph 'Path Update on Mouse Over' in blueprint ExampleController
[2016.04.14-23.52.42:226][958]PIE:Error: Error Accessed None 'MyLevelGrid' from node Branch in graph 'Path Update on Mouse Over' in blueprint ExampleController
[2016.04.14-23.52.42:234][959]PIE:Error: Error Accessed None 'MyLevelGrid' from node Branch in graph 'Path Update on Mouse Over' in blueprint ExampleController
[2016.04.14-23.52.42:242][960]PIE:Error: Error Accessed None 'MyLevelGrid' from node Branch in graph 'Path Update on Mouse Over' in blueprint ExampleController
[2016.04.14-23.52.42:251][961]PIE:Error: Error Accessed None 'MyLevelGrid' from node Branch in graph 'Path Update on Mouse Over' in blueprint ExampleController
[2016.04.14-23.52.42:259][962]PIE:Error: Error Accessed None 'MyLevelGrid' from node Branch in graph 'Path Update on Mouse Over' in blueprint ExampleController
[2016.04.14-23.52.42:268][963]PIE:Error: Error Accessed None 'MyLevelGrid' from node Branch in graph 'Path Update on Mouse Over' in blueprint ExampleController
[2016.04.14-23.52.42:276][964]PIE:Error: Error Accessed None 'MyLevelGrid' from node Branch in graph 'Path Update on Mouse Over' in blueprint ExampleController
[2016.04.14-23.52.42:284][965]PIE:Error: Error Accessed None 'MyLevelGrid' from node Branch in graph 'Path Update on Mouse Over' in blueprint ExampleController
[2016.04.14-23.52.42:293][966]PIE:Error: Error Accessed None 'MyLevelGrid' from node Branch in graph 'Path Update on Mouse Over' in blueprint ExampleController
[2016.04.14-23.52.42:301][967]PIE:Error: Error Accessed None 'MyLevelGrid' from node Branch in graph 'Path Update on Mouse Over' in blueprint ExampleController
[2016.04.14-23.52.42:309][968]PIE:Error: Error Accessed None 'MyLevelGrid' from node Branch in graph 'Path Update on Mouse Over' in blueprint ExampleController
[2016.04.14-23.52.42:318][969]PIE:Error: Error Accessed None 'MyLevelGrid' from node Branch in graph 'Path Update on Mouse Over' in blueprint ExampleController
[2016.04.14-23.52.42:326][970]PIE:Error: Error Accessed None 'MyLevelGrid' from node Branch in graph 'Path Update on Mouse Over' in blueprint ExampleController
[2016.04.14-23.52.42:334][971]PIE:Error: Error Accessed None 'MyLevelGrid' from node Branch in graph 'Path Update on Mouse Over' in blueprint ExampleController
[2016.04.14-23.52.42:343][972]PIE:Error: Error Accessed None 'MyLevelGrid' from node Branch in graph 'Path Update on Mouse Over' in blueprint ExampleController
[2016.04.14-23.52.42:351][973]PIE:Error: Error Accessed None 'MyLevelGrid' from node Branch in graph 'Path Update on Mouse Over' in blueprint ExampleController
[2016.04.14-23.52.42:359][974]PIE:Error: Error Accessed None 'MyLevelGrid' from node Branch in graph 'Path Update on Mouse Over' in blueprint ExampleController
[2016.04.14-23.52.42:368][975]PIE:Error: Error Accessed None 'MyLevelGrid' from node Branch in graph 'Path Update on Mouse Over' in blueprint ExampleController
[2016.04.14-23.52.42:376][976]PIE:Error: Error Accessed None 'MyLevelGrid' from node Branch in graph 'Path Update on Mouse Over' in blueprint ExampleController
[2016.04.14-23.52.42:384][977]PIE:Error: Error Accessed None 'MyLevelGrid' from node Branch in graph 'Path Update on Mouse Over' in blueprint ExampleController
[2016.04.14-23.52.42:392][978]PIE:Error: Error Accessed None 'MyLevelGrid' from node Branch in graph 'Path Update on Mouse Over' in blueprint ExampleController
[2016.04.14-23.52.42:401][979]PIE:Error: Error Accessed None 'MyLevelGrid' from node Branch in graph 'Path Update on Mouse Over' in blueprint ExampleController
[2016.04.14-23.52.42:409][980]PIE:Error: Error Accessed None 'MyLevelGrid' from node Branch in graph 'Path Update on Mouse Over' in blueprint ExampleController
[2016.04.14-23.52.42:418][981]PIE:Error: Error Accessed None 'MyLevelGrid' from node Branch in graph 'Path Update on Mouse Over' in blueprint ExampleController
[2016.04.14-23.52.42:426][982]PIE:Error: Error Accessed None 'MyLevelGrid' from node Branch in graph 'Path Update on Mouse Over' in blueprint ExampleController
[2016.04.14-23.52.42:434][983]PIE:Error: Error Accessed None 'MyLevelGrid' from node Branch in graph 'Path Update on Mouse Over' in blueprint ExampleController
[2016.04.14-23.52.42:442][984]PIE:Error: Error Accessed None 'MyLevelGrid' from node Branch in graph 'Path Update on Mouse Over' in blueprint ExampleController
[2016.04.14-23.52.42:451][985]PIE:Error: Error Accessed None 'MyLevelGrid' from node Branch in graph 'Path Update on Mouse Over' in blueprint ExampleController
[2016.04.14-23.52.42:459][986]PIE:Error: Error Accessed None 'MyLevelGrid' from node Branch in graph 'Path Update on Mouse Over' in blueprint ExampleController
[2016.04.14-23.52.42:467][987]PIE:Error: Error Accessed None 'MyLevelGrid' from node Branch in graph 'Path Update on Mouse Over' in blueprint ExampleController
[2016.04.14-23.52.42:476][988]PIE:Error: Error Accessed None 'MyLevelGrid' from node Branch in graph 'Path Update on Mouse Over' in blueprint ExampleController
[2016.04.14-23.52.42:484][989]PIE:Error: Error Accessed None 'MyLevelGrid' from node Branch in graph 'Path Update on Mouse Over' in blueprint ExampleController
[2016.04.14-23.52.42:492][990]PIE:Error: Error Accessed None 'MyLevelGrid' from node Branch in graph 'Path Update on Mouse Over' in blueprint ExampleController
[2016.04.14-23.52.42:501][991]PIE:Error: Error Accessed None 'MyLevelGrid' from node Branch in graph 'Path Update on Mouse Over' in blueprint ExampleController
[2016.04.14-23.52.42:509][992]PIE:Error: Error Accessed None 'MyLevelGrid' from node Branch in graph 'Path Update on Mouse Over' in blueprint ExampleController
[2016.04.14-23.52.42:517][993]PIE:Error: Error Accessed None 'MyLevelGrid' from node Branch in graph 'Path Update on Mouse Over' in blueprint ExampleController
[2016.04.14-23.52.42:526][994]PIE:Error: Error Accessed None 'MyLevelGrid' from node Branch in graph 'Path Update on Mouse Over' in blueprint ExampleController
[2016.04.14-23.52.42:534][995]PIE:Error: Error Accessed None 'MyLevelGrid' from node Branch in graph 'Path Update on Mouse Over' in blueprint ExampleController
[2016.04.14-23.52.42:542][996]PIE:Error: Error Accessed None 'MyLevelGrid' from node Branch in graph 'Path Update on Mouse Over' in blueprint ExampleController
[2016.04.14-23.52.42:551][997]PIE:Error: Error Accessed None 'MyLevelGrid' from node Branch in graph 'Path Update on Mouse Over' in blueprint ExampleController
[2016.04.14-23.52.42:559][998]PIE:Error: Error Accessed None 'MyLevelGrid' from node Branch in graph 'Path Update on Mouse Over' in blueprint ExampleController
[2016.04.14-23.52.42:567][999]PIE:Error: Error Accessed None 'MyLevelGrid' from node Branch in graph 'Path Update on Mouse Over' in blueprint ExampleController
[2016.04.14-23.52.42:576][  0]PIE:Error: Error Accessed None 'MyLevelGrid' from node Branch in graph 'Path Update on Mouse Over' in blueprint ExampleController
[2016.04.14-23.52.42:584][  1]PIE:Error: Error Accessed None 'MyLevelGrid' from node Branch in graph 'Path Update on Mouse Over' in blueprint ExampleController
[2016.04.14-23.52.42:592][  2]PIE:Error: Error Accessed None 'MyLevelGrid' from node Branch in graph 'Path Update on Mouse Over' in blueprint ExampleController
[2016.04.14-23.52.42:601][  3]PIE:Error: Error Accessed None 'MyLevelGrid' from node Branch in graph 'Path Update on Mouse Over' in blueprint ExampleController
[2016.04.14-23.52.42:609][  4]PIE:Error: Error Accessed None 'MyLevelGrid' from node Branch in graph 'Path Update on Mouse Over' in blueprint ExampleController
[2016.04.14-23.52.42:617][  5]PIE:Error: Error Accessed None 'MyLevelGrid' from node Branch in graph 'Path Update on Mouse Over' in blueprint ExampleController
[2016.04.14-23.52.42:626][  6]PIE:Error: Error Accessed None 'MyLevelGrid' from node Branch in graph 'Path Update on Mouse Over' in blueprint ExampleController
[2016.04.14-23.52.42:634][  7]PIE:Error: Error Accessed None 'MyLevelGrid' from node Branch in graph 'Path Update on Mouse Over' in blueprint ExampleController
[2016.04.14-23.52.42:643][  8]PIE:Error: Error Accessed None 'MyLevelGrid' from node Branch in graph 'Path Update on Mouse Over' in blueprint ExampleController
[2016.04.14-23.52.42:651][  9]PIE:Error: Error Accessed None 'MyLevelGrid' from node Branch in graph 'Path Update on Mouse Over' in blueprint ExampleController
[2016.04.14-23.52.42:659][ 10]PIE:Error: Error Accessed None 'MyLevelGrid' from node Branch in graph 'Path Update on Mouse Over' in blueprint ExampleController
[2016.04.14-23.52.42:668][ 11]PIE:Error: Error Accessed None 'MyLevelGrid' from node Branch in graph 'Path Update on Mouse Over' in blueprint ExampleController
[2016.04.14-23.52.42:676][ 12]PIE:Error: Error Accessed None 'MyLevelGrid' from node Branch in graph 'Path Update on Mouse Over' in blueprint ExampleController
[2016.04.14-23.52.42:684][ 13]PIE:Error: Error Accessed None 'MyLevelGrid' from node Branch in graph 'Path Update on Mouse Over' in blueprint ExampleController
[2016.04.14-23.52.42:693][ 14]PIE:Error: Error Accessed None 'MyLevelGrid' from node Branch in graph 'Path Update on Mouse Over' in blueprint ExampleController
[2016.04.14-23.52.42:701][ 15]PIE:Error: Error Accessed None 'MyLevelGrid' from node Branch in graph 'Path Update on Mouse Over' in blueprint ExampleController
[2016.04.14-23.52.42:709][ 16]PIE:Error: Error Accessed None 'MyLevelGrid' from node Branch in graph 'Path Update on Mouse Over' in blueprint ExampleController
[2016.04.14-23.52.42:718][ 17]PIE:Error: Error Accessed None 'MyLevelGrid' from node Branch in graph 'Path Update on Mouse Over' in blueprint ExampleController
[2016.04.14-23.52.42:726][ 18]PIE:Error: Error Accessed None 'MyLevelGrid' from node Branch in graph 'Path Update on Mouse Over' in blueprint ExampleController
[2016.04.14-23.52.42:734][ 19]PIE:Error: Error Accessed None 'MyLevelGrid' from node Branch in graph 'Path Update on Mouse Over' in blueprint ExampleController
[2016.04.14-23.52.42:742][ 20]PIE:Error: Error Accessed None 'MyLevelGrid' from node Branch in graph 'Path Update on Mouse Over' in blueprint ExampleController
[2016.04.14-23.52.42:751][ 21]PIE:Error: Error Accessed None 'MyLevelGrid' from node Branch in graph 'Path Update on Mouse Over' in blueprint ExampleController
[2016.04.14-23.52.42:759][ 22]PIE:Error: Error Accessed None 'MyLevelGrid' from node Branch in graph 'Path Update on Mouse Over' in blueprint ExampleController
[2016.04.14-23.52.42:767][ 23]PIE:Error: Error Accessed None 'MyLevelGrid' from node Branch in graph 'Path Update on Mouse Over' in blueprint ExampleController
[2016.04.14-23.52.42:776][ 24]PIE:Error: Error Accessed None 'MyLevelGrid' from node Branch in graph 'Path Update on Mouse Over' in blueprint ExampleController
[2016.04.14-23.52.42:784][ 25]PIE:Error: Error Accessed None 'MyLevelGrid' from node Branch in graph 'Path Update on Mouse Over' in blueprint ExampleController
[2016.04.14-23.52.42:792][ 26]PIE:Error: Error Accessed None 'MyLevelGrid' from node Branch in graph 'Path Update on Mouse Over' in blueprint ExampleController
[2016.04.14-23.52.42:801][ 27]PIE:Error: Error Accessed None 'MyLevelGrid' from node Branch in graph 'Path Update on Mouse Over' in blueprint ExampleController
[2016.04.14-23.52.42:809][ 28]PIE:Error: Error Accessed None 'MyLevelGrid' from node Branch in graph 'Path Update on Mouse Over' in blueprint ExampleController
[2016.04.14-23.52.42:817][ 29]PIE:Error: Error Accessed None 'MyLevelGrid' from node Branch in graph 'Path Update on Mouse Over' in blueprint ExampleController
[2016.04.14-23.52.42:826][ 30]PIE:Error: Error Accessed None 'MyLevelGrid' from node Branch in graph 'Path Update on Mouse Over' in blueprint ExampleController
[2016.04.14-23.52.42:834][ 31]PIE:Error: Error Accessed None 'MyLevelGrid' from node Branch in graph 'Path Update on Mouse Over' in blueprint ExampleController
[2016.04.14-23.52.42:842][ 32]PIE:Error: Error Accessed None 'MyLevelGrid' from node Branch in graph 'Path Update on Mouse Over' in blueprint ExampleController
[2016.04.14-23.52.42:851][ 33]PIE:Error: Error Accessed None 'MyLevelGrid' from node Branch in graph 'Path Update on Mouse Over' in blueprint ExampleController
[2016.04.14-23.52.42:859][ 34]PIE:Error: Error Accessed None 'MyLevelGrid' from node Branch in graph 'Path Update on Mouse Over' in blueprint ExampleController
[2016.04.14-23.52.42:867][ 35]PIE:Error: Error Accessed None 'MyLevelGrid' from node Branch in graph 'Path Update on Mouse Over' in blueprint ExampleController
[2016.04.14-23.52.42:876][ 36]PIE:Error: Error Accessed None 'MyLevelGrid' from node Branch in graph 'Path Update on Mouse Over' in blueprint ExampleController
[2016.04.14-23.52.42:884][ 37]PIE:Error: Error Accessed None 'MyLevelGrid' from node Branch in graph 'Path Update on Mouse Over' in blueprint ExampleController
[2016.04.14-23.52.42:892][ 38]PIE:Error: Error Accessed None 'MyLevelGrid' from node Branch in graph 'Path Update on Mouse Over' in blueprint ExampleController
[2016.04.14-23.52.42:901][ 39]PIE:Error: Error Accessed None 'MyLevelGrid' from node Branch in graph 'Path Update on Mouse Over' in blueprint ExampleController
[2016.04.14-23.52.42:909][ 40]PIE:Error: Error Accessed None 'MyLevelGrid' from node Branch in graph 'Path Update on Mouse Over' in blueprint ExampleController
[2016.04.14-23.52.42:917][ 41]PIE:Error: Error Accessed None 'MyLevelGrid' from node Branch in graph 'Path Update on Mouse Over' in blueprint ExampleController
[2016.04.14-23.52.42:926][ 42]PIE:Error: Error Accessed None 'MyLevelGrid' from node Branch in graph 'Path Update on Mouse Over' in blueprint ExampleController
[2016.04.14-23.52.42:934][ 43]PIE:Error: Error Accessed None 'MyLevelGrid' from node Branch in graph 'Path Update on Mouse Over' in blueprint ExampleController
[2016.04.14-23.52.42:943][ 44]PIE:Error: Error Accessed None 'MyLevelGrid' from node Branch in graph 'Path Update on Mouse Over' in blueprint ExampleController
[2016.04.14-23.52.42:951][ 45]PIE:Error: Error Accessed None 'MyLevelGrid' from node Branch in graph 'Path Update on Mouse Over' in blueprint ExampleController
[2016.04.14-23.52.42:959][ 46]PIE:Error: Error Accessed None 'MyLevelGrid' from node Branch in graph 'Path Update on Mouse Over' in blueprint ExampleController
[2016.04.14-23.52.42:967][ 47]PIE:Error: Error Accessed None 'MyLevelGrid' from node Branch in graph 'Path Update on Mouse Over' in blueprint ExampleController
[2016.04.14-23.52.42:976][ 48]PIE:Error: Error Accessed None 'MyLevelGrid' from node Branch in graph 'Path Update on Mouse Over' in blueprint ExampleController
[2016.04.14-23.52.42:984][ 49]PIE:Error: Error Accessed None 'MyLevelGrid' from node Branch in graph 'Path Update on Mouse Over' in blueprint ExampleController
[2016.04.14-23.52.42:993][ 50]PIE:Error: Error Accessed None 'MyLevelGrid' from node Branch in graph 'Path Update on Mouse Over' in blueprint ExampleController
[2016.04.14-23.52.43:001][ 51]PIE:Error: Error Accessed None 'MyLevelGrid' from node Branch in graph 'Path Update on Mouse Over' in blueprint ExampleController
[2016.04.14-23.52.43:010][ 52]PIE:Error: Error Accessed None 'MyLevelGrid' from node Branch in graph 'Path Update on Mouse Over' in blueprint ExampleController
[2016.04.14-23.52.43:018][ 53]PIE:Error: Error Accessed None 'MyLevelGrid' from node Branch in graph 'Path Update on Mouse Over' in blueprint ExampleController
[2016.04.14-23.52.43:026][ 54]PIE:Error: Error Accessed None 'MyLevelGrid' from node Branch in graph 'Path Update on Mouse Over' in blueprint ExampleController
[2016.04.14-23.52.43:034][ 55]PIE:Error: Error Accessed None 'MyLevelGrid' from node Branch in graph 'Path Update on Mouse Over' in blueprint ExampleController
[2016.04.14-23.52.43:043][ 56]PIE:Error: Error Accessed None 'MyLevelGrid' from node Branch in graph 'Path Update on Mouse Over' in blueprint ExampleController
[2016.04.14-23.52.43:051][ 57]PIE:Error: Error Accessed None 'MyLevelGrid' from node Branch in graph 'Path Update on Mouse Over' in blueprint ExampleController
[2016.04.14-23.52.43:059][ 58]PIE:Error: Error Accessed None 'MyLevelGrid' from node Branch in graph 'Path Update on Mouse Over' in blueprint ExampleController
[2016.04.14-23.52.43:068][ 59]PIE:Error: Error Accessed None 'MyLevelGrid' from node Branch in graph 'Path Update on Mouse Over' in blueprint ExampleController
[2016.04.14-23.52.43:076][ 60]PIE:Error: Error Accessed None 'MyLevelGrid' from node Branch in graph 'Path Update on Mouse Over' in blueprint ExampleController
[2016.04.14-23.52.43:084][ 61]PIE:Error: Error Accessed None 'MyLevelGrid' from node Branch in graph 'Path Update on Mouse Over' in blueprint ExampleController
[2016.04.14-23.52.43:093][ 62]PIE:Error: Error Accessed None 'MyLevelGrid' from node Branch in graph 'Path Update on Mouse Over' in blueprint ExampleController
[2016.04.14-23.52.43:101][ 63]PIE:Error: Error Accessed None 'MyLevelGrid' from node Branch in graph 'Path Update on Mouse Over' in blueprint ExampleController
[2016.04.14-23.52.43:109][ 64]PIE:Error: Error Accessed None 'MyLevelGrid' from node Branch in graph 'Path Update on Mouse Over' in blueprint ExampleController
[2016.04.14-23.52.43:118][ 65]PIE:Error: Error Accessed None 'MyLevelGrid' from node Branch in graph 'Path Update on Mouse Over' in blueprint ExampleController
[2016.04.14-23.52.43:126][ 66]PIE:Error: Error Accessed None 'MyLevelGrid' from node Branch in graph 'Path Update on Mouse Over' in blueprint ExampleController
[2016.04.14-23.52.43:134][ 67]PIE:Error: Error Accessed None 'MyLevelGrid' from node Branch in graph 'Path Update on Mouse Over' in blueprint ExampleController
[2016.04.14-23.52.43:143][ 68]PIE:Error: Error Accessed None 'MyLevelGrid' from node Branch in graph 'Path Update on Mouse Over' in blueprint ExampleController
[2016.04.14-23.52.43:151][ 69]PIE:Error: Error Accessed None 'MyLevelGrid' from node Branch in graph 'Path Update on Mouse Over' in blueprint ExampleController
[2016.04.14-23.52.43:159][ 70]PIE:Error: Error Accessed None 'MyLevelGrid' from node Branch in graph 'Path Update on Mouse Over' in blueprint ExampleController
[2016.04.14-23.52.43:168][ 71]PIE:Error: Error Accessed None 'MyLevelGrid' from node Branch in graph 'Path Update on Mouse Over' in blueprint ExampleController
[2016.04.14-23.52.43:177][ 72]PIE:Error: Error Accessed None 'MyLevelGrid' from node Branch in graph 'Path Update on Mouse Over' in blueprint ExampleController
[2016.04.14-23.52.43:186][ 73]PIE:Error: Error Accessed None 'MyLevelGrid' from node Branch in graph 'Path Update on Mouse Over' in blueprint ExampleController
[2016.04.14-23.52.43:193][ 74]PIE:Error: Error Accessed None 'MyLevelGrid' from node Branch in graph 'Path Update on Mouse Over' in blueprint ExampleController
[2016.04.14-23.52.43:201][ 75]PIE:Error: Error Accessed None 'MyLevelGrid' from node Branch in graph 'Path Update on Mouse Over' in blueprint ExampleController
[2016.04.14-23.52.43:210][ 76]PIE:Error: Error Accessed None 'MyLevelGrid' from node Branch in graph 'Path Update on Mouse Over' in blueprint ExampleController
[2016.04.14-23.52.43:218][ 77]PIE:Error: Error Accessed None 'MyLevelGrid' from node Branch in graph 'Path Update on Mouse Over' in blueprint ExampleController
[2016.04.14-23.52.43:226][ 78]PIE:Error: Error Accessed None 'MyLevelGrid' from node Branch in graph 'Path Update on Mouse Over' in blueprint ExampleController
[2016.04.14-23.52.43:235][ 79]PIE:Error: Error Accessed None 'MyLevelGrid' from node Branch in graph 'Path Update on Mouse Over' in blueprint ExampleController
[2016.04.14-23.52.43:243][ 80]PIE:Error: Error Accessed None 'MyLevelGrid' from node Branch in graph 'Path Update on Mouse Over' in blueprint ExampleController
[2016.04.14-23.52.43:251][ 81]PIE:Error: Error Accessed None 'MyLevelGrid' from node Branch in graph 'Path Update on Mouse Over' in blueprint ExampleController
[2016.04.14-23.52.43:259][ 82]PIE:Error: Error Accessed None 'MyLevelGrid' from node Branch in graph 'Path Update on Mouse Over' in blueprint ExampleController
[2016.04.14-23.52.43:267][ 83]PIE:Error: Error Accessed None 'MyLevelGrid' from node Branch in graph 'Path Update on Mouse Over' in blueprint ExampleController
[2016.04.14-23.52.43:276][ 84]PIE:Error: Error Accessed None 'MyLevelGrid' from node Branch in graph 'Path Update on Mouse Over' in blueprint ExampleController
[2016.04.14-23.52.43:284][ 85]PIE:Error: Error Accessed None 'MyLevelGrid' from node Branch in graph 'Path Update on Mouse Over' in blueprint ExampleController
[2016.04.14-23.52.43:292][ 86]PIE:Error: Error Accessed None 'MyLevelGrid' from node Branch in graph 'Path Update on Mouse Over' in blueprint ExampleController
[2016.04.14-23.52.43:301][ 87]PIE:Error: Error Accessed None 'MyLevelGrid' from node Branch in graph 'Path Update on Mouse Over' in blueprint ExampleController
[2016.04.14-23.52.43:309][ 88]PIE:Error: Error Accessed None 'MyLevelGrid' from node Branch in graph 'Path Update on Mouse Over' in blueprint ExampleController
[2016.04.14-23.52.43:317][ 89]PIE:Error: Error Accessed None 'MyLevelGrid' from node Branch in graph 'Path Update on Mouse Over' in blueprint ExampleController
[2016.04.14-23.52.43:326][ 90]PIE:Error: Error Accessed None 'MyLevelGrid' from node Branch in graph 'Path Update on Mouse Over' in blueprint ExampleController
[2016.04.14-23.52.43:334][ 91]PIE:Error: Error Accessed None 'MyLevelGrid' from node Branch in graph 'Path Update on Mouse Over' in blueprint ExampleController
[2016.04.14-23.52.43:342][ 92]PIE:Error: Error Accessed None 'MyLevelGrid' from node Branch in graph 'Path Update on Mouse Over' in blueprint ExampleController
[2016.04.14-23.52.43:350][ 93]PIE:Error: Error Accessed None 'MyLevelGrid' from node Branch in graph 'Path Update on Mouse Over' in blueprint ExampleController
[2016.04.14-23.52.43:359][ 94]PIE:Error: Error Accessed None 'MyLevelGrid' from node Branch in graph 'Path Update on Mouse Over' in blueprint ExampleController
[2016.04.14-23.52.43:367][ 95]PIE:Error: Error Accessed None 'MyLevelGrid' from node Branch in graph 'Path Update on Mouse Over' in blueprint ExampleController
[2016.04.14-23.52.43:376][ 96]PIE:Error: Error Accessed None 'MyLevelGrid' from node Branch in graph 'Path Update on Mouse Over' in blueprint ExampleController
[2016.04.14-23.52.43:384][ 97]PIE:Error: Error Accessed None 'MyLevelGrid' from node Branch in graph 'Path Update on Mouse Over' in blueprint ExampleController
[2016.04.14-23.52.43:393][ 98]PIE:Error: Error Accessed None 'MyLevelGrid' from node Branch in graph 'Path Update on Mouse Over' in blueprint ExampleController
[2016.04.14-23.52.43:401][ 99]PIE:Error: Error Accessed None 'MyLevelGrid' from node Branch in graph 'Path Update on Mouse Over' in blueprint ExampleController
[2016.04.14-23.52.43:409][100]PIE:Error: Error Accessed None 'MyLevelGrid' from node Branch in graph 'Path Update on Mouse Over' in blueprint ExampleController
[2016.04.14-23.52.43:418][101]PIE:Error: Error Accessed None 'MyLevelGrid' from node Branch in graph 'Path Update on Mouse Over' in blueprint ExampleController
[2016.04.14-23.52.43:426][102]PIE:Error: Error Accessed None 'MyLevelGrid' from node Branch in graph 'Path Update on Mouse Over' in blueprint ExampleController
[2016.04.14-23.52.43:435][103]PIE:Error: Error Accessed None 'MyLevelGrid' from node Branch in graph 'Path Update on Mouse Over' in blueprint ExampleController
[2016.04.14-23.52.43:443][104]PIE:Error: Error Accessed None 'MyLevelGrid' from node Branch in graph 'Path Update on Mouse Over' in blueprint ExampleController
[2016.04.14-23.52.43:452][105]PIE:Error: Error Accessed None 'MyLevelGrid' from node Branch in graph 'Path Update on Mouse Over' in blueprint ExampleController
[2016.04.14-23.52.43:459][106]PIE:Error: Error Accessed None 'MyLevelGrid' from node Branch in graph 'Path Update on Mouse Over' in blueprint ExampleController
[2016.04.14-23.52.43:468][107]PIE:Error: Error Accessed None 'MyLevelGrid' from node Branch in graph 'Path Update on Mouse Over' in blueprint ExampleController
[2016.04.14-23.52.43:476][108]PIE:Error: Error Accessed None 'MyLevelGrid' from node Branch in graph 'Path Update on Mouse Over' in blueprint ExampleController
[2016.04.14-23.52.43:484][109]PIE:Error: Error Accessed None 'MyLevelGrid' from node Branch in graph 'Path Update on Mouse Over' in blueprint ExampleController
[2016.04.14-23.52.43:493][110]PIE:Error: Error Accessed None 'MyLevelGrid' from node Branch in graph 'Path Update on Mouse Over' in blueprint ExampleController
[2016.04.14-23.52.43:502][111]PIE:Error: Error Accessed None 'MyLevelGrid' from node Branch in graph 'Path Update on Mouse Over' in blueprint ExampleController
[2016.04.14-23.52.43:509][112]PIE:Error: Error Accessed None 'MyLevelGrid' from node Branch in graph 'Path Update on Mouse Over' in blueprint ExampleController
[2016.04.14-23.52.43:518][113]PIE:Error: Error Accessed None 'MyLevelGrid' from node Branch in graph 'Path Update on Mouse Over' in blueprint ExampleController
[2016.04.14-23.52.43:526][114]PIE:Error: Error Accessed None 'MyLevelGrid' from node Branch in graph 'Path Update on Mouse Over' in blueprint ExampleController
[2016.04.14-23.52.43:535][115]PIE:Error: Error Accessed None 'MyLevelGrid' from node Branch in graph 'Path Update on Mouse Over' in blueprint ExampleController
[2016.04.14-23.52.43:543][116]PIE:Error: Error Accessed None 'MyLevelGrid' from node Branch in graph 'Path Update on Mouse Over' in blueprint ExampleController
[2016.04.14-23.52.43:551][117]PIE:Error: Error Accessed None 'MyLevelGrid' from node Branch in graph 'Path Update on Mouse Over' in blueprint ExampleController
[2016.04.14-23.52.43:559][118]PIE:Error: Error Accessed None 'MyLevelGrid' from node Branch in graph 'Path Update on Mouse Over' in blueprint ExampleController
[2016.04.14-23.52.43:568][119]PIE:Error: Error Accessed None 'MyLevelGrid' from node Branch in graph 'Path Update on Mouse Over' in blueprint ExampleController
[2016.04.14-23.52.43:576][120]PIE:Error: Error Accessed None 'MyLevelGrid' from node Branch in graph 'Path Update on Mouse Over' in blueprint ExampleController
[2016.04.14-23.52.43:584][121]PIE:Error: Error Accessed None 'MyLevelGrid' from node Branch in graph 'Path Update on Mouse Over' in blueprint ExampleController
[2016.04.14-23.52.43:592][122]PIE:Error: Error Accessed None 'MyLevelGrid' from node Branch in graph 'Path Update on Mouse Over' in blueprint ExampleController
[2016.04.14-23.52.43:601][123]PIE:Error: Error Accessed None 'MyLevelGrid' from node Branch in graph 'Path Update on Mouse Over' in blueprint ExampleController
[2016.04.14-23.52.43:609][124]PIE:Error: Error Accessed None 'MyLevelGrid' from node Branch in graph 'Path Update on Mouse Over' in blueprint ExampleController
[2016.04.14-23.52.43:617][125]PIE:Error: Error Accessed None 'MyLevelGrid' from node Branch in graph 'Path Update on Mouse Over' in blueprint ExampleController
[2016.04.14-23.52.43:626][126]PIE:Error: Error Accessed None 'MyLevelGrid' from node Branch in graph 'Path Update on Mouse Over' in blueprint ExampleController
[2016.04.14-23.52.43:634][127]PIE:Error: Error Accessed None 'MyLevelGrid' from node Branch in graph 'Path Update on Mouse Over' in blueprint ExampleController
[2016.04.14-23.52.43:642][128]PIE:Error: Error Accessed None 'MyLevelGrid' from node Branch in graph 'Path Update on Mouse Over' in blueprint ExampleController
[2016.04.14-23.52.43:651][129]PIE:Error: Error Accessed None 'MyLevelGrid' from node Branch in graph 'Path Update on Mouse Over' in blueprint ExampleController
[2016.04.14-23.52.43:659][130]PIE:Error: Error Accessed None 'MyLevelGrid' from node Branch in graph 'Path Update on Mouse Over' in blueprint ExampleController
[2016.04.14-23.52.43:667][131]PIE:Error: Error Accessed None 'MyLevelGrid' from node Branch in graph 'Path Update on Mouse Over' in blueprint ExampleController
[2016.04.14-23.52.43:676][132]PIE:Error: Error Accessed None 'MyLevelGrid' from node Branch in graph 'Path Update on Mouse Over' in blueprint ExampleController
[2016.04.14-23.52.43:684][133]PIE:Error: Error Accessed None 'MyLevelGrid' from node Branch in graph 'Path Update on Mouse Over' in blueprint ExampleController
[2016.04.14-23.52.43:692][134]PIE:Error: Error Accessed None 'MyLevelGrid' from node Branch in graph 'Path Update on Mouse Over' in blueprint ExampleController
[2016.04.14-23.52.43:701][135]PIE:Error: Error Accessed None 'MyLevelGrid' from node Branch in graph 'Path Update on Mouse Over' in blueprint ExampleController
[2016.04.14-23.52.43:709][136]PIE:Error: Error Accessed None 'MyLevelGrid' from node Branch in graph 'Path Update on Mouse Over' in blueprint ExampleController
[2016.04.14-23.52.43:717][137]PIE:Error: Error Accessed None 'MyLevelGrid' from node Branch in graph 'Path Update on Mouse Over' in blueprint ExampleController
[2016.04.14-23.52.43:726][138]PIE:Error: Error Accessed None 'MyLevelGrid' from node Branch in graph 'Path Update on Mouse Over' in blueprint ExampleController
[2016.04.14-23.52.43:734][139]PIE:Error: Error Accessed None 'MyLevelGrid' from node Branch in graph 'Path Update on Mouse Over' in blueprint ExampleController
[2016.04.14-23.52.43:742][140]PIE:Error: Error Accessed None 'MyLevelGrid' from node Branch in graph 'Path Update on Mouse Over' in blueprint ExampleController
[2016.04.14-23.52.43:751][141]PIE:Error: Error Accessed None 'MyLevelGrid' from node Branch in graph 'Path Update on Mouse Over' in blueprint ExampleController
[2016.04.14-23.52.43:759][142]PIE:Error: Error Accessed None 'MyLevelGrid' from node Branch in graph 'Path Update on Mouse Over' in blueprint ExampleController
[2016.04.14-23.52.43:768][143]PIE:Error: Error Accessed None 'MyLevelGrid' from node Branch in graph 'Path Update on Mouse Over' in blueprint ExampleController
[2016.04.14-23.52.43:776][144]PIE:Error: Error Accessed None 'MyLevelGrid' from node Branch in graph 'Path Update on Mouse Over' in blueprint ExampleController
[2016.04.14-23.52.43:784][145]PIE:Error: Error Accessed None 'MyLevelGrid' from node Branch in graph 'Path Update on Mouse Over' in blueprint ExampleController
[2016.04.14-23.52.43:793][146]PIE:Error: Error Accessed None 'MyLevelGrid' from node Branch in graph 'Path Update on Mouse Over' in blueprint ExampleController
[2016.04.14-23.52.43:934][163]PIE:Error: Error Accessed None 'MyLevelGrid' from node Branch in graph 'Path Update on Mouse Over' in blueprint ExampleController
[2016.04.14-23.52.44:039][163]LogParticles: Destroying 0 GPU particle simulations for FXSystem 0x0000025D81BACE00
[2016.04.14-23.55.05:659][  3]LogWindowsTextInputMethodSystem:Display: IME system now deactivated.
[2016.04.14-23.55.05:833][  4]Cmd: QUIT_EDITOR
[2016.04.14-23.55.06:712][  4]LogExit: Preparing to exit.
[2016.04.14-23.55.07:079][  4]LogExit: Editor shut down
[2016.04.14-23.55.07:079][  4]LogExit: Transaction tracking system shut down
[2016.04.14-23.55.07:079][  4]LogParticles: Destroying 0 GPU particle simulations for FXSystem 0x0000025DE2672700
[2016.04.14-23.55.07:080][  4]LogParticles: Destroying 0 GPU particle simulations for FXSystem 0x0000025DD3E19BC0
[2016.04.14-23.55.07:080][  4]LogParticles: Destroying 0 GPU particle simulations for FXSystem 0x0000025DD3BC3B00
[2016.04.14-23.55.07:190][  4]LogExit: Object subsystem successfully closed.
[2016.04.14-23.55.07:204][  4]LogD3D11RHI: Shutdown
[2016.04.14-23.55.07:204][  4]LogD3D11RHI: CleanupD3DDevice
[2016.04.14-23.55.07:229][  4]LogD3D11RHI: ~FD3D11DynamicRHI
[2016.04.14-23.55.07:236][  4]LogModuleManager: Shutting down and abandoning module ExternalImagePicker (199)
[2016.04.14-23.55.07:236][  4]LogModuleManager: Shutting down and abandoning module CrashTracker (198)
[2016.04.14-23.55.07:236][  4]LogModuleManager: Shutting down and abandoning module SceneOutliner (197)
[2016.04.14-23.55.07:236][  4]LogModuleManager: Shutting down and abandoning module SuperSearch (196)
[2016.04.14-23.55.07:236][  4]LogModuleManager: Shutting down and abandoning module WidgetCarousel (195)
[2016.04.14-23.55.07:236][  4]LogModuleManager: Shutting down and abandoning module AddContentDialog (194)
[2016.04.14-23.55.07:237][  4]LogModuleManager: Shutting down and abandoning module EditorWidgets (193)
[2016.04.14-23.55.07:237][  4]LogModuleManager: Shutting down and abandoning module CollectionManager (192)
[2016.04.14-23.55.07:237][  4]LogModuleManager: Shutting down and abandoning module StatsViewer (191)
[2016.04.14-23.55.07:237][  4]LogModuleManager: Shutting down and abandoning module FoliageEdit (190)
[2016.04.14-23.55.07:237][  4]LogModuleManager: Shutting down and abandoning module LandscapeEditor (189)
[2016.04.14-23.55.07:237][  4]LogModuleManager: Shutting down and abandoning module ActorPickerMode (188)
[2016.04.14-23.55.07:237][  4]LogModuleManager: Shutting down and abandoning module GeometryMode (187)
[2016.04.14-23.55.07:237][  4]LogModuleManager: Shutting down and abandoning module TextureAlignMode (186)
[2016.04.14-23.55.07:237][  4]LogModuleManager: Shutting down and abandoning module BspMode (185)
[2016.04.14-23.55.07:237][  4]LogModuleManager: Shutting down and abandoning module PlacementMode (184)
[2016.04.14-23.55.07:237][  4]LogModuleManager: Shutting down and abandoning module AutomationWorker (183)
[2016.04.14-23.55.07:237][  4]LogModuleManager: Shutting down and abandoning module CharacterAI (182)
[2016.04.14-23.55.07:237][  4]LogModuleManager: Shutting down and abandoning module SmartSnapping (181)
[2016.04.14-23.55.07:237][  4]LogModuleManager: Shutting down and abandoning module ViewportSnapping (180)
[2016.04.14-23.55.07:237][  4]LogModuleManager: Shutting down and abandoning module LogVisualizer (179)
[2016.04.14-23.55.07:237][  4]LogModuleManager: Shutting down and abandoning module GameProjectGeneration (178)
[2016.04.14-23.55.07:237][  4]LogModuleManager: Shutting down and abandoning module IntroTutorials (177)
[2016.04.14-23.55.07:237][  4]LogModuleManager: Shutting down and abandoning module EditorLiveStreaming (176)
[2016.04.14-23.55.07:237][  4]LogModuleManager: Shutting down and abandoning module IOSPlatformEditor (175)
[2016.04.14-23.55.07:237][  4]LogModuleManager: Shutting down and abandoning module HTML5PlatformEditor (174)
[2016.04.14-23.55.07:237][  4]LogModuleManager: Shutting down and abandoning module AndroidDeviceDetection (173)
[2016.04.14-23.55.07:774][  4]LogModuleManager: Shutting down and abandoning module AndroidPlatformEditor (172)
[2016.04.14-23.55.07:774][  4]LogModuleManager: Shutting down and abandoning module IOSRuntimeSettings (171)
[2016.04.14-23.55.07:774][  4]LogModuleManager: Shutting down and abandoning module AndroidRuntimeSettings (170)
[2016.04.14-23.55.07:774][  4]LogModuleManager: Shutting down and abandoning module MergeActors (169)
[2016.04.14-23.55.07:774][  4]LogModuleManager: Shutting down and abandoning module SizeMap (168)
[2016.04.14-23.55.07:774][  4]LogModuleManager: Shutting down and abandoning module TreeMap (167)
[2016.04.14-23.55.07:774][  4]LogModuleManager: Shutting down and abandoning module ReferenceViewer (166)
[2016.04.14-23.55.07:774][  4]LogModuleManager: Shutting down and abandoning module LocalizationService (165)
[2016.04.14-23.55.07:774][  4]LogModuleManager: Shutting down and abandoning module LocalizationDashboard (164)
[2016.04.14-23.55.07:774][  4]LogModuleManager: Shutting down and abandoning module HardwareTargeting (163)
[2016.04.14-23.55.07:774][  4]LogModuleManager: Shutting down and abandoning module DeviceProfileEditor (162)
[2016.04.14-23.55.07:774][  4]LogModuleManager: Shutting down and abandoning module UndoHistory (161)
[2016.04.14-23.55.07:774][  4]LogModuleManager: Shutting down and abandoning module GameplayTagsEditor (160)
[2016.04.14-23.55.07:774][  4]LogModuleManager: Shutting down and abandoning module UserFeedback (159)
[2016.04.14-23.55.07:774][  4]LogModuleManager: Shutting down and abandoning module XmlParser (158)
[2016.04.14-23.55.07:774][  4]LogModuleManager: Shutting down and abandoning module Blutility (157)
[2016.04.14-23.55.07:774][  4]LogModuleManager: Shutting down and abandoning module ProjectTargetPlatformEditor (156)
[2016.04.14-23.55.07:774][  4]LogModuleManager: Shutting down and abandoning module ProjectSettingsViewer (155)
[2016.04.14-23.55.07:774][  4]LogModuleManager: Shutting down and abandoning module InputBindingEditor (154)
[2016.04.14-23.55.07:774][  4]LogModuleManager: Shutting down and abandoning module EditorSettingsViewer (153)
[2016.04.14-23.55.07:774][  4]LogModuleManager: Shutting down and abandoning module SettingsEditor (152)
[2016.04.14-23.55.07:775][  4]LogModuleManager: Shutting down and abandoning module ProjectLauncher (151)
[2016.04.14-23.55.07:775][  4]LogModuleManager: Shutting down and abandoning module SessionFrontend (150)
[2016.04.14-23.55.07:775][  4]LogModuleManager: Shutting down and abandoning module ProfilerClient (149)
[2016.04.14-23.55.07:775][  4]LogModuleManager: Shutting down and abandoning module TargetDeviceServices (148)
[2016.04.14-23.55.07:775][  4]LogModuleManager: Shutting down and abandoning module DeviceManager (147)
[2016.04.14-23.55.07:775][  4]LogModuleManager: Shutting down and abandoning module AutomationController (146)
[2016.04.14-23.55.07:775][  4]LogModuleManager: Shutting down and abandoning module AutomationWindow (145)
[2016.04.14-23.55.07:775][  4]LogModuleManager: Shutting down and abandoning module Layers (144)
[2016.04.14-23.55.07:775][  4]LogModuleManager: Shutting down and abandoning module ComponentVisualizers (143)
[2016.04.14-23.55.07:775][  4]LogModuleManager: Shutting down and abandoning module DetailCustomizations (142)
[2016.04.14-23.55.07:775][  4]LogModuleManager: Shutting down and abandoning module PackagesDialog (141)
[2016.04.14-23.55.07:775][  4]LogModuleManager: Shutting down and abandoning module Persona (140)
[2016.04.14-23.55.07:775][  4]LogModuleManager: Shutting down and abandoning module Kismet (139)
[2016.04.14-23.55.07:775][  4]LogModuleManager: Shutting down and abandoning module GraphEditor (138)
[2016.04.14-23.55.07:775][  4]LogModuleManager: Shutting down and abandoning module ClassViewer (137)
[2016.04.14-23.55.07:775][  4]LogModuleManager: Shutting down and abandoning module Toolbox (136)
[2016.04.14-23.55.07:775][  4]LogModuleManager: Shutting down and abandoning module ModuleUI (135)
[2016.04.14-23.55.07:775][  4]LogModuleManager: Shutting down and abandoning module MovieSceneTools (134)
[2016.04.14-23.55.07:775][  4]LogModuleManager: Shutting down and abandoning module OutputLog (133)
[2016.04.14-23.55.07:775][  4]LogModuleManager: Shutting down and abandoning module GammaUI (132)
[2016.04.14-23.55.07:775][  4]LogModuleManager: Shutting down and abandoning module Documentation (131)
[2016.04.14-23.55.07:775][  4]LogModuleManager: Shutting down and abandoning module GameLiveStreaming (130)
[2016.04.14-23.55.07:775][  4]LogModuleManager: Shutting down and abandoning module StreamingPauseRendering (129)
[2016.04.14-23.55.07:775][  4]LogModuleManager: Shutting down and abandoning module AnalyticsET (128)
[2016.04.14-23.55.07:775][  4]LogModuleManager: Shutting down and abandoning module Analytics (127)
[2016.04.14-23.55.07:775][  4]LogModuleManager: Shutting down and abandoning module AITestSuite (126)
[2016.04.14-23.55.07:775][  4]LogModuleManager: Shutting down and abandoning module GameplayDebugger (125)
[2016.04.14-23.55.07:775][  4]LogModuleManager: Shutting down and abandoning module AIModule (124)
[2016.04.14-23.55.07:775][  4]LogModuleManager: Shutting down and abandoning module ProfilerService (123)
[2016.04.14-23.55.07:845][  4]LogModuleManager: Shutting down and abandoning module TaskGraph (122)
[2016.04.14-23.55.07:845][  4]LogModuleManager: Shutting down and abandoning module SlateRemote (121)
[2016.04.14-23.55.07:845][  4]LogModuleManager: Shutting down and abandoning module SteamVRController (120)
[2016.04.14-23.55.07:845][  4]LogModuleManager: Shutting down and abandoning module SteamVR (119)
[2016.04.14-23.55.07:845][  4]LogModuleManager: Shutting down and abandoning module ProceduralMeshComponent (118)
[2016.04.14-23.55.07:845][  4]LogModuleManager: Shutting down and abandoning module OculusLibrary (117)
[2016.04.14-23.55.07:845][  4]LogModuleManager: Shutting down and abandoning module OculusInput (116)
[2016.04.14-23.55.07:845][  4]LogModuleManager: Shutting down and abandoning module LeapMotionController (115)
[2016.04.14-23.55.07:869][  4]LogModuleManager: Shutting down and abandoning module CustomMeshComponent (114)
[2016.04.14-23.55.07:870][  4]LogModuleManager: Shutting down and abandoning module CableComponent (113)
[2016.04.14-23.55.07:870][  4]LogModuleManager: Shutting down and abandoning module ArchVisCharacter (112)
[2016.04.14-23.55.07:870][  4]LogModuleManager: Shutting down and abandoning module MessagingDebugger (111)
[2016.04.14-23.55.07:870][  4]LogModuleManager: Shutting down and abandoning module MediaPlayerEditor (110)
[2016.04.14-23.55.07:870][  4]LogModuleManager: Shutting down and abandoning module HTML5Networking (109)
[2016.04.14-23.55.07:870][  4]LogModuleManager: Shutting down and abandoning module SpeedTreeImporter (108)
[2016.04.14-23.55.07:870][  4]LogModuleManager: Shutting down and abandoning module PluginBrowser (107)
[2016.04.14-23.55.07:870][  4]LogModuleManager: Shutting down and abandoning module EpicSurvey (106)
[2016.04.14-23.55.07:870][  4]LogModuleManager: Shutting down and abandoning module DesktopPlatform (105)
[2016.04.14-23.55.07:870][  4]LogModuleManager: Shutting down and abandoning module VisualStudioSourceCodeAccess (104)
[2016.04.14-23.55.07:870][  4]LogModuleManager: Shutting down and abandoning module UObjectPlugin (103)
[2016.04.14-23.55.07:870][  4]LogModuleManager: Shutting down and abandoning module SubversionSourceControl (102)
[2016.04.14-23.55.07:870][  4]LogModuleManager: Shutting down and abandoning module PerforceSourceControl (101)
[2016.04.14-23.55.07:870][  4]LogModuleManager: Shutting down and abandoning module SourceControl (100)
[2016.04.14-23.55.07:870][  4]LogModuleManager: Shutting down and abandoning module GitSourceControl (99)
[2016.04.14-23.55.07:870][  4]LogModuleManager: Shutting down and abandoning module LightPropagationVolumeEditor (98)
[2016.04.14-23.55.07:870][  4]LogModuleManager: Shutting down and abandoning module PaperTiledImporter (97)
[2016.04.14-23.55.07:870][  4]LogModuleManager: Shutting down and abandoning module PaperSpriteSheetImporter (96)
[2016.04.14-23.55.07:870][  4]LogModuleManager: Shutting down and abandoning module MeshPaint (95)
[2016.04.14-23.55.07:870][  4]LogModuleManager: Shutting down and abandoning module SlateReflector (94)
[2016.04.14-23.55.07:870][  4]LogModuleManager: Shutting down and abandoning module HotReload (93)
[2016.04.14-23.55.07:870][  4]LogModuleManager: Shutting down and abandoning module MainFrame (92)
[2016.04.14-23.55.07:870][  4]LogModuleManager: Shutting down and abandoning module LevelEditor (91)
[2016.04.14-23.55.07:871][  4]LogModuleManager: Shutting down and abandoning module DirectoryWatcher (90)
[2016.04.14-23.55.07:872][  4]LogModuleManager: Shutting down and abandoning module AssetRegistry (89)
[2016.04.14-23.55.07:955][  4]LogModuleManager: Shutting down and abandoning module ContentBrowser (88)
[2016.04.14-23.55.07:956][  4]LogModuleManager: Shutting down and abandoning module Paper2DEditor (87)
[2016.04.14-23.55.07:956][  4]LogModuleManager: Shutting down and abandoning module UdpMessaging (86)
[2016.04.14-23.55.08:056][  4]LogModuleManager: Shutting down and abandoning module LightPropagationVolumeRuntime (85)
[2016.04.14-23.55.08:056][  4]LogModuleManager: Shutting down and abandoning module Paper2D (84)
[2016.04.14-23.55.08:056][  4]LogModuleManager: Shutting down and abandoning module WindowsMoviePlayer (83)
[2016.04.14-23.55.08:058][  4]LogModuleManager: Shutting down and abandoning module Media (82)
[2016.04.14-23.55.08:058][  4]LogModuleManager: Shutting down and abandoning module WmfMedia (81)
[2016.04.14-23.55.08:058][  4]LogModuleManager: Shutting down and abandoning module OnlineBlueprintSupport (80)
[2016.04.14-23.55.08:058][  4]LogModuleManager: Shutting down and abandoning module GameplayTasksEditor (79)
[2016.04.14-23.55.08:058][  4]LogModuleManager: Shutting down and abandoning module PropertyEditor (78)
[2016.04.14-23.55.08:058][  4]LogModuleManager: Shutting down and abandoning module BehaviorTreeEditor (77)
[2016.04.14-23.55.08:058][  4]LogModuleManager: Shutting down and abandoning module FunctionalTesting (76)
[2016.04.14-23.55.08:058][  4]LogModuleManager: Shutting down and abandoning module CollisionAnalyzer (75)
[2016.04.14-23.55.08:058][  4]LogModuleManager: Shutting down and abandoning module WorkspaceMenuStructure (74)
[2016.04.14-23.55.08:058][  4]LogModuleManager: Shutting down and abandoning module MessageLog (73)
[2016.04.14-23.55.08:058][  4]LogModuleManager: Shutting down and abandoning module Sequencer (72)
[2016.04.14-23.55.08:058][  4]LogModuleManager: Shutting down and abandoning module AssetTools (71)
[2016.04.14-23.55.08:058][  4]LogModuleManager: Shutting down and abandoning module UMGEditor (70)
[2016.04.14-23.55.08:058][  4]LogModuleManager: Shutting down and abandoning module UMG (69)
[2016.04.14-23.55.08:058][  4]LogModuleManager: Shutting down and abandoning module Slate (68)
[2016.04.14-23.55.08:058][  4]LogModuleManager: Shutting down and abandoning module EditorStyle (67)
[2016.04.14-23.55.08:059][  4]LogModuleManager: Shutting down and abandoning module SessionServices (66)
[2016.04.14-23.55.08:059][  4]LogModuleManager: Shutting down and abandoning module SourceCodeAccess (65)
[2016.04.14-23.55.08:059][  4]LogModuleManager: Shutting down and abandoning module HeadMountedDisplay (64)
[2016.04.14-23.55.08:059][  4]LogModuleManager: Shutting down and abandoning module XAudio2 (63)
[2016.04.14-23.55.08:059][  4]LogModuleManager: Shutting down and abandoning module Networking (61)
[2016.04.14-23.55.08:059][  4]LogModuleManager: Shutting down and abandoning module Core (60)
[2016.04.14-23.55.08:059][  4]LogModuleManager: Shutting down and abandoning module KismetCompiler (59)
[2016.04.14-23.55.08:059][  4]LogModuleManager: Shutting down and abandoning module PhysXFormats (58)
[2016.04.14-23.55.08:059][  4]LogModuleManager: Shutting down and abandoning module MeshUtilities (57)
[2016.04.14-23.55.08:059][  4]LogModuleManager: Shutting down and abandoning module DerivedDataCache (56)
[2016.04.14-23.55.08:061][  4]LogDerivedDataCache: Shutdown
[2016.04.14-23.55.08:061][  4]LogModuleManager: Shutting down and abandoning module ShaderFormatOpenGL (55)
[2016.04.14-23.55.08:061][  4]LogModuleManager: Shutting down and abandoning module ShaderFormatD3D (54)
[2016.04.14-23.55.08:061][  4]LogModuleManager: Shutting down and abandoning module MetalShaderFormat (53)
[2016.04.14-23.55.08:061][  4]LogModuleManager: Shutting down and abandoning module TextureFormatUncompressed (52)
[2016.04.14-23.55.08:062][  4]LogModuleManager: Shutting down and abandoning module TextureFormatPVR (51)
[2016.04.14-23.55.08:062][  4]LogModuleManager: Shutting down and abandoning module TextureFormatIntelISPCTexComp (50)
[2016.04.14-23.55.08:062][  4]LogModuleManager: Shutting down and abandoning module TextureFormatDXT (49)
[2016.04.14-23.55.08:062][  4]LogModuleManager: Shutting down and abandoning module ImageWrapper (48)
[2016.04.14-23.55.08:062][  4]LogModuleManager: Shutting down and abandoning module TextureFormatASTC (47)
[2016.04.14-23.55.08:062][  4]LogModuleManager: Shutting down and abandoning module TextureFormatAndroid (46)
[2016.04.14-23.55.08:062][  4]LogModuleManager: Shutting down and abandoning module AudioFormatOpus (45)
[2016.04.14-23.55.08:062][  4]LogModuleManager: Shutting down and abandoning module AudioFormatOgg (44)
[2016.04.14-23.55.08:062][  4]LogModuleManager: Shutting down and abandoning module AudioFormatADPCM (43)
[2016.04.14-23.55.08:062][  4]LogModuleManager: Shutting down and abandoning module LinuxTargetPlatform (42)
[2016.04.14-23.55.08:062][  4]LogModuleManager: Shutting down and abandoning module LinuxServerTargetPlatform (41)
[2016.04.14-23.55.08:062][  4]LogModuleManager: Shutting down and abandoning module LinuxNoEditorTargetPlatform (40)
[2016.04.14-23.55.08:062][  4]LogModuleManager: Shutting down and abandoning module Messaging (39)
[2016.04.14-23.55.08:062][  4]LogModuleManager: Shutting down and abandoning module IOSTargetPlatform (38)
[2016.04.14-23.55.08:062][  4]LogModuleManager: Shutting down and abandoning module HTML5TargetPlatform (37)
[2016.04.14-23.55.08:062][  4]LogModuleManager: Shutting down and abandoning module Android_PVRTCTargetPlatform (36)
[2016.04.14-23.55.08:062][  4]LogModuleManager: Shutting down and abandoning module Android_MultiTargetPlatform (35)
[2016.04.14-23.55.08:062][  4]LogModuleManager: Shutting down and abandoning module Android_ETC2TargetPlatform (34)
[2016.04.14-23.55.08:062][  4]LogModuleManager: Shutting down and abandoning module Android_ETC1TargetPlatform (33)
[2016.04.14-23.55.08:062][  4]LogModuleManager: Shutting down and abandoning module Android_DXTTargetPlatform (32)
[2016.04.14-23.55.08:062][  4]LogModuleManager: Shutting down and abandoning module Android_ATCTargetPlatform (31)
[2016.04.14-23.55.08:062][  4]LogModuleManager: Shutting down and abandoning module Android_ASTCTargetPlatform (30)
[2016.04.14-23.55.08:062][  4]LogModuleManager: Shutting down and abandoning module AndroidTargetPlatform (29)
[2016.04.14-23.55.08:062][  4]LogModuleManager: Shutting down and abandoning module WindowsTargetPlatform (28)
[2016.04.14-23.55.08:062][  4]LogModuleManager: Shutting down and abandoning module WindowsServerTargetPlatform (27)
[2016.04.14-23.55.08:062][  4]LogModuleManager: Shutting down and abandoning module WindowsNoEditorTargetPlatform (26)
[2016.04.14-23.55.08:062][  4]LogModuleManager: Shutting down and abandoning module WindowsClientTargetPlatform (25)
[2016.04.14-23.55.08:062][  4]LogModuleManager: Shutting down and abandoning module AllDesktopTargetPlatform (24)
[2016.04.14-23.55.08:062][  4]LogModuleManager: Shutting down and abandoning module TargetPlatform (23)
[2016.04.14-23.55.08:062][  4]LogModuleManager: Shutting down and abandoning module InputCore (22)
[2016.04.14-23.55.08:062][  4]LogModuleManager: Shutting down and abandoning module Settings (21)
[2016.04.14-23.55.08:062][  4]LogModuleManager: Shutting down and abandoning module OnlineSubsystem (19)
[2016.04.14-23.55.08:062][  4]LogModuleManager: Shutting down and abandoning module HTTP (18)
[2016.04.14-23.55.10:064][  4]LogModuleManager: Shutting down and abandoning module XMPP (17)
[2016.04.14-23.55.10:064][  4]LogModuleManager: Shutting down and abandoning module OculusRift (16)
[2016.04.14-23.55.10:064][  4]LogHMD: Oculus shutdown.
[2016.04.14-23.55.10:064][  4]LogModuleManager: Shutting down and abandoning module ExampleDeviceProfileSelector (15)
[2016.04.14-23.55.10:064][  4]LogModuleManager: Shutting down and abandoning module TextureCompressor (14)
[2016.04.14-23.55.10:064][  4]LogModuleManager: Shutting down and abandoning module ShaderCore (13)
[2016.04.14-23.55.10:064][  4]LogModuleManager: Shutting down and abandoning module Landscape (12)
[2016.04.14-23.55.10:064][  4]LogModuleManager: Shutting down and abandoning module SlateRHIRenderer (11)
[2016.04.14-23.55.10:064][  4]LogModuleManager: Shutting down and abandoning module OpenGLDrv (10)
[2016.04.14-23.55.10:064][  4]LogModuleManager: Shutting down and abandoning module D3D11RHI (9)
[2016.04.14-23.55.10:064][  4]LogModuleManager: Shutting down and abandoning module AnimGraphRuntime (8)
[2016.04.14-23.55.10:065][  4]LogModuleManager: Shutting down and abandoning module Renderer (7)
[2016.04.14-23.55.10:065][  4]LogModuleManager: Shutting down and abandoning module Engine (6)
[2016.04.14-23.55.10:065][  4]LogModuleManager: Shutting down and abandoning module CoreUObject (5)
[2016.04.14-23.55.10:065][  4]LogModuleManager: Shutting down and abandoning module NetworkFile (4)
[2016.04.14-23.55.10:065][  4]LogModuleManager: Shutting down and abandoning module StreamingFile (3)
[2016.04.14-23.55.10:065][  4]LogModuleManager: Shutting down and abandoning module SandboxFile (2)
[2016.04.14-23.55.10:065][  4]LogModuleManager: Shutting down and abandoning module PakFile (1)
[2016.04.14-23.55.10:065][  4]LogExit: Exiting.
[2016.04.14-23.55.10:067][  4]Log file closed, 04/14/16 18:55:10
