[2016.04.14-07.03.46:466][  0]Log file open, 04/14/16 02:03:46
[2016.04.14-07.03.46:466][  0]LogInit:Display: Running engine for game: KND
[2016.04.14-07.03.46:466][  0]LogPlatformFile: Not using cached read wrapper
[2016.04.14-07.03.46:466][  0]LogInit:Display: RandInit(-1093325303) SRandInit(-1093325301).
[2016.04.14-07.03.46:466][  0]LogTaskGraph: Started task graph with 4 named threads and 7 total threads.
[2016.04.14-07.03.46:466][  0]LogStats: Stats thread started at 0.068207
[2016.04.14-07.03.46:466][  0]LogInit: Version: 4.10.4-2872498+++depot+UE4-Releases+4.10
[2016.04.14-07.03.46:466][  0]LogInit: API Version: 2758231
[2016.04.14-07.03.46:466][  0]LogInit: Compiled (64-bit): Feb 18 2016 15:47:04
[2016.04.14-07.03.46:466][  0]LogInit: Compiled with Visual C++: 19.00.23026.00
[2016.04.14-07.03.46:466][  0]LogInit: Build Configuration: Development
[2016.04.14-07.03.46:466][  0]LogInit: Branch Name: ++depot+UE4-Releases+4.10
[2016.04.14-07.03.46:466][  0]LogInit: Command line:  
[2016.04.14-07.03.46:466][  0]LogInit: Base directory: E:/Program Files (x86)/Epic Games/4.10/Engine/Binaries/Win64/
[2016.04.14-07.03.46:466][  0]LogInit: Rocket: 1
[2016.04.14-07.03.46:472][  0]LogInit: Using libcurl 7.41.0
[2016.04.14-07.03.46:472][  0]LogInit:  - built for x86_64-pc-win32
[2016.04.14-07.03.46:472][  0]LogInit:  - supports SSL with WinSSL
[2016.04.14-07.03.46:472][  0]LogInit:  - other features:
[2016.04.14-07.03.46:472][  0]LogInit:      CURL_VERSION_SSL
[2016.04.14-07.03.46:472][  0]LogInit:      CURL_VERSION_IPV6
[2016.04.14-07.03.46:472][  0]LogInit:      CURL_VERSION_ASYNCHDNS
[2016.04.14-07.03.46:472][  0]LogInit:      CURL_VERSION_LARGEFILE
[2016.04.14-07.03.46:472][  0]LogInit:      CURL_VERSION_IDN
[2016.04.14-07.03.46:472][  0]LogInit:  CurlRequestOptions (configurable via config and command line):
[2016.04.14-07.03.46:472][  0]LogInit:  - bVerifyPeer = true  - Libcurl will verify peer certificate
[2016.04.14-07.03.46:472][  0]LogInit:  - bUseHttpProxy = false  - Libcurl will NOT use HTTP proxy
[2016.04.14-07.03.46:472][  0]LogInit:  - bDontReuseConnections = false  - Libcurl will reuse connections
[2016.04.14-07.03.46:472][  0]LogInit:  - CertBundlePath = nullptr  - Libcurl will use whatever was configured at build time.
[2016.04.14-07.03.46:477][  0]LogInit: Presizing for 0 objects not considered by GC, pre-allocating 0 bytes.
[2016.04.14-07.03.46:482][  0]LogInit: Object subsystem initialized
[2016.04.14-07.03.46:482][  0]LogInit: Selected Device Profile: [Windows]
[2016.04.14-07.03.46:482][  0]LogInit: Applying CVar settings loaded from the selected device profile: [Windows]
[2016.04.14-07.03.46:489][  0]LogInit: Computer: RAGNOROK
[2016.04.14-07.03.46:489][  0]LogInit: User: GarrettJohnson
[2016.04.14-07.03.46:489][  0]LogInit: CPU Page size=4096, Cores=4
[2016.04.14-07.03.46:489][  0]LogInit: High frequency timer resolution =3.984650 MHz
[2016.04.14-07.03.46:489][  0]LogMemory: Memory total: Physical=15.9GB (16GB approx)
[2016.04.14-07.03.46:489][  0]LogMemory: Platform Memory Stats for Windows
[2016.04.14-07.03.46:489][  0]LogMemory: Process Physical Memory: 57.08 MB used, 57.08 MB peak
[2016.04.14-07.03.46:489][  0]LogMemory: Process Virtual Memory: 58.82 MB used, 58.82 MB peak
[2016.04.14-07.03.46:489][  0]LogMemory: Physical Memory: 9263.43 MB used, 16325.72 MB total
[2016.04.14-07.03.46:489][  0]LogMemory: Virtual Memory: 384.79 MB used, 134217728.00 MB total
[2016.04.14-07.03.46:525][  0]LogTextLocalizationManager: No specific translations for ('en-US') exist, so ('en') translations will be used.
[2016.04.14-07.03.46:837][  0]LogD3D11RHI: Found D3D11 adapter 0: NVIDIA GeForce GTX 760 (Feature Level 11_0)
[2016.04.14-07.03.46:837][  0]LogD3D11RHI: Adapter has 1989MB of dedicated video memory, 0MB of dedicated system memory, and 8162MB of shared system memory, 1 output[s]
[2016.04.14-07.03.46:839][  0]LogD3D11RHI: Found D3D11 adapter 1: Microsoft Basic Render Driver (Feature Level 11_0)
[2016.04.14-07.03.46:839][  0]LogD3D11RHI: Adapter has 0MB of dedicated video memory, 0MB of dedicated system memory, and 8162MB of shared system memory, 0 output[s]
[2016.04.14-07.03.46:839][  0]LogD3D11RHI: Chosen D3D11 Adapter Id = 0
[2016.04.14-07.03.46:844][  0]LogD3D11RHI: !Direct3DDevice
[2016.04.14-07.03.46:844][  0]LogRHI: Texture pool is 1361 MB (70% of 1945 MB)
[2016.04.14-07.03.46:855][  0]LogD3D11RHI: Async texture creation enabled
[2016.04.14-07.03.46:869][  0]LogShaderCompilers: Guid format shader working directory is 1 characters bigger than the processId version (../../../../../../Documents/Unreal Projects/KND/Intermediate/Shaders/WorkingDirectory/15452/).
[2016.04.14-07.03.46:869][  0]LogShaderCompilers: Cleaned the shader compiler working directory 'C:/Users/GARRET~1/AppData/Local/Temp/UnrealShaderWorkingDir/5D6808124C6DB466684C98B6E91AFED2/'.
[2016.04.14-07.03.46:869][  0]LogShaderCompilers:Display: Using Local Shader Compiler.
[2016.04.14-07.03.47:442][  0]LogTemp:Display: Loaded TP AllDesktopTargetPlatform
[2016.04.14-07.03.47:445][  0]LogTemp:Display: Loaded TP WindowsClientTargetPlatform
[2016.04.14-07.03.47:449][  0]LogTemp:Display: Loaded TP WindowsNoEditorTargetPlatform
[2016.04.14-07.03.47:453][  0]LogTemp:Display: Loaded TP WindowsServerTargetPlatform
[2016.04.14-07.03.47:456][  0]LogTemp:Display: Loaded TP WindowsTargetPlatform
[2016.04.14-07.03.47:458][  0]LogTemp:Display: Loaded TP AndroidTargetPlatform
[2016.04.14-07.03.47:460][  0]LogTemp:Display: Loaded TP Android_ASTCTargetPlatform
[2016.04.14-07.03.47:462][  0]LogTemp:Display: Loaded TP Android_ATCTargetPlatform
[2016.04.14-07.03.47:465][  0]LogTemp:Display: Loaded TP Android_DXTTargetPlatform
[2016.04.14-07.03.47:467][  0]LogTemp:Display: Loaded TP Android_ETC1TargetPlatform
[2016.04.14-07.03.47:470][  0]LogTemp:Display: Loaded TP Android_ETC2TargetPlatform
[2016.04.14-07.03.47:474][  0]LogTemp:Display: Loaded TP Android_MultiTargetPlatform
[2016.04.14-07.03.47:474][  0]LogTemp:Display: Loaded TP Android_PVRTCTargetPlatform
[2016.04.14-07.03.47:475][  0]LogTemp:Display: Loaded TP HTML5TargetPlatform
[2016.04.14-07.03.47:492][  0]LogTemp:Display: Loaded TP IOSTargetPlatform
[2016.04.14-07.03.47:494][  0]LogTemp:Display: Loaded TP LinuxNoEditorTargetPlatform
[2016.04.14-07.03.47:496][  0]LogTemp:Display: Loaded TP LinuxServerTargetPlatform
[2016.04.14-07.03.47:498][  0]LogTemp:Display: Loaded TP LinuxTargetPlatform
[2016.04.14-07.03.47:499][  0]LogTargetPlatformManager:Display: Building Assets For Windows
[2016.04.14-07.03.47:562][  0]LogDerivedDataCache:Display: Max Cache Size: 512 MB
[2016.04.14-07.03.47:593][  0]LogDerivedDataCache: Loaded boot cache 0.03s 41MB C:/Users/Garrett Johnson/AppData/Local/UnrealEngine/4.10/DerivedDataCache/Boot.ddc.
[2016.04.14-07.03.47:593][  0]LogDerivedDataCache:Display: Loaded Boot cache: C:/Users/Garrett Johnson/AppData/Local/UnrealEngine/4.10/DerivedDataCache/Boot.ddc
[2016.04.14-07.03.47:593][  0]LogDerivedDataCache: FDerivedDataBackendGraph:  Pak pak cache file ../../../../../../Documents/Unreal Projects/KND/DerivedDataCache/DDC.ddp not found, will not use a pak cache.
[2016.04.14-07.03.47:593][  0]LogDerivedDataCache: Unable to find inner node Pak for hierarchical cache Hierarchy.
[2016.04.14-07.03.47:593][  0]LogDerivedDataCache: FDerivedDataBackendGraph:  CompressedPak pak cache file ../../../../../../Documents/Unreal Projects/KND/DerivedDataCache/Compressed.ddp not found, will not use a pak cache.
[2016.04.14-07.03.47:593][  0]LogDerivedDataCache: Unable to find inner node CompressedPak for hierarchical cache Hierarchy.
[2016.04.14-07.03.47:633][  0]LogDerivedDataCache:Display: Pak cache opened for reading ../../../Engine/DerivedDataCache/Compressed.ddp.
[2016.04.14-07.03.47:645][  0]LogDerivedDataCache: Using Local data cache path C:/Users/Garrett Johnson/AppData/Local/UnrealEngine/Common/DerivedDataCache: Writable
[2016.04.14-07.03.47:789][  0]LogInit: Selected Device Profile: [Windows]
[2016.04.14-07.03.47:790][  0]LogContentStreaming: Texture pool size is 0.000000MB
[2016.04.14-07.03.47:869][  0]LogMeshUtilities: No automatic mesh reduction module available
[2016.04.14-07.03.47:869][  0]LogMeshUtilities: No automatic mesh merging module available
[2016.04.14-07.03.48:028][  0]LogInit: WinSock: version 1.1 (2.2), MaxSocks=32767, MaxUdp=65467
[2016.04.14-07.03.48:762][  0]UdpMessaging: Initializing bridge on interface 0.0.0.0:0 to multicast group 230.0.0.1:6666.
[2016.04.14-07.03.48:854][  0]LogAssetRegistry: FAssetRegistry took 0.0109 seconds to start up
[2016.04.14-07.03.48:981][  0]SourceControl: Info Source control is disabled
[2016.04.14-07.03.49:030][  0]SourceControl: Info Source control is disabled
[2016.04.14-07.03.49:040][  0]SourceControl: Info Source control is disabled
[2016.04.14-07.03.49:048][  0]SourceControl: Info Source control is disabled
[2016.04.14-07.03.49:215][  0]LogObj: 28633 objects as part of root set at end of initial load.
[2016.04.14-07.03.49:215][  0]LogUObjectAllocator: 6099744 out of 0 bytes used by permanent object pool.
[2016.04.14-07.03.49:257][  0]LogEngine: Initializing Engine...
[2016.04.14-07.03.49:258][  0]OCULUS: Info: 04/14/16 07:03:49: [CAPI] LibOVR module is located at C:\WINDOWS\SYSTEM32\LibOVRRT64_0_8.dll

[2016.04.14-07.03.49:259][  0]OCULUS: Info: 04/14/16 07:03:49: [IPC] Call Stats for SetInitialState : x1: C2S=11.0424, S2C=4.01541, Runtime=51.6984 (microseconds) C2Ssize=80, S2Csize=81 (bytes)

[2016.04.14-07.03.49:259][  0]OCULUS: Info: 04/14/16 07:03:49: [IPC] Call Stats for IsLatencyTesterAvailable : x1: C2S=5.52119, S2C=2.0077, Runtime=1.00385 (microseconds) C2Ssize=33, S2Csize=18 (bytes)

[2016.04.14-07.03.49:271][  0]LogHMD: SteamVR failed to initialize.  Err: 110
[2016.04.14-07.03.49:354][  0]LogAIModule: Creating AISystem for world NewWorld
[2016.04.14-07.03.49:366][  0]LogInit: XAudio2 using 'Speakers (Realtek High Definition Audio)' : 2 channels at 48 kHz using 32 bits per sample (channel mask 0x3)
[2016.04.14-07.03.49:410][  0]LogInit: FAudioDevice initialized.
[2016.04.14-07.03.49:428][  0]LogDerivedDataCache: Saved boot cache 0.02s 41MB C:/Users/Garrett Johnson/AppData/Local/UnrealEngine/4.10/DerivedDataCache/Boot.ddc.
[2016.04.14-07.03.49:431][  0]LogInit: Texture streaming: Enabled
[2016.04.14-07.03.49:435][  0]LogAnalytics: Creating configured Analytics provider AnalyticsET
[2016.04.14-07.03.49:435][  0]LogAnalytics: [UEEditor.Rocket.Release] APIServer = http://et2.epicgames.com/ET2/. AppVersion = 4.10.4-2872498+++depot+UE4-Releases+4.10
[2016.04.14-07.03.49:435][  0]LogAnalytics: [UEEditor.Rocket.Release] SetUserId 1100b9ee46e2597b617ec6b6f167f1df|59edfd7a1e024ba5bc5c7666785a6599|ad4dcf7c-55ae-48d9-8920-cdda66422389
[2016.04.14-07.03.49:435][  0]LogAnalytics: [UEEditor.Rocket.Release] AnalyticsET::StartSession
[2016.04.14-07.03.49:443][  0]LogInit: Transaction tracking system initialized
[2016.04.14-07.03.49:465][  0]BlueprintLog: New page: Editor Load
[2016.04.14-07.03.49:538][  0]LocalizationService: Info Localization service is disabled
[2016.04.14-07.03.49:604][  0]LogConsoleResponse:Display: 
[2016.04.14-07.03.49:682][  0]LogCook:Display: Done creating registry. It took  0.00s.
[2016.04.14-07.03.49:725][  0]LogFileCache: Scanning file cache for directory 'E:/Documents/Unreal Projects/KND/Content/' took 0.01s
[2016.04.14-07.03.49:725][  0]SourceControl: Info Source control is disabled
[2016.04.14-07.03.49:726][  0]Cmd: MAP LOAD FILE="../../../Engine/Content/Maps/Templates/Template_Default.umap" TEMPLATE=1 SHOWPROGRESS=1 FEATURELEVEL=3
[2016.04.14-07.03.49:726][  0]LightingResults: New page: Lighting Build
[2016.04.14-07.03.49:728][  0]MapCheck: New page: Map Check
[2016.04.14-07.03.49:728][  0]LightingResults: New page: Lighting Build
[2016.04.14-07.03.49:735][  0]LogParticles: Destroying 0 GPU particle simulations for FXSystem 0x000002D497833420
[2016.04.14-07.03.49:878][  0]LogAIModule: Creating AISystem for world Untitled_1
[2016.04.14-07.03.49:882][  0]LogEditorServer: Finished looking for orphan Actors (0.000 secs)
[2016.04.14-07.03.49:885][  0]Cmd: MAP CHECKDEP NOCLEARLOG
[2016.04.14-07.03.49:935][  0]MapCheck: Info Map check complete: 0 Error(s), 0 Warning(s), took 50.27ms to complete.
[2016.04.14-07.03.49:935][  0]LogFileHelpers: Loading map 'Template_Default' took 0.209
[2016.04.14-07.03.50:016][  0]LogCollectionManager: Loaded 0 collections in 0.001687 seconds
[2016.04.14-07.03.50:052][  0]LogFileCache: Scanning file cache for directory 'E:/Documents/Unreal Projects/KND/Saved/Collections/' took 0.01s
[2016.04.14-07.03.50:052][  0]LogFileCache: Scanning file cache for directory 'E:/Documents/Unreal Projects/KND/Content/Developers/GarrettJohnson/Collections/' took 0.01s
[2016.04.14-07.03.50:052][  0]LogFileCache: Scanning file cache for directory 'E:/Documents/Unreal Projects/KND/Content/Collections/' took 0.01s
[2016.04.14-07.03.50:052][  0]LogCollectionManager: Rebuilt the GUID cache for 0 collections in 0.000001 seconds
[2016.04.14-07.03.50:057][  0]LogContentBrowser: Native class hierarchy populated in 0.0045 seconds. Added 1893 classes and 338 folders.
[2016.04.14-07.03.50:061][  0]LogContentBrowser: Native class hierarchy updated for 'WidgetCarousel' in 0.0002 seconds. Added 0 classes and 0 folders.
[2016.04.14-07.03.50:100][  0]LogContentBrowser: Native class hierarchy updated for 'AddContentDialog' in 0.0002 seconds. Added 0 classes and 0 folders.
[2016.04.14-07.03.50:122][  0]LogContentBrowser: Native class hierarchy updated for 'SceneOutliner' in 0.0002 seconds. Added 1 classes and 2 folders.
[2016.04.14-07.03.50:155][  0]LogCrashTracker: Crashtracker disabled due to settings.
[2016.04.14-07.03.50:160][  0]LogUObjectGlobals:Warning: Failed to find object 'Class None.'
[2016.04.14-07.03.50:182][  0]LogLoad: Full Startup: 4.01 seconds (BP compile: 0.03 seconds)
[2016.04.14-07.03.50:191][  0]LogOcInput: OculusInput is initialized. Init status 0. Runtime version: 0.8.0.0
[2016.04.14-07.03.50:229][  0]LogContentStreaming: Texture pool size now 1000 MB
[2016.04.14-07.03.50:330][  0]LogRenderer: Reallocating scene render targets to support 1240x944 (Frame:2).
[2016.04.14-07.03.50:435][  2]LogAssetRegistry: Asset discovery search completed in 1.5925 seconds
[2016.04.14-07.03.50:435][  2]LogCollectionManager: Rebuilt the object cache for 0 collections in 0.000001 seconds (found 0 objects)
[2016.04.14-07.03.50:435][  2]LogCollectionManager: Fixed up redirectors for 0 collections in 0.000018 seconds (updated 0 objects)
[2016.04.14-07.03.52:778][255]LogLinker:Warning: Asset '../../../../../../Documents/Unreal Projects/KND/Content/TBStrategyGrids/Structs/Vector2i.uasset' has been saved with empty engine version. The asset will be loaded but may be incompatible.
[2016.04.14-07.03.52:783][255]LogLinker:Warning: Asset '../../../../../../Documents/Unreal Projects/KND/Content/TBStrategyGrids/Structs/Fraction.uasset' has been saved with empty engine version. The asset will be loaded but may be incompatible.
[2016.04.14-07.03.52:787][255]LogLinker:Warning: Asset '../../../../../../Documents/Unreal Projects/KND/Content/TBStrategyGrids/Enums/ELineOfSightType.uasset' has been saved with empty engine version. The asset will be loaded but may be incompatible.
[2016.04.14-07.03.52:794][255]LogLinker:Warning: Asset '../../../../../../Documents/Unreal Projects/KND/Content/TBStrategyGrids/Enums/EBoolCondition.uasset' has been saved with empty engine version. The asset will be loaded but may be incompatible.
[2016.04.14-07.03.52:799][255]LogLinker:Warning: Asset '../../../../../../Documents/Unreal Projects/KND/Content/TBStrategyGrids/Structs/StepInfo.uasset' has been saved with empty engine version. The asset will be loaded but may be incompatible.
[2016.04.14-07.03.52:800][255]LogClass:Warning: UUserDefinedStructEditorData::RecreateDefaultInstance Cannot parse value. Property: From Dir String: "NewEnumerator5"  Struct: /Game/TBStrategyGrids/Structs/StepInfo.StepInfo 
[2016.04.14-07.03.52:928][255]LogLinker:Warning: Asset '../../../../../../Documents/Unreal Projects/KND/Content/TBStrategyGrids/Materials/M_SimpleOpaque.uasset' has been saved with empty engine version. The asset will be loaded but may be incompatible.
[2016.04.14-07.03.53:903][255]LogBlueprint:Warning: [CptOrrin] CreatePinForVariable: 'X' variable not found. Base class was probably changed.
[2016.04.14-07.03.53:903][255]LogBlueprint:Warning: [CptOrrin] CreatePinForVariable: 'X' variable not found. Base class was probably changed.
[2016.04.14-07.03.53:903][255]LogBlueprint:Warning: [CptOrrin] CreatePinForVariable: 'Y' variable not found. Base class was probably changed.
[2016.04.14-07.03.53:903][255]LogBlueprint:Warning: [CptOrrin] CreatePinForVariable: 'Y' variable not found. Base class was probably changed.
[2016.04.14-07.03.53:903][255]LogBlueprint:Warning: [CptOrrin] CreatePinForVariable: 'HeadGroup' variable not found. Base class was probably changed.
[2016.04.14-07.03.53:905][255]LogBlueprint:Warning: [compiler CptOrrin] Warning CreatePinForVariable: 'Timeline_0_HeadRotation_FD88C81F43DCCA3220DC679FEC6BCBA0' variable not found. Base class was probably changed.
[2016.04.14-07.03.53:905][255]LogBlueprint:Error: [compiler CptOrrin] Error ExpandForPin error, no property found for  Head Rotation 
[2016.04.14-07.03.53:905][255]LogBlueprint:Warning: [compiler CptOrrin] Warning Could not find a variable named "HeadGroup" in 'CptOrrin_C'.
Make sure 'CptOrrin_C' has been compiled for  Get HeadGroup 
[2016.04.14-07.03.53:905][255]LogBlueprint:Warning: [compiler CptOrrin] Warning Could not find a variable named "Timeline_0_HeadRotation_FD88C81F43DCCA3220DC679FEC6BCBA0" in 'CptOrrin_C'.
Make sure 'CptOrrin_C' has been compiled for  Timeline_0 
[2016.04.14-07.03.53:905][255]LogBlueprint:Warning: [compiler CptOrrin] Warning Could not find a variable named "X" in 'CptOrrin_C'.
Make sure 'CptOrrin_C' has been compiled for  Get X 
[2016.04.14-07.03.53:905][255]LogBlueprint:Warning: [compiler CptOrrin] Warning Could not find a variable named "Y" in 'CptOrrin_C'.
Make sure 'CptOrrin_C' has been compiled for  Get Y 
[2016.04.14-07.03.53:906][255]LogBlueprint:Warning: [compiler CptOrrin] Warning Could not find a variable named "X" in 'CptOrrin_C'.
Make sure 'CptOrrin_C' has been compiled for  Get X 
[2016.04.14-07.03.53:906][255]LogBlueprint:Warning: [compiler CptOrrin] Warning Could not find a variable named "Y" in 'CptOrrin_C'.
Make sure 'CptOrrin_C' has been compiled for  Get Y 
[2016.04.14-07.03.53:906][255]LogBlueprint:Error: [compiler CptOrrin] Error The property associated with  Head Group  could not be found
[2016.04.14-07.03.53:907][255]LogBlueprint:Error: [compiler CptOrrin] Error The property associated with  Y  could not be found
[2016.04.14-07.03.53:907][255]LogBlueprint:Error: [compiler CptOrrin] Error The property associated with  X  could not be found
[2016.04.14-07.03.53:907][255]LogBlueprint:Error: [compiler CptOrrin] Error The property associated with  Y  could not be found
[2016.04.14-07.03.53:907][255]LogBlueprint:Error: [compiler CptOrrin] Error The property associated with  X  could not be found
[2016.04.14-07.03.53:910][255]LogBlueprint:Warning: [compiler CptOrrin] Warning [0007.74] Compile of CptOrrin failed. 6 Fatal Issue(s) 7 Warning(s) [in 6 ms]
[2016.04.14-07.03.53:910][255]LogBlueprint:Warning: [compiler CptOrrin] Warning [0007.74] Compile of CptOrrin failed. 6 Fatal Issue(s) 8 Warning(s) [in 0 ms]
[2016.04.14-07.03.53:910][255]LogBlueprint:Warning: [compiler CptOrrin] Warning [0007.74] Compile of CptOrrin failed. 6 Fatal Issue(s) 9 Warning(s) [in 0 ms]
[2016.04.14-07.03.53:913][255]LogBlueprint:Warning: [compiler CptOrrin] Warning CreatePinForVariable: 'Timeline_0_HeadRotation_FD88C81F43DCCA3220DC679FEC6BCBA0' variable not found. Base class was probably changed.
[2016.04.14-07.03.53:913][255]LogBlueprint:Error: [compiler CptOrrin] Error ExpandForPin error, no property found for  Head Rotation 
[2016.04.14-07.03.53:914][255]LogBlueprint:Warning: [compiler CptOrrin] Warning Could not find a variable named "HeadGroup" in 'CptOrrin_C'.
Make sure 'CptOrrin_C' has been compiled for  Get HeadGroup 
[2016.04.14-07.03.53:914][255]LogBlueprint:Warning: [compiler CptOrrin] Warning Could not find a variable named "Timeline_0_HeadRotation_FD88C81F43DCCA3220DC679FEC6BCBA0" in 'CptOrrin_C'.
Make sure 'CptOrrin_C' has been compiled for  Timeline_0 
[2016.04.14-07.03.53:915][255]LogBlueprint:Warning: [compiler CptOrrin] Warning Could not find a variable named "X" in 'CptOrrin_C'.
Make sure 'CptOrrin_C' has been compiled for  Get X 
[2016.04.14-07.03.53:915][255]LogBlueprint:Warning: [compiler CptOrrin] Warning Could not find a variable named "Y" in 'CptOrrin_C'.
Make sure 'CptOrrin_C' has been compiled for  Get Y 
[2016.04.14-07.03.53:915][255]LogBlueprint:Warning: [compiler CptOrrin] Warning Could not find a variable named "X" in 'CptOrrin_C'.
Make sure 'CptOrrin_C' has been compiled for  Get X 
[2016.04.14-07.03.53:915][255]LogBlueprint:Warning: [compiler CptOrrin] Warning Could not find a variable named "Y" in 'CptOrrin_C'.
Make sure 'CptOrrin_C' has been compiled for  Get Y 
[2016.04.14-07.03.53:916][255]LogBlueprint:Error: [compiler CptOrrin] Error The property associated with  Head Group  could not be found
[2016.04.14-07.03.53:916][255]LogBlueprint:Error: [compiler CptOrrin] Error The property associated with  Y  could not be found
[2016.04.14-07.03.53:916][255]LogBlueprint:Error: [compiler CptOrrin] Error The property associated with  X  could not be found
[2016.04.14-07.03.53:916][255]LogBlueprint:Error: [compiler CptOrrin] Error The property associated with  Y  could not be found
[2016.04.14-07.03.53:916][255]LogBlueprint:Error: [compiler CptOrrin] Error The property associated with  X  could not be found
[2016.04.14-07.03.53:920][255]LogBlueprint:Warning: [compiler CptOrrin] Warning [0007.75] Compile of CptOrrin failed. 6 Fatal Issue(s) 7 Warning(s) [in 8 ms]
[2016.04.14-07.03.53:920][255]LogBlueprint:Warning: [compiler CptOrrin] Warning [0007.75] Compile of CptOrrin failed. 6 Fatal Issue(s) 8 Warning(s) [in 0 ms]
[2016.04.14-07.03.53:920][255]LogBlueprint:Warning: [compiler CptOrrin] Warning [0007.75] Compile of CptOrrin failed. 6 Fatal Issue(s) 9 Warning(s) [in 0 ms]
[2016.04.14-07.03.54:239][255]LogLinker:Warning: Asset '../../../Engine/Content/ArtTools/RenderToTexture/Macros/RenderToTextureMacros.uasset' has been saved with empty engine version. The asset will be loaded but may be incompatible.
[2016.04.14-07.03.54:491][255]LogContentBrowser: Native class hierarchy updated for 'BlueprintGraph' in 0.0007 seconds. Added 107 classes and 0 folders.
[2016.04.14-07.03.54:747][255]LogLinker:Warning: Asset '../../../../../../Documents/Unreal Projects/KND/Content/TBStrategyGrids/Meshes/Shape_Cube.uasset' has been saved with empty engine version. The asset will be loaded but may be incompatible.
[2016.04.14-07.03.54:748][255]LogLinker:Warning: Asset '../../../../../../Documents/Unreal Projects/KND/Content/TBStrategyGrids/Meshes/Shape_Cylinder.uasset' has been saved with empty engine version. The asset will be loaded but may be incompatible.
[2016.04.14-07.04.13:817][500]BlueprintLog: New page: Compile CptOrrin
[2016.04.14-07.04.13:986][500]BlueprintEditorCompileResults: Info [0027.82] Compile of CptOrrin successful! [in 168 ms]
[2016.04.14-07.04.15:105][631]Cmd: OBJ SAVEPACKAGE PACKAGE="/Game/CptOrrin" FILE="../../../../../../Documents/Unreal Projects/KND/Content/CptOrrin.uasset" SILENT=true
[2016.04.14-07.04.15:127][631]LogSavePackage: Save=13.413223ms
[2016.04.14-07.04.15:127][631]LogSavePackage: Moving '../../../../../../Documents/Unreal Projects/KND/Saved/CptOrrin30CAE6D744AC5D3E70F5DE83CD264B0C.tmp' to '../../../../../../Documents/Unreal Projects/KND/Content/CptOrrin.uasset'
[2016.04.14-07.04.15:129][631]LogSavePackage: Total save time: 23.001771ms
[2016.04.14-07.04.15:129][631]LogSavePackage:Display: Finished SavePackage ../../../../../../Documents/Unreal Projects/KND/Content/CptOrrin.uasset
[2016.04.14-07.04.27:941][644]LogLinker:Warning: Asset '../../../../../../Documents/Unreal Projects/KND/Content/TBStrategyGrids/Materials/M_SimpleTranslucent.uasset' has been saved with empty engine version. The asset will be loaded but may be incompatible.
[2016.04.14-07.04.28:489][644]LogAIModule: Creating AISystem for world Level_1_InProgress
[2016.04.14-07.04.28:782][644]Cmd: MAP LOAD FILE="../../../../../../Documents/Unreal Projects/KND/Content/Level_1_InProgress.umap" TEMPLATE=0 SHOWPROGRESS=1 FEATURELEVEL=3
[2016.04.14-07.04.28:782][644]LightingResults: New page: Lighting Build
[2016.04.14-07.04.28:810][644]LoadErrors: New page: Loading map: Level_1_InProgress.umap
[2016.04.14-07.04.28:810][644]MapCheck: New page: Map Check
[2016.04.14-07.04.28:810][644]LightingResults: New page: Lighting Build
[2016.04.14-07.04.28:830][644]LogParticles: Destroying 0 GPU particle simulations for FXSystem 0x000002D497C731A0
[2016.04.14-07.04.28:831][644]LogParticles: Destroying 0 GPU particle simulations for FXSystem 0x000002D4C53B54E0
[2016.04.14-07.04.29:151][644]LogEditorServer: Finished looking for orphan Actors (0.000 secs)
[2016.04.14-07.04.29:167][644]Cmd: MAP CHECKDEP NOCLEARLOG
[2016.04.14-07.04.29:236][644]MapCheck: Info Map check complete: 0 Error(s), 0 Warning(s), took 69.382ms to complete.
[2016.04.14-07.04.29:236][644]LogFileHelpers: Loading map 'Level_1_InProgress' took 0.455
[2016.04.14-07.06.51:216][583]LogEditorViewport: Clicking on Actor (LMB): CptOrrin_C (CptOrrin)
[2016.04.14-07.07.22:003][172]LogEditorViewport: Clicking on Actor (LMB): ExampleCharacter_Tank_C (ExampleCharacter_Tank)
[2016.04.14-07.07.28:910][989]LogEditorViewport: Clicking on Actor (LMB): CptOrrin_C (CptOrrin)
[2016.04.14-07.07.40:133][318]LogEditorViewport: Clicking on Actor (LMB): CptOrrin_C (CptOrrin)
[2016.04.14-07.10.07:892][950]LogEditorViewport: Clicking on Actor (LMB): CptOrrin_C (CptOrrin)
[2016.04.14-07.10.09:354][117]LogEditorViewport: Clicking on Actor (context menu): CptOrrin_C (CptOrrin)
[2016.04.14-07.10.28:358][338]LogEditorTransaction: Undo Create Pin Link
[2016.04.14-07.10.28:609][366]LogEditorTransaction: Undo Move Node
[2016.04.14-07.10.28:826][379]LogEditorTransaction: Undo Move Node
[2016.04.14-07.10.29:475][455]LogEditorTransaction: Undo Add Node
[2016.04.14-07.10.32:413][807]BlueprintLog: New page: Compile Level_1_InProgress
[2016.04.14-07.10.32:473][807]BlueprintEditorCompileResults: Info [0406.30] Compile of Level_1_InProgress successful! [in 58 ms]
[2016.04.14-07.10.35:588][167]Cmd: OBJ SAVEPACKAGE PACKAGE="/Game/Level_1_InProgress" FILE="../../../../../../Documents/Unreal Projects/KND/Content/Level_1_InProgress.umap" SILENT=true AUTOSAVING=false KEEPDIRTY=false
[2016.04.14-07.10.36:318][167]LogSavePackage: Save=698.641785ms
[2016.04.14-07.10.36:318][167]LogSavePackage: Moving '../../../../../../Documents/Unreal Projects/KND/Saved/Level_1_InProgress9E5A185C4C041E137FD5ED9C19B91726.tmp' to '../../../../../../Documents/Unreal Projects/KND/Content/Level_1_InProgress.umap'
[2016.04.14-07.10.36:320][167]LogSavePackage: Total save time: 704.678204ms
[2016.04.14-07.10.36:320][167]LogSavePackage:Display: Finished SavePackage ../../../../../../Documents/Unreal Projects/KND/Content/Level_1_InProgress.umap
[2016.04.14-07.10.36:346][167]LogFileHelpers: Saving map 'Level_1_InProgress' took 0.838
[2016.04.14-07.16.17:640][118]LogActorComponent: UnregisterComponent: (/Engine/Transient.EditorFloorComp) Not registered. Aborting.
[2016.04.14-08.31.30:533][581]LogBlueprintUserMessages: Early PlayInEditor Detection: Level '/Game/Level_1_InProgress.Level_1_InProgress:PersistentLevel' has LevelScriptBlueprint '/Game/Level_1_InProgress.Level_1_InProgress:PersistentLevel.Level_1_InProgress' with GeneratedClass '/Game/Level_1_InProgress.Level_1_InProgress_C' with ClassGeneratedBy '/Game/Level_1_InProgress.Level_1_InProgress:PersistentLevel.Level_1_InProgress'
[2016.04.14-08.31.30:533][581]LogPlayLevel: PlayLevel: No blueprints needed recompiling
[2016.04.14-08.31.30:533][581]PIE: New page: PIE session: Level_1_InProgress (Apr 13, 2016, 10:31:30 PM)
[2016.04.14-08.31.30:534][581]LogPlayLevel: Creating play world package: /Game/UEDPIE_0_Level_1_InProgress
[2016.04.14-08.31.30:540][581]LogPlayLevel: PIE: StaticDuplicateObject took: (0.006478s)
[2016.04.14-08.31.30:541][581]LogAIModule: Creating AISystem for world Level_1_InProgress
[2016.04.14-08.31.30:541][581]LogPlayLevel: PIE: World Init took: (0.000951s)
[2016.04.14-08.31.30:541][581]LogPlayLevel: PIE: Created PIE world by copying editor world from /Game/Level_1_InProgress.Level_1_InProgress to /Game/UEDPIE_0_Level_1_InProgress.Level_1_InProgress (0.007756s)
[2016.04.14-08.31.30:569][581]LogParticles: Destroying 0 GPU particle simulations for FXSystem 0x000002D4CA65AFC0
[2016.04.14-08.31.30:611][581]LogInit: XAudio2 using 'Speakers (Realtek High Definition Audio)' : 2 channels at 48 kHz using 32 bits per sample (channel mask 0x3)
[2016.04.14-08.31.30:655][581]LogInit: FAudioDevice initialized.
[2016.04.14-08.31.30:969][581]LogWorld: Game class is 'ExampleGameMode_C'
[2016.04.14-08.31.30:971][581]LogWorld: Bringing World /Game/UEDPIE_0_Level_1_InProgress.Level_1_InProgress up for play (max tick rate 0) at 2016.04.14-03.31.30
[2016.04.14-08.31.30:971][581]LogActor:Warning: GameSession /Game/UEDPIE_0_Level_1_InProgress.Level_1_InProgress:PersistentLevel.GameSession_0 has natively added scene component(s), but none of them were set as the actor's RootComponent - picking one arbitrarily
[2016.04.14-08.31.30:971][581]LogActor:Warning: GameNetworkManager /Game/UEDPIE_0_Level_1_InProgress.Level_1_InProgress:PersistentLevel.GameNetworkManager_0 has natively added scene component(s), but none of them were set as the actor's RootComponent - picking one arbitrarily
[2016.04.14-08.31.31:052][581]LogWorld: Bringing up level for play took: 0.081889
[2016.04.14-08.31.31:052][581]LogPathFollowing:Warning: No NavigationData found while trying to cache it for AIController_0's PathFollowingComponent
[2016.04.14-08.31.31:077][581]PIE: Info Play in editor start time for /Game/UEDPIE_0_Level_1_InProgress -0.13
[2016.04.14-08.31.31:077][581]LogBlueprintUserMessages: Late PlayInEditor Detection: Level '/Game/Level_1_InProgress.Level_1_InProgress:PersistentLevel' has LevelScriptBlueprint '/Game/Level_1_InProgress.Level_1_InProgress:PersistentLevel.Level_1_InProgress' with GeneratedClass '/Game/Level_1_InProgress.Level_1_InProgress_C' with ClassGeneratedBy '/Game/Level_1_InProgress.Level_1_InProgress:PersistentLevel.Level_1_InProgress'
[2016.04.14-08.31.54:723][384]LogBlueprintUserMessages: Early EndPlayMap Detection: Level '/Game/Level_1_InProgress.Level_1_InProgress:PersistentLevel' has LevelScriptBlueprint '/Game/Level_1_InProgress.Level_1_InProgress:PersistentLevel.Level_1_InProgress' with GeneratedClass '/Game/Level_1_InProgress.Level_1_InProgress_C' with ClassGeneratedBy '/Game/Level_1_InProgress.Level_1_InProgress:PersistentLevel.Level_1_InProgress'
[2016.04.14-08.31.54:790][384]LogBlueprintUserMessages: Late EndPlayMap Detection: Level '/Game/Level_1_InProgress.Level_1_InProgress:PersistentLevel' has LevelScriptBlueprint '/Game/Level_1_InProgress.Level_1_InProgress:PersistentLevel.Level_1_InProgress' with GeneratedClass '/Game/Level_1_InProgress.Level_1_InProgress_C' with ClassGeneratedBy '/Game/Level_1_InProgress.Level_1_InProgress:PersistentLevel.Level_1_InProgress'
[2016.04.14-08.31.54:811][384]LogParticles: Destroying 0 GPU particle simulations for FXSystem 0x000002D4C2CD0900
[2016.04.14-08.36.52:964][863]Cmd: OBJ SAVEPACKAGE PACKAGE="/Game/Level_1_InProgress" FILE="../../../../../../Documents/Unreal Projects/KND/Content/Level_1_InProgress.umap" SILENT=true AUTOSAVING=false KEEPDIRTY=false
[2016.04.14-08.36.53:077][863]LogSavePackage: Save=84.813972ms
[2016.04.14-08.36.53:077][863]LogSavePackage: Moving '../../../../../../Documents/Unreal Projects/KND/Saved/Level_1_InProgressC4DE8CE7462BCD48FBBC59BFF1E3D794.tmp' to '../../../../../../Documents/Unreal Projects/KND/Content/Level_1_InProgress.umap'
[2016.04.14-08.36.53:080][863]LogSavePackage: Total save time: 92.161167ms
[2016.04.14-08.36.53:080][863]LogSavePackage:Display: Finished SavePackage ../../../../../../Documents/Unreal Projects/KND/Content/Level_1_InProgress.umap
[2016.04.14-08.36.53:099][863]LogFileHelpers: Saving map 'Level_1_InProgress' took 0.214
[2016.04.14-08.36.53:115][863]LogSavePackage: Save=4.616968ms
[2016.04.14-08.36.53:115][863]LogSaveP