[2016.05.05-03.05.32:406][  0]Log file open, 05/04/16 22:05:32
[2016.05.05-03.05.32:406][  0]LogInit:Display: Running engine for game: KND
[2016.05.05-03.05.32:406][  0]LogPlatformFile: Not using cached read wrapper
[2016.05.05-03.05.32:406][  0]LogInit:Display: RandInit(1741984504) SRandInit(1741984505).
[2016.05.05-03.05.32:406][  0]LogTaskGraph: Started task graph with 4 named threads and 7 total threads.
[2016.05.05-03.05.32:406][  0]LogStats: Stats thread started at 0.066504
[2016.05.05-03.05.32:406][  0]LogInit: Version: 4.10.4-2872498+++depot+UE4-Releases+4.10
[2016.05.05-03.05.32:406][  0]LogInit: API Version: 2758231
[2016.05.05-03.05.32:406][  0]LogInit: Compiled (64-bit): Feb 18 2016 15:47:04
[2016.05.05-03.05.32:406][  0]LogInit: Compiled with Visual C++: 19.00.23026.00
[2016.05.05-03.05.32:406][  0]LogInit: Build Configuration: Development
[2016.05.05-03.05.32:406][  0]LogInit: Branch Name: ++depot+UE4-Releases+4.10
[2016.05.05-03.05.32:406][  0]LogInit: Command line:  
[2016.05.05-03.05.32:406][  0]LogInit: Base directory: E:/Program Files (x86)/Epic Games/4.10/Engine/Binaries/Win64/
[2016.05.05-03.05.32:406][  0]LogInit: Rocket: 1
[2016.05.05-03.05.32:411][  0]LogInit: Using libcurl 7.41.0
[2016.05.05-03.05.32:411][  0]LogInit:  - built for x86_64-pc-win32
[2016.05.05-03.05.32:411][  0]LogInit:  - supports SSL with WinSSL
[2016.05.05-03.05.32:411][  0]LogInit:  - other features:
[2016.05.05-03.05.32:411][  0]LogInit:      CURL_VERSION_SSL
[2016.05.05-03.05.32:411][  0]LogInit:      CURL_VERSION_IPV6
[2016.05.05-03.05.32:411][  0]LogInit:      CURL_VERSION_ASYNCHDNS
[2016.05.05-03.05.32:411][  0]LogInit:      CURL_VERSION_LARGEFILE
[2016.05.05-03.05.32:411][  0]LogInit:      CURL_VERSION_IDN
[2016.05.05-03.05.32:411][  0]LogInit:  CurlRequestOptions (configurable via config and command line):
[2016.05.05-03.05.32:411][  0]LogInit:  - bVerifyPeer = true  - Libcurl will verify peer certificate
[2016.05.05-03.05.32:411][  0]LogInit:  - bUseHttpProxy = false  - Libcurl will NOT use HTTP proxy
[2016.05.05-03.05.32:411][  0]LogInit:  - bDontReuseConnections = false  - Libcurl will reuse connections
[2016.05.05-03.05.32:411][  0]LogInit:  - CertBundlePath = nullptr  - Libcurl will use whatever was configured at build time.
[2016.05.05-03.05.32:417][  0]LogInit: Presizing for 0 objects not considered by GC, pre-allocating 0 bytes.
[2016.05.05-03.05.32:421][  0]LogInit: Object subsystem initialized
[2016.05.05-03.05.32:421][  0]LogInit: Selected Device Profile: [Windows]
[2016.05.05-03.05.32:421][  0]LogInit: Applying CVar settings loaded from the selected device profile: [Windows]
[2016.05.05-03.05.32:427][  0]LogInit: Computer: RAGNOROK
[2016.05.05-03.05.32:427][  0]LogInit: User: GarrettJohnson
[2016.05.05-03.05.32:427][  0]LogInit: CPU Page size=4096, Cores=4
[2016.05.05-03.05.32:427][  0]LogInit: High frequency timer resolution =3.984652 MHz
[2016.05.05-03.05.32:427][  0]LogMemory: Memory total: Physical=15.9GB (16GB approx)
[2016.05.05-03.05.32:427][  0]LogMemory: Platform Memory Stats for Windows
[2016.05.05-03.05.32:427][  0]LogMemory: Process Physical Memory: 57.11 MB used, 57.11 MB peak
[2016.05.05-03.05.32:427][  0]LogMemory: Process Virtual Memory: 56.86 MB used, 56.86 MB peak
[2016.05.05-03.05.32:427][  0]LogMemory: Physical Memory: 9864.93 MB used, 16325.72 MB total
[2016.05.05-03.05.32:427][  0]LogMemory: Virtual Memory: 382.86 MB used, 134217728.00 MB total
[2016.05.05-03.05.32:458][  0]LogTextLocalizationManager: No specific translations for ('en-US') exist, so ('en') translations will be used.
[2016.05.05-03.05.32:774][  0]LogD3D11RHI: Found D3D11 adapter 0: AMD Radeon (TM) R9 Fury Series (Feature Level 11_0)
[2016.05.05-03.05.32:774][  0]LogD3D11RHI: Adapter has 4074MB of dedicated video memory, 0MB of dedicated system memory, and 8162MB of shared system memory, 3 output[s]
[2016.05.05-03.05.32:775][  0]LogD3D11RHI: Found D3D11 adapter 1: Microsoft Basic Render Driver (Feature Level 11_0)
[2016.05.05-03.05.32:776][  0]LogD3D11RHI: Adapter has 0MB of dedicated video memory, 0MB of dedicated system memory, and 8162MB of shared system memory, 0 output[s]
[2016.05.05-03.05.32:776][  0]LogD3D11RHI: Chosen D3D11 Adapter Id = 0
[2016.05.05-03.05.32:781][  0]LogD3D11RHI: !Direct3DDevice
[2016.05.05-03.05.32:781][  0]LogRHI: Texture pool is 1361 MB (70% of 1945 MB)
[2016.05.05-03.05.32:791][  0]LogD3D11RHI: Async texture creation disabled: no driver support
[2016.05.05-03.05.32:800][  0]LogShaderCompilers: Guid format shader working directory is -10 characters bigger than the processId version (../../../../../../Documents/Unreal Projects/Know_No_Demons/Intermediate/Shaders/WorkingDirectory/14048/).
[2016.05.05-03.05.32:800][  0]LogShaderCompilers: Cleaned the shader compiler working directory 'C:/Users/GARRET~1/AppData/Local/Temp/UnrealShaderWorkingDir/FDC9EE774A69916C4CA7E3921034F7BA/'.
[2016.05.05-03.05.32:800][  0]LogShaderCompilers:Display: Using Local Shader Compiler.
[2016.05.05-03.05.33:374][  0]LogTemp:Display: Loaded TP AllDesktopTargetPlatform
[2016.05.05-03.05.33:379][  0]LogTemp:Display: Loaded TP WindowsClientTargetPlatform
[2016.05.05-03.05.33:384][  0]LogTemp:Display: Loaded TP WindowsNoEditorTargetPlatform
[2016.05.05-03.05.33:389][  0]LogTemp:Display: Loaded TP WindowsServerTargetPlatform
[2016.05.05-03.05.33:393][  0]LogTemp:Display: Loaded TP WindowsTargetPlatform
[2016.05.05-03.05.33:396][  0]LogTemp:Display: Loaded TP AndroidTargetPlatform
[2016.05.05-03.05.33:398][  0]LogTemp:Display: Loaded TP Android_ASTCTargetPlatform
[2016.05.05-03.05.33:402][  0]LogTemp:Display: Loaded TP Android_ATCTargetPlatform
[2016.05.05-03.05.33:404][  0]LogTemp:Display: Loaded TP Android_DXTTargetPlatform
[2016.05.05-03.05.33:407][  0]LogTemp:Display: Loaded TP Android_ETC1TargetPlatform
[2016.05.05-03.05.33:410][  0]LogTemp:Display: Loaded TP Android_ETC2TargetPlatform
[2016.05.05-03.05.33:415][  0]LogTemp:Display: Loaded TP Android_MultiTargetPlatform
[2016.05.05-03.05.33:415][  0]LogTemp:Display: Loaded TP Android_PVRTCTargetPlatform
[2016.05.05-03.05.33:416][  0]LogTemp:Display: Loaded TP HTML5TargetPlatform
[2016.05.05-03.05.33:431][  0]LogTemp:Display: Loaded TP IOSTargetPlatform
[2016.05.05-03.05.33:434][  0]LogTemp:Display: Loaded TP LinuxNoEditorTargetPlatform
[2016.05.05-03.05.33:437][  0]LogTemp:Display: Loaded TP LinuxServerTargetPlatform
[2016.05.05-03.05.33:440][  0]LogTemp:Display: Loaded TP LinuxTargetPlatform
[2016.05.05-03.05.33:440][  0]LogTargetPlatformManager:Display: Building Assets For Windows
[2016.05.05-03.05.33:505][  0]LogDerivedDataCache:Display: Max Cache Size: 512 MB
[2016.05.05-03.05.33:539][  0]LogDerivedDataCache: Loaded boot cache 0.03s 41MB C:/Users/Garrett Johnson/AppData/Local/UnrealEngine/4.10/DerivedDataCache/Boot.ddc.
[2016.05.05-03.05.33:539][  0]LogDerivedDataCache:Display: Loaded Boot cache: C:/Users/Garrett Johnson/AppData/Local/UnrealEngine/4.10/DerivedDataCache/Boot.ddc
[2016.05.05-03.05.33:539][  0]LogDerivedDataCache: FDerivedDataBackendGraph:  Pak pak cache file ../../../../../../Documents/Unreal Projects/Know_No_Demons/DerivedDataCache/DDC.ddp not found, will not use a pak cache.
[2016.05.05-03.05.33:539][  0]LogDerivedDataCache: Unable to find inner node Pak for hierarchical cache Hierarchy.
[2016.05.05-03.05.33:539][  0]LogDerivedDataCache: FDerivedDataBackendGraph:  CompressedPak pak cache file ../../../../../../Documents/Unreal Projects/Know_No_Demons/DerivedDataCache/Compressed.ddp not found, will not use a pak cache.
[2016.05.05-03.05.33:539][  0]LogDerivedDataCache: Unable to find inner node CompressedPak for hierarchical cache Hierarchy.
[2016.05.05-03.05.33:580][  0]LogDerivedDataCache:Display: Pak cache opened for reading ../../../Engine/DerivedDataCache/Compressed.ddp.
[2016.05.05-03.05.33:592][  0]LogDerivedDataCache: Using Local data cache path C:/Users/Garrett Johnson/AppData/Local/UnrealEngine/Common/DerivedDataCache: Writable
[2016.05.05-03.05.33:733][  0]LogInit: Selected Device Profile: [Windows]
[2016.05.05-03.05.33:734][  0]LogContentStreaming: Texture pool size is 0.000000MB
[2016.05.05-03.05.33:814][  0]LogMeshUtilities: No automatic mesh reduction module available
[2016.05.05-03.05.33:814][  0]LogMeshUtilities: No automatic mesh merging module available
[2016.05.05-03.05.34:011][  0]LogInit: WinSock: version 1.1 (2.2), MaxSocks=32767, MaxUdp=65467
[2016.05.05-03.05.34:701][  0]UdpMessaging: Initializing bridge on interface 0.0.0.0:0 to multicast group 230.0.0.1:6666.
[2016.05.05-03.05.34:790][  0]LogAssetRegistry: FAssetRegistry took 0.0109 seconds to start up
[2016.05.05-03.05.34:920][  0]SourceControl: Info Source control is disabled
[2016.05.05-03.05.34:965][  0]SourceControl: Info Source control is disabled
[2016.05.05-03.05.34:976][  0]SourceControl: Info Source control is disabled
[2016.05.05-03.05.34:983][  0]SourceControl: Info Source control is disabled
[2016.05.05-03.05.35:161][  0]LogObj: 28633 objects as part of root set at end of initial load.
[2016.05.05-03.05.35:161][  0]LogUObjectAllocator: 6099752 out of 0 bytes used by permanent object pool.
[2016.05.05-03.05.35:205][  0]LogEngine: Initializing Engine...
[2016.05.05-03.05.35:207][  0]LogHMD: Can't find Oculus library dev build: is proper Runtime installed? Version: 0.8.0.0
[2016.05.05-03.05.35:258][  0]LogHMD: SteamVR initialized.  Driver: oculus  Display: WMHD302F40090M
[2016.05.05-03.05.35:345][  0]LogAIModule: Creating AISystem for world NewWorld
[2016.05.05-03.05.35:368][  0]LogInit: XAudio2 using 'Speakers (Realtek High Definition Audio)' : 2 channels at 48 kHz using 32 bits per sample (channel mask 0x3)
[2016.05.05-03.05.35:414][  0]LogInit: FAudioDevice initialized.
[2016.05.05-03.05.35:433][  0]LogDerivedDataCache: Saved boot cache 0.02s 41MB C:/Users/Garrett Johnson/AppData/Local/UnrealEngine/4.10/DerivedDataCache/Boot.ddc.
[2016.05.05-03.05.35:437][  0]LogInit: Texture streaming: Enabled
[2016.05.05-03.05.35:441][  0]LogAnalytics: Creating configured Analytics provider AnalyticsET
[2016.05.05-03.05.35:441][  0]LogAnalytics: [UEEditor.Rocket.Release] APIServer = http://et2.epicgames.com/ET2/. AppVersion = 4.10.4-2872498+++depot+UE4-Releases+4.10
[2016.05.05-03.05.35:441][  0]LogAnalytics: [UEEditor.Rocket.Release] SetUserId 1100b9ee46e2597b617ec6b6f167f1df|59edfd7a1e024ba5bc5c7666785a6599|ad4dcf7c-55ae-48d9-8920-cdda66422389
[2016.05.05-03.05.35:441][  0]LogAnalytics: [UEEditor.Rocket.Release] AnalyticsET::StartSession
[2016.05.05-03.05.35:450][  0]LogInit: Transaction tracking system initialized
[2016.05.05-03.05.35:474][  0]BlueprintLog: New page: Editor Load
[2016.05.05-03.05.35:548][  0]LocalizationService: Info Localization service is disabled
[2016.05.05-03.05.35:611][  0]LogConsoleResponse:Display: 
[2016.05.05-03.05.35:690][  0]LogCook:Display: Done creating registry. It took  0.00s.
[2016.05.05-03.05.35:732][  0]LogFileCache: Scanning file cache for directory 'E:/Documents/Unreal Projects/Know_No_Demons/Content/' took 0.01s
[2016.05.05-03.05.35:732][  0]SourceControl: Info Source control is disabled
[2016.05.05-03.05.35:732][  0]Cmd: MAP LOAD FILE="../../../../../../Documents/Unreal Projects/Know_No_Demons/Content/Maps/Main.umap" TEMPLATE=0 SHOWPROGRESS=1 FEATURELEVEL=3
[2016.05.05-03.05.35:732][  0]LightingResults: New page: Lighting Build
[2016.05.05-03.05.35:734][  0]MapCheck: New page: Map Check
[2016.05.05-03.05.35:734][  0]LightingResults: New page: Lighting Build
[2016.05.05-03.05.35:742][  0]LogParticles: Destroying 0 GPU particle simulations for FXSystem 0x0000019F14C63420
[2016.05.05-03.05.35:786][  0]LogAIModule: Creating AISystem for world Main
[2016.05.05-03.05.35:787][  0]LogEditorServer: Finished looking for orphan Actors (0.000 secs)
[2016.05.05-03.05.35:787][  0]Cmd: MAP CHECKDEP NOCLEARLOG
[2016.05.05-03.05.35:833][  0]MapCheck: Info Map check complete: 0 Error(s), 0 Warning(s), took 46.418ms to complete.
[2016.05.05-03.05.35:833][  0]LogFileHelpers: Loading map 'Main' took 0.102
[2016.05.05-03.05.35:967][  0]LogCollectionManager: Loaded 0 collections in 0.001856 seconds
[2016.05.05-03.05.36:029][  0]LogFileCache: Scanning file cache for directory 'E:/Documents/Unreal Projects/Know_No_Demons/Saved/Collections/' took 0.01s
[2016.05.05-03.05.36:029][  0]LogFileCache: Scanning file cache for directory 'E:/Documents/Unreal Projects/Know_No_Demons/Content/Developers/GarrettJohnson/Collections/' took 0.01s
[2016.05.05-03.05.36:029][  0]LogFileCache: Scanning file cache for directory 'E:/Documents/Unreal Projects/Know_No_Demons/Content/Collections/' took 0.01s
[2016.05.05-03.05.36:029][  0]LogCollectionManager: Rebuilt the GUID cache for 0 collections in 0.000001 seconds
[2016.05.05-03.05.36:034][  0]LogContentBrowser: Native class hierarchy populated in 0.0047 seconds. Added 1893 classes and 338 folders.
[2016.05.05-03.05.36:038][  0]LogContentBrowser: Native class hierarchy updated for 'WidgetCarousel' in 0.0002 seconds. Added 0 classes and 0 folders.
[2016.05.05-03.05.36:074][  0]LogContentBrowser: Native class hierarchy updated for 'AddContentDialog' in 0.0002 seconds. Added 0 classes and 0 folders.
[2016.05.05-03.05.36:097][  0]LogContentBrowser: Native class hierarchy updated for 'SceneOutliner' in 0.0002 seconds. Added 1 classes and 2 folders.
[2016.05.05-03.05.36:128][  0]LogCrashTracker: Crashtracker disabled due to settings.
[2016.05.05-03.05.36:132][  0]LogUObjectGlobals:Warning: Failed to find object 'Class None.'
[2016.05.05-03.05.36:154][  0]LogLoad: Full Startup: 4.28 seconds (BP compile: 0.02 seconds)
[2016.05.05-03.05.36:164][  0]LogOcInput: Can't find Oculus library dev build: is proper Runtime installed? Version: 0.8.0.0
[2016.05.05-03.05.36:198][  0]LogContentStreaming: Texture pool size now 1000 MB
[2016.05.05-03.05.36:302][  0]LogRenderer: Reallocating scene render targets to support 1252x960 (Frame:2).
[2016.05.05-03.05.36:393][  1]LogAssetRegistry: Asset discovery search completed in 1.6143 seconds
[2016.05.05-03.05.36:393][  1]LogCollectionManager: Rebuilt the object cache for 0 collections in 0.000001 seconds (found 0 objects)
[2016.05.05-03.05.36:393][  1]LogCollectionManager: Fixed up redirectors for 0 collections in 0.000013 seconds (updated 0 objects)
[2016.05.05-03.05.43:374][720]LogLinker:Warning: Asset '../../../../../../Documents/Unreal Projects/Know_No_Demons/Content/TBStrategyGrids/Structs/Vector2i.uasset' has been saved with empty engine version. The asset will be loaded but may be incompatible.
[2016.05.05-03.05.43:388][720]LogLinker:Warning: Asset '../../../../../../Documents/Unreal Projects/Know_No_Demons/Content/TBStrategyGrids/Structs/Fraction.uasset' has been saved with empty engine version. The asset will be loaded but may be incompatible.
[2016.05.05-03.05.43:432][720]LogLinker:Warning: Asset '../../../../../../Documents/Unreal Projects/Know_No_Demons/Content/TBStrategyGrids/Enums/ELineOfSightType.uasset' has been saved with empty engine version. The asset will be loaded but may be incompatible.
[2016.05.05-03.05.43:460][720]LogLinker:Warning: Asset '../../../../../../Documents/Unreal Projects/Know_No_Demons/Content/TBStrategyGrids/Enums/EBoolCondition.uasset' has been saved with empty engine version. The asset will be loaded but may be incompatible.
[2016.05.05-03.05.43:466][720]LogLinker:Warning: Asset '../../../../../../Documents/Unreal Projects/Know_No_Demons/Content/TBStrategyGrids/Structs/StepInfo.uasset' has been saved with empty engine version. The asset will be loaded but may be incompatible.
[2016.05.05-03.05.43:467][720]LogClass:Warning: UUserDefinedStructEditorData::RecreateDefaultInstance Cannot parse value. Property: From Dir String: "NewEnumerator5"  Struct: /Game/TBStrategyGrids/Structs/StepInfo.StepInfo 
[2016.05.05-03.05.43:604][720]LogLinker:Warning: Asset '../../../../../../Documents/Unreal Projects/Know_No_Demons/Content/TBStrategyGrids/Materials/M_SimpleOpaque.uasset' has been saved with empty engine version. The asset will be loaded but may be incompatible.
[2016.05.05-03.05.44:634][720]LogBlueprint:Warning: [compiler TBS_GameMode] Warning 'Item' is already a 'Example Character', you don't need  Cast To ExampleCharacter .
[2016.05.05-03.05.44:635][720]LogBlueprint:Warning: [compiler TBS_GameMode] Warning [0012.76] Compile of TBS_GameMode successful, but with 1 Warning(s) [in 1 ms]
[2016.05.05-03.05.44:635][720]LogBlueprint:Warning: [compiler TBS_GameMode] Warning [0012.76] Compile of TBS_GameMode successful, but with 2 Warning(s) [in 0 ms]
[2016.05.05-03.05.44:635][720]LogBlueprint:Warning: [compiler TBS_GameMode] Warning [0012.76] Compile of TBS_GameMode successful, but with 3 Warning(s) [in 0 ms]
[2016.05.05-03.05.44:636][720]LogBlueprint:Warning: [compiler TBS_GameMode] Warning 'Item' is already a 'Example Character', you don't need  Cast To ExampleCharacter .
[2016.05.05-03.05.44:637][720]LogBlueprint:Warning: [compiler TBS_GameMode] Warning [0012.76] Compile of TBS_GameMode successful, but with 1 Warning(s) [in 1 ms]
[2016.05.05-03.05.44:637][720]LogBlueprint:Warning: [compiler TBS_GameMode] Warning [0012.76] Compile of TBS_GameMode successful, but with 2 Warning(s) [in 0 ms]
[2016.05.05-03.05.44:637][720]LogBlueprint:Warning: [compiler TBS_GameMode] Warning [0012.76] Compile of TBS_GameMode successful, but with 3 Warning(s) [in 0 ms]
[2016.05.05-03.05.45:082][720]LogLinker:Warning: Asset '../../../Engine/Content/ArtTools/RenderToTexture/Macros/RenderToTextureMacros.uasset' has been saved with empty engine version. The asset will be loaded but may be incompatible.
[2016.05.05-03.05.45:386][720]LogContentBrowser: Native class hierarchy updated for 'BlueprintGraph' in 0.0005 seconds. Added 107 classes and 0 folders.
[2016.05.05-03.05.45:767][720]LogLinker:Warning: Can't resolve asset name
[2016.05.05-03.05.46:373][720]LogProperty:Error: UStructProperty::Serialize Loading: Property 'StructProperty /Game/UnitManager.UnitManager_C:UserConstructionScript.K2Node_MakeStruct_Unit_Stats'. Unknown structure.
[2016.05.05-03.05.46:373][720]LogProperty:Error: UStructProperty::Serialize Loading: Property 'StructProperty /Game/UnitManager.UnitManager_C:TempStats'. Unknown structure.
[2016.05.05-03.05.46:373][720]LogProperty:Error: UStructProperty::Serialize Loading: Property 'StructProperty /Game/UnitManager.UnitManager_C:DefaultStats'. Unknown structure.
[2016.05.05-03.05.46:374][720]LogProperty:Error: UStructProperty::Serialize Loading: Property 'StructProperty /Game/UnitManager.UnitManager_C:Stats.Stats'. Unknown structure.
[2016.05.05-03.05.46:374][720]LogClass:Warning: Property TempStats of UnitManager_C has a struct type mismatch (tag STRUCT_REINST_Unit_Stats_110 != prop FallbackStruct) in package:  ../../../../../../Documents/Unreal Projects/Know_No_Demons/Content/UnitManager.uasset. If that struct got renamed, add an entry to ActiveStructRedirects.
[2016.05.05-03.05.46:374][720]LogClass:Warning: Property DefaultStats of UnitManager_C has a struct type mismatch (tag STRUCT_REINST_Unit_Stats_110 != prop FallbackStruct) in package:  ../../../../../../Documents/Unreal Projects/Know_No_Demons/Content/UnitManager.uasset. If that struct got renamed, add an entry to ActiveStructRedirects.
[2016.05.05-03.05.46:385][720]LogClass:Warning: Property TempStats of UnitManager_C has a struct type mismatch (tag FallbackStruct != prop Unit_Stats) in package:  FObjectReader. If that struct got renamed, add an entry to ActiveStructRedirects.
[2016.05.05-03.05.46:385][720]LogClass:Warning: Property DefaultStats of UnitManager_C has a struct type mismatch (tag FallbackStruct != prop Unit_Stats) in package:  FObjectReader. If that struct got renamed, add an entry to ActiveStructRedirects.
[2016.05.05-03.05.46:749][720]LogActor:Warning: GameNetworkManager /Engine/Transient.World_2:PersistentLevel.GameNetworkManager_0 has natively added scene component(s), but none of them were set as the actor's RootComponent - picking one arbitrarily
[2016.05.05-03.23.32:462][860]LogFileHelpers: Editor autosave (incl. sublevels) for '/Game/Maps/Main' took 0.123
[2016.05.05-03.23.32:467][860]OBJ SavePackage: Generating thumbnails for [0] asset(s) in package [/Game/UnitManager] ([1] browsable assets)...
[2016.05.05-03.23.32:467][860]OBJ SavePackage: Finished generating thumbnails for package [/Game/UnitManager]
[2016.05.05-03.23.32:467][860]Cmd: OBJ SAVEPACKAGE PACKAGE="/Game/UnitManager" FILE="../../../../../../Documents/Unreal Projects/Know_No_Demons/Saved/Autosaves/Game/UnitManager_Auto1.uasset" SILENT=false AUTOSAVING=true
[2016.05.05-03.23.32:534][860]LogSavePackage: Save=46.659031ms
[2016.05.05-03.23.32:534][860]LogSavePackage: Moving '../../../../../../Documents/Unreal Projects/Know_No_Demons/Saved/UnitManager_Auto1FDD06C83490D6001B224B5B2EC7F3942.tmp' to '../../../../../../Documents/Unreal Projects/Know_No_Demons/Saved/Autosaves/Game/UnitManager_Auto1.uasset'
[2016.05.05-03.23.32:537][860]LogSavePackage: Total save time: 68.232559ms
[2016.05.05-03.23.32:537][860]LogSavePackage:Display: Finished SavePackage ../../../../../../Documents/Unreal Projects/Know_No_Demons/Saved/Autosaves/Game/UnitManager_Auto1.uasset
[2016.05.05-03.23.32:537][860]LogFileHelpers: Auto-saving content packages took 0.075
[2016.05.05-03.34.14:830][131]BlueprintLog: New page: Compile UnitManager
[2016.05.05-03.34.15:521][131]BlueprintEditorCompileResults: Info [1723.65] Compile of UnitManager successful! [in 691 ms]
[2016.05.05-03.35.08:475][ 89]LogFileHelpers: Editor autosave (incl. sublevels) for '/Game/Maps/Main' took 0.028
[2016.05.05-03.35.08:480][ 89]OBJ SavePackage: Generating thumbnails for [0] asset(s) in package [/Game/UnitManager] ([1] browsable assets)...
[2016.05.05-03.35.08:480][ 89]OBJ SavePackage: Finished generating thumbnails for package [/Game/UnitManager]
[2016.05.05-03.35.08:480][ 89]Cmd: OBJ SAVEPACKAGE PACKAGE="/Game/UnitManager" FILE="../../../../../../Documents/Unreal Projects/Know_No_Demons/Saved/Autosaves/Game/UnitManager_Auto2.uasset" SILENT=false AUTOSAVING=true
[2016.05.05-03.35.08:560][ 89]LogSavePackage: Save=61.548412ms
[2016.05.05-03.35.08:560][ 89]LogSavePackage: Moving '../../../../../../Documents/Unreal Projects/Know_No_Demons/Saved/UnitManager_Auto2569F66A54DD199E5A203669F4B3231A7.tmp' to '../../../../../../Documents/Unreal Projects/Know_No_Demons/Saved/Autosaves/Game/UnitManager_Auto2.uasset'
[2016.05.05-03.35.08:562][ 89]LogSavePackage: Total save time: 80.932535ms
[2016.05.05-03.35.08:562][ 89]LogSavePackage:Display: Finished SavePackage ../../../../../../Documents/Unreal Projects/Know_No_Demons/Saved/Autosaves/Game/UnitManager_Auto2.uasset
[2016.05.05-03.35.08:562][ 89]LogFileHelpers: Auto-saving content packages took 0.087
[2016.05.05-03.42.37:400][ 27]BlueprintLog: New page: Compile UnitManager
[2016.05.05-03.42.37:494][ 27]BlueprintEditorCompileResults: Info [2225.62] Compile of UnitManager successful! [in 93 ms]
[2016.05.05-03.45.12:313][  0]BlueprintLog: New page: Compile UnitManager
[2016.05.05-03.45.12:406][  0]BlueprintEditorCompileResults: Info [2380.53] Compile of UnitManager successful! [in 92 ms]
[2016.05.05-03.52.44:279][139]BlueprintLog: New page: Compile UnitManager
[2016.05.05-03.52.44:371][139]BlueprintEditorCompileResults: Info [2832.50] Compile of UnitManager successful! [in 91 ms]
[2016.05.05-03.52.55:295][440]BlueprintLog: New page: Compile UnitManager
[2016.05.05-03.52.55:383][440]BlueprintEditorCompileResults: Info [2843.51] Compile of UnitManager successful! [in 87 ms]
[2016.05.05-03.53.29:181][202]LogFileHelpers: Editor autosave (incl. sublevels) for '/Game/Maps/Main' took 0.037
[2016.05.05-03.53.29:187][202]OBJ SavePackage: Generating thumbnails for [0] asset(s) in package [/Game/UnitManager] ([1] browsable assets)...
[2016.05.05-03.53.29:187][202]OBJ SavePackage: Finished generating thumbnails for package [/Game/UnitManager]
[2016.05.05-03.53.29:187][202]Cmd: OBJ SAVEPACKAGE PACKAGE="/Game/UnitManager" FILE="../../../../../../Documents/Unreal Projects/Know_No_Demons/Saved/Autosaves/Game/UnitManager_Auto3.uasset" SILENT=false AUTOSAVING=true
[2016.05.05-03.53.29:837][202]LogSavePackage: Save=628.003174ms
[2016.05.05-03.53.29:837][202]LogSavePackage: Moving '../../../../../../Documents/Unreal Projects/Know_No_Demons/Saved/UnitManager_Auto34D4E33DE42A5E522CCF2A6BFB3631306.tmp' to '../../../../../../Documents/Unreal Projects/Know_No_Demons/Saved/Autosaves/Game/UnitManager_Auto3.uasset'
[2016.05.05-03.53.29:840][202]LogSavePackage: Total save time: 651.175309ms
[2016.05.05-03.53.29:840][202]LogSavePackage:Display: Finished SavePackage ../../../../../../Documents/Unreal Projects/Know_No_Demons/Saved/Autosaves/Game/UnitManager_Auto3.uasset
[2016.05.05-03.53.29:840][202]LogFileHelpers: Auto-saving content packages took 0.658
[2016.05.05-03.53.38:205][618]BlueprintLog: New page: Compile TBS_GameMode
[2016.05.05-03.53.38:209][618]LogBlueprint:Warning: [compiler TBS_GameMode] Warning 'Item' is already a 'Example Character', you don't need  Cast To ExampleCharacter .
[2016.05.05-03.53.38:274][618]LogBlueprint:Warning: [compiler TBS_GameMode] Warning [2886.40] Compile of TBS_GameMode successful, but with 1 Warning(s) [in 68 ms]
[2016.05.05-03.53.38:274][618]BlueprintEditorCompileResults:Warning: Warning 'Item' is already a 'Example Character', you don't need  Cast To ExampleCharacter .
[2016.05.05-03.53.38:274][618]BlueprintEditorCompileResults:Warning: Warning [2886.40] Compile of TBS_GameMode successful, but with 1 Warning(s) [in 68 ms]
[2016.05.05-04.12.54:385][707]MapCheck: New page: Map Check
[2016.05.05-04.12.54:468][707]Cmd: MAP REBUILD ALLVISIBLE
[2016.05.05-04.12.54:495][707]LogEditorServer: Rebuildmap Clear paths rebuilt
[2016.05.05-04.12.54:637][707]LogParticles: Destroying 0 GPU particle simulations for FXSystem 0x0000019F532FFD80
[2016.05.05-04.12.54:658][707]MapCheck:Warning: Warning WorldSettings Hierarchical LOD System is disabled or no HLOD level settings available, unable to build LOD actors. 
[2016.05.05-04.12.54:670][707]LogStats:          STAT_HLOD_BuildClusters - 62.958 ms
[2016.05.05-04.12.54:689][707]LightingResults: New page: Lighting Build - May 4, 2016, 6:12:54 PM
[2016.05.05-04.12.58:696][707]LogStaticLightingSystem:Warning: No importance volume found, so the scene bounding box was used.  You can optimize your scene's quality and lighting build times by adding importance volumes.
[2016.05.05-04.12.58:696][707]LogStaticLightingSystem: Running Lightmass w/ ImmediateImport mode ENABLED
[2016.05.05-04.12.58:696][707]LogStaticLightingSystem: Running Lightmass w/ ImmediateProcess mode ENABLED
[2016.05.05-04.12.58:696][707]LogStaticLightingSystem: Running Lightmass w/ Sorting mode ENABLED
[2016.05.05-04.12.58:696][707]LogStaticLightingSystem: Running Lightmass w/ Mapping paddings ENABLED
[2016.05.05-04.12.58:696][707]LogStaticLightingSystem: Running Lightmass w/ Mapping debug paddings DISABLED
[2016.05.05-04.12.58:921][707]LogEditorBuildUtils: Build time 0:00:04
[2016.05.05-04.13.00:151][789]Job is a success!
[2016.05.05-04.13.00:368][791]Lightmass on RAGNOROK: 636 ms total, 62 ms importing, 0 ms setup, 267 ms photons, 279 ms processing, 0 ms extra exporting [0/0 mappings]. Threads: 1.79 sec total, 0 ms processing.
[2016.05.05-04.13.00:427][791]LogStaticLightingSystem: Illumination: 5.68 sec (17 ms encoding lightmaps)
[2016.05.05-04.13.00:427][791]LogStaticLightingSystem: Lightmap texture memory:  0.0 MB (0.0 MB streaming, 0.0 MB non-streaming), 0 textures
[2016.05.05-04.13.00:427][791]LogStaticLightingSystem: Shadowmap texture memory: 0.0 MB (0.0 MB streaming, 0.0 MB non-streaming), 0 textures
[2016.05.05-04.13.00:686][792]Cmd: MAP CHECK NOTIFYRESULTS
[2016.05.05-04.13.00:686][792]MapCheck: New page: Main - May 4, 2016, 6:13:00 PM
[2016.05.05-04.13.00:828][792]MapCheck: Info Map check complete: 0 Error(s), 0 Warning(s), took 141.952ms to complete.
[2016.05.05-04.13.20:146][744]LogEditorViewport: Clicking Background
[2016.05.05-04.13.33:073][243]LogLinker:Warning: Asset '../../../../../../Documents/Unreal Projects/Know_No_Demons/Content/TBStrategyGrids/Materials/M_SimpleTranslucent.uasset' has been saved with empty engine version. The asset will be loaded but may be incompatible.
[2016.05.05-04.13.34:084][243]LogAIModule: Creating AISystem for world Level_1_Final
[2016.05.05-04.13.38:797][243]Cmd: OBJ SAVEPACKAGE PACKAGE="/Game/Maps/Main" FILE="../../../../../../Documents/Unreal Projects/Know_No_Demons/Content/Maps/Main.umap" SILENT=true AUTOSAVING=false KEEPDIRTY=false
[2016.05.05-04.13.38:886][243]LogSavePackage: Save=47.389584ms
[2016.05.05-04.13.38:887][243]LogSavePackage: Moving '../../../../../../Documents/Unreal Projects/Know_No_Demons/Saved/Main9C70467D4B59B9F2E17920B2606C2BEB.tmp' to '../../../../../../Documents/Unreal Projects/Know_No_Demons/Content/Maps/Main.umap'
[2016.05.05-04.13.38:887][243]LogFileManager:Warning: DeleteFile was unable to delete '../../../../../../Documents/Unreal Projects/Know_No_Demons/Content/Maps/Main.umap', retrying in .5s...
[2016.05.05-04.13.39:387][243]LogFileManager:Error: Error deleting file '../../../../../../Documents/Unreal Projects/Know_No_Demons/Content/Maps/Main.umap'.
[2016.05.05-04.13.39:387][243]LogSavePackage:Error: Error saving '../../../../../../Documents/Unreal Projects/Know_No_Demons/Content/Maps/Main.umap'
[2016.05.05-04.13.39:388][243]LogSavePackage: Total save time: 564.590834ms
[2016.05.05-04.13.39:388][243]LogSavePackage:Display: Finished SavePackage ../../../../../../Documents/Unreal Projects/Know_No_Demons/Content/Maps/Main.umap
[2016.05.05-04.13.40:147][243]EditorErrors: New page: Save Output
[2016.05.05-04.13.40:147][243]EditorErrors:Warning: Warning Error saving '../../../../../../Documents/Unreal Projects/Know_No_Demons/Content/Maps/Main.umap'
[2016.05.05-04.13.40:183][243]LogFileHelpers: Saving map 'Main' took 1.458
[2016.05.05-04.13.44:720][243]Cmd: OBJ SAVEPACKAGE PACKAGE="/Game/Maps/Main" FILE="../../../../../../Documents/Unreal Projects/Know_No_Demons/Content/Maps/Main.umap" SILENT=true AUTOSAVING=false KEEPDIRTY=false
[2016.05.05-04.13.44:818][243]LogSavePackage: Save=53.582848ms
[2016.05.05-04.13.44:818][243]LogSavePackage: Moving '../../../../../../Documents/Unreal Projects/Know_No_Demons/Saved/MainD8B5946B4D0A7BB4E356518B48D83162.tmp' to '../../../../../../Documents/Unreal Projects/Know_No_Demons/Content/Maps/Main.umap'
[2016.05.05-04.13.44:819][243]LogFileManager:Warning: DeleteFile was unable to delete '../../../../../../Documents/Unreal Projects/Know_No_Demons/Content/Maps/Main.umap', retrying in .5s...
[2016.05.05-04.13.45:319][243]LogFileManager:Error: Error deleting file '../../../../../../Documents/Unreal Projects/Know_No_Demons/Content/Maps/Main.umap'.
[2016.05.05-04.13.45:319][243]LogSavePackage:Error: Error saving '../../../../../../Documents/Unreal Projects/Know_No_Demons/Content/Maps/Main.umap'
[2016.05.05-04.13.45:320][243]LogSavePackage: Total save time: 570.396610ms
[2016.05.05-04.13.45:320][243]LogSavePackage:Display: Finished SavePackage ../../../../../../Documents/Unreal Projects/Know_No_Demons/Content/Maps/Main.umap
[2016.05.05-04.13.45:322][243]EditorErrors: New page: Save Output
[2016.05.05-04.13.45:322][243]EditorErrors:Warning: Warning Error saving '../../../../../../Documents/Unreal Projects/Know_No_Demons/Content/Maps/Main.umap'
[2016.05.05-04.13.45:324][243]LogFileHelpers: Saving map 'Main' took 0.672
[2016.05.05-04.13.48:481][243]Cmd: OBJ SAVEPACKAGE PACKAGE="/Game/UnitManager" FILE="../../../../../../Documents/Unreal Projects/Know_No_Demons/Content/UnitManager.uasset" SILENT=true
[2016.05.05-04.13.48:603][243]LogSavePackage: Save=88.646637ms
[2016.05.05-04.13.48:603][243]LogSavePackage: Moving '../../../../../../Documents/Unreal Projects/Know_No_Demons/Saved/UnitManagerC153882D4FE60C40D4D1B99CC5A720D5.tmp' to '../../../../../../Documents/Unreal Projects/Know_No_Demons/Content/UnitManager.uasset'
[2016.05.05-04.13.48:607][243]LogSavePackage: Total save time: 124.974526ms
[2016.05.05-04.13.48:607][243]LogSavePackage:Display: Finished SavePackage ../../../../../../Documents/Unreal Projects/Know_No_Demons/Content/UnitManager.uasset
[2016.05.05-04.13.50:148][243]Cmd: MAP LOAD FILE="../../../../../../Documents/Unreal Projects/Know_No_Demons/Content/Maps/Level_1_Final.umap" TEMPLATE=0 SHOWPROGRESS=1 FEATURELEVEL=3
[2016.05.05-04.13.50:149][243]LightingResults: New page: Lighting Build
[2016.05.05-04.13.50:185][243]LoadErrors: New page: Loading map: Level_1_Final.umap
[2016.05.05-04.13.50:185][243]MapCheck: New page: Map Check
[2016.05.05-04.13.50:185][243]LightingResults: New page: Lighting Build
[2016.05.05-04.13.50:210][243]LogParticles: Destroying 0 GPU particle simulations for FXSystem 0x0000019F02D2A0C0
[2016.05.05-04.13.50:541][243]LogEditorServer: Finished looking for orphan Actors (0.000 secs)
[2016.05.05-04.13.50:566][243]Cmd: MAP CHECKDEP NOCLEARLOG
[2016.05.05-04.13.50:627][243]MapCheck: Info Map check complete: 0 Error(s), 0 Warning(s), took 61.512ms to complete.
[2016.05.05-04.13.50:627][243]LogFileHelpers: Loading map 'Level_1_Final' took 0.482
[2016.05.05-04.14.12:810][855]LogScript:Warning: Accessed None 'MyLevelGrid'
	GameController_KND_C /Engine/Transient.World_7:PersistentLevel.GameController_KND_C_0
	Function /Game/GameController_KND.GameController_KND_C:ExecuteUbergraph_GameController_KND:1AC6
[2016.05.05-04.14.12:840][856]LogScript:Warning: Accessed None 'MyLevelGrid'
	GameController_KND_C /Engine/Transient.World_7:PersistentLevel.GameController_KND_C_0
	Function /Game/GameController_KND.GameController_KND_C:ExecuteUbergraph_GameController_KND:1AC6
[2016.05.05-04.14.12:849][857]LogScript:Warning: Accessed None 'MyLevelGrid'
	GameController_KND_C /Engine/Transient.World_7:PersistentLevel.GameController_KND_C_0
	Function /Game/GameController_KND.GameController_KND_C:ExecuteUbergraph_GameController_KND:1AC6
[2016.05.05-04.14.12:898][858]LogScript:Warning: Accessed None 'MyLevelGrid'
	GameController_KND_C /Engine/Transient.World_7:PersistentLevel.GameController_KND_C_0
	Function /Game/GameController_KND.GameController_KND_C:ExecuteUbergraph_GameController_KND:1AC6
[2016.05.05-04.14.12:906][859]LogScript:Warning: Accessed None 'MyLevelGrid'
	GameController_KND_C /Engine/Transient.World_7:PersistentLevel.GameController_KND_C_0
	Function /Game/GameController_KND.GameController_KND_C:ExecuteUbergraph_GameController_KND:1AC6
[2016.05.05-04.14.12:915][860]LogScript:Warning: Accessed None 'MyLevelGrid'
	GameController_KND_C /Engine/Transient.World_7:PersistentLevel.GameController_KND_C_0
	Function /Game/GameController_KND.GameController_KND_C:ExecuteUbergraph_GameController_KND:1AC6
[2016.05.05-04.14.12:923][861]LogScript:Warning: Accessed None 'MyLevelGrid'
	GameController_KND_C /Engine/Transient.World_7:PersistentLevel.GameController_KND_C_0
	Function /Game/GameController_KND.GameController_KND_C:ExecuteUbergraph_GameController_KND:1AC6
[2016.05.05-04.14.12:931][862]LogScript:Warning: Accessed None 'MyLevelGrid'
	GameController_KND_C /Engine/Transient.World_7:PersistentLevel.GameController_KND_C_0
	Function /Game/GameController_KND.GameController_KND_C:ExecuteUbergraph_GameController_KND:1AC6
[2016.05.05-04.14.12:939][863]LogScript:Warning: Accessed None 'MyLevelGrid'
	GameController_KND_C /Engine/Transient.World_7:PersistentLevel.GameController_KND_C_0
	Function /Game/GameController_KND.GameController_KND_C:ExecuteUbergraph_GameController_KND:1AC6
[2016.05.05-04.14.12:948][864]LogScript:Warning: Accessed None 'MyLevelGrid'
	GameController_KND_C /Engine/Transient.World_7:PersistentLevel.GameController_KND_C_0
	Function /Game/GameController_KND.GameController_KND_C:ExecuteUbergraph_GameController_KND:1AC6
[2016.05.05-04.14.12:956][865]LogScript:Warning: Accessed None 'MyLevelGrid'
	GameController_KND_C /Engine/Transient.World_7:PersistentLevel.GameController_KND_C_0
	Function /Game/GameController_KND.GameController_KND_C:ExecuteUbergraph_GameController_KND:1AC6
[2016.05.05-04.14.12:964][866]LogScript:Warning: Accessed None 'MyLevelGrid'
	GameController_KND_C /Engine/Transient.World_7:PersistentLevel.GameController_KND_C_0
	Function /Game/GameController_KND.GameController_KND_C:ExecuteUbergraph_GameController_KND:1AC6
[2016.05.05-04.14.12:973][867]LogScript:Warning: Accessed None 'MyLevelGrid'
	GameController_KND_C /Engine/Transient.World_7:PersistentLevel.GameController_KND_C_0
	Function /Game/GameController_KND.GameController_KND_C:ExecuteUbergraph_GameController_KND:1AC6
[2016.05.05-04.14.12:981][868]LogScript:Warning: Accessed None 'MyLevelGrid'
	GameController_KND_C /Engine/Transient.World_7:PersistentLevel.GameController_KND_C_0
	Function /Game/GameController_KND.GameController_KND_C:ExecuteUbergraph_GameController_KND:1AC6
[2016.05.05-04.14.12:989][869]LogScript:Warning: Accessed None 'MyLevelGrid'
	GameController_KND_C /Engine/Transient.World_7:PersistentLevel.GameController_KND_C_0
	Function /Game/GameController_KND.GameController_KND_C:ExecuteUbergraph_GameController_KND:1AC6
[2016.05.05-04.14.12:998][870]LogScript:Warning: Accessed None 'MyLevelGrid'
	GameController_KND_C /Engine/Transient.World_7:PersistentLevel.GameController_KND_C_0
	Function /Game/GameController_KND.GameController_KND_C:ExecuteUbergraph_GameController_KND:1AC6
[2016.05.05-04.14.13:006][871]LogScript:Warning: Accessed None 'MyLevelGrid'
	GameController_KND_C /Engine/Transient.World_7:PersistentLevel.GameController_KND_C_0
	Function /Game/GameController_KND.GameController_KND_C:ExecuteUbergraph_GameController_KND:1AC6
[2016.05.05-04.17.46:802][ 49]LogSlate:Warning: Slate: Had to block on waiting for a draw buffer
[2016.05.05-04.17.46:836][ 49]LogSlate:Warning: Slate: Had to block on waiting for a draw buffer
[2016.05.05-04.17.46:863][ 49]LogSlate:Warning: Slate: Had to block on waiting for a draw buffer
[2016.05.05-04.17.46:865][ 49]LogSlate:Warning: Slate: Had to block on waiting for a draw buffer
[2016.05.05-04.17.46:866][ 49]LogSlate:Warning: Slate: Had to block on waiting for a draw buffer
[2016.05.05-04.17.46:868][ 49]LogSlate:Warning: Slate: Had to block on waiting for a draw buffer
[2016.05.05-04.17.46:870][ 49]LogSlate:Warning: Slate: Had to block on waiting for a draw buffer
[2016.05.05-04.17.46:874][ 49]LogSlate:Warning: Slate: Had to block on waiting for a draw buffer
[2016.05.05-04.17.46:893][ 49]LogSlate:Warning: Slate: Had to block on waiting for a draw buffer
[2016.05.05-04.17.46:895][ 49]LogSlate:Warning: Slate: Had to block on waiting for a draw buffer
[2016.05.05-04.17.46:895][ 49]LogSlate:Warning: Slate: Had to block on waiting for a draw buffer
[2016.05.05-04.17.46:896][ 49]LogSlate:Warning: Slate: Had to block on waiting for a draw buffer
[2016.05.05-04.17.46:900][ 49]LogSlate:Warning: Slate: Had to block on waiting for a draw buffer
[2016.05.05-04.17.46:925][ 49]LogSlate:Warning: Slate: Had to block on waiting for a draw buffer
[2016.05.05-04.17.46:926][ 49]LogSlate:Warning: Slate: Had to block on waiting for a draw buffer
[2016.05.05-04.17.46:927][ 49]LogSavePackage: Save=177.140686ms
[2016.05.05-04.17.46:927][ 49]LogSlate:Warning: Slate: Had to block on waiting for a draw buffer
[2016.05.05-04.17.46:928][ 49]LogSavePackage: Moving '../../../../../../Documents/Unreal Projects/Know_No_Demons/Saved/BP_Sky_SphereAFB60B6742DDBD8E97B00DB3CEF8EBF4.tmp' to '../../../Engine/Content/EngineSky/BP_Sky_Sphere.uasset'
[2016.05.05-04.17.46:949][ 49]LogSlate:Warning: Slate: Had to block on waiting for a draw buffer
[2016.05.05-04.17.46:950][ 49]LogSavePackage: Total save time: 217.877749ms
[2016.05.05-04.17.46:950][ 49]LogSavePackage:Display: Finished SavePackage ../../../Engine/Content/EngineSky/BP_Sky_Sphere.uasset
[2016.05.05-05.30.43:787][851]LogFileHelpers: Editor autosave (incl. sublevels) for '/Game/Maps/Level_1_Final' took 0.077
[2016.05.05-05.30.43:792][851]OBJ SavePackage: Generating thumbnails for [0] asset(s) in package [/Game/TBS_GameMode] ([1] browsable assets)...
[2016.05.05-05.30.43:792][851]OBJ SavePackage: Finished generating thumbnails for package [/Game/TBS_GameMode]
[2016.05.05-05.30.43:792][851]Cmd: OBJ SAVEPACKAGE PACKAGE="/Game/TBS_GameMode" FILE="../../../../../../Documents/Unreal Projects/Know_No_Demons/Saved/Autosaves/Game/TBS_GameMode_Auto4.uasset" SILENT=false AUTOSAVING=true
[2016.05.05-05.30.44:364][851]LogSavePackage: Save=14.878087ms
[2016.05.05-05.30.44:364][851]LogSavePackage: Moving '../../../../../../Documents/Unreal Projects/Know_No_Demons/Saved/TBS_GameMode_Auto41E7DF2524D4EBC09E42102905BAA3631.tmp' to '../../../../../../Documents/Unreal Projects/Know_No_Demons/Saved/Autosaves/Game/TBS_GameMode_Auto4.uasset'
[2016.05.05-05.30.44:366][851]LogSavePackage: Total save time: 572.486132ms
[2016.05.05-05.30.44:366][851]LogSavePackage:Display: Finished SavePackage ../../../../../../Documents/Unreal Projects/Know_No_Demons/Saved/Autosaves/Game/TBS_GameMode_Auto4.uasset
[2016.05.05-05.30.44:366][851]LogFileHelpers: Auto-saving content packages took 0.578
[2016.05.05-05.40.46:539][336]LogSavePackage: Save=141.399551ms
[2016.05.05-05.40.46:539][336]LogSavePackage: Moving '../../../../../../Documents/Unreal Projects/Know_No_Demons/Saved/Level_1_Final_Auto59DB4E066471BEACB6FD9E4A732C276AA.tmp' to '../../../../../../Documents/Unreal Projects/Know_No_Demons/Saved/Autosaves/Game/Maps/Level_1_Final_Auto5.umap'
[2016.05.05-05.40.46:542][336]LogSavePackage: Total save time: 160.198934ms
[2016.05.05-05.40.46:542][336]LogSavePackage:Display: Finished SavePackage ../../../../../../Documents/Unreal Projects/Know_No_Demons/Saved/Autosaves/Game/Maps/Level_1_Final_Auto5.umap
[2016.05.05-05.40.46:543][336]LogFileHelpers: Editor autosave (incl. sublevels) for '/Game/Maps/Level_1_Final' took 0.207
[2016.05.05-05.40.46:543][336]LogFileHelpers: Editor autosave (incl. sublevels) for all levels took 0.207
[2016.05.05-05.55.19:624][694]BlueprintLog: New page: Compile UnitManager
[2016.05.05-05.55.19:722][694]BlueprintEditorCompileResults: Info [0187.85] Compile of UnitManager successful! [in 97 ms]
[2016.05.05-05.57.33:736][ 54]Cmd: OBJ SAVEPACKAGE PACKAGE="/Game/Unit_Stats" FILE="../../../../../../Documents/Unreal Projects/Know_No_Demons/Content/Unit_Stats.uasset" SILENT=true
[2016.05.05-05.57.33:756][ 54]LogSavePackage: Save=2.264690ms
[2016.05.05-05.57.33:756][ 54]LogSavePackage: Moving '../../../../../../Documents/Unreal Projects/Know_No_Demons/Saved/Unit_StatsD660ACBA46AB3052F24182B39E9CFA78.tmp' to '../../../../../../Documents/Unreal Projects/Know_No_Demons/Content/Unit_Stats.uasset'
[2016.05.05-05.57.33:758][ 54]LogSavePackage: Total save time: 21.690980ms
[2016.05.05-05.57.33:759][ 54]LogSavePackage:Display: Finished SavePackage ../../../../../../Documents/Unreal Projects/Know_No_Demons/Content/Unit_Stats.uasset
[2016.05.05-05.58.01:765][378]BlueprintLog: New page: Compile UnitManager
[2016.05.05-05.58.01:860][378]BlueprintEditorCompileResults: Info [0349.99] Compile of UnitManager successful! [in 94 ms]
[2016.05.05-05.58.21:332][906]LogFileHelpers: Editor autosave (incl. sublevels) for '/Game/Maps/Level_1_Final' took 0.031
[2016.05.05-05.58.21:338][906]OBJ SavePackage: Generating thumbnails for [0] asset(s) in package [/Game/UnitManager] ([1] browsable assets)...
[2016.05.05-05.58.21:338][906]OBJ SavePackage: Finished generating thumbnails for package [/Game/UnitManager]
[2016.05.05-05.58.21:338][906]Cmd: OBJ SAVEPACKAGE PACKAGE="/Game/UnitManager" FILE="../../../../../../Documents/Unreal Projects/Know_No_Demons/Saved/Autosaves/Game/UnitManager_Auto6.uasset" SILENT=false AUTOSAVING=true
[2016.05.05-05.58.21:430][906]LogSavePackage: Save=73.622490ms
[2016.05.05-05.58.21:430][906]LogSavePackage: Moving '../../../../../../Documents/Unreal Projects/Know_No_Demons/Saved/UnitManager_Auto6042ACD9B4FA9C1613695C8A47917124B.tmp' to '../../../../../../Documents/Unreal Projects/Know_No_Demons/Saved/Autosaves/Game/UnitManager_Auto6.uasset'
[2016.05.05-05.58.21:432][906]LogSavePackage: Total save time: 92.893183ms
[2016.05.05-05.58.21:432][906]LogSavePackage:Display: Finished SavePackage ../../../../../../Documents/Unreal Projects/Know_No_Demons/Saved/Autosaves/Game/UnitManager_Auto6.uasset
[2016.05.05-05.58.21:432][906]LogFileHelpers: Auto-saving content packages took 0.100
[2016.05.05-06.15.06:329][ 42]LogFileHelpers: Editor autosave (incl. sublevels) for '/Game/Maps/Level_1_Final' took 0.039
[2016.05.05-06.15.06:335][ 42]OBJ SavePackage: Generating thumbnails for [0] asset(s) in package [/Game/UnitManager] ([1] browsable assets)...
[2016.05.05-06.15.06:335][ 42]OBJ SavePackage: Finished generating thumbnails for package [/Game/UnitManager]
[2016.05.05-06.15.06:335][ 42]Cmd: OBJ SAVEPACKAGE PACKAGE="/Game/UnitManager" FILE="../../../../../../Documents/Unreal Projects/Know_No_Demons/Saved/Autosaves/Game/UnitManager_Auto7.uasset" SILENT=false AUTOSAVING=true
[2016.05.05-06.15.06:432][ 42]LogSavePackage: Save=79.038773ms
[2016.05.05-06.15.06:432][ 42]LogSavePackage: Moving '../../../../../../Documents/Unreal Projects/Know_No_Demons/Saved/UnitManager_Auto7607E7AA84A7DDF07F8255FB2A9A86B9A.tmp' to '../../../../../../Documents/Unreal Projects/Know_No_Demons/Saved/Autosaves/Game/UnitManager_Auto7.uasset'
[2016.05.05-06.15.06:434][ 42]LogSavePackage: Total save time: 98.659053ms
[2016.05.05-06.15.06:434][ 42]LogSavePackage:Display: Finished SavePackage ../../../../../../Documents/Unreal Projects/Know_No_Demons/Saved/Autosaves/Game/UnitManager_Auto7.uasset
[2016.05.05-06.15.06:434][ 42]LogFileHelpers: Auto-saving content packages took 0.105
[2016.05.05-07.10.37:077][433]LogFileHelpers: Editor autosave (incl. sublevels) for '/Game/Maps/Level_1_Final' took 0.042
[2016.05.05-07.10.37:084][433]OBJ SavePackage: Generating thumbnails for [0] asset(s) in package [/Game/UnitManager] ([1] browsable assets)...
[2016.05.05-07.10.37:084][433]OBJ SavePackage: Finished generating thumbnails for package [/Game/UnitManager]
[2016.05.05-07.10.37:084][433]Cmd: OBJ SAVEPACKAGE PACKAGE="/Game/UnitManager" FILE="../../../../../../Documents/Unreal Projects/Know_No_Demons/Saved/Autosaves/Game/UnitManager_Auto8.uasset" SILENT=false AUTOSAVING=true
[2016.05.05-07.10.37:176][433]LogSavePackage: Save=74.188164ms
[2016.05.05-07.10.37:176][433]LogSavePackage: Moving '../../../../../../Documents/Unreal Projects/Know_No_Demons/Saved/UnitManager_Auto893148922485A46DAE897B5A7F48EF9DB.tmp' to '../../../../../../Documents/Unreal Projects/Know_No_Demons/Saved/Autosaves/Game/UnitManager_Auto8.uasset'
[2016.05.05-07.10.37:833][433]LogSavePackage: Total save time: 748.201851ms
[2016.05.05-07.10.37:833][433]LogSavePackage:Display: Finished SavePackage ../../../../../../Documents/Unreal Projects/Know_No_Demons/Saved/Autosaves/Game/UnitManager_Auto8.uasset
[2016.05.05-07.10.37:833][433]LogFileHelpers: Auto-saving content packages took 0.756
[2016.05.05-07.35.07:475][212]LogFileHelpers: Editor autosave (incl. sublevels) for '/Game/Maps/Level_1_Final' took 0.040
[2016.05.05-07.35.07:481][212]OBJ SavePackage: Generating thumbnails for [0] asset(s) in package [/Game/UnitManager] ([1] browsable assets)...
[2016.05.05-07.35.07:481][212]OBJ SavePackage: Finished generating thumbnails for package [/Game/UnitManager]
[2016.05.05-07.35.07:481][212]Cmd: OBJ SAVEPACKAGE PACKAGE="/Game/UnitManager" FILE="../../../../../../Documents/Unreal Projects/Know_No_Demons/Saved/Autosaves/Game/UnitManager_Auto9.uasset" SILENT=false AUTOSAVING=true
[2016.05.05-07.35.08:183][212]LogSavePackage: Save=684.615601ms
[2016.05.05-07.35.08:183][212]LogSavePackage: Moving '../../../../../../Documents/Unreal Projects/Know_No_Demons/Saved/UnitManager_Auto9CC8D279B4801EC144BF34C8A920249C2.tmp' to '../../../../../../Documents/Unreal Projects/Know_No_Demons/Saved/Autosaves/Game/UnitManager_Auto9.uasset'
[2016.05.05-07.35.08:185][212]LogSavePackage: Total save time: 702.987611ms
[2016.05.05-07.35.08:185][212]LogSavePackage:Display: Finished SavePackage ../../../../../../Documents/Unreal Projects/Know_No_Demons/Saved/Autosaves/Game/UnitManager_Auto9.uasset
[2016.05.05-07.35.08:185][212]LogFileHelpers: Auto-saving content packages took 0.710
[2016.05.05-07.45.08:689][ 61]LogFileHelpers: Editor autosave (incl. sublevels) for '/Game/Maps/Level_1_Final' took 0.047
[2016.05.05-07.45.08:695][ 61]OBJ SavePackage: Generating thumbnails for [0] asset(s) in package [/Game/UnitManager] ([1] browsable assets)...
[2016.05.05-07.45.08:696][ 61]OBJ SavePackage: Finished generating thumbnails for package [/Game/UnitManager]
[2016.05.05-07.45.08:696][ 61]Cmd: OBJ SAVEPACKAGE PACKAGE="/Game/UnitManager" FILE="../../../../../../Documents/Unreal Projects/Know_No_Demons/Saved/Autosaves/Game/UnitManager_Auto0.uasset" SILENT=false AUTOSAVING=true
[2016.05.05-07.45.08:801][ 61]LogSavePackage: Save=86.522232ms
[2016.05.05-07.45.08:801][ 61]LogSavePackage: Moving '../../../../../../Documents/Unreal Projects/Know_No_Demons/Saved/UnitManager_Auto0DC7C719A4307764F3B24F38B3F85F4E4.tmp' to '../../../../../../Documents/Unreal Projects/Know_No_Demons/Saved/Autosaves/Game/UnitManager_Auto0.uasset'
[2016.05.05-07.45.08:803][ 61]LogSavePackage: Total save time: 106.902182ms
[2016.05.05-07.45.08:803][ 61]LogSavePackage:Display: Finished SavePackage ../../../../../../Documents/Unreal Projects/Know_No_Demons/Saved/Autosaves/Game/UnitManager_Auto0.uasset
[2016.05.05-07.45.08:803][ 61]LogFileHelpers: Auto-saving content packages took 0.114
[2016.05.05-07.55.24:770][941]LogFileHelpers: Editor autosave (incl. sublevels) for '/Game/Maps/Level_1_Final' took 0.041
[2016.05.05-07.55.24:776][941]OBJ SavePackage: Generating thumbnails for [0] asset(s) in package [/Game/UnitManager] ([1] browsable assets)...
[2016.05.05-07.55.24:776][941]OBJ SavePackage: Finished generating thumbnails for package [/Game/UnitManager]
[2016.05.05-07.55.24:776][941]Cmd: OBJ SAVEPACKAGE PACKAGE="/Game/UnitManager" FILE="../../../../../../Documents/Unreal Projects/Know_No_Demons/Saved/Autosaves/Game/UnitManager_Auto1.uasset" SILENT=false AUTOSAVING=true
[2016.05.05-07.55.24:878][941]LogSavePackage: Save=84.592834ms
[2016.05.05-07.55.24:878][941]LogSavePackage: Moving '../../../../../../Documents/Unreal Projects/Know_No_Demons/Saved/UnitManager_Auto136FFBECF487D3D314477E595A92D25BB.tmp' to '../../../../../../Documents/Unreal Projects/Know_No_Demons/Saved/Autosaves/Game/UnitManager_Auto1.uasset'
[2016.05.05-07.55.24:880][941]LogSavePackage: Total save time: 103.245903ms
[2016.05.05-07.55.24:880][941]LogSavePackage:Display: Finished SavePackage ../../../../../../Documents/Unreal Projects/Know_No_Demons/Saved/Autosaves/Game/UnitManager_Auto1.uasset
[2016.05.05-07.55.24:880][941]LogFileHelpers: Auto-saving content packages took 0.110
[2016.05.05-08.17.33:013][926]BlueprintLog: New page: Compile UnitManager
[2016.05.05-08.17.33:150][926]BlueprintEditorCompileResults: Info [8721.28] Compile of UnitManager successful! [in 136 ms]
[2016.05.05-08.17.33:894][ 14]BlueprintLog: New page: Compile UnitManager
[2016.05.05-08.17.34:001][ 14]BlueprintEditorCompileResults: Info [8722.13] Compile of UnitManager successful! [in 107 ms]
[2016.05.05-08.17.38:171][486]Cmd: OBJ SAVEPACKAGE PACKAGE="/Game/Maps/Level_1_Final" FILE="../../../../../../Documents/Unreal Projects/Know_No_Demons/Content/Maps/Level_1_Final.umap" SILENT=true AUTOSAVING=false KEEPDIRTY=false
[2016.05.05-08.17.38:314][486]LogSavePackage: Save=90.855614ms
[2016.05.05-08.17.38:314][486]LogSavePackage: Moving '../../../../../../D